11 wolves
1389 now
79 page
15 nest
12 prize
86 truth
29 judging
553 everyone
13 environmental
11 struggled
52 busy
20 measures
138 alone
44 significant
44 properly
14 rewards
14 additionally
22 genius
1256 into
17 orcs
109 feels
12 bend
35 hoping
11 fires
93 lower
40 member
10982 that
14 creation
19 exclusive
32 ii
60 itll
544 give
15 colors
419 might
40 official
28 hatred
56 parties
81 broken
13 proves
244 thanks
265 room
133 anyway
43 products
470 help
18 browser
212 state
14 patrol
147 normal
12 alike
16 educate
571 fuck
22 digital
11 cherry
38 voting
253 side
11 dancing
118 save
45 mass
20 hall
67 design
42 watched
57 ball
33 hungry
47 driver
15 scandal
67 sign
85 shut
42 mid
14 dungeon
151 ok
38 phase
17 collapse
44 facts
17 blast
19 pilot
337 against
81 realized
12 representative
18 intel
24 mcdonalds
17 unhealthy
11 trail
12 snake
12 hat
12 refer
21 ear
20 boxing
31 served
11 poem
46 bag
33 threw
12 larry
28 parking
12 drank
28 deeply
41 understood
27 hardly
19 shall
16 dust
45 ton
34 babies
143 rights
16 __
192 act
12 1998
13 managers
152 bring
51 performance
16 bs
14 downvotes
11 probability
30 stops
58 direct
41 strange
20 pages
12 spreading
39 yellow
70 sick
17 presumably
753 doesnt
38 additional
16 autism
39 wondering
90 putting
12 lair
65 willing
291 wasnt
122 cut
25 yard
15 luckily
41 300
172 based
47 pc
26 appearance
12 stroke
26 vagina
62 users
117 ph
39 punishment
22 cuts
22 hurting
60 sentence
41 500
20 handled
117 safe
17 verse
19 csgo
13 frog
170 public
43 photo
30 creates
14 coin
14 impression
12 jim
56 abuse
48 basis
11 genre
26 degrees
21 correctly
42 click
140 unless
12 london
11 pcpartpicker
11 apparent
15 crawl
26 healthcare
18 knight
11 excessive
17 bite
11 database
52 runs
22 winter
36 doors
72 somewhere
26 hidden
44 prices
291 least
33 normally
52 caused
13 carries
17 cruel
23 lowest
63 stage
23 involve
17 politically
21 laptop
13 veteran
338 family
14 neis
12 eleven
32 pregnant
20 psychological
11 boundaries
52 da
17 clever
13 occasions
12 patience
11 nzxt
650 world
86 notice
176 rest
17 spare
12 replacing
61 led
23 sons
13 advocate
130 taken
20 btw
96 service
12 secondly
184 wait
47 released
20 allen
108 12
57 movement
11 raisins
26 suppose
80 religious
12 communications
11 ineffective
11 rushing
3209 all
425 makes
346 thought
13 suspicious
53 cats
277 under
134 damn
11 mildly
26 orders
35 islam
80 complete
29 cried
11 collectively
25 knocked
18 intense
26 upvote
12 typed
17 revenge
23 sector
13 meets
23 sam
17 tour
11 scan
17 approaching
54 lucky
60 added
31 emotions
14 powder
11 preserve
30 foods
311 call
98 sleep
279 arent
11 heck
21 95
415 everything
67 doubt
18 muhammad
21 devil
960 never
36 pump
20 tier
16 hop
40 model
23 creature
12 immature
42 forth
28 eg
24 streets
12 casting
57 violent
183 fight
128 local
23 investment
50 vast
35 clients
57 success
50 background
57 dollar
18 warrior
12 medium
35 identity
21 host
27 ceo
17 tournament
14 zombie
15 taco
53 individuals
11 improvements
11 pcpartpickerhttppcpartpickercom
215 youll
12 authors
59 workers
3050 like
19 mask
27 27
20 ted
21 offense
16 martin
24 morals
83 decide
88 somehow
11 intend
29 internal
18 deliberate
2639 can
12 diamond
19 capitalism
19 translate
15 streams
20 fbi
19 invented
17 nazi
23 achieve
44 farm
28 depth
112 straight
13 tests
50 christian
22 signs
96 respect
214 today
96 note
16 bold
27 foreign
399 next
22 ideology
20 testing
53 slow
26 sensitive
12 deposit
30 strongly
12 turd
50 shooting
5399 with
14 centuries
18 ripped
32 meal
13 magnitude
204 thinking
33 ordered
29 chat
11 officially
19 civilians
34 privacy
12 scientist
133 turned
90 interested
33 domestic
63 hospital
931 very
13 glory
72 born
43 suffering
26 investigation
13 burns
12 thirty
11 covers
25 _
44 likes
33 transaction
1969 her
44 complain
14 oxygen
11 marriages
16 urban
77 art
15 engineer
12 finals
17 uniform
16 bitcoins
21 marketing
23 african
16 wheres
14 sheets
22 moms
56 screen
73 results
28 lesson
12 noom
22 deej
11 comprehend
61 buying
135 difference
11 clubs
24 numerous
24 steam
33 shop
14 grant
14 register
101 ended
20 ye
45 effects
22 defined
42 karma
112 walking
19 removing
92 actions
25 charged
35 debate
46 pool
11 resist
19 rude
28 beings
12 pope
51 resources
11 ca
26 roles
22 limits
28 edge
19 bash
57 meaning
43 names
19 opponent
36 till
32 cells
13 doom
24 approved
23 handles
26 injuries
18 shy
17 wolf
14 lawn
17 semester
33 smile
78 eye
17 noises
332 else
35 explaining
11 hence
34 interests
27 fund
30 attempts
22 elses
191 okay
23 jerk
104 purple
13 launched
15 quantum
13 survey
40 miles
102 current
55 pizza
69 context
43 obama
59 speech
14 fortune
38 existence
13 suspect
34 dr
31 walks
15 daddy
21 jumping
20 soldier
36 capable
14 consumers
184 internet
553 point
27 owners
24 mentally
13 bent
48 magic
14 reminded
28 consumer
286 pay
12 senate
488 old
32 guitar
77 places
73 marriage
27 differently
33 redditors
16 flawed
17 races
15 output
12 adjust
122 perfect
482 may
52 failed
44 gti
33 80s
22 wishes
434 try
15 convicted
71 killing
29 suffer
17 rats
2296 their
53 japanese
37 hearing
33 lawyer
11 nflpa
16 garage
142 space
96 supposed
54 alright
15 languages
85 slowly
44 weak
13 listed
55 threat
20 atom
24 uunidan
38 boring
60 facebook
21 votes
25 restaurant
38 hardware
28 metal
11 retirement
224 talking
2019 had
15 closely
12 rl
35 crowd
14 atheism
38 shoes
78 constantly
20 fusion
63 teacher
31 promise
37 fish
19 troops
42 sport
22 75
14 technical
28 sites
15805 of
12 bc
194 mom
41 hang
117 vote
11 ravens
65 base
172 100
64 gender
57 loss
15 flight
75 gear
14 buff
65 won
12 bullied
11 manipulation
59 tough
23 previously
36 successful
81 loved
12 peterson
14 protest
25 grass
24 loan
23 transfer
11 ps
574 always
14 tracks
12 ta
26 200
15 deer
22 activities
59 avoid
16 periods
16 void
82 ride
20 crow
22 contest
11 unrealistic
35 toward
15 wings
14 glasses
28 paint
36 communities
14 lifting
100 fair
20 opportunities
25 korra
44 choices
13 avoided
13 mage
75 paul
309 power
33 request
40 selfish
12 responsibilities
55 financial
38 sky
31 efforts
20 cheated
27 breakfast
296 4
20 abilities
19 crush
18 shocked
21 uncle
21 pattern
467 3
17 electricity
13 centre
40 2014
24 developing
16 existing
45 income
40 relevant
103 jobs
23 redditor
19 council
27 material
14 swing
48 belief
14 packs
12 gladly
30 boat
49 raped
16 putin
22 fetish
14 lands
71 stuck
114 upon
13 controlling
12 800
20 waking
20 navy
48 causes
11 stannis
47 pack
36 services
125 clear
95 reality
27 express
15 august
35 counter
47 defense
99 allowed
2132 would
22 flood
65 period
14 winner
19 curve
11 peer
26 fancy
92 quick
11 lighting
15 comparing
38 enemies
18 celebrity
24 chain
25 cake
14 fifty
41 19
37 stream
114 five
12 impressive
56 lines
16 bags
16 predict
12 armed
37 effectively
12 provider
18 construction
4523 not
36 types
14 dodge
85 considered
12 magically
16 suggestions
131 girls
75 peoples
24 gta
20 supported
20 loving
41 meat
190 set
28 outcome
23 cia
29 refused
11 monthly
18 rear
13 cultures
13 branch
19 er
29 iron
63 pictures
25 destroyed
15 hint
393 id
34 quiet
74 40
14 witch
16 unlikely
15 communicate
47 quote
13 males
24 ruin
41 monster
28 34
25 hitler
11 studying
42 cpu
11 stacks
63 freedom
16 deflation
29 finished
464 both
38 neck
101 code
13 scorpions
67 press
15 reserves
16 territory
14 pic
11 lab
37 allows
13 crew
28 friday
901 our
52 powerful
11 backyard
18 trusted
67 national
33 harm
206 course
15 inbox
15 humor
12 define
44 opinions
24 staying
11 writer
24 philosophy
39 socialism
110 extremely
25 remains
68 bigger
16 ships
47 sides
5519 on
18 abandoned
31 famous
15 delete
25 harmful
28 phones
11 mo
84 final
46 dies
14 providers
12 polish
1148 way
58 groups
94 pull
13 shawn
12 resulted
63 homeless
92 mouth
465 theyre
109 expect
16 puppy
16 fate
16 bmi
14 remind
29 authority
12 sticking
11 inconsistent
33 decade
177 history
32 inequality
112 total
15 xmithie
12 screetch
22 joe
13 t
54 specifically
64 drugs
37 production
18 rational
33 ourselves
30 j
60 reach
118 book
17 twenty
445 great
104 simple
40 feminism
39 drivers
15 imaginary
12 2005
12 senses
49 hundred
85 onto
14487 i
53 mr
57 opposite
25 ruined
35 intelligence
13 alot
15 forums
29 partners
20 woke
40 hadnt
21 plain
47 key
43 u
123 red
37 prior
1785 some
13 purchases
13 jeff
17 mum
13 ultimate
19 genetic
32 letter
24 monday
12 shirts
27 includes
11 typeitemprice
18 countless
98 medical
18 surrounded
23 muscle
70 afford
131 american
13 smells
112 media
12 nazis
818 thing
18 legally
17 sized
19 airport
82 speed
58 compared
25 flip
18 drawn
61 mad
109 fucked
14 compromise
30 poorly
23 blockchain
14 incentive
13 gaining
43 whose
12 operations
44 links
34 l
122 across
105 process
16 legendary
60 b
22 emergency
13 injury
82 changes
19 tho
29 affect
30 ensure
11 marks
14 yukino
19826 a
23 india
28 wins
16 elsewhere
25 glorious
60 11
17 filed
14 recovered
123 cost
25 m
226 important
18 fluid
56 taught
70 thinks
11 expressed
19 sooner
53 gods
36 international
20 zone
34 employee
25 markets
15 furthermore
29 pointing
29 focused
23 method
12 filter
58 90
51 improve
58 keeping
43 closed
98 data
413 used
46 civil
13 reduction
20 irish
12 experiencing
25 pocket
11 felix
11 destination
13 pan
11 yay
15 48
14 guessing
67 miss
54 count
36 approach
13 washing
88 lelouch
43 insurance
24 sake
15 championship
698 around
18 sole
12 banging
13 shadows
28 isis
57 barely
13 velocity
32 finds
40 cheating
16 yelled
92 waiting
47 24
41 tea
18 uncommon
37 solar
52 fly
15 chase
13 realise
40 address
72 female
19 mainstream
11 registered
11 insulting
12 promoting
16 metric
31 buddy
17 criticism
84 push
106 rules
11 alongside
43 serve
11 abandon
33 lord
17 goodness
14 noted
33 rise
157 social
7358 for
11 idle
158 law
36 christ
105 knowing
40 experienced
35 blocks
13 revenue
43 kick
17 cheaters
13 optional
16 diverse
417 end
55 jump
12 transit
224 thank
13 ron
31 keys
12 watashi
15 disabled
232 sorry
12 slice
20 ignoring
198 number
128 shot
19 android
11 campaigns
42 treated
11 formal
19 enormous
13 findings
44 station
33 feminists
18 60s
111 questions
55 rare
12 gtyou
35 stayed
15 pvp
17 discovered
41 adding
27 rifle
24 homes
58 laugh
11 practiced
23 believing
27 grandmother
57 teach
28 structure
18 january
35 offensive
18 slide
245 ago
12 outright
141 dude
129 asking
16 seasons
20 honey
79 9
27 replied
724 lot
16 mixture
44 email
21 aunt
42 chicken
120 inside
496 isnt
15 ordinary
96 male
15 independence
20 mood
20 directions
73 began
13 contribution
41 depends
77 table
41 exists
90 meant
321 school
11 fifteen
95 following
15 extension
15 pregnancy
55 60
13 portal
14 commission
259 yeah
36 toilet
12 grey
328 far
36 cities
130 movie
42 options
24 pushing
35 automatically
105 anymore
14 carefully
2086 them
96 bitcoin
13 rising
32 lane
13 chapter
23 brilliant
77 boys
37 property
79 suicide
25 emperor
17 beach
28 enforcement
106 sitting
22 stole
14 representation
16 analogy
22 pace
22 web
16 trauma
14 approximately
14 hunter
64 green
13 sticky
43 glass
13 involving
13 disney
20 captain
24 viewers
26 rifles
16 hotel
13 chicago
25 sharing
13 import
88 characters
22 traditional
14 counts
38 iraq
33 prison
19 programming
34 cross
38 meeting
12 mock
24 conversations
164 close
12 tube
386 gold
9782 it
584 does
40 customer
93 ready
18 legitimate
19 jungle
139 per
45 trash
211 minutes
14 village
32 replaced
15 touched
14 denied
12 spine
22 library
30 sudden
16 presents
17 occurred
691 before
17 highlight
682 said
11 romance
21 beggar
518 long
11 fortunately
39 weekend
29 advanced
17 divorced
54 anyways
16 spider
12 secondary
20 playoffs
45 loud
16 meds
14 ____
11 achieved
86 married
11 julie
12 hostile
13 tick
28 album
83 cops
17 wasted
14 iii
81 advice
14 yui
17 updates
12 plug
11 aav
139 drive
38 election
113 drunk
12 household
43 apply
12 beneath
22 sand
31 expecting
11 uploaded
37 cheese
13 punches
84 learned
124 million
54 throughout
33 severe
108 mine
71 quality
105 ability
16 overly
71 expected
17 z
22 ai
16 funds
23 elements
44 mistakes
186 amount
19 contrary
13 amazingly
43 houses
18 gauge
23 ticket
16 witnessed
139 died
21 conspiracy
17 grasp
16 promised
33 instantly
13 lesser
35 aggressive
21 annoyed
16 particle
22 loses
54 humanity
26 awareness
12 practicing
46 consequences
30 factors
22 polite
25 moves
42 escape
28 huh
42 university
11 needless
21 director
270 house
11 reviewed
18 upper
14 commonly
22 operate
12 defeat
11 testament
102 lol
16 shouldve
209 hit
30 stands
54 hed
15 banning
382 friends
38 greater
133 character
15 advance
5068 my
27 cd
69 allow
55 six
38 search
81 effort
53 events
13 requirements
42 flying
16 heroin
12 secretly
13 sends
11 spotted
51 sword
18 embarrassing
51 nfl
25 informed
110 third
44 stock
101 youd
13 grounds
259 however
30 perform
98 explain
55 engine
2142 because
21 chinchillas
30 christianity
15 trial
17 relief
23 decides
42 received
12 lelouchs
27 minority
12 fence
344 whole
50 fail
369 place
13 easiest
12 partly
33 lunch
12 mattress
14 knees
16 bits
13 cookie
12 nba
22 breakdown
16 multiplayer
27 wallet
19 responses
16 broadcast
11 wednesday
184 sense
195 quite
76 event
43 ignore
15 tony
27 concerns
15 awhile
102 choose
13 executed
25 texas
13 coast
57 core
145 amp
26 gross
13 inform
24 valuable
17 invest
30 laughed
15 partially
14 mins
14 materials
88 action
55 economic
17 pirate
12 manipulate
58 somebody
26 classic
38 fucks
11 fruit
12 gtin
28 brings
179 whatever
19 pile
21 orbit
37 ignorant
66 standing
22 bastard
23 initially
38 wind
12 closet
55 spot
2816 about
14 outlets
23 represents
16 ancient
12 chris
92 culture
19 amazon
20 alien
11 touching
123 baby
14 journalist
14 delivery
155 party
24 uturn
22 aspect
21 flash
31 stronger
33 muslims
19 cortex
12 hillary
829 didnt
152 longer
285 idea
23 torture
46 gtthe
14 proposal
42 beliefs
24 reasoning
77 john
16 discussed
18 trips
11 removal
24 ages
17 sweat
21 ur
14 moderate
17 leveling
12 downtown
22 ducks
61 recommend
12 custody
14 thoroughly
39 disease
36 45
63 ridiculous
12 recover
22 murdered
16 eaten
45 sold
15 refers
43 band
45 aside
12 engaged
100 trust
16 dealer
12 5000
56 option
14 unwanted
21 volunteer
20 nursing
15 directed
110 definitely
58 safety
19 clue
21 lonely
11 crushing
148 wish
25 hammer
14 serves
25 mountain
13 misunderstanding
169 behind
14 tactics
310 story
14 northern
2962 we
28 70
12 propose
14 bee
20 sigh
37 chances
14 footage
12 mop
12 wisdom
14 unsafe
44 criminal
11 thalamus
88 husband
22 primarily
21 attacking
224 lost
30 pop
304 team
12 juan
12 awake
25 requests
22 remaining
229 often
15 efficiency
42 grade
236 hope
14 surprising
23 entertainment
26 articles
11 gathered
15 thick
14 mouse
17 stable
22 suzaku
14 curious
26 usual
56 liked
16 agents
606 ever
11 encrypted
22 rebates
100 202
234 country
16 melt
15 sheep
151 seem
43 ops
379 job
15 mythics
34 useless
18 bin
15 rural
205 living
14 rep
587 game
29 warp
17 offering
12 twisted
23 dislike
132 cause
29 wtf
756 while
13 2006
31 vehicle
18 sjws
11 menu
18 presented
26 cuz
702 through
134 giving
25 plans
14 phenomenon
18 bradley
23 snow
15 complaints
32 named
14 legends
24 injured
4991 have
81 offer
29 salt
757 need
45 smaller
30 sports
17 counseling
14 treats
62 sucks
37 2013
13 rejection
14 needle
12 documentary
51 whenever
41 north
16 calories
51 showed
14 coworkers
13 resolve
69 ending
54 80
12 pcs
11 alley
20 destroying
264 later
15 religions
14 mars
19 trans
17 happier
21 mana
11 combine
110 totally
11 prostitutes
14 upgrades
283 yourself
13 shoulders
11 neighborhoods
376 done
96 easily
32 candidate
15 conscious
15 blows
32 install
19 champions
50 burn
20 exciting
11 guise
33 co2
25 gap
769 every
12 voices
17 stretch
26 dreams
28 copy
11 screamed
16 addict
42 trip
17 doc
31 complicated
72 china
11 legend
11 furry
43 nowhere
68 students
165 takes
23 killer
71 pulled
40 thrown
16 twist
11 custom
25 pets
147 along
12 overnight
14 chronic
19 engage
14 gravity
11 segregation
12 penalty
34 explained
13 pockets
16 initial
11 namena
27 dozen
73 honest
42 taste
25 tape
13 distinct
28 ha
18 physics
49 quit
17 clock
12 misleading
15 spin
51 profit
20 citizen
43 sun
37 messages
20 acted
76 glad
14 mechanism
16 finances
61 site
49 schools
2141 no
25 hopes
14 cleaned
20 generations
18 square
18 responded
18 mile
17 wrap
13 29
191 front
18 risks
36 shell
25 rant
43 soul
24 praise
38 physically
11 invite
35 welfare
20 qatar
39 situations
989 most
17 dumpster
48 requires
30 instance
21 josh
20 root
50 andor
22 medicine
99 train
13 jewish
45 cell
20 bomb
26 diet
15 niece
27 400
195 eat
15 tires
25 tools
61 recently
147 cannot
87 otherwise
19 ignorance
12 approached
82 near
55 failure
58 taxes
15 suspended
50 network
11 responding
14 anti
15 insert
26 describe
84 older
11 skirt
11 collective
15 snap
55 boss
15 talented
250 week
519 own
16 lungs
16 strongest
34 minds
50 patriots
14 describing
99 field
39 responsibility
13 senator
187 order
15 contrast
16 aol
35 everyones
19 lawyers
115 telling
72 fully
186 wife
40 proper
15 pa
12 florida
83 seemed
33 addiction
11 irs
198 situation
42 hide
28 commit
981 still
28 flag
14 artist
13 deck
17 apples
37 accident
85 message
62 skin
220 issues
15 strip
39 department
23 cum
20 messed
11 marrow
20 legit
18 volume
88 members
1096 also
38 skill
169 business
13 bat
30 stated
37 mark
21 cable
15 projects
724 many
144 agree
20 jorah
15 enable
1291 really
90 angry
41 larger
37 banks
19 habit
14 minister
23 honor
311 men
517 enough
13 fits
2483 do
94 ground
904 where
16 continuing
23 til
72 ahead
95 perhaps
13 explicitly
33 clg
458 another
80 thousands
53 finish
36 bear
48 load
28 birds
29 computers
11 batch
22 stealing
575 use
79 14
11 oppose
15 shopping
50 ideas
14 ethnic
11 merit
16 rejected
11 accounted
14 utter
27 function
13 scorpion
53 filled
27 exchange
45 silly
50 systems
11 incapable
14 nerves
22 wise
498 probably
45 haha
20 figures
14 stereotypes
26 fails
67 posted
13 applications
61 window
273 sometimes
13 crucial
196 usually
1265 been
34 vision
26 fixing
11 widespread
2076 who
16 dunno
30 payment
12 sack
97 extra
17 examine
49 hi
202 kill
128 blood
10241 is
22 kings
139 itself
31 regularly
48 matters
21 rolling
11 girlfriends
14 regulated
31 continues
21 bush
13 nasa
21 offers
52 highly
84 theyve
12 outdoor
11 ft
11 drown
206 half
40 21
119 eventually
46 particularly
12 outrage
143 type
14 idk
77 helping
22 purchase
12 automatic
12 mustang
28 kevin
123 list
12 doublelift
11 idiotic
59 theory
92 listen
497 getting
49 managed
14 infant
67 millions
53 travel
85 popular
36 chest
30 trees
636 gt
84 multiple
11 courses
28 lies
26 programs
24 memories
53 families
272 using
15 superbiiz
37 goals
17 pray
11 spring
31 ignored
12 peanut
121 average
18 opens
25 appropriate
17 terribly
35 campaign
15 financially
24 profits
11 observation
29 yesterday
4632 be
27 views
256 entire
30 develop
13 gangs
11 balon
139 super
3352 at
1190 go
42 smoke
14 explosion
86 personally
28 fingers
14 hats
21 germany
21 forcing
234 police
12 mortgage
11 judged
51 illegal
20 kitten
51 join
16 units
31 murder
27 dump
11 desperately
64 bathroom
13 discounts
16 admins
19 committee
14 6th
20 arguing
231 nice
82 negative
180 experience
24 1000
550 anything
32 laughing
35 finger
30 cute
59 anywhere
86 joke
14 mercury
15 damaged
28 warm
14 studied
255 government
28 hunting
16 farmer
14 jumped
172 stupid
120 stand
38 respond
28 cloud
145 within
91 paying
15 cue
58 gaming
71 king
31 primary
18 replacement
195 possible
15 solely
95 eating
12 crossed
22 alarm
37 o
71 apart
96 except
183 himself
263 says
40 winning
20 prom
20 silent
39 experiences
58 interest
13 buzz
53 relatively
132 brother
11 lasts
11 smiling
27 insult
60 learning
14 candidates
49 sanders
12 teller
21 relations
16 kyle
14 document
68 balls
47 effective
12 mechanical
16 liar
122 weight
17 details
21 handful
11 headline
27 atx
19 aim
52 foot
43 topic
30 russian
73 forced
16 breast
330 myself
16 politicians
22 mechanics
133 certain
13 3d
16 dismiss
18 precious
19 hook
333 reason
37 tower
188 literally
295 days
16 gtgt
26 yea
15 screams
15 beef
84 whos
49 decades
72 cancer
11 dentist
22 arrived
43 standards
72 tax
29 location
11 locals
58 plot
70 attack
13 fishing
105 pass
11 egypt
128 late
11 streaming
37 transactions
13 boxes
26 heaven
12 reviews
32 persons
50 younger
21 ford
25 stats
67 expensive
32 task
22 feeding
24 mates
22 planning
52 user
154 heres
11 tune
63 ten
45 roll
17 rand
28 records
27 boom
19 crack
28 riding
122 cat
18 regions
46 billion
249 working
19 reliable
15 glove
72 box
13 tesla
21 wrestling
85 bank
24 32
16 belt
36 heat
33 presence
24 leader
23 vacuum
34 corporations
27 notes
13 weigh
19 letters
13 dragons
12 trials
26 exception
13 tag
11 woods
51 cheap
14 thursday
149 seeing
20 motherboard
51 aint
15 baltimore
22 al
11 gg
16 stalin
55 tears
81 gotten
101 fix
11 resolution
193 name
73 fell
23 reporting
40 deserves
56 rock
13 sucking
16 smith
37 ban
77 lack
52 areas
73 match
33 teachers
204 children
130 break
13 anal
290 stuff
50 geass
17 plate
25 hobby
66 banned
23004 to
15 establish
360 less
72 deep
44 levels
21 native
13 frequency
321 free
58 degree
60 remove
41 credit
24 behaviors
29 warning
16 invested
58 decent
25 yo
37 owe
276 looking
30 bullet
12 elections
15 expression
79 assume
23 lifestyle
61 dating
29 described
220 open
28 stress
16 nut
11 chocolate
40 amounts
13 co
17 kittens
26 arc
62 spread
24 plant
125 played
107 brain
16 nurses
361 anyone
66 faith
13 ruining
400 trying
12 k
16 topics
144 exactly
55 awful
11 seattle
14 curry
46 porn
13 upside
32 sugar
18 brown
23 roommate
44 dealing
50 european
13 islamic
30 circle
20 peers
16 recall
52 tiny
12 guests
16 2016
23 rough
69 becomes
25 importantly
12 diagnosis
13 methods
98 education
257 face
12 legitimately
16 lessons
21 gild
28 conclusion
15 arrest
11 palace
13 temple
12 verify
15 juice
58 global
53 board
75 wall
15 counting
12 basket
49 gas
20 damned
27 blowing
35 baseball
33702 the
17 answered
14 reactions
15 beaten
14 supports
20 kidding
33 balance
169 information
14 ideal
234 level
50 everywhere
19 gang
14 clothing
72 mention
504 1
21 53
16 summary
11 mystery
32 c
34 cheaper
49 asks
47 grab
30 ownership
16 bees
38 recent
94 race
31 trick
19 punch
11 protests
3733 if
188 college
18 asian
21 heal
74 saved
39 mike
32 jews
20 referring
16 rogers
15 cynical
243 completely
12 gtx
19 teens
13 accomplish
13 leaked
18 flaws
13 pie
16 updated
63 test
29 congress
833 first
93 certainly
17 shits
14 jupiter
25 generated
32 s
14 flowers
12 ben
11 ol
14 subsequent
35 salary
12 murray
39 staff
28 ad
135 sound
18 slip
11 est
12 occasional
261 hell
1726 has
16 mormont
183 felt
24 lifetime
30 activity
27 console
12 combination
18 adoption
56 laws
11 promises
67 increase
13 protocol
46 lights
74 behavior
28 central
12 accessible
12 speeding
15 whore
236 run
485 since
11 creators
20 offended
16 retarded
23 adopted
26 privilege
17 satan
61 cases
14 alcoholism
27 causing
14 dank
20 serving
27 defensive
17 diarrhea
55 student
13 sin
39 posting
12 delivered
161 poor
135 interesting
152 hey
13 graphics
14 ptsd
27 genuinely
32 license
38 suck
181 youve
109 weve
67 stranger
24 neighborhood
14 kiss
178 ass
18 fade
12 gathering
20 guides
81 lots
129 watching
161 lives
11 tooth
18 solutions
19 utterly
283 wanted
328 bit
22 threatening
13 frozen
247 ask
34 puts
34 answers
135 opinion
17 invading
233 hours
20 agenda
11 blamed
27 carrying
34 moon
12 bizarre
30 muslim
118 further
440 though
28 rent
12 skilled
18 comics
16 produced
22 applied
20 chips
3762 your
21 breathing
13 furries
12 fox
985 well
142 r
186 line
19 climb
18 110
13 franchise
12 fries
11 breeding
13 denial
12 actors
18 brutal
19 lovely
535 year
39 falling
15 butter
21 halfway
25 believes
14 overseas
46 shower
5888 this
13 faker
72 holy
139 weeks
15 painting
27 tight
71 cold
884 things
15 servers
12 towels
53 13
23 voted
11 perk
31 bjp
17 octane
11 consensus
24 bridge
70 grow
47 breaking
12 seeds
22 pays
22 basement
39 provided
15 champion
14 blanket
30 yelling
27 minor
32 variety
11 certified
16 incorrect
129 short
31 launch
12 labeled
16 cared
21 downvote
28 realizing
16 commandant
11 biological
21 spoken
253 yet
13 permission
59 security
287 read
18 exposure
11 supra
13 ashamed
21 ed
16 dorne
19 boost
51 moments
26 rip
71 regardless
11 rings
91 provide
11139 in
84 majority
81 upset
15 restaurants
12 intellect
111 towards
15 salad
44 theyd
84 seconds
276 head
66 walked
97 plan
14 documents
12 reform
502 pretty
24 pet
13 churches
22 inherently
27 fashion
583 man
13 external
23 channel
12 thumb
1198 see
20 spoke
57 project
19 26
11 monopoly
25 compete
14 deaf
18 theirs
14 pistols
16 completed
19 chill
11 opera
62 herself
21 shitting
19 diagnosed
13 fold
127 8
16 pokemon
14 switched
25 reward
11 custodial
63 movies
11 supportive
19 ny
69 losing
26 facing
85 random
37 disgusting
19 judgement
13 brienne
397 reddit
68 stick
22 mail
21 israeli
29 claimed
46 wanting
13 executive
78 responsible
4352 as
33 supporting
242 months
35 shirt
16 authorities
11 punished
30 rarely
30 associated
20 pointless
13 paycheck
160 word
64 text
22 command
28 alternative
13 korean
513 sure
826 down
54 argue
27 sushi
42 happiness
142 works
21 latest
34 steal
2809 what
43 heads
71 coffee
24 omg
44 adults
404 making
12 ma
19 dicks
73 voice
13 downgrade
122 weird
134 city
174 tried
58 false
17 burger
11 genetically
15 quest
55 conditions
15 chemical
75 aware
32 grown
13 throat
79 product
12 frank
53 shift
17 traveling
143 gonna
24 cousin
63 removed
15 deciding
18 civilian
32 trigger
147 strong
75 among
17 squirrel
171 asked
21 ammo
15 fap
11 meth
85 currently
40 prefer
20 slap
15 estimated
21 represent
15 peaceful
14 affected
33 math
73 everybody
154 large
29 kinds
40 designed
57 picked
42 stone
23 sets
13 mexican
51 holding
12 fuckers
63 evil
12 shouting
30 scary
430 different
12 caroline
11 vet
31 connection
12 sauce
53 attempt
24 darkness
221 seems
165 words
78 europe
20 tradition
33 shoulder
12 confusion
11 emotion
14 joking
43 closer
355 real
2063 there
17 papers
65 posts
27 attacked
18 motion
21 netflix
119 bullshit
887 right
22 determined
14 gaddafi
18 witcher
13 sioux
208 taking
14 bans
15 bell
904 say
18 regards
22 intelligent
13 emissions
62 sweet
12 attract
42 regarding
68 mistake
62 goal
15 canadians
118 gun
12 raises
14 jr
12 transgender
16 affairs
148 hold
12 rank
593 person
11 conner
358 left
40 noise
581 look
13 spite
87 apparently
24 walls
22 fuckin
43 racism
11 ironic
63 na
14 couldve
11 dorm
17 dealt
86 risk
21 eight
15 consensual
25 danger
37 lay
18 modified
94 forget
16 yourselves
14 improvement
23 toy
13 organized
13 teaches
27 weather
19 receiving
12 shelters
53 solid
13 loot
31 mix
95 helped
20 photos
12 conflicts
100 50
17 opponents
26 opening
25 grabbed
15 concentration
264 called
78 access
16 solved
28 ocean
81 term
185 war
67 treat
26 saudi
15 rares
52 guns
15 triumph
120 scene
11 warriors
35 shape
301 almost
24 shaman
21 bullets
903 these
51 gym
18 writers
12 childs
37 communication
57 secret
225 comment
60 crying
3418 its
56 emotional
42 sexually
11 combo
2966 people
35 earn
12 wifes
14 healing
31 refuse
18 delay
18 subtle
336 change
20 brave
53 suggest
19 atmosphere
92 involved
13 reporter
32 governments
13 disaster
25 comfort
21 dedicated
37 introduced
16 ghost
15 passive
15 settle
13 digging
20 appeal
37 mess
31 calm
14 fortunate
32 incredible
38 scientific
45 limited
13 corporation
57 return
48 appreciate
12 offices
36 april
95 jesus
16 cooler
20 label
19 percentage
12 deflated
14 builds
24 fights
89 windows
34 2015
40 neither
16 friendship
16 knocking
12 stones
35 tries
18 successfully
34 french
26 suit
15 logged
11 speaks
18 sells
40 sansa
18 appeared
44 developed
11 regulation
11 boots
40 teeth
12 layer
23 grows
31 camera
13 identical
48 insane
157 learn
92 road
13 attempting
24 empire
24 non
16 vulnerable
34 hated
29 japan
17 bully
11 dylan
15 stance
21 scream
12 shine
21 casual
59 oil
26 encounter
40 brady
34 values
27 hilarious
12 creep
11 discrimination
21 btc
23 knock
70 unfortunately
31 net
17 processes
125 actual
492 theres
18 raising
101 office
70 held
15 epic
31 doctors
25 victory
24 david
18 emails
41 bernie
913 after
30 provides
42 obese
21 labour
19 outcomes
17 reads
23 suicidal
12 attend
24 memes
13 56
26 increasing
69 dogs
43 depressed
762 shit
21 independent
77 science
22 hill
18 employment
12 ironically
19 select
12 oregon
13 gtthis
11 eyelashes
24 upgrade
121 force
920 why
83 united
53 citizens
43 ie
446 having
86 share
75 version
46 defend
33 35
124 known
55 pissed
33 organization
36 funding
113 7
27 milk
532 guy
11 nailed
16 masters
12 risky
11 temp
24 ladies
16 bbc
11 defending
101 terms
12 cab
38 maintain
16 prepare
12 bacteria
12 disability
82 bought
11 ruled
27 duty
51 convinced
17 transition
14 tall
114 wow
40 breaks
25 marijuana
12 involves
16 abused
19 smite
41 nope
191 finally
124 hurt
40 followed
13 attempted
15 yukko
16 gpu
37 worried
45 offered
17 animation
355 between
22 cook
25 reached
29 ___
20 era
14 oppression
99 create
16 sheer
12 nsa
15 desperate
28 seek
18 technological
18 tuesday
27 occur
17 perception
21 knee
12 dinosaurs
12 feces
11 ethics
19 worship
80 created
60 career
28 episodes
12 rolled
66 becoming
12 ufos
240 hate
11 paragraph
24 songs
13 nunnally
20 prince
124 ways
30 drinks
21 bias
19 ms
22 tumblr
15 acceptance
13 afghanistan
37 necessarily
23 allies
13 entertaining
15 strikes
15 properties
67 arms
22 pink
12 flags
22 originally
57 proud
21 ears
144 worked
21 england
133 company
23 blown
24 differences
45 loves
58 written
27 california
13 replies
19 checked
55 confused
11 stuffed
13 eastern
14 catching
536 money
21 capacity
18 firm
34 discuss
23 knife
135 player
26 panic
19 realistic
13 atm
15 formula
35 collection
30 controlled
27 guilty
29 tons
14 hateful
57 dying
25 immediate
14 professor
25 de
172 decided
134 honestly
21 barrier
49 bus
28 blizzard
43 highest
17 holds
783 cant
35 thin
62 wanna
12 olds
93 beat
18 slightest
23 galaxy
14 acknowledge
39 van
41 steps
14 faced
14 recognized
80 town
13 predicted
173 whats
190 watch
42 smoking
27 crash
17 guldan
15 notion
65 luck
273 goes
162 heard
57 legal
22 connected
14 shoe
73 parts
235 white
11 river
23 established
29 familiar
12 residency
37 surprised
80 impact
44 surgery
18 profile
51 prevent
23 superior
18 ups
106 follow
12 consequence
11 blatant
333 yes
12 norway
103 hot
23 pretending
31 acceptable
36 whom
13 transmission
20 societies
14 route
29 conservative
20 lift
20 demands
25 possibility
1966 im
64 chinese
21 excellent
55 record
61 absolute
35 aspects
12 torn
13 syria
18 literature
806 work
20 lied
371 start
21 nine
181 guess
74 purpose
11 aged
15 supreme
18 bayern
50 officers
34 circumcision
11 poll
12 shoved
15 gently
116 running
14 officials
15 buildings
30 hiding
29 socialist
59 excuse
19 failing
14 destiny
11 condoms
14 sharp
104 teams
14 dried
89 driving
20 replace
11 backup
21 marry
24 criminals
11 hops
20 threatened
25 republican
261 second
75 forever
20 relax
15 teen
18 computing
188 community
14 july
41 sending
15 neat
66 fighting
460 once
26 annoying
83 bet
11 dual
274 during
26 orange
3501 or
44 constant
25 bugs
23 twitter
23 rocket
29 sales
15 hunger
11 payments
14 misery
58 double
14 consideration
89 stories
83 pressure
21 germans
26 fallen
14 arguably
56 cup
23 operating
15 purposes
15 conviction
28 assault
17 staring
135 imagine
78 discussion
140 father
23 dota
22 caring
45 fake
77 helps
12 tickets
21 safer
72 wonder
12 120
64 ya
16 affects
121 hour
105 continue
32 fantastic
181 check
16 chosen
44 previous
26 bedroom
20 shelter
39 platform
20 installed
136 low
214 video
13 profession
16 maintenance
26 faces
17 skip
48 truck
13 premium
13 promotion
155 eyes
13 nicely
62 feet
17 glados
48 hits
57 hasnt
142 nobody
20 electric
15 motorcycle
59 slightly
30 ate
45 potato
55 professional
191 relationship
1884 she
33 george
150 chance
47 wing
99 countries
15 length
23 fields
37 proof
1497 then
50 growing
11 dishes
66 16
78 mentioned
48 changing
111 shitty
42 besides
1482 know
1050 over
64 fault
17 finance
22 capital
39 wealthy
17 hates
19 rely
57 essentially
21 merely
12 survivors
178 6
12 ruins
11 rockets
20 rose
207 ones
21 soda
28 99
16 unnecessary
34 therapy
361 problem
46 alcohol
39 blah
25 burden
18 marble
27 strangers
176 easy
22 measure
335 kids
60 target
89 writing
26 prepared
24 soft
23 cds
48 ultimately
31 crisis
48 sat
12 dense
13 vg
21 70s
13 measured
152 tldr
31 roughly
21 carbon
28 russia
41 uk
32 frankly
40 23
26 nasty
12 horror
294 car
18 donor
14 flipped
11 generous
15 abusing
13 utility
11 systemic
29 identify
11 walker
20 soap
16 mayweather
18 justified
30 driven
11 lit
57 track
15 lame
14 defeated
27 passion
271 either
12 usage
11 attorney
14 flavor
17 chaos
12 hype
34 friendly
17 stolen
14 150
40 leading
20 fist
121 reasons
66 rich
33 narrative
15 reveal
13 resulting
11 styles
55 debt
479 last
255 mind
12 ours
12 tragedy
274 case
12 65
18 albeit
15 dildo
11 gm
123 account
49 politics
20879 and
35 condition
16 reaching
42 piss
179 move
301 edit
68 bottom
40 dirty
14 ambulance
85 minimum
23 safely
12 newegg
24 succeed
285 human
12 inevitable
46 patient
170 due
12 visited
13 curse
29 forgotten
14 scratch
17 itt
2347 dont
11 loser
26 grocery
14 demons
57 hopefully
12 applying
12 seal
47 adult
21 react
117 higher
51 hero
17 daretocare
12 rehab
17 heroes
2317 his
25 purely
12 stressful
345 stop
17 nonsense
29 unit
43 hitting
39 active
18 ce
47 arm
12 lasted
18 progressive
224 leave
36 assuming
642 feel
307 means
314 understand
30 mans
18 vastly
13 freeze
28 rain
11 shaming
36 signed
16 entry
11 rated
27 frequently
347 show
12 racing
20 idiots
36 surface
371 care
15 setup
16 flow
12 raw
1067 could
72 harder
12 entering
12 horde
30 typical
32 seven
84 changed
13 adjusted
53 reply
14 luxury
17 hospitals
25 stomach
24 shield
12 stepping
18 unions
21 afternoon
14 fps
106 difficult
19 buried
39 mate
18 guarantee
13 drain
15 gained
138 future
15 gains
12 hulu
12 scope
14 toys
36 wouldve
15 perks
98 clean
116 heart
84 knowledge
17 pulls
27 surprise
11 bible
24 teenage
17 spends
11 bud
188 couple
61 president
11 lips
72 drug
126 earth
19 whilst
49 solution
36 useful
14 ego
19 hired
23 tsm
13 exclude
18 openly
11 sufficient
76 feelings
14 routine
83 depression
24 climate
99 suddenly
2558 when
93 ampnbsp
159 society
17 nations
28 portion
57 therefore
12 scored
18 protecting
40 drama
46 overall
374 play
35 veterans
28 dudes
19 beers
19 55
12 answering
28 kills
11 collect
37 selling
12 democrats
243 sex
64 wearing
970 us
36 begins
11 rack
58 speaking
12 oceans
128 picture
15 cage
26 organizations
14 oral
12 monkeys
11 nasdaq
17 journey
548 again
158 spend
14 artists
32 valid
17 mcnally
11 southerners
1821 time
161 30
180 hear
14 ninja
16 roof
102 serious
34 sadly
48 accepted
13 flesh
236 woman
99 books
13 pesticides
56 style
11 obsession
29 unable
15 convenient
13 pissing
405 mean
11 divided
24 intent
27 1st
623 made
13 virgin
70 tank
13 wound
105 spiders
16 angle
32 factor
123 bed
23 pleasure
258 full
53 sees
12 wheel
66 language
143 health
2420 an
24 pathetic
22 shortly
12 pills
324 gets
168 especially
15 guilt
14 eggs
24 claiming
27 horse
16 nails
1125 100000
15 division
11 limiting
11 worldview
24 accepting
13 minorities
40 attitude
267 seen
11 translation
15 bears
20 lightning
15 indicate
11 inferior
27 hug
14 empathy
13 beans
40 seat
22 burned
25 90s
44 wars
25 shadow
1058 any
194 simply
15 log
17 trapped
69 bitch
35 equipment
193 control
151 worth
18 confident
27 propaganda
11 visiting
45 feed
57 enemy
13 bands
29 justify
48 economy
18 stability
11 selected
11 ich
13 pros
50 gotta
210 huge
15 2010
24 naked
21 occasionally
152 pain
31 reported
20 scott
184 die
1327 think
39 wild
15 models
81 mods
76 argument
56 touch
15 lately
39 butt
78 accept
11 hiring
21 joined
43 actively
17 gif
25 crimes
72 regular
111 piece
150 area
98 morning
111 news
16 irrelevant
106 immediately
12 challenger
17 donations
13 thargoid
32 911
11 slaughter
31 pushed
34 customers
29 passing
15 miners
50 uncomfortable
14 stays
78 english
79 kinda
29 park
112 position
14 harsh
52 tells
16 vash
11 parenting
14 journalism
34 cutting
28 consistent
26 forgive
12 submit
13 supposedly
122 sad
17 script
11 transplant
11 brock
1339 other
13 height
33 divorce
17 freaking
50 daily
26 display
48 blind
14 jet
12 scheme
14 grip
21 pats
22 breathe
98 date
58 raised
21 classified
18 melee
93 wage
90 reading
11 infection
15 mindset
17 recorded
30 east
357 saying
42 victims
32 struggling
24 jack
12 fitting
41 pretend
52 shame
16 schedule
13 alter
39 west
21 smooth
18 anytime
28 solo
15 unhappy
11 38
37 split
68 exist
15 repeatedly
21 pen
25 beating
22 inflation
40 software
29 neighbors
51 videos
32 accidentally
32 bone
87 price
12 participating
18 kallen
36 century
11 mild
25 admitted
14 refuses
12 adam
11 halo
17 immigrants
24 28
24 3rd
194 body
14 screwed
13 drives
1386 than
14 coal
11 bothered
30 opposed
106 online
29 shake
20 shipping
21 york
20 lt
14 frustration
23 statements
27 slavery
38 growth
30 destroy
22 sentences
11 adds
11 edward
11 possession
28 afterwards
18 granted
17 importance
286 talk
118 special
63 standard
21 hachiman
513 bad
77 plus
22 basketball
13 consciousness
11 moderately
844 too
11 thatll
11 commented
97 store
18 resource
13 shorter
13 vietnam
20 rice
13 intentional
18 queue
16 owning
18 subs
24 providing
12 ncix
68 subject
45 strength
21 joy
36 p
20 economics
14 stereotype
13 compassion
31 emotionally
77 fuel
39 app
77 fans
33 weed
13 fourth
15 iverson
32 silence
21 default
11 ltlt
242 lets
22 sacrifice
16 poop
47 bother
44 concept
17 contracts
17 terrorist
12 64
18 discussions
11 onions
11 pun
19 scare
11 lawsuit
20 legislation
16 newspaper
35 manage
17 signing
780 someone
28 creating
81 correct
11 wildly
17 unexpected
11 panel
11 ward
75 horrible
26 embarrassed
129 generally
17 finishing
12 newly
144 enjoy
16 lyrics
1996 will
47 battle
29 bringing
36 expansion
29 gift
42 prove
15 judgment
53 decisions
202 single
25 housing
21 ama
19 repair
29 earned
55 acting
29 included
33 falls
182 light
24 assistance
33 experiment
27 largest
149 gay
717 two
26 reports
12 badge
161 pick
94 fan
46 comfortable
36 attacks
12 towns
86 energy
15 demographic
348 fact
18 naive
16 endless
143 15
131 choice
11 donating
19 smash
16 dungeons
21 feedback
111 favorite
35 battery
17 maker
32 everyday
23 monitor
49 covered
14 pistol
15 bitching
27 interview
12 focusing
14 lean
17 threats
52 status
50 survive
30 examples
64 considering
102 easier
51 disagree
16 incidents
13 apology
75 judge
11 skeptical
45 wonderful
240 couldnt
143 stay
16 reputation
25 fresh
25 eve
60 individual
29 gate
433 keep
46 jail
56 summer
28 features
29 accused
131 spent
19 sight
18 overcome
11 masculine
24 axe
24 seeking
17 versus
186 saw
46 lazy
27 relative
11 joint
227 basically
13 quarter
41 visit
24 separate
23 africa
23 stars
43 tomorrow
13 holiday
12 bound
68 program
32 deaths
16 sec
11 gut
170 20
15 covering
23 existed
159 dead
16 gilding
21 mirror
17 arts
58 claims
57 environment
12 contained
54 crap
39 circumstances
15 manual
12 extensive
61 wear
26 steel
73 physical
45 patients
54 cover
11 mirrors
109 quickly
12 exploded
19 performed
11 hardcore
15 dare
17 tongue
17 foundation
21 imo
65 perfectly
111 build
13 regulations
56 according
115 killed
134 whether
31 accounts
28 storm
83 size
161 middle
11 spaces
28 logical
61 mod
11 51
24 chip
20 stairs
13 returning
72 cash
12 controls
17 rebels
11 62
196 fine
17 waves
12 survival
30 youth
893 years
13 latvian
44 typically
14 organ
508 hes
19 saturday
12 association
12 hills
82 x
15 texts
17 charging
111 werent
826 should
18 signals
11 jealous
20 row
18 teammates
12 ripping
123 common
18 drag
39 corporate
17 commitment
16 interact
16 125
19 determine
17 worthy
15 announced
27 connect
51 film
337 told
21 sucked
19 agency
38 assholes
331 live
217 true
15 pressing
13 hip
13 fracking
57 policy
21 devices
12 heh
25 laid
14 legion
4910 are
144 source
14 amongst
14 terrifying
31 client
358 women
19 motherfucker
12 browsing
64 sources
240 please
92 handle
15 hire
66 humans
20 sunday
66 nature
18 unknown
85 available
26 scientists
240 together
12 pressed
14 follows
361 able
112 link
18 brick
17 procedure
813 take
17 swim
15 elderly
23 feature
105 political
50 somewhat
19 2008
18 guards
211 issue
11 towel
22 brief
16 pics
17 bird
128 america
17 italian
51 welcome
18 functions
13 gmo
27 magazine
12 literal
37 enter
13 irrational
11 winterfell
58 plenty
16 aggression
11 funded
27 currency
11 antibiotics
22 surely
21 objective
39 corner
18 enjoying
23 exercise
91 perspective
16 frustrating
11 womans
1039 back
21 slave
14 grandparents
67 twice
22 dragon
19 sniper
13 longterm
40 master
11 battles
28 talks
52 via
11 kidney
15 alleged
17 understands
31 german
69 exact
11 testimony
58 0
467 love
100 biggest
13 lasting
11 sarah
12 hp
13 balanced
49 leaves
24 wash
14 tissue
15 category
22 objects
12 statistical
55 benefits
121 clearly
23 liberal
40 max
19 stark
14 guest
28 odd
19 films
33 trained
16 constitution
14 royal
64 uses
297 came
39 pounds
54 color
212 deal
24 shared
31 eu
49 poverty
40 blow
40 boyfriend
23 suffered
32 gilded
12 weekends
63 required
37 wide
16 33
23 hello
23 y
53 cop
75 carry
20 explains
82 caught
19 dozens
198 gave
150 personal
21 surrounding
69 penis
11 sink
30 viable
465 hard
16 roses
16 8gb
22 catholic
16 rushed
14 hydra
21 mini
17 torrent
27 error
12 st
13 jumps
53 button
24 pot
666 am
38 f
182 happen
27 inch
19 reduced
11 theon
19 flair
62 song
36 breath
30 reduce
45 convince
460 put
13 selection
27 bread
30 reference
126 sounds
11 edit2
20 planned
758 same
2168 by
46 couch
11 violations
16 jon
40 chose
2052 more
167 death
102 drink
77 officer
35 flat
54 release
16 lobby
49 regret
77 afraid
21 farming
30 charges
42 cards
29 bonus
89 sister
13 ch
40 michael
131 above
12 wifi
12 donation
80 sell
47 distance
13 shifts
33 chair
15 meetings
83 private
76 understanding
15 intimate
22 slaves
18 twitch
12 govt
11 elite
28 budget
28 confidence
17 unfair
23 morality
33 evolution
24 golden
1755 were
11 deployed
15 rap
109 points
27 pride
32 fellow
1416 him
121 kept
291 black
16 latter
19 cs
13 promote
12 craft
27 enjoyed
15 applies
66 update
15 imply
32 naturally
13 practical
45 reasonable
275 support
13 resistant
31 plastic
48 anxiety
35 recognize
17 expert
21 hockey
13 adventure
13 spark
15 instances
44 worlds
42 figured
17 sony
29 nervous
196 must
11 struck
98 18
21 sweden
27 wipe
22 bright
13 principle
18 expense
135 obviously
622 fucking
151 knows
100 ph202
96 form
19 laying
11 hoped
12 wrapped
61 statement
34 map
48 sleeping
21 username
26 secure
25 grades
43 hundreds
50 universe
50 pants
32 overweight
113 son
18 cigarette
39 confirm
72 beer
51 role
13 meaningful
160 happens
20 matches
27 contribute
19 pound
12 whine
16 terminal
15 valve
53 contract
27 frame
128 evidence
922 off
17 magical
15 johnson
19 maximum
32 permanent
61 tired
54 built
23 waited
63 subreddit
91 rate
39 struggle
12 avoiding
12 adopt
30 stood
49 turning
71 deserve
22 asleep
3418 just
46 center
11 drastically
12 myth
25 fed
34 locked
15 formed
40 federal
20 nuts
34 favor
17 spirit
38 western
30 unlike
70 title
12 accent
16 exceptions
16 creepy
1302 being
246 wouldnt
109 sit
20 australia
1179 youre
11 cunts
14 baked
82 girlfriend
124 feeling
26 rush
21 apologize
28 confirmed
31 2nd
16 adc
51 wave
12 punched
79 tv
12 principal
22 robert
14 sheet
18 spacex
31 empty
12 forum
62 depending
17 reddits
17 rolls
12 3000
43 draw
51 e
13 slight
11 aka
19 duck
29 dads
66 obvious
82 mental
16 whites
98 sent
13 relate
11 loudly
14 diversity
30 nurse
12 denying
36 kicked
23 review
11 xbox
442 such
4294 they
19 riot
68 machine
55 pm
17 vault
16 lassiz
11 pierre
90 response
17 abortion
26 radio
13 reload
37 compare
37 storage
18 explore
105 blue
19 practically
15 libyan
50 generation
32 talent
22 infinite
25 upvotes
19 simultaneously
58 americans
239 rather
13 soviet
18 happily
12 adapt
59 lie
12 longest
133 players
11 rescue
16 associate
16 beats
18 republicans
12 asses
24 fantasy
24 romantic
75 possibly
33 linked
111 air
11 skinny
13 w
13 nowadays
67 cheater
32 christmas
89 begin
18 suggested
29 drawing
34 abusive
14 remembered
27 lock
145 walk
12 bearing
310 found
20 entered
23 scenes
19 passionate
29 equally
30 cunt
12 pitch
98 population
13 inches
247 10
13 silver
26 kitchen
18 conservatives
93 none
13 boot
366 guys
203 dog
233 shes
78 claim
33 coach
29 bro
184 example
927 got
24 genuine
15 corrupt
11 homophobic
16 painful
32 device
42 cast
61 showing
23 pr
17 savings
52 rates
14 lifted
101 computer
11 58
13 wished
18 theater
54 clothes
342 wrong
38 hole
113 calling
29 significantly
22 temporary
15 facility
12 visible
41 progress
38 cycle
11 mouths
119 value
29 miserable
91 massive
16 buddies
24 pao
3599 he
21 libya
80 contact
16 identified
13 criticize
244 happy
14 islands
29 object
15 colts
11 prophet
11 wheels
20 va
16 loaded
17 lbs
16 muscles
264 happened
3123 me
40 ring
38 management
22 developer
33 shock
37 teaching
14 um
68 25
1380 only
17 raids
18 published
38 tech
29 cream
27 bars
18 meme
52 missing
73 happening
28 limit
14 overwhelming
49 advantage
13 tacos
12 cure
64 legs
27 forms
261 took
77 racist
33 v
59 present
24 threads
13 unclear
19 toxic
20 wood
18 delicious
12 fundamentally
16 lap
36 mothers
69 range
12 ruling
259 top
15 needing
47 forgot
19 sandwich
277 food
13 virtually
31 dress
505 nothing
1123 which
22 nightmare
68 trade
17 jimmy
50 info
13 worrying
172 op
11 sensitivity
30 agreement
31 disappointed
32 bandit
3715 so
35 dry
122 lose
25 artificial
21 cock
88 article
11 satisfy
213 become
26 pro
11 incompatible
28 armor
16 clutch
21 confusing
36 percent
12 wod
31 bored
25 carried
54 letting
56 shoot
47 scared
56 fairly
26 complaining
13 quo
30 clinton
13 linda
25 consent
13 foster
53 pieces
19 fewer
15 onion
55 army
114 shouldnt
24 returned
16 dirt
14 rapidly
12 frames
13 ugh
21 expectations
2316 get
16 donated
217 door
13 steak
19 senior
283 comes
2640 from
78 throw
17 theme
898 here
68 partner
20 deleted
38 leaders
24 acts
20 cc
19 universal
18 regard
17 picks
35 goods
20 nhl
161 absolutely
21 cooking
84 leaving
46 dream
11 commander
37 require
80 episode
11 jita
12 targets
32 garbage
20 conference
19 bodies
11 boston
14 intention
400 ill
20 attached
36 innocent
194 buy
142 step
45 arguments
52 gain
173 coming
34 childhood
505 come
399 until
39 goddamn
44 catch
24 mode
88 although
76 land
50 usa
15 files
14 asami
117 states
23 france
41 batman
17 auto
11 sexuality
43 increased
16 tanks
105 specific
74 potential
22 assumed
13 agrees
1142 much
203 dad
18 mature
23 gts
30 pulling
115 major
30 10000
77 zero
25 deny
42 concerned
14 yards
101 market
17 string
63 linux
146 needed
2441 one
58 star
13 technologies
34 picking
78 hair
25 protection
25 rapist
34 em
375 maybe
953 something
15 chief
45 leads
77 round
24 iw
32 nose
12 quitting
136 season
65 sub
12 permanently
11 joins
11 memorial
16 saves
16 principles
22 fabio
31 desire
20 exotic
74 court
16 wore
12 koala
14 petty
21 improved
11 concepts
15 marbles
12 gays
11 studio
14 nash
26 dressed
34 circlejerk
14 wheelchair
279 system
14 courage
18 magazines
12 camaro
17 cleared
80 sexual
17 march
35 apple
35 opened
89 football
29 cap
13 loads
12 mutual
28 rid
17 invited
49 supply
19 treating
40 conflict
55 ice
60 relationships
49 club
19 seemingly
15 sample
15 pdf
233 turn
12 bacon
13 subjects
21 bloody
11 channels
284 wont
18 dates
33 ads
107 truly
489 find
1461 even
25 dear
18 skins
13 fool
40 influence
12 sane
19 civilization
56 weapon
16 cheat
113 main
12 capture
201 knew
17 developers
39 ah
15 mph
86 study
11 lacking
79 send
36 wages
20 biased
82 consider
5533 was
36 section
74 numbers
19 democratic
14 chef
23 strategy
42 appear
13 whereas
75 moving
14 assets
11 inherent
23 item
83 lived
132 havent
28 worker
20 nail
414 big
13 makeup
16 academic
14 rating
50 equal
38 appears
12 viewed
55 scale
34 wealth
15 professionals
13 package
14 rooster
37 receive
78 directly
18 mandatory
114 brought
27 cleaning
53 related
21 positions
21 stores
15 devs
13 icon
691 actually
12 advertising
14 weekly
472 away
51 cry
18 scum
14 floors
11 participate
12 errors
13 researchers
24 tone
20 anger
11 tested
48 youtube
30 screw
22 owned
21 phrase
291 night
92 street
119 fire
15 realised
28 tip
11 dependent
23 dropping
118 paid
228 kid
76 crime
14 questioning
20 behalf
19 survived
63 various
17 gears
11 pushes
27 indeed
17 motivated
34 tonight
138 funny
81 bill
135 comments
77 incredibly
11 unfamiliar
37 guide
78 theyll
25 mission
12 disclosure
29 mobile
276 god
18 infrastructure
18 deliver
288 already
16 odds
16 increasingly
17 fifa
31 acid
11 highschool
74 starting
28 shots
31 addition
237 water
11 arbitration
16 sexy
13 conduct
49 smart
20 wine
11 lacks
641 new
12 gray
26 personality
33 increases
168 answer
67 practice
12 figuring
915 day
13 remained
97 original
51 classes
18 exploring
57 spending
12 grenades
11 turkey
17 sober
12 meals
82 including
24 passes
12 dammit
12 sixth
327 5
29 concern
39 largely
81 worry
58 lady
355 high
27 hurts
28 accurate
18 graduated
13 repeated
46 anybody
159 problems
89 dollars
20 mainly
13 42
182 looks
16 italy
18 attracted
14 destruction
14 connections
104 attention
13 cigarettes
17 la
11 monsanto
15 concluded
43 species
27 bang
12 36
15 crashed
43 continued
88 figure
39 plays
14 remotely
14 palestinian
11 dispatch
18 yup
165 worse
62 server
951 life
102 fall
14 247
55 canada
41 fought
15 assistant
14 drill
11 flies
34 beast
23 elected
101 terrible
21 hanging
16 russians
70 natural
29 bucks
18 nah
16 robot
157 gone
27 tear
12 slit
18 dated
318 post
14 ideological
26 historical
38 feminist
18 crows
60 google
23 combined
120 add
13 pleased
12 toe
34 birthday
18 scenarios
63 league
60 peace
28 wedding
15 rod
12 sounding
15 administration
434 went
556 2
12 bio
28 temperature
41 idiot
50 dangerous
355 instead
16 americas
161 d
178 playing
11 xd
11 2007
99 speak
13 desert
228 needs
37 thousand
39 blacks
38 region
37 raid
14 jason
125 early
14 fears
189 given
24 backwards
18 images
12 zones
14 smarter
73 daughter
111 mostly
11 accidents
20 fathers
15 monsters
15 royals
12 rainbow
23 itd
88 starts
60 church
693 ive
27 prime
80 cars
65 alive
61 studies
21 checking
21 2012
16 ram
24 mentality
29 download
34 throwing
24 encourage
204 question
24 dig
19 siblings
29 charity
19 intentions
11 sting
78 beautiful
13 monte
18 massively
26 potentially
37 incident
95 religion
44 folks
48 trouble
87 stopped
27 british
14 proceed
29 badly
11 tie
11 yall
37 earlier
34 cares
11 addicts
51 reaction
12 october
15 richard
35 dinner
13 desired
19 headed
27 womens
11 immoral
37 ship
42 keeps
12 horny
23 tied
64 victim
16 bleeding
184 fun
21 disorder
12 proceeded
21 tail
13 accountable
16 neighbor
71 doctor
197 group
173 moment
16 excuses
12 realization
92 dick
69 manager
59 nor
20 underlying
16 difficulty
321 started
14 swords
16 shiny
12 journal
17 wet
36 guard
15 leadership
20 jones
36 bills
25 sisters
42 awkward
23 loyal
24 operation
53 costs
25 yep
30 camp
29 checks
1788 how
40 bike
141 sort
18 walmart
43 ex
11 settled
134 win
13 satisfied
49 image
126 bunch
15 sum
18 n
21 shaking
24 ugly
11 requested
27 solve
14 vehicles
88 view
119 amazing
104 result
48 path
2590 out
23 illness
27 anime
53 block
105 meet
373 oh
179 wants
11 zach
11 betrayed
12 revealed
31 island
13 rocks
36 listening
25 tool
13 preferred
14 nsfw
83 calls
44 nation
11 filthy
27 description
27 intentionally
12 tale
77 fit
46 file
14 pyramid
15 broad
11 reduces
20 demon
20 favourite
600 few
40 rage
29 vacation
39 giant
80 below
19 tom
26 holes
14 trading
25 thankfully
256 small
129 several
13 accomplished
21 bottle
198 cool
54 industry
69 impossible
14 whatsoever
101 crazy
32 christians
25 os
28 resistance
17 mob
211 games
30 ellen
22 hunt
12 chin
83 moved
13 sjw
44 south
32 critical
249 girl
199 likely
48 demand
242 matter
34 entitled
171 thread
40 israel
11 brian
85 forward
22 drops
23 bowl
318 etc
1263 make
12 amtrak
16 southern
67 positive
20 engineering
12 robin
26 competition
15 worthless
55 dropped
45 planet
45 switch
133 rape
252 friend
16 exit
46 fill
14 subjective
26 challenge
17 factory
13 strike
42 pointed
20 similarly
15 overload
12 fundamental
11 hikki
26 educated
15 qb
68 drinking
37 drove
22 handed
30 heavily
16 spell
56 dumb
113 gives
40 plane
18 microsoft
56 greatest
34 birth
28 explanation
11 bucket
13 palestinians
13 upgraded
70 groundhog
21 bitter
11 throws
15 trend
23 stopping
15 dl
28 soldiers
356 times
1087 good
12 changetip
45 leg
23 queen
18 kicking
11 tossed
81 effect
39 james
17 todays
29 pussy
12 fee
45 17
77 justice
72 decision
57 talked
18 aid
1024 thats
47 raise
15 movements
42 missed
13 arabia
89 fear
46 excited
154 mother
16 creatures
154 seriously
39 heavy
45 believed
69 broke
22 hating
132 series
16 drew
12 hmm
17 patriot
21 danielle
13 guaranteed
16 shares
55 lying
23 setting
345 believe
28 nights
79 report
40 audience
208 past
17 closest
12 scores
671 better
106 drop
13 sue
44 someones
29 plants
1196 want
23 nearby
20 proven
98 passed
17 grandma
12 asians
585 little
269 remember
23 sea
19 laser
103 became
28 uh
89 turns
35 22
13 charlie
11 spells
39 shown
428 tell
13 recording
25 commercial
11 copies
60 finding
16 smoked
60 charge
12 trap
62 include
11305 you
16 anonymous
13 straw
15 liquid
14 sits
87 dark
11 observed
12 courts
28 democracy
15 complaint
202 child
87 asshole
26 corruption
11 immune
16 nicotine
38 extreme
17 arrive
57 complex
12 rick
54 tend
22 motivation
371 each
79 modern
12 bf
58 former
48 fixed
23 habits
12 cocaine
28 bot
44 screaming
131 fast
37 labor
172 military
44 yours
18 brains
25 billions
22 absurd
11 rumor
16 grandfather
41 definition
553 best
12 shaped
39 attractive
66 skills
13 timing
16 hardest
115 damage
884 those
28 scenario
27 powers
20 committed
12 cookies
21 bones
11 accountability
17 cents
28 burning
18 moderation
11 sale
14 grind
18 occupy
14 tastes
13 exposed
15 daughters
73 thus
18 author
56 development
23 arrested
13 g
19 mixed
16 shaft
16 application
11 ray
19 vanilla
19 voters
35 candy
385 kind
13 priority
19 jastremski
12 maintaining
60 items
80 self
73 blame
20 patch
18 foreskin
19 fees
31 machines
18 listened
184 young
30 allowing
51 animal
48 beginning
20 competitive
33 donate
13 iphone
96 floor
481 without
75 card
41 traffic
45 remain
78 basic
74 violence
13 pause
11 remote
267 parents
57 opportunity
11 quake
12 gallons
11 sponsor
123 similar
68 grew
158 fat
43 tree
18 productive
73 animals
21 firing
16 lt3
83 particular
29 sorts
64 technology
17 mary
17 unfavorable
20 landing
100 four
54 brand
86 beyond
41 shed
23 efficient
11 grill
63 spaghetti
20 union
17 behaviour
99 lead
14 introduce
78 rule
51 smell
130 hands
15 bitches
18 obesity
16 radical
27 bug
24 symptoms
53 wed
18 cups
16 gameplay
41 cultural
405 let
15 harassment
13 sticks
96 companies
11 unemployment
28 placed
43 saving
15 opposition
56 memory
4933 but
13 pigs
11 ascend
61 agreed
59 minute
15 eh
22 county
407 part
67 training
17 norm
17 qualified
58 thoughts
11 kindly
23 consistently
31 policies
19 statistics
117 music
30 forces
18 voidboys
18 cone
15 koalas
21 graduate
24 evening
18 closing
13 brush
11 fork
40 revolution
13 television
12 wikipedia
12 arbitrary
144 worst
17 stare
85 research
16 peak
20 choosing
46 protect
68 weapons
40 swear
2629 up
27 beauty
19 grateful
135 content
36 equality
73 wrote
84 nearly
27 terrified
32 technically
91 boy
13 lb
15 tends
48 direction
13 31
25 meanwhile
72 vs
21 pee
78 wake
13 parked
127 soon
31 combat
388 home
17 indian
23 goodell
44 steve
71 bar
11 shops
18 moderators
12 sing
253 others
53 treatment
17 backed
19 gentle
111 shows
50 faster
56 admit
58 nuclear
11 homework
162 outside
220 hand
12 spain
26 manner
18 keyboard
22 bolt
29 dance
50 necessary
16 shout
12 subway
11 taxi
31 rounds
26 gf
14 insecure
1120 going
54 website
125 realize
25 reminds
38 sir
21 extended
34 pula
19 encouraged
76 entirely
42 waste
28 tips
23 aids
87 write
12 princess
20 whoever
267 three
49 moral
12 ireland
53 logic
33 subreddits
28 helpful
140 general
83 conversation
51 employees
19 businesses
14 scissors
31 equivalent
147 looked
33 mens
154 age
36 2000
30 pure
11 popularity
44 parent
13 favour
12 bare
12 dragged
15 referred
16 addicted
209 class
13 inspired
27 analysis
16 funeral
26 downvoted
15 fucker
30 comic
13 detail
17 someday
20 grand
11 satisfying
17 dps
11 compensation
14 couples
24 2011
71 ran
12 intellectual
11 qi
74 paper
21 teenager
909 did
40 fired
44 brothers
61 benefit
21 instant
120 month
43 unique
116 despite
18 extent
71 healthy
26 produce
44 noticed
47 apartment
45 owner
29 careful
103 met
142 awesome
26 intended
12 equipped
13 challenges
13 isolated
21 pair
13 yell
27 score
14 disappear
13 bout
20 washington
95 building
14 socially
33 canadian
141 phone
20 repeat
22 comparison
228 themselves
25 desk
31 jokes
14 titan
14 pat
67 focus
63 ends
543 doing
40 draft
