deleted -21.246
click -7.681
i -7.255
please -6.434
yeah -6.339
submission -6.308
uefa -6.139
europa -6.020
tvhttpvslivenetliveuefaeuropaleaguetvstationsforyou -6.020
moderators -5.847
performed -5.669
if -5.661
automatically -5.578
watch -5.485
bot -5.467
concerns -5.400
league -5.370
think -5.355
httpwwwcrunchyflickscommovieavengersageofultron -5.248
game -5.166
lol -5.016
match -4.847
contact -4.711
questions -4.657
would -4.528
thanks -4.470
be -4.297
it -4.248
action -4.234
really -4.114
ps4 -4.103
removed -4.084
gt -4.056
though -4.028
like -3.927
its -3.894
price -3.826
title -3.825
not -3.792
play -3.741
lebron -3.731
ult -3.688
games -3.683
any -3.682
hunter -3.651
dc -3.634
fnatic -3.634
players -3.619
is -3.601
dont -3.592
guess -3.528
good -3.528
wouldnt -3.464
haha -3.462
tag -3.460
looks -3.417
resubmit -3.405
q -3.370
sure -3.363
skt -3.345
too -3.329
im -3.323
posting -3.228
just -3.227
holocaust -3.219
warlock -3.214
decoy -3.185
ahq -3.185
fnc -3.160
sf -3.139
vs -3.133
meta -3.131
dlc -3.117
least -3.112
lane -3.111
bronze -3.107
movie -3.084
online -3.080
link -3.079
post -3.052
pearl -3.043
wiki -3.022
entirety -3.014
pls -3.007
bots -3.007
aa -3.001
coverage -2.995
format -2.991
loose -2.991
fighter -2.988
uk -2.978
definitely -2.967
but -2.962
subredditmessagecomposetorglobaloffensivetrade -2.949
guantanamo -2.949
exactly -2.943
pretty -2.925
rvideos -2.922
have -2.910
champs -2.901
lvl -2.901
wwe -2.880
meters -2.880
reset -2.875
complexity -2.875
970 -2.871
amd -2.868
settings -2.868
lmao -2.868
agree -2.840
thats -2.830
does -2.823
psn -2.808
fdl -2.808
submissions -2.795
threads -2.788
played -2.785
etheric -2.784
mmr -2.784
python -2.774
cards -2.774
win -2.772
pve -2.766
id -2.762
approval -2.760
suggestion -2.754
poe -2.754
champ -2.754
c9 -2.750
badass -2.750
burst -2.750
top -2.747
blink -2.747
jets -2.744
spam -2.744
gloves -2.744
aliens -2.744
clip -2.744
yes -2.710
playing -2.667
yea -2.667
question -2.647
tanks -2.640
havent -2.607
imo -2.595
pc -2.549
isnt -2.442
fans -2.435
you -2.434
seems -2.410
germany -2.393
same -2.378
tsm -2.366
here -2.360
heroes -2.351
fantastic -2.330
british -2.323
maybe -2.315
mode -2.303
refer -2.286
mid -2.280
elite -2.252
xbox -2.252
hence -2.252
map -2.225
great -2.205
ive -2.196
correct -2.169
hp -2.163
insurance -2.149
am -2.141
enemy -2.138
rules -2.137
fps -2.119
damn -2.117
try -2.112
missed -2.107
eu -2.099
w -2.078
deck -2.078
or -2.077
u -2.062
still -2.050
can -2.041
texas -2.036
relevant -2.022
card -2.015
gif -2.008
team -2.008
either -2.006
xd -1.994
32 -1.991
rule -1.988
flair -1.983
surprised -1.982
better -1.978
sounds -1.971
hockey -1.962
casual -1.962
mini -1.962
thought -1.959
seen -1.946
compared -1.942
mean -1.940
only -1.938
nah -1.936
yup -1.936
especially -1.935
name -1.924
how -1.921
luck -1.917
posts -1.917
servers -1.916
hope -1.913
live -1.912
finals -1.905
buy -1.904
talking -1.903
happen -1.898
do -1.897
hoping -1.892
dps -1.888
probably -1.879
shows -1.878
player -1.866
cs -1.866
must -1.865
love -1.863
gg -1.859
laws -1.858
doesnt -1.850
should -1.844
otherwise -1.844
skill -1.840
said -1.839
jon -1.839
dota -1.833
review -1.833
well -1.830
also -1.826
nice -1.822
silver -1.819
already -1.814
horse -1.813
german -1.801
jokes -1.801
combat -1.801
for -1.799
gonna -1.791
way -1.776
argument -1.766
fun -1.757
that -1.754
build -1.753
opinion -1.751
recently -1.750
cpu -1.748
tho -1.746
titan -1.737
did -1.732
season -1.728
hero -1.721
song -1.713
dunno -1.712
33 -1.712
damage -1.711
fan -1.704
depends -1.701
decent -1.699
plays -1.698
ah -1.698
subreddits -1.696
could -1.695
makeup -1.684
carries -1.684
facts -1.660
pvp -1.658
pro -1.653
winning -1.652
russia -1.649
reference -1.646
talent -1.646
awesome -1.644
slow -1.641
this -1.638
picks -1.638
chris -1.629
use -1.626
taxes -1.617
income -1.616
actually -1.611
item -1.604
much -1.603
trading -1.602
crap -1.602
stats -1.599
prison -1.594
point -1.593
cooler -1.581
boots -1.572
legal -1.571
whats -1.570
links -1.567
tier -1.556
worth -1.554
seem -1.554
p -1.547
1000 -1.543
s -1.541
why -1.540
annoying -1.540
read -1.539
less -1.533
works -1.530
definition -1.511
move -1.499
ban -1.499
checking -1.490
india -1.486
til -1.486
wtf -1.484
bro -1.484
marijuana -1.484
message -1.483
bug -1.483
console -1.483
sorry -1.483
jim -1.483
submit -1.483
hype -1.483
heh -1.483
rank -1.483
nba -1.483
bad -1.479
wasnt -1.476
include -1.470
even -1.464
winner -1.462
prefer -1.459
personally -1.453
recent -1.452
easily -1.443
cute -1.431
competitive -1.430
video -1.428
34 -1.427
fights -1.425
non -1.425
upgrade -1.425
shield -1.425
buying -1.424
ie -1.422
headline -1.420
turkey -1.420
sale -1.420
selling -1.398
graphics -1.398
franchise -1.398
debt -1.390
certainly -1.390
beat -1.390
someone -1.384
manual -1.383
qb -1.383
cant -1.383
joke -1.381
except -1.374
offering -1.373
might -1.369
prove -1.369
karma -1.369
itd -1.364
interest -1.364
trying -1.364
plus -1.361
more -1.357
than -1.356
thumb -1.331
penalty -1.331
looking -1.329
throw -1.329
guy -1.326
topic -1.326
dude -1.321
curious -1.316
downvotes -1.316
tall -1.316
armor -1.313
free -1.310
unlikely -1.307
irrelevant -1.307
odds -1.307
mostly -1.306
goal -1.304
drag -1.303
comparison -1.302
mechanics -1.302
dragon -1.302
legit -1.301
doubt -1.296
look -1.287
theyd -1.282
arent -1.282
interesting -1.281
store -1.277
super -1.248
listed -1.247
package -1.247
jewish -1.247
guaranteed -1.247
ultimate -1.247
males -1.247
replies -1.247
yep -1.245
go -1.243
land -1.239
humor -1.238
eh -1.238
juice -1.238
languages -1.238
flash -1.236
correctly -1.236
improved -1.236
spirit -1.235
riot -1.234
set -1.230
different -1.230
they -1.229
then -1.225
teams -1.224
states -1.218
trouble -1.212
other -1.212
places -1.208
rarely -1.206
won -1.200
shots -1.197
solo -1.197
diet -1.188
suppose -1.188
best -1.188
trade -1.181
golden -1.180
drops -1.173
keeps -1.171
need -1.169
replace -1.168
btw -1.168
unless -1.166
idk -1.166
couldve -1.166
creepy -1.164
incorrect -1.164
gpu -1.164
constitution -1.164
lt3 -1.164
max -1.158
god -1.156
lot -1.151
certain -1.146
mobile -1.143
totally -1.134
posted -1.132
useful -1.131
assuming -1.131
main -1.124
moves -1.122
level -1.121
items -1.119
added -1.119
something -1.118
steal -1.117
answers -1.117
cheaper -1.117
saying -1.115
unfortunately -1.114
method -1.113
suggest -1.109
foul -1.105
searching -1.105
amazing -1.104
labour -1.104
offers -1.104
factor -1.104
subreddit -1.100
shouldnt -1.098
opponent -1.097
unfair -1.092
east -1.091
bell -1.089
tony -1.089
champion -1.089
option -1.087
levels -1.086
split -1.084
o -1.084
allowed -1.083
countries -1.083
huh -1.078
kills -1.078
helpful -1.078
elaborate -1.077
females -1.077
actor -1.077
san -1.077
print -1.077
serious -1.072
watched -1.070
200 -1.065
losing -1.065
likely -1.059
coach -1.054
master -1.054
chain -1.053
wonder -1.050
female -1.050
get -1.049
wanna -1.049
poster -1.048
interactions -1.048
hahaha -1.048
coins -1.048
commenting -1.048
skull -1.048
submitted -1.048
atheist -1.048
hawks -1.048
implying -1.048
deeper -1.048
traded -1.048
greece -1.048
versions -1.048
slower -1.048
msi -1.048
4th -1.048
running -1.048
purchase -1.042
catholic -1.042
planning -1.042
ask -1.041
run -1.039
boring -1.038
wow -1.032
patch -1.031
zone -1.031
ignoring -1.031
perfect -1.031
wont -1.031
a -1.024
supposed -1.023
types -1.022
services -1.022
brown -1.022
skins -1.022
guarantee -1.022
happens -1.022
theyll -1.021
irl -1.019
troll -1.019
virus -1.019
creator -1.019
roads -1.019
tolerated -1.019
moron -1.019
logo -1.019
camps -1.019
repost -1.019
freely -1.019
favorites -1.019
psu -1.019
trailer -1.019
violation -1.019
stat -1.019
swap -1.019
lesbian -1.019
unfortunate -1.019
souls -1.019
guardian -1.019
micro -1.019
4gb -1.019
healers -1.019
beard -1.019
boobs -1.019
pakistan -1.019
toes -1.019
equation -1.019
congrats -1.019
tap -1.019
result -1.019
existing -1.015
adc -1.015
ram -1.015
seasons -1.015
hardest -1.015
plenty -1.014
there -1.011
error -1.010
causing -1.010
atx -1.010
similar -1.007
account -1.007
cares -1.006
current -1.002
quality -1.000
against -1.000
theres -1.000
anything -1.000
stupid -0.999
style -0.997
protection -0.996
extra -0.996
original -0.996
always -0.992
permanent -0.989
re -0.989
clicked -0.989
chrome -0.989
congratulations -0.989
bombs -0.989
worries -0.989
handling -0.989
stack -0.989
input -0.989
terrorists -0.989
mailin -0.989
ultra -0.989
techniques -0.989
cow -0.989
lcs -0.989
desktop -0.989
600 -0.989
tactic -0.989
liking -0.989
camping -0.989
par -0.989
scout -0.989
joining -0.989
theft -0.989
reverse -0.989
infected -0.989
nonexistent -0.989
bench -0.989
replying -0.989
genders -0.989
sometime -0.989
avengers -0.989
bounty -0.989
pre -0.989
discussing -0.989
farmers -0.989
rewatch -0.989
strictly -0.989
horses -0.989
reflect -0.989
port -0.989
hiv -0.989
stating -0.989
corsair -0.989
freak -0.989
dope -0.989
apps -0.989
cmon -0.989
buffs -0.989
potential -0.986
prices -0.985
ok -0.983
allow -0.982
hes -0.982
france -0.982
muscle -0.982
example -0.979
x -0.978
bought -0.978
proof -0.976
muslim -0.973
year -0.973
votes -0.968
bias -0.968
pats -0.968
excellent -0.968
uncle -0.968
holy -0.968
lose -0.967
anyway -0.961
sell -0.960
extend -0.957
5050 -0.957
consoles -0.957
slot -0.957
surveillance -0.957
detailed -0.957
salty -0.957
writes -0.957
rangers -0.957
un -0.957
titles -0.957
lee -0.957
euro -0.957
worldwide -0.957
denmark -0.957
wire -0.957
powered -0.957
loans -0.957
guild -0.957
adequate -0.957
rail -0.957
quotes -0.957
fifth -0.957
embrace -0.957
assumes -0.957
investing -0.957
surprisingly -0.957
lip -0.957
alpha -0.957
wherever -0.957
poke -0.957
lists -0.957
thatd -0.957
tire -0.957
contain -0.957
liberals -0.957
campus -0.957
sarcastic -0.957
upvoted -0.957
neutral -0.957
kit -0.957
mining -0.957
protected -0.957
unusual -0.957
ftfy -0.957
ranged -0.957
narrow -0.957
canon -0.957
construct -0.957
assumption -0.957
commentary -0.957
screenshots -0.957
politician -0.957
coil -0.957
delusional -0.957
immigration -0.957
2004 -0.957
imgur -0.957
assumptions -0.957
clarify -0.957
socks -0.957
grenade -0.957
explode -0.957
nhs -0.957
injected -0.957
treaty -0.957
360 -0.957
tim -0.957
origin -0.957
kennedy -0.957
cowboys -0.957
interviews -0.957
wondered -0.957
flew -0.957
sentiment -0.957
sued -0.957
leak -0.957
bosses -0.957
insults -0.957
irony -0.957
tip -0.956
jungle -0.955
article -0.955
those -0.953
form -0.951
bet -0.948
taking -0.945
details -0.943
invest -0.943
necessary -0.942
used -0.941
v -0.940
upvote -0.940
2 -0.934
know -0.932
exist -0.931
advice -0.930
hit -0.927
sense -0.926
lore -0.925
sexist -0.925
blew -0.925
claws -0.925
optimal -0.925
improving -0.925
trains -0.925
preference -0.925
watches -0.925
ap -0.925
harry -0.925
mall -0.925
gallon -0.925
leaning -0.925
backing -0.925
garden -0.925
decay -0.925
warfare -0.925
temporarily -0.925
audio -0.925
password -0.925
forgiven -0.925
unattractive -0.925
spec -0.925
blocking -0.925
mvp -0.925
damaging -0.925
bruce -0.925
caps -0.925
korea -0.925
convincing -0.925
appreciated -0.925
titans -0.925
celebrate -0.925
nerd -0.925
creeps -0.925
banana -0.925
gtwe -0.925
ranked -0.925
liver -0.925
minimal -0.925
askreddit -0.925
sounded -0.925
fart -0.925
700 -0.925
horribly -0.925
releasing -0.925
stab -0.925
weakness -0.925
fascinating -0.925
20s -0.925
sli -0.925
mexico -0.925
squad -0.925
esports -0.925
chooses -0.925
toss -0.925
treasure -0.925
nyc -0.925
anus -0.925
queens -0.925
therapist -0.925
chamber -0.925
applicable -0.925
defence -0.925
mentions -0.925
maps -0.925
amiibo -0.925
chemistry -0.925
alternate -0.925
indication -0.925
candle -0.925
usb -0.925
minions -0.925
ipad -0.925
communist -0.925
chick -0.925
coke -0.925
pig -0.925
represented -0.925
demanding -0.925
parallel -0.925
compelling -0.925
msrp -0.925
rat -0.925
rumble -0.925
mentioning -0.925
proposed -0.925
regime -0.925
britain -0.925
spoilers -0.925
widely -0.925
exclusively -0.925
junior -0.925
cruiser -0.925
deals -0.925
locking -0.925
shallow -0.925
horrific -0.925
some -0.924
glad -0.924
specific -0.924
separate -0.923
related -0.923
connection -0.922
accounts -0.922
changed -0.919
want -0.915
fair -0.915
tv -0.912
send -0.912
kinda -0.912
funny -0.909
intelligent -0.907
owned -0.907
temporary -0.907
nope -0.906
fairly -0.905
screen -0.905
affect -0.904
disagree -0.903
see -0.900
source -0.898
has -0.897
reason -0.895
considering -0.893
scholar -0.891
contributed -0.891
morally -0.891
r9 -0.891
danish -0.891
foremost -0.891
ridiculously -0.891
cersei -0.891
hamas -0.891
shifting -0.891
paperwork -0.891
jury -0.891
unacceptable -0.891
puns -0.891
printer -0.891
priest -0.891
twin -0.891
edt0400 -0.891
tracking -0.891
gdp -0.891
vague -0.891
bubble -0.891
ideally -0.891
gifts -0.891
misinformation -0.891
evolved -0.891
rooted -0.891
introduction -0.891
grace -0.891
remembers -0.891
asus -0.891
giants -0.891
reporters -0.891
banking -0.891
forgetting -0.891
codes -0.891
graduating -0.891
ukip -0.891
cousins -0.891
weaker -0.891
rode -0.891
insight -0.891
mediocre -0.891
rotation -0.891
shotgun -0.891
downvoting -0.891
socioeconomic -0.891
comcast -0.891
worn -0.891
ladder -0.891
greed -0.891
reasonably -0.891
whining -0.891
sliding -0.891
fandom -0.891
reserve -0.891
lewis -0.891
toast -0.891
brag -0.891
publicly -0.891
wasting -0.891
unwilling -0.891
terror -0.891
discover -0.891
1010 -0.891
tagged -0.891
h -0.891
domain -0.891
challenged -0.891
obligation -0.891
manufacturers -0.891
alcoholic -0.891
followers -0.891
disproportionate -0.891
assembly -0.891
intervention -0.891
dire -0.891
expand -0.891
noone -0.891
hyper -0.891
stored -0.891
woo -0.891
poland -0.891
mobs -0.891
newer -0.891
popped -0.891
located -0.891
punish -0.891
tens -0.891
cena -0.891
funniest -0.891
convenience -0.891
harass -0.891
punk -0.891
reader -0.891
hood -0.891
retire -0.891
cracks -0.891
brazil -0.891
distinction -0.891
ip -0.891
performing -0.891
doctrine -0.891
prevents -0.891
jacket -0.891
pregnancies -0.891
wishing -0.891
argued -0.891
unlock -0.891
interference -0.891
squat -0.891
storms -0.891
enjoys -0.891
guardians -0.891
sensible -0.891
stacked -0.891
swallow -0.891
splash -0.891
landed -0.891
compound -0.891
engaging -0.891
outta -0.891
thomas -0.891
manly -0.891
headaches -0.891
hows -0.891
planes -0.891
severely -0.891
boner -0.891
realistically -0.891
min -0.891
earning -0.891
manually -0.891
seats -0.891
raven -0.891
pit -0.891
interpretation -0.891
gop -0.891
industrial -0.891
puck -0.891
ceiling -0.891
pops -0.891
expenses -0.891
hearts -0.891
gifs -0.891
fury -0.891
rob -0.891
cashier -0.891
nexus -0.891
100k -0.891
district -0.891
returns -0.891
cope -0.891
helmet -0.891
puke -0.891
fridge -0.891
pacific -0.891
mutually -0.891
ot -0.891
tags -0.891
grabbing -0.891
collar -0.891
wilson -0.891
cringe -0.891
guts -0.891
precision -0.891
mountains -0.891
adjustment -0.891
journalists -0.891
frustrated -0.891
demonstrate -0.891
refs -0.891
mines -0.891
june -0.891
repeat -0.891
appeal -0.891
referring -0.891
idiots -0.891
op -0.889
shot -0.889
struggle -0.886
mention -0.886
release -0.885
enjoyed -0.885
concept -0.883
case -0.879
check -0.876
queue -0.875
keyboard -0.875
confident -0.875
microsoft -0.875
one -0.874
version -0.874
technically -0.873
ball -0.869
appropriate -0.866
runs -0.865
didnt -0.863
taste -0.863
thank -0.860
sub -0.860
say -0.859
basics -0.856
divide -0.856
vary -0.856
speeds -0.856
predictable -0.856
spectrum -0.856
recommended -0.856
committing -0.856
dummy -0.856
250 -0.856
spit -0.856
dave -0.856
burgers -0.856
enters -0.856
ease -0.856
contributing -0.856
supporters -0.856
98 -0.856
saints -0.856
virtue -0.856
poking -0.856
laundry -0.856
sk -0.856
sc -0.856
tendency -0.856
woah -0.856
managing -0.856
roger -0.856
bros -0.856
cheers -0.856
philadelphia -0.856
dictator -0.856
johnny -0.856
appointment -0.856
nvidia -0.856
blues -0.856
occurs -0.856
jew -0.856
beforehand -0.856
barrel -0.856
condom -0.856
tangible -0.856
licence -0.856
vog -0.856
viewing -0.856
nickname -0.856
reginald -0.856
politely -0.856
sidebar -0.856
privately -0.856
athlete -0.856
preventing -0.856
robots -0.856
opposing -0.856
enjoyable -0.856
fulfill -0.856
comedy -0.856
tomato -0.856
designs -0.856
los -0.856
visa -0.856
ohio -0.856
gtit -0.856
gtif -0.856
cm -0.856
terrorism -0.856
colour -0.856
biology -0.856
alliance -0.856
mere -0.856
spots -0.856
distribution -0.856
dolphins -0.856
integrity -0.856
rekt -0.856
criticizing -0.856
recovery -0.856
cameras -0.856
hooked -0.856
grandchildren -0.856
navigate -0.856
circles -0.856
outletpc -0.856
gentleman -0.856
props -0.856
engines -0.856
dumped -0.856
humble -0.856
countrys -0.856
herpes -0.856
prisoners -0.856
float -0.856
beneficial -0.856
medication -0.856
juices -0.856
firearm -0.856
buttons -0.856
dominance -0.856
scaling -0.856
et -0.856
breed -0.856
nutrition -0.856
investors -0.856
egg -0.856
ratio -0.856
cannon -0.856
namely -0.856
lga1150 -0.856
jeans -0.856
exploit -0.856
wounds -0.856
anecdotal -0.856
bradys -0.856
greatly -0.856
heated -0.856
gaza -0.856
fraud -0.856
sadness -0.856
carpet -0.856
sustain -0.856
minded -0.856
apologized -0.856
iran -0.856
selective -0.856
arena -0.856
losses -0.856
hurry -0.856
invasion -0.856
negligible -0.856
starbucks -0.856
obligated -0.856
circumcised -0.856
substantial -0.856
organs -0.856
probable -0.856
spray -0.856
threaten -0.856
rope -0.856
belong -0.856
rub -0.856
stem -0.856
farms -0.856
wizard -0.856
punishing -0.856
convert -0.856
singing -0.856
halloween -0.856
masses -0.856
crossing -0.856
confuse -0.856
precisely -0.856
ankle -0.856
prone -0.856
beg -0.856
relatives -0.856
blades -0.856
roommates -0.856
comparable -0.856
harden -0.856
generic -0.856
underground -0.856
mech -0.856
reflection -0.856
alternatively -0.856
motive -0.856
instinct -0.856
heading -0.856
meh -0.856
interpret -0.856
akin -0.856
laughs -0.856
goodbye -0.856
vaping -0.856
typing -0.856
spoiled -0.856
competitors -0.856
dot -0.856
bay -0.856
ethical -0.856
inappropriate -0.856
practices -0.856
fighters -0.856
fraction -0.856
surrender -0.856
agreeing -0.856
precise -0.856
shave -0.856
bow -0.856
bob -0.856
minecraft -0.856
ooh -0.856
agent -0.856
destructive -0.856
possess -0.856
jackson -0.856
gamers -0.856
roster -0.856
representatives -0.856
trades -0.856
promising -0.856
exhaust -0.856
robbery -0.856
measuring -0.856
personnel -0.856
forged -0.856
component -0.856
margin -0.856
suits -0.856
dev -0.856
purchased -0.856
coat -0.856
stepped -0.856
aircraft -0.856
deliberately -0.856
bid -0.856
pronounced -0.856
oatmeal -0.856
bracket -0.856
implies -0.856
implied -0.856
groceries -0.856
39 -0.856
trait -0.856
dan -0.856
lfr -0.856
parks -0.856
gather -0.856
perfection -0.856
difficulties -0.856
tyler -0.856
bulk -0.856
hail -0.856
boards -0.856
1984 -0.856
1980 -0.856
46 -0.856
virtual -0.856
violate -0.856
supplies -0.856
quadcore -0.856
arizona -0.856
priorities -0.856
fiction -0.856
flame -0.856
natives -0.856
experts -0.856
inventory -0.856
5k -0.856
hung -0.856
bath -0.856
affair -0.856
exams -0.856
clicking -0.856
esea -0.856
individually -0.856
gtand -0.856
freshman -0.856
begging -0.856
ssd -0.856
ignores -0.856
inability -0.856
kingdom -0.856
patrick -0.856
weirdest -0.856
lastly -0.856
strict -0.856
alt -0.856
bulls -0.856
shade -0.856
soccer -0.856
clippers -0.856
instructions -0.856
pirates -0.856
oppressed -0.856
sympathy -0.856
storytelling -0.856
72 -0.856
dealers -0.856
pg -0.856
whoa -0.856
engineers -0.856
cheer -0.856
tables -0.856
essential -0.856
impressed -0.856
issued -0.856
overlap -0.856
universities -0.856
survivor -0.856
tab -0.856
syndrome -0.856
violating -0.856
phrases -0.856
teenagers -0.856
hypothesis -0.856
lesnar -0.856
cliff -0.856
kind -0.855
itll -0.854
ensure -0.853
yet -0.850
hello -0.847
rough -0.847
bigger -0.847
finger -0.845
faster -0.845
sold -0.843
boyfriend -0.842
test -0.840
required -0.840
true -0.834
saw -0.834
based -0.833
are -0.832
ha -0.832
kevin -0.832
d -0.830
offense -0.828
netflix -0.828
downvote -0.828
phrase -0.828
username -0.828
attacking -0.828
first -0.828
travel -0.828
rich -0.827
weed -0.824
wooden -0.820
miller -0.820
browse -0.820
selfesteem -0.820
regional -0.820
thrones -0.820
crops -0.820
rs -0.820
spinning -0.820
runner -0.820
demanded -0.820
login -0.820
cult -0.820
stadium -0.820
confinement -0.820
draenor -0.820
shakes -0.820
thankful -0.820
reducing -0.820
understandable -0.820
complications -0.820
populations -0.820
deserved -0.820
thanking -0.820
suspension -0.820
ketchup -0.820
abide -0.820
router -0.820
spanish -0.820
wrath -0.820
williams -0.820
proving -0.820
misconduct -0.820
qop -0.820
decks -0.820
pole -0.820
dimensions -0.820
2001 -0.820
riots -0.820
ti -0.820
healthier -0.820
corps -0.820
civilizations -0.820
neglected -0.820
axis -0.820
psychology -0.820
offline -0.820
qualify -0.820
kobe -0.820
vocal -0.820
golf -0.820
pickup -0.820
compliment -0.820
01 -0.820
counselling -0.820
urgot -0.820
triple -0.820
alert -0.820
dieting -0.820
soaked -0.820
conclusions -0.820
novelty -0.820
squats -0.820
categories -0.820
sexism -0.820
index -0.820
firefox -0.820
ties -0.820
courtesy -0.820
jay -0.820
jam -0.820
molecules -0.820
prohibition -0.820
restrictions -0.820
homosexual -0.820
optimistic -0.820
diabetes -0.820
350 -0.820
neckbeard -0.820
referendum -0.820
charities -0.820
evident -0.820
sami -0.820
ink -0.820
illusion -0.820
pension -0.820
cameron -0.820
7th -0.820
1999 -0.820
refusing -0.820
theories -0.820
cuddle -0.820
greek -0.820
electronic -0.820
contents -0.820
du -0.820
shields -0.820
wr -0.820
con -0.820
condescending -0.820
duties -0.820
concerning -0.820
warlocks -0.820
adorable -0.820
strangely -0.820
compression -0.820
hotter -0.820
helpless -0.820
genes -0.820
incoming -0.820
retired -0.820
expanding -0.820
aoe -0.820
xi -0.820
striking -0.820
flipping -0.820
tragic -0.820
geforce -0.820
implications -0.820
proportion -0.820
leather -0.820
israels -0.820
ccp -0.820
civilized -0.820
verbal -0.820
innocence -0.820
credibility -0.820
offseason -0.820
strings -0.820
messi -0.820
messy -0.820
orgasm -0.820
producing -0.820
cheering -0.820
reject -0.820
rapists -0.820
sneak -0.820
fl -0.820
absence -0.820
bless -0.820
democrat -0.820
belongs -0.820
jordan -0.820
sentenced -0.820
unreasonable -0.820
optical -0.820
dominant -0.820
shitlord -0.820
governor -0.820
chore -0.820
cocky -0.820
signal -0.820
placing -0.820
collapsed -0.820
cotton -0.820
electrical -0.820
smiles -0.820
dvd -0.820
visual -0.820
bureaucracy -0.820
spelling -0.820
advocates -0.820
austin -0.820
aww -0.820
employer -0.820
buyer -0.820
trucks -0.820
controller -0.820
grinding -0.820
rewarding -0.820
choked -0.820
notices -0.820
blaming -0.820
hosting -0.820
uneducated -0.820
baking -0.820
unrelated -0.820
wreck -0.820
101 -0.820
objectively -0.820
workout -0.820
discipline -0.820
particles -0.820
resume -0.820
isp -0.820
immensely -0.820
hollywood -0.820
preparation -0.820
seed -0.820
mario -0.820
guilds -0.820
continent -0.820
tolerance -0.820
unpopular -0.820
bottles -0.820
belly -0.820
somethings -0.820
infinitely -0.820
translated -0.820
laning -0.820
themes -0.820
unpleasant -0.820
earthquake -0.820
lords -0.820
swore -0.820
dominate -0.820
cough -0.820
slept -0.820
knives -0.820
switching -0.820
gem -0.820
stigma -0.820
tub -0.820
ongoing -0.820
protein -0.820
wizards -0.820
pill -0.820
genetics -0.820
manufacturer -0.820
quietly -0.820
distracted -0.820
striker -0.820
wiping -0.820
obsessed -0.820
sewer -0.820
hugely -0.820
implement -0.820
reminding -0.820
grabs -0.820
brackets -0.820
wiped -0.820
radar -0.820
arrogant -0.820
disrespectful -0.820
pleasant -0.820
laughable -0.820
razor -0.820
familys -0.820
chart -0.820
swiss -0.820
impoverished -0.820
pew -0.820
eliminate -0.820
lottery -0.820
rinse -0.820
surgeon -0.820
justification -0.820
sins -0.820
upcoming -0.820
furious -0.820
lined -0.820
ignite -0.820
insisting -0.820
rex -0.820
likelihood -0.820
interaction -0.820
monkey -0.820
benghazi -0.820
prisoner -0.820
capita -0.820
artificially -0.820
occasion -0.820
mice -0.820
communism -0.820
attributed -0.820
exhausted -0.820
bull -0.820
clips -0.820
lake -0.820
ideals -0.820
corpse -0.820
tomb -0.820
variations -0.820
47 -0.820
85 -0.820
tweet -0.820
guidelines -0.820
poison -0.820
stared -0.820
visibly -0.820
tl -0.820
casualties -0.820
md -0.820
mc -0.820
cheapest -0.820
shook -0.820
accusations -0.820
patent -0.820
tourist -0.820
prevented -0.820
potatoes -0.820
filling -0.820
eternal -0.820
traditionally -0.820
rides -0.820
genital -0.820
iirc -0.820
365 -0.820
westeros -0.820
beside -0.820
burnt -0.820
57 -0.820
avatar -0.820
corn -0.820
choke -0.820
portions -0.820
submitting -0.820
trailers -0.820
alternatives -0.820
clarification -0.820
penises -0.820
pork -0.820
stubborn -0.820
afterlife -0.820
possibilities -0.820
jaime -0.820
immigrant -0.820
prostitution -0.820
superman -0.820
conversion -0.820
recipe -0.820
barbaric -0.820
apologies -0.820
stanley -0.820
nicole -0.820
blessing -0.820
persona -0.820
screenshot -0.820
furniture -0.820
madrid -0.820
freed -0.820
abyss -0.820
symbol -0.820
rhaegar -0.820
disk -0.820
manslaughter -0.820
invention -0.820
20000 -0.820
joints -0.820
influenced -0.820
essence -0.820
resort -0.820
fiber -0.820
generate -0.820
outrageous -0.820
dang -0.820
buck -0.820
georgia -0.820
chickens -0.820
gradually -0.820
dwight -0.820
nick -0.820
posters -0.820
gank -0.820
confirmation -0.820
forbid -0.820
inclined -0.820
villain -0.820
pending -0.820
eli5 -0.820
adrian -0.820
endgame -0.820
shelf -0.820
institution -0.820
flirting -0.820
painted -0.820
privileged -0.820
cries -0.820
batteries -0.820
paste -0.820
throne -0.820
column -0.820
distract -0.820
ranks -0.820
end -0.818
downvoted -0.811
easy -0.810
bodies -0.809
repair -0.809
rude -0.809
android -0.809
toxic -0.809
percentage -0.809
amazon -0.809
champions -0.809
on -0.808
cheap -0.807
whenever -0.807
film -0.807
fine -0.805
disappointed -0.802
north -0.799
avoid -0.798
possibly -0.792
steam -0.790
climate -0.790
3rd -0.790
risk -0.784
bringing -0.780
em -0.777
feel -0.776
using -0.776
parts -0.772
favorite -0.771
missing -0.769
wrong -0.769
close -0.769
digital -0.768
wise -0.768
genius -0.768
cool -0.768
bother -0.762
defense -0.762
forgot -0.762
indeed -0.757
foreign -0.757
hardly -0.757
bars -0.757
options -0.757
require -0.754
tower -0.754
named -0.753
month -0.753
heard -0.752
meant -0.747
gotta -0.747
engineering -0.746
cc -0.746
mainly -0.746
near -0.743
none -0.740
asking -0.738
stay -0.738
currently -0.735
designed -0.734
fresh -0.734
consent -0.734
series -0.733
hear -0.732
scary -0.730
complete -0.723
cars -0.723
without -0.720
rate -0.720
soon -0.720
somewhere -0.719
tax -0.719
ops -0.716
search -0.710
feature -0.709
combined -0.709
performance -0.709
budget -0.705
explanation -0.705
comment -0.695
depending -0.695
loved -0.693
higher -0.692
wouldve -0.685
feedback -0.684
bush -0.684
rolling -0.684
marketing -0.684
director -0.684
stronger -0.680
famous -0.680
doctors -0.680
keys -0.680
describe -0.679
bit -0.679
weak -0.675
crazy -0.674
google -0.672
cause -0.669
oh -0.667
quite -0.665
future -0.662
benefits -0.659
moon -0.659
considered -0.657
warning -0.654
ago -0.652
although -0.650
fit -0.649
helps -0.649
lack -0.649
star -0.648
remember -0.641
earlier -0.640
mess -0.640
necessarily -0.640
mad -0.638
wear -0.638
cases -0.638
mine -0.638
mass -0.635
ton -0.635
finish -0.635
lock -0.626
cd -0.626
function -0.626
anime -0.626
california -0.626
rebates -0.625
honestly -0.624
software -0.623
deal -0.619
state -0.619
times -0.618
power -0.614
oil -0.613
effect -0.613
points -0.613
because -0.613
join -0.609
apply -0.608
since -0.606
pure -0.604
sports -0.604
pop -0.604
terrible -0.601
wait -0.601
tend -0.598
deny -0.597
hole -0.596
far -0.596
at -0.596
thing -0.590
kill -0.590
before -0.589
with -0.585
muslims -0.584
normally -0.584
hi -0.583
advantage -0.583
low -0.580
available -0.578
idea -0.576
ad -0.574
eg -0.574
accurate -0.574
part -0.573
weird -0.573
areas -0.573
may -0.571
freedom -0.571
movies -0.571
tried -0.570
farm -0.568
catch -0.568
century -0.568
cities -0.568
liberal -0.567
dislike -0.567
blown -0.567
voted -0.567
stars -0.567
efficient -0.567
channel -0.567
exercise -0.567
strategy -0.567
so -0.567
fighting -0.563
size -0.555
gaming -0.554
laugh -0.554
groups -0.554
heavy -0.553
mate -0.553
situations -0.553
add -0.553
ill -0.549
daily -0.546
universe -0.546
stuff -0.546
usual -0.544
opening -0.544
imagine -0.539
birth -0.538
vision -0.538
mentioned -0.537
reply -0.536
makes -0.536
coming -0.533
reasons -0.529
loves -0.528
rock -0.527
tons -0.524
dance -0.524
yesterday -0.524
justify -0.524
guide -0.524
anywhere -0.519
lower -0.513
skin -0.512
keep -0.512
reasoning -0.511
omg -0.511
followed -0.511
neither -0.511
miles -0.511
model -0.511
assume -0.508
knows -0.506
no -0.502
obama -0.500
king -0.494
manage -0.493
apple -0.493
loss -0.493
1 -0.492
fund -0.492
bang -0.492
solve -0.492
analysis -0.492
lazy -0.489
overall -0.489
comfortable -0.489
paper -0.488
system -0.488
vote -0.488
new -0.486
big -0.486
charge -0.486
5 -0.485
tech -0.480
shoes -0.480
episode -0.479
camp -0.475
examples -0.475
unlike -0.475
united -0.475
language -0.473
rates -0.472
sort -0.471
as -0.469
last -0.467
youre -0.464
quick -0.463
35 -0.461
noticed -0.460
properly -0.460
south -0.460
answer -0.459
de -0.457
charged -0.457
hitler -0.457
understand -0.457
term -0.450
attacks -0.449
text -0.447
mind -0.443
burn -0.443
focus -0.442
fingers -0.441
confirmed -0.441
isis -0.441
depth -0.441
limit -0.441
edge -0.441
fire -0.440
interested -0.440
reading -0.440
app -0.438
attempt -0.436
voice -0.433
3 -0.431
lines -0.430
piss -0.429
escape -0.429
addition -0.427
plastic -0.427
page -0.425
theory -0.424
shitty -0.422
been -0.421
users -0.419
show -0.417
useless -0.415
throwing -0.415
puts -0.415
french -0.415
watching -0.413
weapons -0.410
holding -0.407
welcome -0.407
regardless -0.406
normal -0.406
thousand -0.405
fish -0.405
chance -0.405
produce -0.405
display -0.405
gross -0.405
articles -0.405
starting -0.402
argue -0.401
80 -0.401
thread -0.400
fight -0.399
position -0.398
doing -0.398
picked -0.396
hopefully -0.396
conversation -0.393
internal -0.392
sales -0.392
sorts -0.392
significantly -0.392
break -0.390
standard -0.387
street -0.386
amp -0.386
about -0.383
particularly -0.382
alcohol -0.382
critical -0.380
usually -0.379
simple -0.378
club -0.376
gives -0.374
shape -0.371
discussion -0.370
gotten -0.368
general -0.366
confused -0.366
ice -0.366
60 -0.366
awful -0.366
rather -0.363
absolutely -0.363
scientific -0.363
voting -0.363
sir -0.363
what -0.358
site -0.358
statement -0.358
credit -0.356
meat -0.356
currency -0.354
defensive -0.354
hurts -0.354
surprise -0.354
views -0.354
powers -0.354
positive -0.351
practice -0.351
real -0.350
opinions -0.350
wars -0.350
significant -0.350
thinks -0.348
cost -0.348
completely -0.347
honest -0.346
happening -0.346
alone -0.345
pack -0.344
destroy -0.343
perform -0.343
yelling -0.343
consider -0.339
costs -0.335
button -0.335
harm -0.335
development -0.331
successful -0.327
chest -0.327
international -0.327
2000 -0.327
guys -0.326
weeks -0.324
staff -0.321
healthy -0.318
numbers -0.316
regarding -0.316
self -0.313
religious -0.313
aside -0.311
car -0.309
following -0.307
changing -0.307
whatever -0.305
burning -0.304
central -0.304
tips -0.304
paint -0.304
metal -0.304
afterwards -0.304
nights -0.304
rid -0.304
classes -0.303
nfl -0.303
lucky -0.300
therefore -0.297
opposite -0.297
2nd -0.296
trick -0.296
pushed -0.296
vehicle -0.296
buddy -0.296
calm -0.296
island -0.296
primary -0.296
murder -0.296
church -0.295
na -0.293
dr -0.290
horrible -0.286
basic -0.285
cheese -0.285
mark -0.285
compare -0.285
hearing -0.285
dark -0.283
content -0.280
ability -0.280
bike -0.280
hadnt -0.280
23 -0.280
proper -0.280
member -0.280
ignore -0.276
file -0.273
smart -0.270
dropped -0.266
100 -0.265
degree -0.264
showing -0.262
recommend -0.262
technology -0.261
attack -0.259
including -0.256
research -0.256
congress -0.256
familiar -0.256
drawing -0.256
advanced -0.256
pussy -0.256
cap -0.256
concern -0.256
forgotten -0.256
park -0.256
finished -0.256
kinds -0.256
difficult -0.256
paying -0.255
c -0.250
incredible -0.250
literally -0.250
in -0.249
having -0.247
country -0.246
islam -0.246
offensive -0.246
suck -0.243
physically -0.243
extreme -0.243
will -0.241
idiot -0.240
huge -0.239
stock -0.237
effective -0.235
battle -0.235
released -0.235
america -0.235
situation -0.235
events -0.233
summer -0.231
according -0.231
weapon -0.231
shoot -0.231
memory -0.231
line -0.231
problem -0.231
willing -0.229
getting -0.229
cold -0.229
particular -0.228
where -0.224
such -0.221
until -0.218
short -0.213
boat -0.209
russian -0.209
factors -0.209
lord -0.206
falling -0.202
wondering -0.202
besides -0.200
concerned -0.200
waste -0.200
hide -0.200
flying -0.200
responsible -0.200
hair -0.200
english -0.200
china -0.199
born -0.199
causes -0.199
youtube -0.199
hits -0.199
cover -0.198
count -0.198
target -0.198
done -0.196
character -0.192
side -0.188
week -0.187
right -0.185
expect -0.183
hey -0.179
type -0.175
characters -0.175
modern -0.171
everybody -0.169
american -0.169
miss -0.167
matter -0.167
person -0.165
double -0.165
spot -0.164
jump -0.164
canada -0.164
got -0.164
via -0.163
gain -0.163
shame -0.163
roughly -0.163
leaves -0.162
explained -0.162
2015 -0.162
minds -0.162
cross -0.162
sun -0.162
unique -0.162
accident -0.162
prior -0.162
receive -0.162
ship -0.162
introduced -0.162
allows -0.162
federal -0.161
draft -0.161
chose -0.161
leave -0.158
under -0.152
6 -0.152
fear -0.148
again -0.147
them -0.143
incredibly -0.142
sucks -0.133
minute -0.132
work -0.130
board -0.128
relatively -0.128
contract -0.128
everywhere -0.127
somewhat -0.127
dangerous -0.127
key -0.125
every -0.125
nation -0.124
email -0.124
fucks -0.120
sky -0.120
feeling -0.120
apparently -0.120
crowd -0.119
nearly -0.118
multiple -0.118
laughing -0.118
jews -0.118
save -0.116
worry -0.116
shes -0.112
gear -0.111
quickly -0.110
harder -0.109
basically -0.108
friend -0.107
hard -0.098
early -0.098
secret -0.097
specifically -0.094
small -0.093
view -0.093
prevent -0.092
improve -0.092
others -0.091
random -0.091
enjoy -0.090
insane -0.089
magic -0.089
7 -0.088
negative -0.088
speed -0.088
place -0.086
roll -0.086
extremely -0.086
cast -0.083
sound -0.083
shown -0.080
active -0.080
weekend -0.080
giant -0.080
attractive -0.080
results -0.080
generally -0.078
ones -0.078
enough -0.078
capable -0.077
treat -0.074
press -0.074
instantly -0.074
shop -0.074
lawyer -0.074
organization -0.074
request -0.074
rise -0.074
falls -0.074
ya -0.071
listen -0.070
change -0.067
driving -0.067
90 -0.064
false -0.064
amount -0.062
failure -0.061
scale -0.061
rare -0.061
your -0.059
single -0.056
politics -0.053
respect -0.047
worse -0.045
program -0.044
killed -0.042
course -0.041
fired -0.041
amounts -0.041
seat -0.041
drama -0.041
israel -0.041
period -0.040
dead -0.040
media -0.039
production -0.036
ignorant -0.036
girls -0.035
drop -0.032
interests -0.031
circlejerk -0.031
favor -0.031
mods -0.030
couple -0.026
access -0.026
high -0.024
logic -0.023
13 -0.023
solid -0.023
value -0.022
pull -0.019
race -0.019
equal -0.018
social -0.017
tell -0.017
comments -0.017
obviously -0.017
impossible -0.014
range -0.014
eat -0.014
adult -0.013
distance -0.013
breaking -0.013
nature -0.009
obvious -0.009
worlds -0.008
gti -0.008
attention -0.005
ridiculous -0.005
common -0.003
hang -0.002
500 -0.002
strange -0.002
career 0.000
remove 0.000
finding 0.000
two 0.002
explain 0.003
existence 0.004
western 0.004
youll 0.005
spending 0.005
theyre 0.009
industry 0.011
brand 0.011
dick 0.011
waiting 0.011
condition 0.011
thin 0.011
explaining 0.011
dinner 0.011
anyone 0.013
almost 0.014
held 0.016
tank 0.016
sign 0.021
call 0.022
clearly 0.023
economy 0.023
drugs 0.026
school 0.028
yourself 0.029
effects 0.029
trash 0.029
total 0.034
hand 0.035
looked 0.035
stone 0.036
keeping 0.038
40 0.039
phone 0.043
student 0.044
record 0.044
killing 0.045
seriously 0.048
bullshit 0.049
difference 0.050
status 0.050
50 0.052
guard 0.052
45 0.052
believe 0.053
offer 0.056
plan 0.057
gas 0.058
beautiful 0.062
fat 0.064
porn 0.065
brain 0.067
carry 0.068
security 0.069
excuse 0.069
made 0.071
bring 0.072
pay 0.072
glass 0.073
saving 0.073
band 0.073
ex 0.073
tomorrow 0.073
hundreds 0.073
drug 0.074
fully 0.074
terms 0.076
computer 0.076
dumb 0.077
shut 0.078
forward 0.078
becomes 0.080
context 0.080
2014 0.082
changes 0.083
block 0.084
skills 0.087
16 0.087
fact 0.092
background 0.092
younger 0.092
worried 0.092
2013 0.092
property 0.092
wide 0.092
involved 0.092
shit 0.093
understanding 0.096
put 0.097
strong 0.100
quote 0.101
physical 0.102
long 0.104
late 0.106
speak 0.106
books 0.106
both 0.106
track 0.109
dollar 0.109
environment 0.109
20 0.110
developed 0.110
folks 0.110
clear 0.111
male 0.112
feels 0.113
sad 0.116
expensive 0.116
built 0.117
visit 0.120
monster 0.120
pick 0.122
green 0.124
wearing 0.124
4 0.124
role 0.126
illegal 0.126
e 0.126
videos 0.126
hell 0.128
internet 0.130
wind 0.132
feminist 0.132
phase 0.132
greater 0.132
growth 0.132
load 0.136
find 0.136
learned 0.137
list 0.137
bar 0.138
deserve 0.138
thoughts 0.141
claims 0.141
direct 0.141
between 0.142
thinking 0.142
hours 0.142
broken 0.144
bottom 0.146
partner 0.146
planet 0.146
engine 0.150
behind 0.151
possible 0.154
somehow 0.156
wall 0.158
failed 0.160
tells 0.160
powerful 0.160
guns 0.160
education 0.161
population 0.161
word 0.165
12 0.166
west 0.170
image 0.170
quit 0.170
supply 0.170
paid 0.171
book 0.171
lie 0.172
drink 0.178
dream 0.182
bag 0.182
wanting 0.182
center 0.182
civil 0.182
parties 0.182
becoming 0.184
faith 0.184
making 0.192
whose 0.194
names 0.194
closer 0.194
blame 0.195
sitting 0.195
several 0.197
seemed 0.197
ready 0.199
very 0.200
per 0.200
going 0.202
11 0.203
reach 0.203
war 0.206
dirty 0.208
brady 0.208
problems 0.208
give 0.210
round 0.213
return 0.214
policy 0.214
hasnt 0.214
driver 0.217
else 0.220
purpose 0.222
legs 0.223
sources 0.223
ground 0.224
anyways 0.225
hed 0.225
most 0.228
previous 0.230
someones 0.230
brothers 0.230
realized 0.232
ran 0.232
control 0.232
whether 0.233
often 0.234
dating 0.234
resources 0.238
cry 0.238
aint 0.238
large 0.238
spent 0.239
fast 0.239
figure 0.240
europe 0.241
data 0.241
date 0.241
was 0.244
group 0.245
cultural 0.245
tea 0.245
larger 0.245
lady 0.245
speaking 0.245
somebody 0.245
religion 0.249
popular 0.249
anymore 0.249
aware 0.250
major 0.250
realize 0.252
hate 0.253
stannis 0.255
popularity 0.255
2007 0.255
tie 0.255
combo 0.255
acting 0.257
boss 0.257
lying 0.257
goes 0.258
across 0.258
cut 0.258
ahead 0.260
regular 0.260
things 0.261
out 0.264
lead 0.265
owner 0.265
reasonable 0.265
strength 0.265
silly 0.265
windows 0.266
highly 0.270
follow 0.272
truth 0.275
share 0.275
needed 0.275
slightly 0.276
crime 0.277
turned 0.281
figured 0.281
smoke 0.281
chicken 0.281
trip 0.281
schools 0.285
regret 0.285
solution 0.285
liked 0.289
greatest 0.289
experience 0.293
stage 0.294
pictures 0.294
hospital 0.294
sick 0.299
write 0.300
age 0.302
gods 0.303
cop 0.303
mr 0.303
start 0.304
sometimes 0.306
b 0.307
peace 0.307
above 0.308
woods 0.309
warriors 0.309
ethics 0.309
consensus 0.309
defending 0.309
spaces 0.309
ol 0.309
collect 0.309
older 0.310
10 0.310
newegg 0.314
impressive 0.314
happy 0.315
law 0.315
behavior 0.315
gun 0.317
actively 0.317
european 0.318
info 0.318
ideas 0.318
christian 0.318
essentially 0.320
complex 0.320
core 0.320
meaning 0.320
needs 0.322
actual 0.323
apart 0.327
political 0.327
accept 0.331
directly 0.331
seeing 0.334
raise 0.334
given 0.334
throughout 0.335
president 0.337
rest 0.340
judge 0.343
moving 0.343
moment 0.346
girlfriend 0.346
health 0.348
company 0.350
reaction 0.351
convinced 0.351
typically 0.352
yours 0.352
while 0.353
area 0.354
beer 0.355
wanted 0.355
inside 0.360
spring 0.366
certified 0.366
genre 0.366
discrimination 0.366
marks 0.366
dentist 0.366
ps 0.366
filthy 0.366
economic 0.366
pm 0.366
sweet 0.366
800 0.367
wheel 0.367
challenger 0.367
legitimately 0.367
diamond 0.367
london 0.367
medium 0.367
truck 0.368
matters 0.368
direction 0.368
injury 0.369
suspect 0.369
31 0.369
tests 0.369
second 0.372
decide 0.372
lived 0.372
private 0.372
full 0.377
people 0.377
wish 0.380
nothing 0.381
tiny 0.383
evidence 0.386
each 0.386
air 0.386
news 0.386
switch 0.387
offered 0.387
smaller 0.387
fix 0.392
art 0.396
admit 0.397
knowledge 0.398
provide 0.400
turn 0.401
court 0.409
face 0.411
husband 0.411
reality 0.413
helped 0.413
decisions 0.415
easier 0.416
gtthe 0.421
anybody 0.421
atm 0.422
quarter 0.422
balanced 0.422
whereas 0.422
identical 0.422
artist 0.422
grind 0.422
supports 0.422
st 0.423
defeat 0.423
horror 0.423
grey 0.423
ben 0.423
skilled 0.423
raw 0.423
fee 0.423
hmm 0.423
usage 0.423
expected 0.423
red 0.424
rings 0.425
apparent 0.425
legend 0.425
river 0.425
walker 0.425
combine 0.425
gut 0.425
backup 0.425
grill 0.425
pun 0.425
manipulation 0.425
joint 0.425
yay 0.425
jealous 0.425
adds 0.425
resolution 0.425
possession 0.425
bothered 0.425
clubs 0.425
create 0.426
once 0.427
opportunity 0.428
help 0.428
youve 0.429
uncomfortable 0.434
pants 0.434
ass 0.436
turns 0.436
drinking 0.438
giving 0.440
benefit 0.441
agreed 0.441
around 0.446
clothes 0.446
website 0.446
alright 0.446
box 0.451
decision 0.451
perfectly 0.454
story 0.454
business 0.457
picture 0.457
safety 0.458
which 0.458
nobody 0.463
entirely 0.463
black 0.468
brother 0.469
feet 0.470
everyone 0.471
etc 0.472
closely 0.473
delete 0.473
advance 0.473
today 0.473
market 0.473
ended 0.473
youd 0.473
northern 0.474
vehicles 0.474
coin 0.474
buff 0.474
due 0.475
created 0.475
strike 0.477
eastern 0.477
methods 0.477
faker 0.477
meaningful 0.477
lb 0.477
soviet 0.477
detail 0.477
creep 0.481
fox 0.481
sauce 0.481
seeds 0.481
whine 0.481
fitting 0.481
answering 0.481
define 0.481
filter 0.481
arbitrary 0.481
applying 0.481
die 0.481
update 0.482
15 0.482
make 0.484
intend 0.486
thatll 0.486
poll 0.486
winterfell 0.486
lab 0.486
styles 0.486
desperately 0.486
reviewed 0.486
retirement 0.486
lacking 0.486
visiting 0.486
studio 0.486
heck 0.486
ich 0.486
removal 0.486
lighting 0.486
flies 0.486
rockets 0.486
loser 0.486
seconds 0.487
blind 0.487
fixed 0.487
nor 0.488
college 0.492
grow 0.493
caused 0.497
fly 0.497
evil 0.499
money 0.500
lots 0.501
effort 0.501
worst 0.502
being 0.506
stand 0.507
abuse 0.507
culture 0.509
millions 0.510
increase 0.510
by 0.514
water 0.515
constantly 0.515
claim 0.515
learning 0.518
sentence 0.518
individual 0.518
music 0.518
known 0.518
information 0.519
hot 0.519
turning 0.519
pulled 0.521
twist 0.521
dust 0.521
flow 0.521
pokemon 0.521
walk 0.521
painting 0.524
arrest 0.524
abusing 0.524
solely 0.524
log 0.524
needing 0.524
epic 0.524
supreme 0.524
files 0.524
wed 0.528
guessing 0.528
mouse 0.528
impression 0.528
additionally 0.528
counts 0.528
journalism 0.528
screwed 0.528
average 0.529
four 0.531
dragons 0.534
doom 0.534
fits 0.534
t 0.534
arabia 0.534
loot 0.534
chicago 0.534
discounts 0.534
realise 0.534
punches 0.534
islamic 0.534
public 0.537
talked 0.537
success 0.537
proud 0.537
machine 0.538
grew 0.538
stick 0.538
prize 0.541
adam 0.541
fundamental 0.541
towns 0.541
actors 0.541
verify 0.541
labeled 0.541
inevitable 0.541
journal 0.541
zones 0.541
5000 0.541
flags 0.541
sing 0.541
controls 0.541
forum 0.541
gtx 0.541
bare 0.541
accent 0.541
wolves 0.551
typeitemprice 0.551
tested 0.551
monthly 0.551
pcpartpickerhttppcpartpickercom 0.551
custom 0.551
romance 0.551
aka 0.551
oppose 0.551
promises 0.551
insulting 0.551
punished 0.551
covers 0.551
boundaries 0.551
streaming 0.551
destination 0.551
pcpartpicker 0.551
copies 0.551
panel 0.551
widespread 0.551
cherry 0.551
systems 0.551
survive 0.551
learn 0.552
fuck 0.553
class 0.557
straight 0.562
pass 0.564
ending 0.565
bitch 0.565
former 0.567
written 0.567
americans 0.567
nations 0.568
wolf 0.568
auto 0.568
hates 0.568
massive 0.571
invested 0.572
bs 0.572
ghost 0.572
smith 0.572
dungeons 0.572
italy 0.572
when 0.574
after 0.574
server 0.575
whos 0.576
majority 0.576
few 0.578
conscious 0.578
quest 0.578
religions 0.578
passive 0.578
trial 0.578
talented 0.578
setup 0.578
shopping 0.578
partially 0.578
liquid 0.578
flight 0.578
scene 0.582
animal 0.582
wave 0.582
gym 0.582
table 0.583
standing 0.584
150 0.584
um 0.584
dungeon 0.584
flowers 0.584
destruction 0.584
subjective 0.584
flavor 0.584
rep 0.584
empathy 0.584
knees 0.584
field 0.590
bill 0.592
organized 0.593
pigs 0.593
co 0.593
digging 0.593
sends 0.593
sticks 0.593
shoulders 0.593
crew 0.593
principle 0.593
coast 0.593
favour 0.593
worrying 0.593
alot 0.593
3d 0.593
optional 0.593
slight 0.593
glory 0.593
boxes 0.593
56 0.593
revenue 0.593
rising 0.593
sue 0.593
sucking 0.593
suspicious 0.593
gets 0.596
tough 0.596
history 0.600
jobs 0.600
minimum 0.601
front 0.602
number 0.603
ends 0.604
ten 0.604
service 0.604
survivors 0.604
survival 0.604
maintaining 0.604
ironically 0.604
occasional 0.604
reform 0.604
2005 0.604
robin 0.604
bc 0.604
rick 0.604
snake 0.604
mechanical 0.604
documentary 0.604
bearing 0.604
advertising 0.604
scores 0.604
norway 0.604
florida 0.604
torn 0.604
replacing 0.604
combination 0.604
horde 0.604
proceeded 0.604
targets 0.604
nsa 0.604
visited 0.604
automatic 0.604
craft 0.604
misleading 0.604
stroke 0.604
polish 0.604
risky 0.604
stones 0.604
fries 0.604
democrats 0.604
closet 0.604
mutual 0.604
twice 0.611
comics 0.613
subs 0.613
shocked 0.613
witcher 0.613
granted 0.613
melee 0.613
foot 0.613
couldnt 0.613
further 0.615
werent 0.618
stretch 0.618
bird 0.618
theme 0.618
terribly 0.618
nonsense 0.618
shits 0.618
boston 0.619
menu 0.619
tune 0.619
mirrors 0.619
immune 0.619
writer 0.619
meth 0.619
studying 0.619
officially 0.619
responding 0.619
wheels 0.619
bucket 0.619
judged 0.619
hardcore 0.619
skinny 0.619
bud 0.619
ray 0.619
resist 0.619
incapable 0.619
stacks 0.619
peer 0.619
chocolate 0.619
ironic 0.619
towel 0.619
highschool 0.619
dual 0.619
doctor 0.619
taught 0.619
issues 0.623
elsewhere 0.625
30 0.626
among 0.627
peoples 0.627
another 0.627
touched 0.633
expression 0.633
enable 0.633
blows 0.633
guilt 0.633
applies 0.633
furthermore 0.633
wings 0.633
strikes 0.633
response 0.634
14 0.634
code 0.636
worked 0.637
25 0.639
cops 0.642
reminded 0.643
drill 0.643
kiss 0.643
delivery 0.643
affected 0.643
bans 0.643
royal 0.643
clothing 0.643
toys 0.643
route 0.643
curry 0.643
lean 0.643
cats 0.644
meet 0.644
baby 0.644
minutes 0.645
teach 0.648
barely 0.648
he 0.650
window 0.654
cigarettes 0.655
proves 0.655
temple 0.655
transmission 0.655
bent 0.655
bat 0.655
involving 0.655
avoided 0.655
external 0.655
nowadays 0.655
criticize 0.655
gtthis 0.655
premium 0.655
weigh 0.655
upgraded 0.655
fracking 0.655
ashamed 0.655
quo 0.655
throat 0.655
selection 0.655
attempting 0.655
returning 0.655
entertaining 0.655
wound 0.655
bands 0.655
burns 0.655
chapter 0.655
iphone 0.655
irrational 0.655
drives 0.655
hip 0.655
recording 0.655
jumps 0.655
intentional 0.655
crack 0.657
lovely 0.657
businesses 0.657
exclusive 0.657
csgo 0.657
base 0.659
living 0.661
intel 0.663
obesity 0.663
rational 0.663
warrior 0.663
profile 0.663
twitch 0.663
kicking 0.663
embarrassing 0.663
bayern 0.663
called 0.663
come 0.663
days 0.664
exact 0.665
perhaps 0.665
push 0.667
theyve 0.667
final 0.667
leaving 0.667
space 0.667
took 0.669
opponents 0.670
pirate 0.670
waves 0.670
indian 0.670
blast 0.670
vault 0.670
skip 0.670
arts 0.670
cents 0.670
stable 0.670
bacon 0.670
rolled 0.670
shouting 0.670
k 0.670
resulted 0.670
operations 0.670
october 0.670
ncix 0.670
representative 0.670
bf 0.670
wikipedia 0.670
spain 0.670
tickets 0.670
adopt 0.670
dammit 0.670
scored 0.670
permanently 0.670
cab 0.670
chin 0.670
fence 0.670
scheme 0.670
outright 0.670
crossed 0.670
princess 0.670
gray 0.670
capture 0.670
courts 0.670
murray 0.670
avoiding 0.670
reviews 0.670
pitch 0.670
voices 0.670
secondary 0.670
ireland 0.670
frank 0.670
accessible 0.670
monkeys 0.670
asses 0.670
armed 0.670
64 0.670
scientist 0.670
attend 0.670
letting 0.674
time 0.674
take 0.674
plot 0.677
force 0.677
hour 0.677
open 0.678
itself 0.678
trauma 0.679
schedule 0.679
rejected 0.679
shiny 0.679
unnecessary 0.679
affects 0.679
periods 0.679
funds 0.679
herself 0.682
light 0.686
truly 0.689
note 0.689
concepts 0.690
channels 0.690
memorial 0.690
rushing 0.690
divided 0.690
merit 0.690
homophobic 0.690
testament 0.690
unrealistic 0.690
dependent 0.690
expressed 0.690
gathered 0.690
registered 0.690
tossed 0.690
womans 0.690
rated 0.690
blamed 0.690
halo 0.690
fruit 0.690
collective 0.690
pushes 0.690
lit 0.690
locals 0.690
lips 0.690
lasts 0.690
gm 0.690
spotted 0.690
payments 0.690
ward 0.690
brock 0.690
touching 0.690
satisfying 0.690
comprehend 0.690
mystery 0.690
prophet 0.690
invite 0.690
38 0.690
improvements 0.690
inferior 0.690
supportive 0.690
rumor 0.690
drown 0.690
speaks 0.690
62 0.690
slaughter 0.690
sufficient 0.690
throws 0.690
nailed 0.690
condoms 0.690
skeptical 0.690
infection 0.690
breeding 0.690
poor 0.690
settle 0.690
teen 0.690
worthless 0.690
imply 0.690
motorcycle 0.690
2010 0.690
cage 0.690
hire 0.690
august 0.690
baltimore 0.690
crashed 0.690
championship 0.690
luckily 0.690
extension 0.690
dollars 0.698
weight 0.698
bomb 0.699
australia 0.699
grand 0.699
fathers 0.699
root 0.699
playoffs 0.699
arguing 0.699
motherboard 0.699
ever 0.701
issue 0.701
tears 0.703
professional 0.703
conditions 0.703
rewards 0.703
stays 0.703
remembered 0.703
yards 0.703
tastes 0.703
weekly 0.703
register 0.703
jet 0.703
demons 0.703
improvement 0.703
switched 0.703
document 0.703
packs 0.703
grant 0.703
artists 0.703
mins 0.703
builds 0.703
coal 0.703
socially 0.703
carefully 0.703
petty 0.703
legends 0.703
thoroughly 0.703
faced 0.703
dank 0.703
noted 0.703
candidates 0.703
punch 0.706
statistics 0.706
capitalism 0.706
realistic 0.706
determine 0.706
siblings 0.706
bunch 0.706
workers 0.706
caught 0.709
knew 0.710
eventually 0.711
happened 0.713
hands 0.714
training 0.714
national 0.714
design 0.714
drawn 0.714
graduated 0.714
upper 0.714
surrounded 0.714
meme 0.714
dated 0.714
n 0.714
disaster 0.720
palestinians 0.720
accomplished 0.720
shorter 0.720
korean 0.720
consciousness 0.720
preferred 0.720
tesla 0.720
curse 0.720
promotion 0.720
gaining 0.720
inspired 0.720
smells 0.720
utility 0.720
height 0.720
corporation 0.720
practical 0.720
purchases 0.720
29 0.720
timing 0.720
longterm 0.720
lesser 0.720
charlie 0.720
ron 0.720
requirements 0.720
explicitly 0.720
senator 0.720
promote 0.720
relate 0.720
reduction 0.720
frozen 0.720
advocate 0.720
sin 0.720
priority 0.720
pleased 0.720
boot 0.720
brush 0.720
city 0.721
criticism 0.724
tournament 0.724
abortion 0.724
beach 0.724
versus 0.724
wasted 0.724
closest 0.724
leveling 0.724
holds 0.724
la 0.724
behaviour 0.724
dealt 0.724
process 0.725
report 0.728
fucked 0.732
cup 0.732
pressure 0.734
clean 0.734
8gb 0.736
melt 0.736
pics 0.736
legendary 0.736
painful 0.736
saves 0.736
shout 0.736
southern 0.736
dirt 0.736
maintenance 0.736
beats 0.736
initial 0.736
overly 0.736
difficulty 0.736
frustrating 0.736
sexy 0.736
ships 0.736
angle 0.736
fault 0.737
ford 0.739
stopped 0.739
own 0.740
elections 0.740
errors 0.740
household 0.740
olds 0.740
childs 0.740
entering 0.740
3000 0.740
ta 0.740
awake 0.740
pressed 0.740
sounding 0.740
manipulate 0.740
viewed 0.740
pills 0.740
overnight 0.740
cookies 0.740
shine 0.740
120 0.740
ours 0.740
guests 0.740
patience 0.740
custody 0.740
mop 0.740
gtyou 0.740
cure 0.740
peanut 0.740
36 0.740
newly 0.740
toe 0.740
wrapped 0.740
confusion 0.740
casting 0.740
bacteria 0.740
bizarre 0.740
association 0.740
sticking 0.740
alike 0.740
trap 0.740
over 0.740
mistake 0.741
however 0.741
local 0.746
union 0.747
committed 0.747
alien 0.747
conference 0.747
row 0.747
handled 0.747
months 0.748
working 0.748
event 0.749
pregnancy 0.750
models 0.750
dare 0.750
length 0.750
gained 0.750
lately 0.750
professionals 0.750
referred 0.750
deciding 0.750
bears 0.750
desperate 0.750
hunger 0.750
neat 0.750
butter 0.750
awhile 0.750
chemical 0.750
refers 0.750
announced 0.750
taco 0.750
corrupt 0.750
devs 0.750
reveal 0.750
peaceful 0.750
daughters 0.750
bitches 0.750
eating 0.751
town 0.753
thousands 0.753
engage 0.756
smash 0.756
dozens 0.756
clue 0.756
hired 0.756
intentions 0.756
hook 0.756
reliable 0.756
reduced 0.756
responses 0.756
mod 0.762
felt 0.764
alive 0.764
idle 0.766
vet 0.766
ineffective 0.766
hiring 0.766
emotion 0.766
stuffed 0.766
smiling 0.766
formal 0.766
cunts 0.766
lawsuit 0.766
blatant 0.766
sarah 0.766
campaigns 0.766
compensation 0.766
fortunately 0.766
protests 0.766
mild 0.766
lacks 0.766
ft 0.766
probability 0.766
translation 0.766
alongside 0.766
segregation 0.766
immoral 0.766
battles 0.766
spells 0.766
observation 0.766
fork 0.766
remote 0.766
bible 0.766
paragraph 0.766
aged 0.766
sexuality 0.766
hoped 0.766
accidents 0.766
selected 0.766
settled 0.766
mo 0.766
mildly 0.766
51 0.766
yall 0.766
drastically 0.766
reduces 0.766
achieved 0.766
homework 0.766
theon 0.766
temp 0.766
grandparents 0.767
studied 0.767
flipped 0.767
anti 0.767
reactions 0.767
scratch 0.767
consideration 0.767
glasses 0.767
destiny 0.767
pistol 0.767
outlets 0.767
blanket 0.767
luxury 0.767
ego 0.767
technical 0.767
centuries 0.767
overseas 0.767
phenomenon 0.767
6th 0.767
dodge 0.767
diversity 0.767
247 0.767
rating 0.767
shoe 0.767
serves 0.767
moderate 0.767
mars 0.767
sharp 0.767
infant 0.767
eggs 0.767
iii 0.767
gravity 0.767
routine 0.767
pic 0.767
hats 0.767
whatsoever 0.767
misery 0.767
witch 0.767
terrifying 0.767
ideal 0.767
connections 0.767
stereotypes 0.767
village 0.767
zombie 0.767
fortunate 0.767
july 0.767
utter 0.767
arguably 0.767
walmart 0.767
asian 0.767
scenarios 0.767
enjoying 0.767
published 0.767
uncommon 0.767
sells 0.767
explore 0.767
volume 0.767
broke 0.767
road 0.768
women 0.769
simply 0.769
many 0.769
marriage 0.770
wrote 0.770
important 0.771
bitcoin 0.774
justice 0.774
fuel 0.774
towards 0.775
okay 0.778
originally 0.779
sacrifice 0.779
measure 0.779
fuckin 0.779
collapse 0.779
wrap 0.779
grandma 0.779
spare 0.779
apples 0.779
discovered 0.779
importance 0.779
updates 0.779
revenge 0.779
examine 0.779
backed 0.779
italian 0.779
savings 0.779
grasp 0.779
unhealthy 0.779
taken 0.786
writing 0.787
stories 0.787
carbon 0.787
joined 0.787
sucked 0.787
marry 0.787
objective 0.787
default 0.787
merely 0.787
bottle 0.787
safer 0.787
sweden 0.787
stores 0.787
jumping 0.787
occasionally 0.787
wrestling 0.787
joy 0.787
reporter 0.787
nicely 0.787
easiest 0.787
applications 0.787
spark 0.787
technologies 0.787
ugh 0.787
virtually 0.787
survey 0.787
inches 0.787
adjusted 0.787
denial 0.787
subjects 0.787
steak 0.787
managers 0.787
import 0.787
monte 0.787
virgin 0.787
regulations 0.787
mage 0.787
paycheck 0.787
42 0.787
sjw 0.787
crucial 0.787
pan 0.787
leaked 0.787
washing 0.787
controlling 0.787
desert 0.787
pie 0.787
disney 0.787
straw 0.787
executed 0.787
shadows 0.787
icon 0.787
shifts 0.787
bout 0.787
measured 0.787
nasa 0.787
g 0.787
grounds 0.787
unclear 0.787
spread 0.790
humans 0.791
natural 0.793
gameplay 0.794
affairs 0.794
dealer 0.794
exit 0.794
chosen 0.794
terminal 0.794
cared 0.794
poop 0.794
americas 0.794
principles 0.794
lyrics 0.794
bags 0.794
creatures 0.794
continuing 0.794
bleeding 0.794
reputation 0.794
cheat 0.794
interact 0.794
russians 0.794
lobby 0.794
relax 0.797
similarly 0.797
proven 0.797
whoever 0.797
boxing 0.797
lift 0.797
captain 0.797
attached 0.797
sunday 0.797
lightning 0.797
favourite 0.797
opportunities 0.797
shipping 0.797
eye 0.799
8 0.800
asked 0.804
choice 0.806
able 0.806
select 0.808
shall 0.808
letters 0.808
practically 0.808
55 0.808
pilot 0.808
sandwich 0.808
spin 0.811
financially 0.811
indicate 0.811
leadership 0.811
monsters 0.811
mindset 0.811
valve 0.811
colts 0.811
thick 0.811
dl 0.811
output 0.811
efficiency 0.811
logged 0.811
pressing 0.811
establish 0.811
instances 0.811
directed 0.811
administration 0.811
forums 0.811
banning 0.811
colors 0.811
beef 0.811
communicate 0.811
rod 0.811
disabled 0.811
gains 0.811
repeatedly 0.811
sit 0.812
later 0.813
immature 0.813
cocaine 0.813
typed 0.813
dinosaurs 0.813
wisdom 0.813
hat 0.813
transgender 0.813
shirts 0.813
tube 0.813
sane 0.813
dragged 0.813
spine 0.813
stepping 0.813
involves 0.813
practicing 0.813
bend 0.813
fundamentally 0.813
fuckers 0.813
gays 0.813
principal 0.813
trials 0.813
browsing 0.813
hills 0.813
statistical 0.813
mustang 0.813
delivered 0.813
disclosure 0.813
secretly 0.813
revealed 0.813
lasted 0.813
disability 0.813
govt 0.813
dense 0.813
intellectual 0.813
hillary 0.813
gathering 0.813
seal 0.813
outdoor 0.813
wifes 0.813
extensive 0.813
spreading 0.813
bullied 0.813
responsibilities 0.813
approached 0.813
ruins 0.813
weekends 0.813
visible 0.813
adjust 0.813
asians 0.813
participating 0.813
offices 0.813
camaro 0.813
promoting 0.813
stressful 0.813
plug 0.813
bound 0.813
mortgage 0.813
65 0.813
slice 0.813
tragedy 0.813
exploded 0.813
longest 0.813
grenades 0.813
nazis 0.813
conflicts 0.813
literal 0.813
forget 0.814
various 0.817
achieve 0.817
knife 0.817
bowl 0.817
pr 0.817
speech 0.817
personal 0.818
medical 0.819
coffee 0.819
support 0.819
ups 0.821
square 0.821
opens 0.821
justified 0.821
flaws 0.821
conservatives 0.821
suggested 0.821
infrastructure 0.821
images 0.821
openly 0.821
deliver 0.821
solutions 0.821
attracted 0.821
regard 0.821
delicious 0.821
unknown 0.821
9 0.824
ducks 0.826
emergency 0.826
pace 0.826
cuts 0.826
nightmare 0.826
immediately 0.828
spend 0.831
remind 0.833
commonly 0.833
lawn 0.833
healing 0.833
footage 0.833
oppression 0.833
nsfw 0.833
denied 0.833
acknowledge 0.833
introduce 0.833
remotely 0.833
consumers 0.833
incentive 0.833
describing 0.833
powder 0.833
recognized 0.833
atheism 0.833
disappear 0.833
surprising 0.833
harsh 0.833
lands 0.833
follows 0.833
oral 0.833
organ 0.833
catching 0.833
swing 0.833
officials 0.833
joking 0.833
tactics 0.833
comes 0.833
hanging 0.836
cable 0.836
germans 0.836
conspiracy 0.836
laptop 0.836
developers 0.836
bite 0.836
clock 0.836
transition 0.836
journey 0.836
terrorist 0.836
trapped 0.836
wet 0.836
sized 0.836
todays 0.836
contracts 0.836
burger 0.836
expert 0.836
papers 0.836
freaking 0.836
rats 0.836
semester 0.836
traveling 0.836
outside 0.838
the 0.838
never 0.839
balls 0.844
subject 0.844
uses 0.844
gender 0.844
deep 0.845
dorm 0.846
participate 0.846
irs 0.846
attorney 0.846
furry 0.846
funded 0.846
alley 0.846
inconsistent 0.846
ruled 0.846
rack 0.846
fifteen 0.846
dishes 0.846
ca 0.846
ravens 0.846
generous 0.846
screamed 0.846
edward 0.846
monsanto 0.846
neighborhoods 0.846
observed 0.846
sting 0.846
shaming 0.846
fires 0.846
tooth 0.846
commander 0.846
donating 0.846
struck 0.846
testimony 0.846
nzxt 0.846
database 0.846
genetically 0.846
accountability 0.846
kidney 0.846
skirt 0.846
joins 0.846
rescue 0.846
seattle 0.846
practiced 0.846
jita 0.846
ascend 0.846
biological 0.846
abandon 0.846
masculine 0.846
wildly 0.846
trail 0.846
monopoly 0.846
est 0.846
zach 0.846
mouths 0.846
edit2 0.846
58 0.846
parenting 0.846
obsession 0.846
ltlt 0.846
shops 0.846
nflpa 0.846
poem 0.846
inherent 0.846
needless 0.846
betrayed 0.846
batch 0.846
girlfriends 0.846
onions 0.846
brian 0.846
struggled 0.846
excessive 0.846
below 0.848
matches 0.848
photos 0.848
fusion 0.848
testing 0.848
landing 0.848
fist 0.848
cat 0.849
piece 0.854
updated 0.854
educate 0.854
admins 0.854
putin 0.854
neighbor 0.854
analogy 0.854
sec 0.854
belt 0.854
produced 0.854
metric 0.854
prepare 0.854
eaten 0.854
application 0.854
politicians 0.854
masters 0.854
reaching 0.854
void 0.854
broadcast 0.854
bmi 0.854
whites 0.854
excuses 0.854
ancient 0.854
shouldve 0.854
mayweather 0.854
nails 0.854
friendship 0.854
units 0.854
songs 0.855
criminals 0.855
ugly 0.855
sake 0.855
ages 0.855
claiming 0.855
gta 0.855
handle 0.856
downgrade 0.858
loads 0.858
findings 0.858
mexican 0.858
ruining 0.858
resulting 0.858
pause 0.858
frequency 0.858
compassion 0.858
churches 0.858
satisfied 0.858
launched 0.858
accomplish 0.858
television 0.858
remained 0.858
exposed 0.858
foster 0.858
anal 0.858
velocity 0.858
flesh 0.858
minorities 0.858
buzz 0.858
jeff 0.858
magnitude 0.858
freeze 0.858
misunderstanding 0.858
meets 0.858
protocol 0.858
amazingly 0.858
sticky 0.858
apology 0.858
tacos 0.858
afghanistan 0.858
drain 0.858
accountable 0.858
gangs 0.858
pockets 0.858
beans 0.858
pesticides 0.858
executive 0.858
upside 0.858
lasting 0.858
isolated 0.858
spite 0.858
attempted 0.858
vietnam 0.858
agrees 0.858
inform 0.858
cultures 0.858
alter 0.858
cookie 0.858
pros 0.858
fold 0.858
desired 0.858
holiday 0.858
fishing 0.858
branch 0.858
telling 0.859
checked 0.862
buried 0.862
civilians 0.862
fewer 0.862
aim 0.862
voters 0.862
sooner 0.862
mixed 0.862
tom 0.862
senior 0.862
crush 0.862
whilst 0.862
now 0.862
biggest 0.863
trust 0.863
statements 0.864
consistently 0.864
snow 0.864
woman 0.869
animals 0.870
racist 0.871
tired 0.872
means 0.873
talk 0.874
breakdown 0.875
al 0.875
defined 0.875
absurd 0.875
contest 0.875
elses 0.875
aspect 0.875
joe 0.875
acceptance 0.876
convicted 0.876
gently 0.876
rural 0.876
dildo 0.876
convenient 0.876
complaint 0.876
bitching 0.876
superbiiz 0.876
stance 0.876
salad 0.876
rares 0.876
sample 0.876
movements 0.876
inbox 0.876
deer 0.876
comparing 0.876
unhappy 0.876
scandal 0.876
lame 0.876
48 0.876
category 0.876
counting 0.876
engineer 0.876
pa 0.876
tends 0.876
realised 0.876
sister 0.876
progressive 0.877
mature 0.877
slip 0.877
replacement 0.877
construction 0.877
theirs 0.877
brick 0.877
dates 0.877
fade 0.877
brutal 0.877
technological 0.877
successfully 0.877
slightest 0.877
legitimate 0.877
teammates 0.877
wants 0.880
heart 0.880
came 0.880
middle 0.885
him 0.887
government 0.887
knee 0.887
ur 0.887
2012 0.887
dedicated 0.887
ed 0.887
soda 0.887
react 0.887
farming 0.887
oceans 0.890
tale 0.890
subway 0.890
scope 0.890
rehab 0.890
equipped 0.890
outrage 0.890
engaged 0.890
focusing 0.890
communications 0.890
senate 0.890
experiencing 0.890
eleven 0.890
gladly 0.890
gtin 0.890
beneath 0.890
1998 0.890
figuring 0.890
sixth 0.890
wod 0.890
larry 0.890
hostile 0.890
diagnosis 0.890
secondly 0.890
contained 0.890
doublelift 0.890
twisted 0.890
ma 0.890
downtown 0.890
deposit 0.890
basket 0.890
teller 0.890
bio 0.890
frames 0.890
denying 0.890
horny 0.890
sack 0.890
attract 0.890
pope 0.890
thirty 0.890
donation 0.890
changetip 0.890
quitting 0.890
wifi 0.890
drank 0.890
racing 0.890
shaped 0.890
rainbow 0.890
shoved 0.890
myth 0.890
pocket 0.891
shadow 0.891
crimes 0.891
90s 0.891
fed 0.891
reminds 0.891
_ 0.891
hobby 0.891
understands 0.896
occurred 0.896
uniform 0.896
reddits 0.896
reads 0.896
tongue 0.896
nazi 0.896
tour 0.896
perception 0.896
bully 0.896
factory 0.896
cleared 0.896
itt 0.896
magical 0.896
spends 0.896
patriot 0.896
someday 0.896
clever 0.896
banned 0.897
study 0.898
house 0.898
job 0.898
angry 0.899
chip 0.901
intent 0.901
injured 0.901
pot 0.901
wine 0.901
biased 0.901
nuts 0.901
exciting 0.901
lied 0.901
messed 0.901
abilities 0.901
generations 0.901
professor 0.902
jumped 0.902
defeated 0.902
oxygen 0.902
explosion 0.902
lifting 0.902
unwanted 0.902
sheet 0.902
coworkers 0.902
fortune 0.902
tracks 0.902
yukino 0.902
hydra 0.902
pistols 0.902
protest 0.902
jr 0.902
questioning 0.902
needle 0.902
courage 0.902
upgrades 0.902
jason 0.902
journalist 0.902
baked 0.902
insecure 0.902
mercury 0.902
treats 0.902
stereotype 0.902
minister 0.902
couples 0.902
amongst 0.902
cleaned 0.902
regulated 0.902
nash 0.902
patrol 0.902
ethnic 0.902
intention 0.902
reddit 0.905
white 0.908
twitter 0.912
arrested 0.912
monitor 0.912
queen 0.912
sets 0.912
found 0.912
dog 0.915
pound 0.917
enormous 0.917
chill 0.917
teens 0.917
sight 0.917
removing 0.917
atmosphere 0.917
maximum 0.917
seemingly 0.917
committee 0.917
lawyers 0.917
troops 0.917
motherfucker 0.917
2008 0.917
worship 0.917
fees 0.917
contrary 0.917
smite 0.917
duck 0.917
agency 0.917
hop 0.917
spider 0.917
entry 0.917
suggestions 0.917
solved 0.917
flawed 0.917
abused 0.917
retarded 0.917
2016 0.917
wore 0.917
lap 0.917
latter 0.917
sheer 0.917
peak 0.917
heroin 0.917
territory 0.917
endless 0.917
smoked 0.917
recall 0.917
dorne 0.917
muscles 0.917
breast 0.917
strongest 0.917
completed 0.917
autism 0.917
urban 0.917
nut 0.917
donated 0.917
calories 0.917
discussed 0.917
grandfather 0.917
hotel 0.917
wheres 0.917
forever 0.920
stuck 0.921
arms 0.923
jesus 0.924
basketball 0.925
ai 0.925
signs 0.925
infinite 0.925
command 0.925
medicine 0.925
applied 0.925
polite 0.925
kings 0.925
burned 0.925
75 0.925
inherently 0.925
death 0.926
teacher 0.926
competition 0.926
personality 0.926
potentially 0.926
appearance 0.926
forgive 0.926
wednesday 0.931
commented 0.931
southerners 0.931
worldview 0.931
conner 0.931
sensitivity 0.931
preserve 0.931
guise 0.931
crushing 0.931
sponsor 0.931
prostitutes 0.931
loudly 0.931
marriages 0.931
scan 0.931
backyard 0.931
courses 0.931
egypt 0.931
moderately 0.931
aav 0.931
nasdaq 0.931
collectively 0.931
uploaded 0.931
marrow 0.931
hops 0.931
incompatible 0.931
accounted 0.931
namena 0.931
satisfy 0.931
dispatch 0.931
taxi 0.931
arbitration 0.931
kindly 0.931
creators 0.931
custodial 0.931
pierre 0.931
perk 0.931
encrypted 0.931
palace 0.931
hikki 0.931
transplant 0.931
deployed 0.931
regulation 0.931
dancing 0.931
sink 0.931
julie 0.931
idiotic 0.931
dylan 0.931
unemployment 0.931
addicts 0.931
unfamiliar 0.931
opera 0.931
balon 0.931
supra 0.931
felix 0.931
requested 0.931
systemic 0.931
antibiotics 0.931
violations 0.931
raisins 0.931
quake 0.931
limiting 0.931
qi 0.931
thalamus 0.931
eyelashes 0.931
head 0.932
vg 0.933
rocks 0.933
thargoid 0.933
profession 0.933
teaches 0.933
challenges 0.933
fool 0.933
syria 0.933
tick 0.933
resistant 0.933
contribution 0.933
pissing 0.933
resolve 0.933
environmental 0.933
scorpion 0.933
repeated 0.933
yell 0.933
conduct 0.933
centre 0.933
distinct 0.933
predicted 0.933
researchers 0.933
supposedly 0.933
wished 0.933
frog 0.933
massively 0.936
resource 0.936
trips 0.936
delay 0.936
listened 0.936
extent 0.936
presented 0.936
january 0.936
slide 0.936
shy 0.936
mile 0.936
cups 0.936
sjws 0.936
protecting 0.936
naive 0.936
writers 0.936
expense 0.936
legally 0.936
exploring 0.936
albeit 0.936
raising 0.936
employment 0.936
plans 0.937
eve 0.937
tools 0.937
beating 0.937
upvotes 0.937
burden 0.937
flip 0.937
destroyed 0.937
tool 0.937
republican 0.937
cake 0.937
cooking 0.939
breathing 0.939
mana 0.939
orbit 0.939
annoyed 0.939
pair 0.939
instant 0.939
heal 0.939
tires 0.943
meetings 0.943
harassment 0.943
facility 0.943
assistant 0.943
formed 0.943
richard 0.943
chase 0.943
projects 0.943
purposes 0.943
damaged 0.943
covering 0.943
sheep 0.943
mph 0.943
canadians 0.943
broad 0.943
beaten 0.943
elderly 0.943
daddy 0.943
johnson 0.943
suspended 0.943
strip 0.943
restaurants 0.943
cynical 0.943
complaints 0.943
buildings 0.943
chief 0.943
judgment 0.943
insert 0.943
independence 0.943
rap 0.943
trend 0.943
fap 0.943
division 0.943
consensual 0.943
opposition 0.943
perks 0.943
starts 0.944
feelings 0.944
david 0.948
jack 0.948
ladies 0.948
leader 0.948
lives 0.951
chinese 0.952
everything 0.952
planned 0.955
psychological 0.955
loving 0.955
pages 0.955
irish 0.955
serving 0.955
silent 0.955
anger 0.955
jones 0.955
qatar 0.955
agenda 0.955
economics 0.955
shelter 0.955
crow 0.955
lt 0.955
supported 0.955
guides 0.955
mood 0.955
electric 0.955
stairs 0.955
electricity 0.957
staring 0.957
divorced 0.957
gears 0.957
recorded 0.957
answered 0.957
unexpected 0.957
arrive 0.957
finishing 0.957
mob 0.957
worthy 0.957
raids 0.957
charging 0.957
signing 0.957
lbs 0.957
animation 0.957
relief 0.957
threats 0.957
z 0.957
happier 0.957
relationship 0.958
score 0.961
minor 0.961
sea 0.961
lowest 0.961
grows 0.961
dropping 0.961
existed 0.961
believing 0.961
rocket 0.961
rights 0.964
from 0.964
cannot 0.968
community 0.969
science 0.969
john 0.969
zero 0.969
office 0.970
suit 0.972
challenge 0.972
steel 0.972
manner 0.972
cuz 0.972
radio 0.972
magically 0.972
adapt 0.972
rl 0.972
raises 0.972
badge 0.972
oregon 0.972
ripping 0.972
realization 0.972
caroline 0.972
residency 0.972
noom 0.972
meals 0.972
propose 0.972
feces 0.972
slit 0.972
gallons 0.972
amtrak 0.972
juan 0.972
recover 0.972
screetch 0.972
authors 0.972
koala 0.972
partly 0.972
shelters 0.972
lelouchs 0.972
peterson 0.972
transit 0.972
watashi 0.972
pcs 0.972
lair 0.972
towels 0.972
intellect 0.972
hulu 0.972
turd 0.972
punched 0.972
deflated 0.972
provider 0.972
ufos 0.972
senses 0.972
speeding 0.972
mattress 0.972
consequence 0.972
mock 0.972
layer 0.972
banging 0.972
ruling 0.972
wheelchair 0.974
smarter 0.974
unsafe 0.974
rapidly 0.974
mechanism 0.974
nerves 0.974
chef 0.974
thursday 0.974
palestinian 0.974
approximately 0.974
compromise 0.974
alcoholism 0.974
materials 0.974
creation 0.974
fears 0.974
overwhelming 0.974
commission 0.974
deaf 0.974
jupiter 0.974
islands 0.974
pat 0.974
assets 0.974
proposal 0.974
chronic 0.974
scissors 0.974
pyramid 0.974
representation 0.974
yui 0.974
subsequent 0.974
swords 0.974
proceed 0.974
guest 0.974
refuses 0.974
ideological 0.974
democratic 0.974
films 0.974
laying 0.974
failing 0.974
trans 0.974
bash 0.974
boost 0.974
ignorance 0.974
council 0.974
airport 0.974
judgement 0.974
climb 0.974
ny 0.974
ms 0.974
saturday 0.974
treating 0.974
stealing 0.976
sand 0.976
surely 0.976
pays 0.976
bastard 0.976
operate 0.976
mail 0.976
feeding 0.976
breathe 0.976
hunt 0.976
moms 0.976
developer 0.976
traditional 0.976
determined 0.976
loses 0.976
calling 0.976
safe 0.978
addicted 0.983
lessons 0.983
bits 0.983
newspaper 0.983
buddies 0.983
robot 0.983
anonymous 0.983
shares 0.983
incidents 0.983
aol 0.983
radical 0.983
increasingly 0.983
lungs 0.983
roof 0.983
loaded 0.983
summary 0.983
topics 0.983
liar 0.983
spell 0.983
owning 0.983
bees 0.983
clutch 0.983
nicotine 0.983
sisters 0.984
reached 0.984
laid 0.984
grades 0.984
reward 0.984
os 0.984
mission 0.984
hold 0.987
old 0.989
beyond 0.990
sent 0.990
rape 0.991
mental 0.991
were 0.991
fall 0.991
devices 0.992
graduate 0.992
tail 0.992
smooth 0.992
aunt 0.992
independent 0.992
confusing 0.992
nine 0.992
ear 0.992
extended 0.992
mirror 0.992
pee 0.992
latest 0.992
third 0.994
99 0.995
wins 0.995
placed 0.995
copy 0.995
flag 0.995
album 0.995
consistent 0.995
muhammad 0.996
browser 0.996
theater 0.996
anytime 0.996
physics 0.996
tuesday 0.996
stability 0.996
celebrity 0.996
guards 0.996
knight 0.996
closing 0.996
vastly 0.996
author 0.996
cigarette 0.996
regards 0.996
abandoned 0.996
110 0.996
ripped 0.996
wash 0.997
assistance 0.997
shared 0.997
valuable 0.997
streets 0.997
providing 0.997
ruin 0.997
pet 0.997
bridge 0.997
differences 0.997
naked 0.997
stop 0.998
afford 0.999
within 1.001
prime 1.006
owners 1.006
bread 1.006
occur 1.006
milk 1.006
1st 1.006
weather 1.006
gave 1.011
spoke 1.011
rice 1.011
demands 1.011
honey 1.011
soap 1.011
era 1.011
cheated 1.011
fbi 1.011
hall 1.011
slap 1.011
tradition 1.011
soldier 1.011
y 1.012
jerk 1.012
brilliant 1.012
vacuum 1.012
creature 1.012
established 1.012
decides 1.012
africa 1.012
pleasure 1.012
allies 1.012
toy 1.012
superior 1.012
sioux 1.012
shawn 1.012
reload 1.012
nunnally 1.012
linda 1.012
ch 1.012
scorpions 1.012
exclude 1.012
veteran 1.012
brienne 1.012
occasions 1.012
latvian 1.012
parked 1.012
emissions 1.012
permission 1.012
rejection 1.012
2006 1.012
gmo 1.012
portal 1.012
fourth 1.012
adventure 1.012
furries 1.012
care 1.013
order 1.013
snap 1.013
formula 1.013
intimate 1.013
contrast 1.013
streams 1.013
onion 1.013
ordinary 1.013
conviction 1.013
concentration 1.013
miners 1.013
properties 1.013
notion 1.013
reserves 1.013
fucker 1.013
demographic 1.013
estimated 1.013
nest 1.013
hint 1.013
alleged 1.013
sum 1.013
overload 1.013
texts 1.013
whore 1.013
off 1.014
become 1.015
suicide 1.017
complaining 1.018
grocery 1.018
healthcare 1.018
exception 1.018
programs 1.018
roles 1.018
rip 1.018
themselves 1.020
plate 1.021
politically 1.021
norm 1.021
races 1.021
maker 1.021
invited 1.021
commitment 1.021
hospitals 1.021
march 1.021
rolls 1.021
cruel 1.021
stolen 1.021
fifa 1.021
doc 1.021
string 1.021
mary 1.021
jimmy 1.021
satan 1.021
rand 1.021
qualified 1.021
sony 1.021
pray 1.021
script 1.021
chaos 1.021
goodness 1.021
these 1.024
left 1.027
iron 1.028
bonus 1.028
authority 1.028
flood 1.028
winter 1.028
bright 1.028
caring 1.028
web 1.028
slaves 1.028
county 1.028
hurting 1.028
cook 1.028
activities 1.028
brief 1.028
hill 1.028
motivation 1.028
wishes 1.028
capital 1.028
hammer 1.031
immediate 1.031
desk 1.031
yard 1.031
bugs 1.031
meanwhile 1.031
commercial 1.031
sharing 1.031
restaurant 1.031
programming 1.033
dicks 1.033
stark 1.033
genetic 1.033
receiving 1.033
universal 1.033
diagnosed 1.033
pile 1.033
26 1.033
mainstream 1.033
walking 1.036
along 1.038
uh 1.039
warm 1.039
features 1.039
rent 1.039
conclusion 1.039
million 1.041
loan 1.047
2011 1.047
backwards 1.047
cousin 1.047
28 1.047
viewers 1.047
pathetic 1.047
praise 1.047
conversations 1.047
pushing 1.047
ammo 1.048
scream 1.048
bloody 1.048
barrier 1.048
josh 1.048
israeli 1.048
forcing 1.048
positions 1.048
ears 1.048
native 1.048
eight 1.048
shitting 1.048
capacity 1.048
teenager 1.048
halfway 1.048
york 1.048
asami 1.050
documents 1.050
hateful 1.050
sits 1.050
frustration 1.050
ambulance 1.050
lifted 1.050
tissue 1.050
fifty 1.050
ninja 1.050
neis 1.050
gaddafi 1.050
providers 1.050
bee 1.050
floors 1.050
legion 1.050
____ 1.050
sheets 1.050
grip 1.050
ptsd 1.050
dried 1.050
recovered 1.050
rooster 1.050
next 1.051
addict 1.051
funeral 1.051
gtgt 1.051
puppy 1.051
agents 1.051
yelled 1.051
diverse 1.051
garage 1.051
nurses 1.051
academic 1.051
kyle 1.051
deflation 1.051
witnessed 1.051
knocking 1.051
vulnerable 1.051
yourselves 1.051
fate 1.051
drew 1.051
exceptions 1.051
bold 1.051
authorities 1.051
multiplayer 1.051
identified 1.051
rushed 1.051
associate 1.051
farmer 1.051
meds 1.051
bbc 1.051
hilarious 1.051
interview 1.051
relative 1.051
material 1.051
pride 1.051
guilty 1.051
crash 1.051
started 1.055
blue 1.055
football 1.058
gauge 1.058
mandatory 1.058
civilian 1.058
responded 1.058
subtle 1.058
discussions 1.058
aid 1.058
cone 1.058
scum 1.058
rear 1.058
emails 1.058
precious 1.058
deliberate 1.058
regions 1.058
fluid 1.058
republicans 1.058
risks 1.058
unions 1.058
sole 1.058
literature 1.058
intense 1.058
functions 1.058
reduce 1.060
develop 1.060
trees 1.060
pulling 1.060
drinks 1.060
christianity 1.060
tied 1.063
scenes 1.063
elected 1.063
nearby 1.063
pretending 1.063
fields 1.063
suffered 1.063
african 1.063
sector 1.063
cum 1.063
knock 1.063
galaxy 1.063
adopted 1.063
operating 1.063
stopping 1.063
sons 1.063
transfer 1.063
hidden 1.065
degrees 1.065
nasty 1.065
kitchen 1.065
saudi 1.065
vagina 1.065
intended 1.065
afraid 1.068
threatened 1.069
sigh 1.069
behalf 1.069
destroying 1.069
kitten 1.069
figures 1.069
ye 1.069
damned 1.069
exotic 1.069
label 1.069
nail 1.069
installed 1.069
rose 1.069
directions 1.069
explains 1.069
demon 1.069
chips 1.069
kidding 1.069
salt 1.072
focused 1.072
passing 1.072
badly 1.072
suffer 1.072
thus 1.073
instead 1.077
finally 1.078
dogs 1.079
gone 1.080
possibility 1.080
danger 1.080
generated 1.080
mountain 1.080
glorious 1.080
victory 1.080
thankfully 1.080
carried 1.080
assumed 1.083
sentences 1.083
library 1.083
pink 1.083
hating 1.083
murdered 1.083
married 1.083
stress 1.084
riding 1.084
lies 1.084
talks 1.084
democracy 1.084
resistance 1.084
takes 1.086
all 1.086
crawl 1.087
marbles 1.087
pdf 1.087
royals 1.087
imaginary 1.087
iverson 1.087
triumph 1.087
yukko 1.087
quantum 1.087
screams 1.087
niece 1.087
koalas 1.087
cue 1.087
glove 1.087
mythics 1.087
libyan 1.087
concluded 1.087
xmithie 1.087
ride 1.087
went 1.087
foundation 1.088
pulls 1.088
approaching 1.088
swim 1.088
mcnally 1.088
torrent 1.088
verse 1.088
stare 1.088
presumably 1.088
finance 1.088
rebels 1.088
invading 1.088
sober 1.088
immigrants 1.088
mum 1.088
procedure 1.088
donations 1.088
kittens 1.088
twenty 1.088
noises 1.088
highlight 1.088
sweat 1.088
down 1.090
policies 1.092
refuse 1.092
expecting 1.092
camera 1.092
survived 1.094
mask 1.094
invented 1.094
gentle 1.094
simultaneously 1.094
grateful 1.094
er 1.094
headed 1.094
passionate 1.094
habit 1.094
curve 1.094
sniper 1.094
vanilla 1.094
saved 1.097
became 1.097
encourage 1.098
axe 1.098
operation 1.098
genuine 1.098
developing 1.098
philosophy 1.098
soft 1.098
passes 1.098
numerous 1.098
tone 1.098
dozen 1.098
tear 1.098
tight 1.098
strangers 1.098
differently 1.098
genuinely 1.098
exchange 1.098
description 1.098
400 1.098
fashion 1.098
duty 1.098
boom 1.098
up 1.098
perspective 1.103
opposed 1.103
screw 1.103
activity 1.103
95 1.104
bitter 1.104
spoken 1.104
england 1.104
disorder 1.104
apologize 1.104
handful 1.104
ama 1.104
cock 1.104
represent 1.104
pen 1.104
bones 1.104
volunteer 1.104
host 1.104
surrounding 1.104
53 1.104
lonely 1.104
firing 1.104
slave 1.104
rush 1.114
holes 1.114
classic 1.114
awareness 1.114
educated 1.114
injuries 1.114
corruption 1.114
orange 1.114
product 1.115
our 1.116
japan 1.116
bucks 1.116
neighbors 1.116
despite 1.116
elements 1.117
suicidal 1.117
entertainment 1.117
involve 1.117
honor 1.117
reporting 1.117
redditor 1.117
setting 1.117
hurt 1.117
paul 1.121
us 1.122
companies 1.122
aggression 1.122
__ 1.122
commandant 1.122
promised 1.122
125 1.122
presents 1.122
vash 1.122
gilding 1.122
dismiss 1.122
bitcoins 1.122
predict 1.122
lassiz 1.122
stalin 1.122
rogers 1.122
mixture 1.122
shaft 1.122
particle 1.122
mormont 1.122
roses 1.122
finances 1.122
martin 1.122
device 1.123
meal 1.123
ii 1.123
everyday 1.123
fellow 1.123
persons 1.123
motion 1.123
trusted 1.123
magazines 1.123
firm 1.123
ce 1.123
happily 1.123
productive 1.123
brains 1.123
countless 1.123
60s 1.123
overcome 1.123
appeared 1.123
marble 1.123
bin 1.123
modified 1.123
adoption 1.123
societies 1.129
wood 1.129
allen 1.129
scott 1.129
va 1.129
legislation 1.129
offended 1.129
washington 1.129
pointless 1.129
navy 1.129
entered 1.129
citizen 1.129
peers 1.129
ted 1.129
measures 1.129
prince 1.129
acted 1.129
worker 1.130
logical 1.130
odd 1.130
confidence 1.130
structure 1.130
portion 1.130
rain 1.130
wedding 1.130
creating 1.130
housing 1.131
compete 1.131
yo 1.131
gap 1.131
hopes 1.131
admitted 1.131
rant 1.131
ruined 1.131
comfort 1.131
himself 1.133
stole 1.138
primarily 1.138
ideology 1.138
remaining 1.138
limits 1.138
handed 1.138
deej 1.138
inflation 1.138
tumblr 1.138
kids 1.141
carrying 1.146
passion 1.146
attacked 1.146
contribute 1.146
express 1.146
includes 1.146
mans 1.148
agreement 1.148
stated 1.148
allowing 1.148
heavily 1.148
plant 1.150
accepting 1.150
monday 1.150
mcdonalds 1.150
approved 1.150
acts 1.150
words 1.152
increases 1.153
supporting 1.153
threw 1.153
80s 1.153
linked 1.153
counseling 1.157
daretocare 1.157
unfavorable 1.157
diarrhea 1.157
cheaters 1.157
motivated 1.157
squirrel 1.157
processes 1.157
octane 1.157
orcs 1.157
glados 1.157
guldan 1.157
filed 1.157
dumpster 1.157
translate 1.157
outcomes 1.157
scare 1.157
laser 1.157
gang 1.157
utterly 1.157
rely 1.157
beers 1.157
let 1.161
charity 1.162
conservative 1.162
earned 1.162
hachiman 1.163
devil 1.163
classified 1.163
relations 1.163
pattern 1.163
plain 1.163
expectations 1.163
increasing 1.163
reports 1.163
secure 1.163
sensitive 1.163
dreams 1.163
historical 1.163
encounter 1.163
faces 1.163
fancy 1.163
letter 1.165
naturally 1.165
valid 1.165
install 1.165
replaced 1.165
deaths 1.165
finds 1.165
represents 1.171
sam 1.171
investment 1.171
torture 1.171
lifestyle 1.171
previously 1.171
killer 1.171
handles 1.171
ticket 1.171
initially 1.171
safely 1.171
putting 1.172
forced 1.176
began 1.176
brings 1.178
beings 1.178
sites 1.178
phones 1.178
seek 1.178
outcome 1.178
parking 1.178
dudes 1.178
hatred 1.178
dress 1.178
launch 1.178
bored 1.178
acid 1.178
believes 1.182
tape 1.182
requests 1.182
m 1.182
pets 1.182
grass 1.182
friendly 1.183
hated 1.183
birthday 1.183
crows 1.190
moderation 1.190
signals 1.190
occupy 1.190
foreskin 1.190
computing 1.190
exposure 1.190
kallen 1.190
voidboys 1.190
spacex 1.190
donor 1.190
bradley 1.190
atom 1.191
choosing 1.191
brave 1.191
waking 1.191
nhl 1.191
woke 1.191
an 1.191
clinton 1.193
typical 1.193
circle 1.193
10000 1.193
instance 1.193
youth 1.193
comic 1.193
boy 1.194
ways 1.194
wipe 1.195
frame 1.195
insult 1.195
breakfast 1.195
cleaning 1.195
frequently 1.195
connect 1.195
rifle 1.195
dump 1.195
lunch 1.195
balance 1.195
narrative 1.195
alarm 1.196
asleep 1.196
robert 1.196
threatening 1.196
basement 1.196
connected 1.196
fetish 1.196
arrived 1.196
bolt 1.196
objects 1.196
shortly 1.196
half 1.196
mentally 1.204
memes 1.204
profits 1.204
teenage 1.204
lifetime 1.204
neighborhood 1.204
walls 1.204
fantasy 1.204
shaman 1.204
succeed 1.204
says 1.205
sugar 1.208
governments 1.208
frankly 1.208
unit 1.208
object 1.208
cream 1.208
chat 1.208
pointing 1.208
described 1.208
partners 1.208
careful 1.208
included 1.208
computers 1.208
aggressive 1.212
counter 1.212
everyones 1.212
opened 1.212
stayed 1.212
dry 1.212
intelligence 1.212
shirt 1.212
debate 1.212
privilege 1.214
organizations 1.214
orders 1.214
fails 1.214
net 1.223
client 1.223
emotions 1.223
regularly 1.223
jastremski 1.223
civilization 1.223
cortex 1.223
encouraged 1.223
shaking 1.223
knowing 1.224
values 1.225
therapy 1.225
episodes 1.226
scenario 1.226
commit 1.226
consumer 1.226
assault 1.226
alternative 1.226
lesson 1.226
blizzard 1.226
ocean 1.226
morality 1.228
goodell 1.228
illness 1.228
loyal 1.228
waited 1.228
habits 1.228
back 1.229
heres 1.232
night 1.233
knocked 1.235
stomach 1.235
importantly 1.235
informed 1.235
remains 1.235
billions 1.235
markets 1.235
harmful 1.235
purely 1.235
mens 1.238
decade 1.238
ordered 1.238
experiment 1.238
redditors 1.238
shock 1.238
clg 1.238
evolution 1.238
george 1.238
hungry 1.238
ate 1.239
forces 1.239
viable 1.239
foods 1.239
stands 1.239
sudden 1.239
whom 1.241
toilet 1.241
replied 1.245
slavery 1.245
forms 1.245
minority 1.245
womens 1.245
notes 1.245
largest 1.245
choose 1.248
party 1.249
bank 1.251
slowly 1.251
onto 1.251
whole 1.252
911 1.252
garbage 1.252
variety 1.252
overweight 1.252
nose 1.252
accidentally 1.252
christmas 1.252
morning 1.253
flat 1.253
jorah 1.255
underlying 1.255
nursing 1.255
prom 1.255
checks 1.256
miserable 1.256
shake 1.256
equally 1.256
accused 1.256
judging 1.256
nervous 1.256
gift 1.256
refused 1.256
behaviors 1.259
dig 1.259
staying 1.259
romantic 1.259
memories 1.259
homes 1.259
morals 1.259
mates 1.259
mentality 1.259
empire 1.259
upset 1.259
myself 1.260
little 1.260
investigation 1.266
fixing 1.266
bedroom 1.266
heaven 1.266
gf 1.266
fallen 1.266
tonight 1.267
picking 1.267
away 1.268
desire 1.268
emotionally 1.268
machines 1.268
mix 1.268
rounds 1.268
crisis 1.268
raid 1.269
boys 1.269
girl 1.271
energy 1.273
records 1.275
birds 1.275
storm 1.275
cloud 1.275
soldiers 1.275
friday 1.275
70 1.275
math 1.282
canadian 1.282
section 1.282
mothers 1.282
heat 1.282
equality 1.282
gay 1.284
hiding 1.286
associated 1.286
bullet 1.286
provides 1.286
chinchillas 1.286
beggar 1.286
btc 1.286
danielle 1.286
70s 1.286
afternoon 1.286
libya 1.286
bullets 1.286
gild 1.286
cia 1.286
roommate 1.286
aids 1.286
cds 1.286
gts 1.286
rapist 1.290
artificial 1.290
dear 1.290
grabbed 1.290
battery 1.295
collection 1.295
beauty 1.296
blowing 1.296
propaganda 1.296
wallet 1.296
grandmother 1.296
hug 1.296
inch 1.296
additional 1.297
kid 1.297
grown 1.297
candidate 1.297
christians 1.297
son 1.300
floor 1.301
location 1.305
download 1.305
plants 1.305
cried 1.305
together 1.305
mouth 1.308
actions 1.308
body 1.309
enter 1.310
solar 1.310
communication 1.310
stream 1.310
goals 1.310
chances 1.310
locked 1.310
customers 1.310
family 1.313
empty 1.315
returned 1.316
symptoms 1.316
evening 1.316
seeking 1.316
suzaku 1.316
fabio 1.316
dressed 1.320
facing 1.320
prepared 1.320
embarrassed 1.320
arc 1.320
panic 1.320
brought 1.320
breath 1.323
listening 1.323
expansion 1.323
till 1.323
shell 1.323
corporate 1.324
department 1.324
corner 1.324
confirm 1.324
wild 1.324
realizing 1.326
temperature 1.326
smile 1.326
trained 1.326
ourselves 1.326
ads 1.326
teachers 1.326
presence 1.326
wage 1.329
lets 1.334
creates 1.334
stood 1.334
laughed 1.334
impact 1.337
meeting 1.337
begin 1.337
earn 1.338
18 1.342
bone 1.343
guitar 1.343
blockchain 1.346
sex 1.348
magazine 1.349
terrified 1.349
storage 1.351
messages 1.351
disgusting 1.351
plane 1.351
audience 1.351
breaks 1.351
babies 1.354
entitled 1.354
wealth 1.354
l 1.354
circumcision 1.354
cutting 1.354
quiet 1.354
beast 1.354
discuss 1.354
vacation 1.355
unable 1.355
identify 1.355
claimed 1.355
gate 1.355
dads 1.355
met 1.355
reported 1.362
complicated 1.362
equivalent 1.362
acceptable 1.362
ignored 1.362
promise 1.362
parents 1.363
circumstances 1.364
goddamn 1.364
experiences 1.364
disease 1.364
punishment 1.364
bear 1.365
approach 1.365
bills 1.365
building 1.371
severe 1.371
scientists 1.374
rifles 1.374
iw 1.375
uunidan 1.375
darkness 1.375
pao 1.375
uturn 1.375
hunting 1.377
enforcement 1.377
adding 1.378
exists 1.378
respond 1.378
appears 1.378
aspects 1.381
tries 1.381
toward 1.381
campaign 1.381
22 1.381
cunt 1.383
driven 1.383
payment 1.383
j 1.383
poorly 1.383
strongly 1.383
controlled 1.383
gilded 1.390
license 1.390
attitude 1.390
official 1.390
conflict 1.390
teeth 1.390
blow 1.390
swear 1.390
teaching 1.392
effectively 1.392
continue 1.395
drive 1.395
died 1.395
special 1.396
privacy 1.399
sadly 1.399
childhood 1.399
moved 1.402
depression 1.402
calls 1.402
sushi 1.403
27 1.403
ceo 1.403
intentionally 1.403
korra 1.403
emperor 1.403
received 1.404
sport 1.404
smoking 1.404
yellow 1.404
wealthy 1.404
james 1.404
socialist 1.405
christ 1.408
kicked 1.408
walks 1.411
batman 1.416
300 1.416
shoulder 1.417
domestic 1.417
enemies 1.419
maintain 1.419
region 1.419
blocks 1.426
identity 1.426
equipment 1.426
salary 1.426
goods 1.426
baseball 1.426
kick 1.429
photo 1.429
closed 1.429
hitting 1.429
michael 1.430
sansa 1.430
21 1.430
experienced 1.430
thrown 1.430
deeply 1.430
nurse 1.433
stops 1.433
owe 1.435
silence 1.438
trigger 1.438
struggling 1.438
task 1.438
pregnant 1.438
appear 1.442
abusive 1.444
employee 1.444
drivers 1.445
step 1.448
train 1.452
doors 1.452
pump 1.452
communities 1.452
april 1.452
station 1.454
constant 1.454
criminal 1.454
choices 1.454
pretend 1.456
during 1.457
continues 1.460
served 1.460
bjp 1.460
assholes 1.461
hardware 1.461
management 1.461
neck 1.461
co2 1.465
donate 1.465
feminists 1.465
earth 1.466
notice 1.466
nowhere 1.468
increased 1.468
welfare 1.471
ring 1.471
address 1.471
deserves 1.471
noise 1.471
leading 1.471
man 1.479
fake 1.479
obese 1.481
victims 1.481
beliefs 1.481
university 1.481
awkward 1.481
treated 1.481
ownership 1.484
charges 1.484
five 1.485
cells 1.487
inequality 1.487
blah 1.487
responsibility 1.487
father 1.487
corporations 1.491
surgery 1.493
mom 1.493
steps 1.496
19 1.496
fought 1.496
understood 1.496
signed 1.497
wages 1.497
iraq 1.504
leaders 1.504
cycle 1.504
shower 1.504
lights 1.504
tree 1.506
suffering 1.506
standards 1.506
efforts 1.511
___ 1.511
warp 1.511
rage 1.512
influence 1.512
feminism 1.512
chair 1.513
divorce 1.513
addiction 1.513
recognize 1.517
cell 1.517
arguments 1.517
feed 1.517
into 1.517
pointed 1.521
incident 1.522
drove 1.522
banks 1.522
sleep 1.522
friends 1.525
young 1.527
entire 1.528
grab 1.528
24 1.528
scared 1.528
largely 1.529
platform 1.529
provided 1.529
likes 1.531
mistakes 1.531
complain 1.531
seven 1.536
attempts 1.537
ellen 1.537
traffic 1.537
shed 1.537
progress 1.537
consequences 1.541
jail 1.541
excited 1.541
protect 1.541
innocent 1.542
surface 1.542
percent 1.542
racism 1.546
draw 1.546
products 1.546
soul 1.546
highest 1.546
longer 1.547
drunk 1.550
ultimately 1.552
cheating 1.554
customer 1.554
leg 1.555
remain 1.555
limited 1.555
leads 1.555
edit 1.557
weve 1.559
to 1.560
transaction 1.562
candy 1.564
labor 1.567
butt 1.572
mike 1.572
van 1.572
hundred 1.576
defend 1.579
blood 1.580
bandit 1.587
funding 1.588
appreciate 1.589
requires 1.589
basis 1.589
beginning 1.589
demand 1.589
f 1.592
election 1.592
believed 1.594
wonderful 1.594
loud 1.594
potato 1.594
revolution 1.597
forth 1.603
grade 1.603
apartment 1.603
steve 1.610
moral 1.612
lay 1.613
pool 1.618
billion 1.618
patient 1.618
sending 1.621
smell 1.622
profit 1.622
heads 1.627
serve 1.627
patriots 1.635
growing 1.635
shooting 1.635
generation 1.635
begins 1.636
pula 1.636
selfish 1.640
wing 1.641
sides 1.641
arm 1.641
happiness 1.645
bus 1.649
food 1.650
dealing 1.650
bed 1.650
mother 1.652
fill 1.657
transactions 1.659
veterans 1.660
clients 1.660
blacks 1.661
pounds 1.661
socialism 1.661
bernie 1.664
accepted 1.664
individuals 1.668
continued 1.668
species 1.668
network 1.672
andor 1.672
17 1.673
patients 1.673
user 1.681
managed 1.687
sexually 1.687
humanity 1.690
adults 1.691
parent 1.691
showed 1.695
employees 1.695
lost 1.695
dies 1.696
couch 1.696
sat 1.702
families 1.703
sees 1.703
passed 1.706
depressed 1.710
financial 1.712
pizza 1.712
army 1.712
pissed 1.712
six 1.712
busy 1.717
decades 1.725
asks 1.725
covered 1.725
society 1.733
touch 1.734
treatment 1.739
belief 1.741
path 1.741
threat 1.747
fail 1.747
vast 1.747
houses 1.753
da 1.754
convince 1.755
movement 1.755
raped 1.763
poverty 1.763
sword 1.769
screaming 1.775
raised 1.776
global 1.776
three 1.780
usa 1.785
project 1.790
color 1.797
present 1.797
human 1.804
moments 1.807
nuclear 1.811
0 1.811
pieces 1.812
filled 1.812
anxiety 1.821
sleeping 1.821
officers 1.824
violent 1.824
who 1.836
absolute 1.839
sanders 1.842
japanese 1.849
shift 1.849
dying 1.860
kept 1.861
fucking 1.872
studies 1.873
led 1.873
emotional 1.875
facebook 1.886
pain 1.908
upon 1.909
citizens 1.925
had 1.934
decided 1.936
homeless 1.946
relationships 1.956
walked 1.972
years 1.981
geass 1.984
crying 1.991
bathroom 1.999
police 2.006
past 2.007
students 2.010
linux 2.014
penis 2.029
victim 2.033
through 2.049
cancer 2.054
fell 2.072
cash 2.085
stranger 2.090
eyes 2.102
daughter 2.103
spaghetti 2.119
violence 2.122
manager 2.127
wife 2.142
child 2.173
children 2.201
their 2.211
sexual 2.228
wake 2.255
cheater 2.262
officer 2.269
helping 2.269
told 2.277
tldr 2.279
dad 2.314
home 2.332
members 2.334
asshole 2.346
groundhog 2.348
world 2.352
act 2.359
day 2.396
men 2.422
military 2.423
me 2.479
ampnbsp 2.500
room 2.513
suddenly 2.537
lelouch 2.632
door 2.687
ph202 2.806
202 2.806
purple 2.833
spiders 2.847
we 2.848
of 2.882
my 2.978
ph 2.982
r 3.106
life 3.518
her 3.735
she 3.827
his 3.844
gold 4.067
and 5.732
100000 9.396
