401 now
34 page
11 strategy
24 truth
170 everyone
49 alone
11 blink
18 properly
12 genius
330 into
34 feels
28 hoping
37 lower
15 member
4137 that
114 questions
166 give
30 taken
170 might
27 wwwredditcommessagecompose
18 rare
941 all
16 parties
24 broken
181 thanks
35 room
57 anyway
141 help
79 state
52 normal
167 fuck
12 digital
15 voting
84 side
39 save
20 mass
14 design
23 watched
27 ball
15 driver
14 resources
21 sign
26 shut
36 mid
65 ok
11 phase
30 facts
131 against
22 realized
11 badass
18 refer
13 bag
14 hardly
20 ton
32 rights
22 act
47 bring
23 performance
11 downvotes
17 direct
13 strange
19 sick
14 doesnt
15 powerful
14 wondering
15 putting
23 willing
35 cut
69 based
42 pc
24 users
14 sentence
14 500
24 safe
45 public
12 gods
12 jim
13 abuse
15 correctly
128 click
64 unless
25 runs
31 somewhere
23 prices
167 least
15 normally
12 caused
17 stage
78 family
19 brought
136 world
11 notice
50 rest
13 btw
23 service
69 wait
33 12
29 religious
149 makes
159 thought
11 cats
91 under
77 damn
13 islam
34 complete
15 upvote
20 lucky
29 added
13 sleep
108 everything
36 doubt
271 never
17 tier
18 model
13 eg
66 fight
30 local
13 success
15 background
17 dollar
55 20
12 workers
1258 like
12 offense
22 decide
27 somehow
12 internal
1006 can
19 farm
12 depth
13 christian
11 replies
18 table
64 today
22 note
14 foreign
34 slow
1766 with
13 bank
28 eventually
62 thinking
35 interested
17 hospital
286 very
25 born
420 her
21 art
15 finals
30 tag
27 screen
35 buying
42 difference
14 steam
26 ended
14 effects
26 karma
11 rude
2681 n't
18 cover
12 edge
12 names
14 opponent
28 winning
16 eye
108 else
11 explaining
17 hence
11 interests
12 fund
50 okay
14 indeed
17 miles
21 context
19 obama
12 existence
23 dr
12 capable
56 internet
226 point
16 cities
93 movie
16 magic
89 pay
126 old
15 marriage
654 http
17 guide
53 perfect
169 may
15 failed
13 developed
23 killing
595 their
11 lawyer
35 space
44 supposed
13 alright
12 languages
13 slowly
21 weak
11 listed
21 boring
17 followed
13 votes
11 metal
110 talking
545 had
12 crowd
16 shoes
19 constantly
11 teacher
14 energy
4552 of
38 mom
13 hang
44 vote
22 0a
60 100
12 gender
23 loss
25 gear
34 won
13 tough
14 successful
12 guantanamo
213 always
26 ta
27 avoid
53 uefa
11 paint
44 fair
15 evil
21 useful
14 paul
112 power
13 request
96 4
14 uncle
14 puts
178 3
12 2014
30 income
25 jobs
14 meta
11 boat
13 stuck
12 upon
25 2fr
17 causes
20 services
38 clear
25 reality
65 wwwyoutubecomwatch
22 defense
46 allowed
1119 would
21 period
14 winner
35 quick
13 glass
17 five
22 lines
1799 not
20 types
35 considered
39 girls
16 meat
83 set
17 pictures
14 id
25 40
13 unlikely
11 impact
14 quote
12 monster
20 34
11 hitler
44 original
27 freedom
11 finished
144 both
26 code
22 press
14 allows
243 our
11 turkey
14 national
13 harm
65 course
12 humor
17 opinions
36 extremely
31 bigger
14 israel
1828 on
30 including
15 famous
32 gold
16 increase
19 final
444 way
24 groups
30 pull
16 mouth
12 authority
17 environment
47 history
35 total
13 cast
14 t
18 specifically
20 drugs
12 production
17 reach
38 book
204 great
38 simple
13 onto
7109 i
14 mr
21 opposite
16 key
36 u
33 red
13 prior
616 some
11 ultimate
21 medical
14 muscle
12 afford
37 media
281 thing
27 speed
40 compared
25 fucked
12 whose
76 gon
28 links
35 across
24 process
18 b
25 changes
18 tho
16 affect
16 ensure
6471 a
19 india
17 11
44 cost
57 important
12 taught
14 international
13 zone
15 method
25 90
17 improve
18 keeping
28 data
156 used
13 civil
23 miss
19 count
62 thread
35 insurance
206 around
33 attention
12 isis
13 barely
29 waiting
11 tea
12 fly
11 hardest
35 female
12 buddy
19 push
77 rules
23 technology
13 lord
15 anyways
11 rise
50 social
38 worst
45 law
18 knowing
14 hearing
71 moderators
154 end
19 jump
15 keys
104 sorry
13 ignoring
52 number
11 android
95 able
15 pvp
25 laugh
12 teach
13 offensive
93 ago
69 dude
52 asking
17 9
271 lot
15 email
11 chicken
33 inside
11 isnt
29 male
11 began
2740 's
31 respect
38 meant
102 school
34 following
11 shop
22 60
250 yeah
11 speech
118 far
20 options
39 places
79 automatically
21 bitcoin
40 lane
11 boys
11 property
31 sitting
33 hunter
20 green
79 fine
26 characters
24 prison
12 cross
65 close
4804 it
571 does
19 apply
11 doubts
28 ready
12 jungle
41 per
55 minutes
26 mad
48 word
239 before
280 said
161 long
11 letting
33 gone
13 weekend
11 advanced
88 thank
11 playoffs
17 released
37 advice
14 suicide
29 drive
16 drunk
14 cheese
24 learned
25 million
14 throughout
15 married
43 mine
34 quality
37 ability
17 suppose
18 ai
60 amount
22 third
24 died
18 expected
12 exercise
11 humanity
11 factors
19 comfortable
16 moves
16 escape
19 huh
11 director
67 house
118 lol
84 hit
78 friends
11 greater
49 character
1343 my
14 cd
33 allow
18 search
20 effort
19 events
15 flying
11 burst
19 nfl
986 ''
68 however
12 perform
31 explain
11 jewish
16 engine
80 whole
119 place
76 sense
74 quite
16 event
16 ignore
13 tony
69 concerns
17 choose
24 texas
15 core
14 appropriate
11 gross
11 invest
92 action
14 economic
16 somebody
12 fucks
62 whatever
15 boss
12 ignorant
15 standing
11 wind
918 about
14 chris
33 baby
31 party
15 flash
16 stronger
15 muslims
22 didnt
25 longer
103 idea
11 reasoning
15 john
11 burning
22 recommend
11 45
20 ridiculous
13 band
17 aside
21 trust
29 option
82 definitely
14 safety
11 defensive
51 behind
88 story
861 we
48 content
24 provide
23 husband
12 attacking
41 lost
14 pop
147 team
68 often
12 curious
15 liked
11 rebates
82 country
15 scary
17 connection
74 seem
98 job
38 clearly
14 useless
53 living
368 game
14 offering
11 dislike
50 cause
22 wtf
227 while
12 vehicle
155 through
13 introduced
36 giving
16 named
1929 have
25 offer
282 need
11 smaller
14 sports
21 sucks
11 2013
24 whenever
21 north
16 ending
26 80
13 proud
51 totally
89 yourself
54 mostly
50 easily
11 champions
21 burn
247 every
73 check
13 loose
12 torglobaloffensivetrade
35 takes
17 pulled
63 6
31 along
11 penalty
12 explained
221 new
14 base
27 honest
21 taste
17 ha
14 quit
14 pure
249 these
16 sun
35 glad
23 site
708 no
15 stock
14 spam
50 front
14 physically
17 situations
304 most
14 train
13 format
17 diet
62 eat
39 nobody
16 33
719 because
11 psn
39 recently
53 otherwise
35 near
18 failure
36 taxes
13 describe
23 older
11 poe
87 week
144 own
12 minds
24 field
42 order
25 telling
22 fully
26 wife
15 proper
24 seemed
24 film
67 situation
15 hide
399 still
11 currency
11 settings
13 accident
47 message
25 skin
16 legit
428 also
28 skill
45 business
14 mark
143 put
203 many
95 agree
608 really
17 angry
11 larger
16 golden
52 men
166 enough
1803 do
27 ground
300 where
17 til
20 ahead
22 perhaps
127 another
17 thousands
23 finish
15 load
27 religion
235 use
18 14
13 ideas
13 function
12 silly
11 systems
12 wise
215 probably
54 haha
32 wan
35 posted
13 window
49 ass
82 sometimes
69 usually
419 been
14 vision
576 who
596 're
16 dunno
44 extra
21 hi
76 kill
19 blood
3932 is
12 matters
11 rolling
12 complexity
13 bush
14 offers
44 half
18 particularly
48 type
12 idk
14 purchase
15 kevin
42 list
24 theory
30 listen
164 getting
16 millions
25 travel
24 popular
543 gt
28 multiple
103 using
31 average
14 yesterday
1855 be
11 views
51 entire
64 super
1106 at
438 go
11 smoke
46 personally
12 fingers
25 germany
37 police
15 illegal
22 join
12 murder
111 nice
27 negative
52 experience
17 file
20 1000
205 anything
11 laughing
18 finger
21 cute
13 970
24 anywhere
44 joke
64 government
73 stupid
31 stand
31 within
21 nature
32 paying
24 gaming
32 king
12 primary
20 apart
50 except
12 liberal
33 interest
37 brother
14 learning
13 balls
17 effective
11 details
11 headline
16 atx
11 russian
76 myself
16 mechanics
60 certain
133 reason
18 tower
79 days
63 messagecompose
31 yea
16 titan
11 cancer
12 plot
25 attack
26 pass
23 culture
40 late
12 amazon
15 younger
19 stats
20 expensive
18 alcohol
14 planning
14 ten
15 roll
28 cat
64 working
28 straight
18 box
24 32
24 results
25 cheap
42 seeing
15 motherboard
14 gg
11 tears
30 gotten
27 fix
100 name
23 rock
25 ban
32 lack
22 areas
94 match
28 children
47 break
104 stuff
16 chain
12 banned
7016 to
154 less
14 deep
24 levels
132 free
21 degree
19 remove
16 credit
14 warning
37 decent
118 looking
31 assume
17 dating
57 open
13 amounts
12 spread
85 played
33 brain
117 anyone
19 faith
163 trying
97 exactly
22 awful
14 porn
12 brown
13 european
13 tiny
13 rough
21 becomes
12 champs
407 've
29 education
22 walking
73 face
11 quot
12 juice
18 board
23 wall
15 gas
30 bunch
22 russia
11 charged
10493 the
46 information
97 level
44 age
41 shitty
17 everywhere
33 mention
184 1
41 wish
272 ca
14 c
20 cheaper
25 recent
30 race
13 trick
1651 if
51 college
12 saved
12 jews
12 referring
13 schools
22 sold
84 completely
21 according
29 test
295 first
48 certainly
15 meaning
56 s
15 staff
13 ad
44 sound
63 hell
609 has
45 felt
21 console
38 laws
20 behavior
11 central
96 run
172 since
12 reset
14 sf
26 cases
16 causing
17 student
40 poor
63 interesting
53 hey
12 graphics
14 suck
20 lots
47 watching
36 lives
83 wanted
120 bit
1334 just
100 ask
20 answers
71 opinion
70 hours
18 moon
17 muslim
29 further
259 though
1199 your
365 well
13 r
63 line
17 servers
12 franchise
199 year
14 falling
2048 this
36 holy
44 weeks
25 cold
270 things
17 13
17 grow
16 breaking
11 champion
12 yelling
12 incorrect
32 hold
18 security
14 trash
126 read
27 regardless
3563 in
20 majority
12 upset
25 towards
21 seconds
68 head
30 plan
251 pretty
145 man
11 channel
420 see
14 aa
13 herself
30 8
26 movies
22 held
34 losing
28 random
110 reddit
16 stick
115 hope
27 responsible
1416 as
63 months
19 rarely
14 bronze
25 text
268 sure
222 down
21 argue
31 surprised
73 works
12 usual
992 what
15 coffee
11 omg
123 making
34 loved
28 voice
47 weird
32 city
65 tried
170 ever
18 false
11 conditions
21 aware
15 18
13 product
13 justify
44 strong
17 among
41 asked
36 currently
26 prefer
26 everybody
11 kinds
19 designed
22 picked
13 stone
20 holding
171 different
21 attempt
120 seems
34 words
22 europe
44 short
12 closer
122 real
900 there
44 posts
12 netflix
38 bullshit
290 right
12 downvote
84 taking
11 bell
320 say
40 x
13 intelligent
16 sweet
16 regarding
15 mistake
34 goal
33 gun
12 rank
11 mmr
197 person
89 left
225 look
29 apparently
16 error
98 yet
130 na
37 risk
16 update
70 support
20 forget
17 solid
25 helped
31 50
12 opening
70 called
26 access
55 war
66 performed
22 treat
15 guns
31 scene
14 shape
94 almost
148 having
11 gym
19 secret
87 comment
283 its
930 people
108 change
28 suggest
29 involved
12 appeal
17 mess
12 incredible
15 scientific
16 return
21 ice
19 jesus
18 cooler
11 percentage
18 fights
25 windows
13 2015
17 neither
33 street
47 fire
14 french
309 'd
12 boots
16 insane
41 learn
20 road
18 non
21 casual
13 brady
36 unfortunately
16 skt
35 actual
20 office
14 doctors
17 smart
269 after
13 pearl
14 labour
11 dogs
239 shit
14 science
18 upgrade
30 force
12 destroy
352 why
32 united
28 ie
24 share
36 version
18 35
32 known
37 7
222 guy
31 terms
29 particular
97 video
34 missed
38 bought
13 convinced
12 tall
52 wow
19 marijuana
21 nope
42 finally
24 hurt
12 gpu
11 worried
11 offered
109 between
26 create
14 building
13 wwwredditcomrglobaloffensivetradewikirules
21 created
19 career
19 becoming
72 hate
23 ways
13 bias
17 necessarily
12 arms
12 clip
67 later
36 worked
37 company
11 blown
14 ahq
18 loves
13 written
21 confused
155 money
16 resubmit
78 player
53 fan
13 tons
11 de
24 decided
52 honestly
27 cant
11 thin
48 beat
17 town
179 watch
43 luck
81 goes
64 heard
35 legal
31 parts
59 white
11 familiar
15 fish
50 vslivenetliveuefaeuropaleaguetvstationsforyou
17 prevent
30 follow
179 yes
26 hot
53 im
11 chinese
13 excellent
17 record
261 work
110 start
21 purpose
52 running
18 excuse
48 teams
29 driving
14 replace
16 justice
75 second
15 forever
45 community
27 fighting
135 once
20 annoying
57 during
1270 or
12 raise
12 sales
20 double
20 stories
18 pressure
11 cup
13 begin
51 imagine
29 discussion
27 father
21 dota
32 helps
35 wonder
22 ya
29 hour
16 continue
31 fantastic
11 trip
12 previous
52 low
12 truck
18 eyes
15 feet
17 hits
16 slightly
11 professional
25 china
12 suggestion
44 relationship
17 deck
477 she
54 chance
47 countries
22 proof
538 then
20 16
31 mentioned
18 changing
14 besides
517 know
301 over
13 fault
15 essentially
59 ones
120 problem
71 easy
79 kids
21 target
19 writing
11 roughly
44 uk
15 23
101 car
11 guaranteed
17 track
130 either
12 hype
40 reasons
11 thumb
30 rich
31 debt
164 last
91 mind
112 case
54 account
16 politics
5602 and
11 condition
17 piss
84 move
51 edit
20 bottom
11 dirty
20 minimum
55 human
47 due
11 forgotten
83 dont
23 hopefully
15 adult
47 higher
19 steal
36 hero
23 heroes
506 his
87 stop
13 active
74 leave
21 assuming
230 feel
78 means
110 understand
11 organization
122 show
12 idiots
94 care
483 could
24 harder
38 changed
22 reply
18 shield
18 fps
17 mate
12 guarantee
54 future
22 clean
25 heart
22 knowledge
11 surprise
60 couple
18 president
22 drug
22 earth
13 solution
26 tsm
172 few
13 feelings
11 depression
13 climate
779 when
23 society
21 therefore
13 drama
23 turns
19 overall
221 play
37 above
17 kills
24 selling
51 sex
19 wearing
266 us
13 sky
16 speaking
34 picture
180 again
37 spend
541 time
44 30
70 hear
46 serious
19 spot
61 woman
29 books
28 style
181 mean
195 made
23 tank
15 holocaust
19 factor
18 bed
74 full
26 language
41 health
693 an
24 standard
87 gets
89 especially
24 horse
198 try
11 existing
128 seen
32 relevant
13 seat
12 wwe
17 wars
497 any
48 simply
16 bitch
76 removed
57 control
74 worth
11 confident
43 enemy
15 economy
71 huge
20 pain
50 die
39 song
691 think
37 mods
46 argument
21 accept
11 actively
20 regular
24 piece
42 area
31 news
13 irrelevant
23 immediately
18 e
12 pushed
1692 they
12 uncomfortable
34 itself
26 english
36 kinda
41 position
15 acting
12 submit
37 sad
18 pack
484 other
21 advantage
21 daily
11 display
11 blind
12 pats
28 date
11 melee
34 reading
18 east
142 saying
19 shame
11 west
18 solo
21 split
32 exist
18 software
46 large
15 videos
85 price
16 century
13 3rd
39 body
17 heavy
505 than
82 online
29 lt
11 growth
13 wanting
11 afterwards
13 bots
72 talk
17 brand
19 special
41 plus
400 too
49 store
11 queue
12 subs
12 strength
27 p
16 fuel
16 app
56 fans
17 weed
16 lets
23 concept
11 python
22 q
15 manage
308 someone
54 correct
13 talked
27 horrible
47 enjoy
17 battle
11 yours
26 prove
13 decisions
65 single
11 repair
11 falls
46 light
1845 but
28 gay
19 gif
49 pick
17 attacks
108 fact
38 15
30 choice
14 feedback
46 favorite
16 status
11 survive
13 examples
30 considering
27 easier
25 disagree
21 judge
17 significant
58 stay
13 fresh
14 individual
151 keep
20 summer
37 spent
74 saw
19 lazy
75 basically
12 visit
14 separate
11 stars
13 tomorrow
22 program
50 dead
17 claims
34 crap
13 manual
26 wear
17 accounts
22 physical
36 quickly
46 current
28 imo
16 perfectly
61 build
37 killed
39 whether
33 size
37 middle
12 mod
209 years
11 typically
147 little
388 should
39 common
14 drag
13 fighter
56 told
45 american
152 live
87 true
16 policy
12 heh
1747 are
64 source
23 lebron
99 women
16 sources
234 please
19 handle
13 humans
2528 for
34 available
51 together
55 shot
90 link
14 dlc
232 take
12 feature
29 political
17 somewhat
29 depends
54 issue
49 america
21 welcome
16 perspective
279 back
11 approval
15 twice
16 dragon
24 master
18 via
25 german
15 exact
21 biggest
17 hp
17 leaves
24 benefits
11 males
24 max
186 https
12 constitution
75 came
38 wwwcrunchyflickscommovieavengersageofultron
79 deal
28 eu
20 boyfriend
29 required
11 wide
13 hello
14 cop
23 carry
18 caught
45 gave
59 issues
35 personal
152 hard
14 catholic
14 highly
21 mini
14 fnc
21 button
286 am
94 happen
20 flair
59 says
11 foot
23 reference
11 instantly
71 sounds
24 missing
31 tax
327 same
659 by
18 jon
14 chose
731 more
38 death
30 drink
26 release
13 regret
13 afraid
37 sell
15 distance
13 entirety
22 private
23 understanding
17 elite
14 budget
12 lmao
11 unfair
11 congress
469 were
17 dumb
43 points
406 him
14 kept
82 black
22 cs
15 enjoyed
13 reasonable
13 plastic
21 hockey
11 figured
18 morning
100 must
13 coverage
12 nba
43 obviously
141 fucking
57 knows
44 form
23 statement
33 map
12 username
13 hundreds
21 universe
11 c9
12 pants
22 son
19 beer
15 role
68 happens
18 contract
35 evidence
254 off
18 permanent
11 tired
16 built
104 subreddit
38 rate
20 struggle
37 difficult
21 deserve
13 center
13 federal
13 spirit
12 western
13 unlike
74 title
12 creepy
391 being
24 sit
23 girlfriend
41 feeling
12 confirmed
12 2nd
12 adc
148 nothing
11 wave
86 tv
27 depending
21 obvious
15 mental
19 sent
15 info
23 review
17 xbox
37 expect
147 such
14 riot
16 machine
12 rvideos
14 pm
31 term
21 response
14 compare
20 blue
24 talent
12 americans
83 rather
17 lie
100 players
11 park
33 possibly
31 air
18 w
11 drawing
22 dc
13 lock
39 walk
77 found
15 tells
29 population
73 10
15 silver
39 none
115 guys
48 dog
19 claim
19 coach
22 bro
76 example
30 anymore
323 got
11 device
22 showing
21 rates
31 computer
13 clothes
127 wrong
17 hole
23 calling
12 significantly
13 temporary
38 value
22 massive
1309 he
96 contact
71 happy
70 happened
819 me
64 literally
16 25
533 only
27 fairly
27 happening
12 limit
20 legs
69 took
15 racist
19 v
31 threads
12 toxic
22 range
144 top
22 forgot
54 food
337 which
35 trade
82 op
16 disappointed
1228 so
53 lose
43 article
49 become
25 pro
19 armor
14 wage
20 shoot
14 bars
13 consent
799 get
22 door
72 comes
772 from
41 throw
442 here
13 ship
20 partner
649 deleted
11 cc
16 picks
57 absolutely
11 etheric
26 weapons
19 leaving
13 dream
18 require
31 episode
12 amd
11 bodies
19 ill
98 buy
24 step
18 gain
64 coming
141 come
133 until
19 catch
769 'm
26 mode
36 although
39 land
14 decoy
55 states
14 france
23 tanks
45 specific
35 potential
434 much
27 dad
33 major
14 zero
12 deny
15 concerned
26 market
12 calm
42 needed
840 one
25 star
27 hair
14 protection
182 maybe
348 something
21 round
75 season
30 sub
19 court
15 improved
11 circlejerk
99 system
18 apple
46 posting
16 football
11 cap
11 rid
19 supply
12 uses
76 bot
21 club
67 turn
13 wont
25 truly
150 find
535 even
12 skins
203 amp
19 weapon
52 main
51 knew
28 ah
17 study
36 send
307 'll
30 consider
1846 was
27 numbers
20 moving
19 item
22 lived
143 big
15 makeup
16 equal
11 champ
18 scale
11 package
13 receive
21 directly
14 carries
26 related
276 actually
98 call
116 away
14 cry
17 youtube
100 next
13 owned
12 phrase
68 night
16 tip
35 paid
51 kid
21 crime
14 actions
12 various
59 funny
19 bill
43 comments
26 incredibly
19 sister
18 mobile
115 god
133 already
13 odds
28 starting
18 shots
15 ride
13 addition
66 water
61 answer
25 practice
200 day
30 cpu
18 classes
18 spending
120 5
11 concern
27 worry
16 lady
112 high
11 hurts
13 accurate
11 anybody
47 problems
20 dollars
11 mainly
125 looks
12 bang
25 figure
28 plays
21 yup
53 worse
15 server
172 life
20 fall
20 canada
206 bad
40 terrible
14 natural
19 nah
183 post
11 feminist
12 combined
46 add
98 league
16 peace
22 despite
109 went
25 oil
217 2
11 gloves
15 idiot
17 dangerous
87 instead
79 d
15 warlock
107 playing
15 xd
30 speak
66 needs
15 thousand
41 early
54 given
12 daughter
22 o
125 done
17 starts
22 church
34 cars
13 alive
17 checking
11 ram
14 throwing
11 aliens
25 beautiful
11 folks
27 trouble
19 stopped
28 british
19 cares
14 chest
13 reaction
11 dinner
24 keeps
91 fun
24 ps4
21 eating
17 doctor
58 group
49 moment
26 topic
29 dick
11 forced
14 nor
79 started
11 guard
20 costs
20 yep
13 camp
677 how
15 bike
52 sort
17 earlier
14 ex
89 win
14 image
12 solve
29 view
54 amazing
47 result
803 out
19 ult
13 anime
16 block
22 bother
25 meet
135 oh
43 wants
12 island
11 calls
15 nation
32 fit
13 giant
16 below
14 trading
83 small
38 several
78 cool
17 industry
22 impossible
41 crazy
11 fdl
143 games
11 moved
18 south
13 critical
56 girl
83 likely
81 matter
12 meters
26 forward
15 drops
91 etc
377 make
25 positive
11 engineering
20 dropped
14 planet
11 switch
28 rape
89 friend
42 cards
15 qb
17 drinking
41 gives
12 microsoft
15 greatest
15 birth
14 explanation
19 cops
14 california
128 times
504 good
33 effect
128 guess
11 pussy
18 decision
46 thats
30 fear
29 mother
25 thinks
49 seriously
14 broke
53 series
15 lying
108 believe
18 report
31 past
283 better
34 drop
420 want
11 passed
42 generally
11 sidebar
99 remember
59 possible
19 became
18 dps
118 question
13 shown
135 tell
11 powers
19 finding
24 charge
36 include
4452 you
31 dark
28 child
646 will
39 himself
14 extreme
57 submission
100 wo
16 complex
23 tend
108 each
28 modern
13 former
11 fixed
30 paper
11 turning
15 bringing
38 fast
17 military
28 definition
13 attractive
20 skills
20 fnatic
62 damage
316 those
11 sale
12 thus
21 development
18 relatively
144 kind
31 items
29 self
21 blame
13 patch
38 turned
33 young
11 animal
670 them
16 competitive
15 floor
173 without
54 card
28 basic
54 parents
14 opportunity
54 similar
16 grew
49 fat
14 animals
12 sorts
25 four
16 beyond
12 efficient
29 lead
50 rule
31 hands
20 bug
11 cultural
134 let
50 europa
17 companies
13 saving
24 memory
29 weight
20 minute
12 eh
146 part
15 training
227 two
17 thoughts
30 music
30 research
762 up
15 wrote
28 nearly
29 plenty
17 technically
15 boy
12 direction
64 vs
52 soon
25 combat
68 home
21 bar
202 love
79 others
61 shows
25 faster
14 admit
38 outside
70 hand
11 keyboard
13 dance
25 necessary
346 going
13 website
36 realize
29 google
15 sir
11 jets
18 entirely
15 waste
11 tips
24 write
13 pls
49 three
16 tl
16 200
17 logic
15 subreddits
17 helpful
51 general
31 conversation
40 bet
46 looked
17 2000
16 tech
11 pve
57 class
12 analysis
15 downvoted
12 lvl
20 ran
626 did
213 best
13 fired
15 benefit
16 wiki
49 month
15 unique
26 healthy
11 produce
18 noticed
15 agreed
12 owner
16 met
74 awesome
14 subject
44 phone
12 repeat
16 comparison
53 themselves
24 jokes
26 focus
14 ends
184 doing
14 draft
