16 wolves
97 judge
1790 now
113 page
34 strategy
16 nest
17 prize
111 truth
34 judging
749 everyone
14 environmental
12 struggled
60 busy
23 measures
187 alone
20 blink
12 hurry
12 instructions
63 properly
13 wwwredditcomrglobaloffensivetradewikirules
19 rewards
22 additionally
34 genius
1580 into
143 feels
14 bend
12 whoa
63 hoping
11 fires
11 rub
20 ethics
129 lower
55 member
11 sewer
15 assets
16033 that
15 creation
222 questions
29 exclusive
41 ii
707 give
19 colors
165 taken
592 might
30 wwwredditcommessagecompose
4117 all
49 official
12 poison
33 hatred
72 parties
11 uhh
104 broken
21 39
11 buyer
17 proves
404 thanks
300 room
193 anyway
49 products
71 plot
608 help
22 browser
293 state
17 patrol
199 normal
15 alike
21 educate
737 fuck
34 digital
15 cherry
53 voting
339 side
11 dancing
154 save
65 mass
24 hall
19 thick
81 design
11 gamers
65 watched
85 ball
41 hungry
66 driver
18 scandal
15 investing
88 sign
108 shut
78 mid
21 dungeon
216 ok
49 phase
23 collapse
13 madrid
73 facts
26 blast
21 reputation
29 pilot
462 against
102 realized
28 intel
17 mcdonalds
23 unhealthy
12 trail
19 snake
22 hat
34 eve
168 late
30 refer
26 ear
28 boxing
33 served
11 poem
59 bag
13 larry
34 parking
13 drank
13 medication
29 deeply
48 understood
40 hardly
38 transactions
26 dust
65 ton
35 songs
40 babies
26 crow
175 rights
15 cameron
16 mailin
12 __
216 act
13 1998
15 managers
199 bring
74 performance
25 bs
14 represented
13 probability
32 stops
74 direct
55 strange
26 pages
14 spreading
11 cough
45 yellow
15 branch
16 presumably
13 r9
33 doesnt
11 xi
27 tumblr
47 additional
12 confuse
53 wondering
12 lair
88 willing
13 mo
54 necessarily
157 cut
16 worries
51 300
241 based
93 pc
37 hello
264 example
36 appearance
17 stroke
34 vagina
87 users
24 sight
47 punishment
11 pickup
19 entertaining
31 cuts
27 hurting
74 sentence
55 500
139 safe
18 verse
17 doesn
19 csgo
14 frog
218 public
51 photo
34 creates
11 eliminate
23 coin
22 impression
24 jim
66 abuse
57 basis
19 genre
32 degrees
36 correctly
170 click
12 los
12 popped
206 unless
21 london
13 wasting
13 reserve
32 pcpartpicker
18 apparent
15 crawl
35 healthcare
21 knight
12 excessive
22 bite
12 database
76 runs
26 winter
41 doors
19 optional
103 somewhere
65 lazy
12 matt
11 preparation
33 hidden
11 skyrim
67 prices
454 least
48 normally
63 caused
19 cruel
29 lowest
80 stage
27 involve
19 politically
14 veteran
423 family
11 spanish
27 pink
13 eleven
35 pregnant
11 leather
25 psychological
16 boundaries
60 da
21 clever
13 occasions
15 patience
11 inability
12 nzxt
812 world
97 notice
224 rest
22 spare
18 replacing
69 led
16 sons
16 advocate
31 btw
116 service
13 secondly
261 wait
63 released
12 oppressed
24 allen
25 ears
146 12
67 movement
11 raisins
43 suppose
108 religious
12 communications
13 ineffective
14 rushing
20 devs
571 makes
11 switching
502 thought
19 suspicious
365 under
208 damn
13 mildly
30 orders
48 islam
112 complete
33 cried
11 collectively
27 knocked
11 aww
12 dan
20 intense
41 upvote
14 typed
23 revenge
28 sector
173 company
29 sam
21 tour
11 scan
11 abyss
18 approaching
74 lucky
88 added
38 emotions
17 powder
11 preserve
36 foods
111 sleep
18 dildo
12 arent
17 heck
25 95
525 everything
102 doubt
12 250
22 muhammad
25 devil
1222 never
41 pump
37 tier
19 hop
13 journalists
57 model
31 creature
12 participate
14 immature
47 forth
42 eg
15 origin
13 gdp
20 sec
31 streets
15 casting
66 violent
248 fight
157 local
11 strings
11 mice
26 investment
56 vast
36 clients
15 dave
64 background
74 dollar
29 warrior
21 medium
41 identity
28 ceo
24 tournament
26 exciting
20 taco
61 individuals
18 logo
13 improvements
35 complicated
236 20
70 workers
21 physics
4295 like
21 mask
13 distinction
29 27
24 ted
33 offense
19 martin
26 morals
105 decide
40 internal
20 deliberate
3795 can
30 capitalism
20 translate
15 streams
26 fbi
21 invented
11 mortality
62 farm
40 depth
14 indication
23 tests
63 christian
288 today
113 note
16 bold
42 foreign
25 ideology
25 testing
38 screw
16 corsair
87 slow
12 trait
31 sensitive
13 deposit
11 grinding
14 deals
34 owned
12 turd
93 wan
60 shooting
7124 with
18 centuries
42 meal
18 gul'dan
12 cannon
15 magnitude
148 eventually
265 thinking
40 ordered
12 wr
34 chat
13 collar
27 'em
25 civilians
13 mutually
38 privacy
17 catching
121 interested
37 domestic
78 hospital
1210 very
20 glory
18 realised
11 quietly
97 born
51 suffering
29 investigation
18 burns
13 thirty
16 covers
36 _
12 distribution
52 likes
34 transaction
2392 her
52 complain
39 percent
16 oxygen
11 marriages
19 urban
102 art
19 engineer
11 bath
48 circumstances
28 finals
12 ohio
22 uniform
31 marketing
28 african
16 techniques
44 tag
14 sheets
13 moms
81 screen
97 results
33 lesson
12 noom
26 deej
14 comprehend
20 fifa
95 buying
12 invasion
177 difference
30 notes
11 generate
29 odds
17 clubs
16 genders
29 numerous
42 steam
11 neckbeard
21 grant
19 register
127 ended
23 ye
12 funniest
13 landed
60 effects
30 defined
66 karma
134 walking
24 removing
12 representatives
35 charged
46 debate
53 pool
13 severely
24 behalf
47 patients
15 resist
31 rude
34 beings
11 coupon
64 resources
34 roles
9255 n't
15 mirrors
26 limits
39 edge
12 fraction
23 bash
73 meaning
52 names
35 opponent
42 till
12 personnel
34 cells
15 extend
11 implies
11 gem
59 employees
20 doom
14 gifs
28 approved
26 handles
11 350
23 shy
28 wolf
22 semester
14 portal
39 smile
94 eye
14 rangers
20 gears
18 noises
459 else
45 explaining
28 hence
40 fund
30 attempts
17 freely
245 okay
11 wooden
29 jerk
12 convert
11 choked
105 purple
16 sometime
15 launched
17 quantum
16 survey
12 kingdom
12 tangible
57 miles
23 turkey
65 pizza
64 obama
70 speech
16 fortune
15 injected
50 existence
23 suspect
186 dr
34 walks
30 jumping
11 brackets
24 soldier
48 capable
14 insight
17 consumers
239 internet
281 likely
771 point
32 owners
27 mentally
15 harry
14 audio
17 proceeded
13 tale
174 comments
12 spectrum
18 bent
11 breaker
19 badass
62 magic
12 ease
33 consumer
374 pay
14 senate
610 old
37 guitar
117 places
14 convincing
88 marriage
35 differently
2734 http
42 redditors
19 flawed
18 races
19 output
11 kobe
184 honestly
14 adjust
175 perfect
646 may
28 80s
27 wishes
11 endgame
21 cleared
11 essence
18 convicted
57 bus
12 deliberately
95 killing
38 suffer
21 rats
12 saints
2881 their
58 japanese
14 unattractive
51 hearing
25 unknown
43 lawyer
12 impressed
12 nflpa
17 garage
178 space
140 supposed
68 alright
11 immigrant
75 film
27 languages
97 slowly
332 during
11 workout
66 weak
13 argued
23 listed
63 threat
21 atom
24 uunidan
59 boring
55 followed
69 facebook
34 votes
16 bombs
44 hardware
39 metal
17 retirement
333 talking
2597 had
25 closely
19 kennedy
13 rl
47 crowd
26 author
17 atheism
54 shoes
97 constantly
12 burgers
27 fusion
75 teacher
33 promise
52 fish
24 troops
52 sport
30 75
18 technical
31 sites
20235 of
17 bc
247 mom
54 hang
161 vote
18 swap
11 ravens
15 grenade
11 marvel
22 0a
11 electrical
232 100
77 gender
13 asus
80 loss
117 size
23 flight
100 gear
28 galaxy
23 buff
103 won
14 bullied
18 manipulation
36 99
72 tough
50 successful
14 peterson
16 protest
29 grass
12 gentleman
12 guantanamo
74 mod
17 avengers
28 transfer
19 ps
294 name
788 always
16 tracks
89 ta
12 breed
18 deer
27 activities
85 avoid
23 periods
19 void
12 underground
14 lit
30 contest
25 stairs
15 horses
23 wings
14 mvp
54 uefa
18 glasses
14 garden
39 paint
11 recipe
41 communities
16 lifting
140 fair
29 opportunities
43 addition
97 town
36 rain
29 korra
27 smith
25 stole
53 choices
17 avoided
16 mage
14 dire
93 paul
420 power
45 request
43 selfish
13 punish
14 responsibilities
65 financial
51 sky
31 efforts
24 cheated
32 breakfast
406 4
26 abilities
25 crush
28 shocked
37 uncle
23 pattern
675 3
20 electricity
14 centre
57 2014
29 developing
27 existing
75 income
75 relevant
128 jobs
24 redditor
23 council
35 material
13 lacks
11 blaming
17 swing
18 packs
73 0
19 meta
242 children
13 gladly
41 boat
54 raped
23 putin
16 anal
84 stuck
123 upon
13 downvoting
27 2fr
36 personality
16 controlling
16 assumption
21 waking
65 causes
226 heard
22 stannis
11 storms
66 pack
56 services
162 clear
120 reality
13 frustrated
277 wwwyoutubecomwatch
33 express
21 august
43 counter
68 defense
146 allowed
3505 would
27 flood
85 period
11 belongs
28 winner
21 curve
12 farms
13 contributed
15 peer
31 fancy
127 quick
17 lighting
17 comparing
16 lists
11 accusations
45 enemies
23 celebrity
43 increases
34 cake
12 boards
14 fifty
54 19
12 penguin
11 98
46 stream
131 five
22 impressive
135 attention
78 lines
21 bags
16 predict
11 dimensions
19 establish
44 effectively
13 provider
23 construction
6440 not
55 types
15 5050
119 considered
19 suggestions
13 misinformation
154 girls
92 practice
11 civilizations
11 bless
25 peoples
13 51
27 gta
25 supported
24 loving
56 meat
274 set
34 outcome
25 cia
34 refused
16 monthly
20 rear
14 cultures
14 spec
21 shaking
88 sick
23 er
39 iron
13 freeze
79 pictures
34 destroyed
16 hint
45 id
40 quiet
102 40
19 witch
29 unlikely
19 communicate
12 circles
61 quote
24 males
12 mere
30 ruin
53 monster
48 34
50 vslivenetliveuefaeuropaleaguetvstationsforyou
37 hitler
14 studying
140 original
16 texts
15 stacks
92 freedom
17 deflation
40 finished
605 both
44 neck
129 code
11 furniture
13 scorpions
11 alternatives
88 press
16 reserves
73 spending
19 territory
18 pic
16 lab
49 allows
23 ups
19 crew
35 friday
1141 our
25 invested
67 powerful
11 outrageous
11 backyard
19 trusted
12 punk
81 national
46 harm
13 superman
271 course
12 inbox
28 humor
19 define
61 opinions
26 staying
18 writer
31 philosophy
41 socialism
12 consequence
145 extremely
28 remains
99 bigger
106 putting
50 sides
12 morally
11 thief
18 jealous
111 including
21 abandoned
15 euro
46 famous
15 dammit
14 cruiser
25 delete
28 harmful
31 phones
51 dies
17 polish
1579 way
79 groups
124 pull
15 shawn
39 concern
19 norway
17 resulted
18 wasnt
70 homeless
14 celebrate
110 mouth
144 expect
17 puppy
12 integrity
22 expression
17 fate
20 bmi
16 remind
41 authority
15 sticking
12 inconsistent
74 environment
12 ti
42 decade
227 history
21 luckily
34 inequality
146 total
28 pretending
12 screetch
11 obsessed
34 joe
55 cast
253 t
35 acceptable
12 kamina
71 specifically
48 production
26 lifestyle
27 rational
39 ourselves
37 j
20 announced
78 reach
156 book
12 goodbye
18 twenty
648 great
140 simple
47 feminism
15 imaginary
17 2005
12 senses
59 hundred
98 onto
24776 i
21 creator
15 embrace
11 traditionally
65 mr
78 opposite
30 ruined
398 started
45 intelligence
19 alot
19 forums
21 woke
12 rekt
11 striker
23 plain
66 key
80 u
19 worthy
50 prior
2382 some
23 fighter
17 purchases
20 jeff
21 mum
24 ultimate
22 genetic
41 letter
30 monday
14 shirts
19 overcome
11 ayy
19 nut
16 typeitemprice
19 countless
119 medical
26 surrounded
11 demanded
37 muscle
76 lady
82 afford
14 liver
12 interpret
19 co
17 smells
148 media
12 nazis
13 stored
22 legally
22 sized
23 airport
110 speed
11 healer
99 compared
19 trailer
34 flip
26 drawn
87 mad
15 compromise
16 healers
33 poorly
23 blockchain
17 incentive
467 high
55 whose
220 gon
16 operations
67 links
47 l
155 across
129 process
18 arguably
22 legendary
89 b
31 emergency
11 qualify
23 injury
107 changes
37 tho
45 affect
46 ensure
19 marks
26190 a
42 india
57 anybody
37 wins
24 elsewhere
11 cheers
31 glorious
85 faith
82 11
17 filed
14 recovered
43 shop
167 cost
71 absolute
93 m
279 important
20 fluid
68 taught
95 thinks
13 expressed
25 sooner
43 gods
47 international
38 employee
27 markets
31 pointing
241 exactly
37 focused
40 aspects
12 circumcised
38 method
21 filter
94 90
68 improve
16 42
18 terrifying
12 relatives
53 closed
125 data
563 used
14 reader
11 optical
59 civil
13 stacked
17 reduction
25 irish
12 experiencing
35 pocket
20 reminded
21 literature
11 felix
13 puns
16 destination
959 said
17 pan
12 prisoner
16 yay
18 48
22 guessing
91 miss
73 count
41 approach
16 washing
60 porn
11 decks
11 upload
14 optimal
84 grew
12 starbucks
103 lelouch
77 insurance
21 championship
900 around
12 banging
18 shadows
41 isis
69 barely
12 outletpc
15 velocity
40 finds
46 cheating
17 yelled
121 waiting
57 24
53 tea
24 uncommon
61 fly
17 chase
19 realise
45 address
21 hire
109 female
22 mainstream
14 registered
16 insulting
29 sunday
14 promoting
21 crashed
19 metric
43 buddy
24 criticism
103 push
182 rules
12 alongside
48 serve
11 abandon
46 lord
15 slot
11 clips
18 goodness
19 noted
44 rise
206 social
11 retired
182 worst
13 idle
203 law
13 temporarily
11 condescending
47 christ
119 available
48 experienced
66 tiny
20 2016
2606 'm
40 blocks
19 revenue
51 kick
17 cheaters
16 diverse
570 end
74 jump
12 transit
286 thank
19 ron
46 keys
18 disabled
17 moron
336 sorry
14 slice
12 generic
33 ignoring
251 number
29 android
12 minded
454 able
14 campaigns
50 treated
15 askreddit
13 formal
24 enormous
15 findings
13 convenience
54 station
36 feminists
17 60s
73 rare
45 stayed
23 discovered
50 adding
33 rifle
26 homes
40 threw
12 appointment
85 laugh
12 submissions
12 practiced
29 believing
31 grandmother
68 teach
35 structure
22 january
48 offensive
22 slide
12 institution
337 ago
16 outright
12 carpet
215 dude
178 asking
22 seasons
24 honey
15 horribly
105 9
127 education
31 replied
987 lot
15 mixture
11 tweet
58 email
13 maps
27 aunt
53 chicken
31 strangers
152 inside
20 isnt
16 ordinary
125 male
17 independence
26 mood
23 directions
29 laptop
84 began
14 contribution
10250 's
11 soaked
11 disk
97 table
51 exists
12 sympathy
16 unusual
13 unacceptable
11 immensely
127 meant
48 fought
426 school
13 publicly
12 fifteen
16 freak
31 mainly
128 following
21 extension
34 replace
15 commission
513 yeah
46 toilet
16 politician
20 grey
444 far
52 cities
223 movie
62 options
30 pushing
11 evident
190 america
17 camps
114 automatically
133 anymore
19 carefully
2754 them
123 bitcoin
11 20000
72 lane
14 usb
11 flames
11 axis
18 chapter
29 brilliant
84 boys
35 careful
48 property
93 suicide
68 don
12 controller
13 socioeconomic
26 emperor
24 beach
137 sitting
15 representation
13 freshman
18 analogy
11 spoiled
17 lands
20 functions
27 web
23 trauma
15 approximately
48 hunter
83 green
15 sticky
56 glass
13 manually
18 involving
19 disney
28 captain
30 viewers
27 rifles
16 terrorists
19 hotel
20 chicago
30 sharing
16 import
108 characters
27 traditional
22 counts
44 iraq
57 prison
12 comparable
22 programming
46 cross
47 meeting
12 mock
29 conversations
228 close
14 tube
404 gold
18 verify
17439 it
1869 does
46 customer
19 doubts
13 harden
19 implying
23 threatened
121 ready
22 legitimate
30 jungle
179 per
59 trash
268 minutes
18 village
11 conversion
42 replaced
22 touched
17 denied
14 spine
36 bucks
26 library
37 sudden
36 nah
13 bubble
16 presents
21 occurred
12 individually
929 before
16 aggression
13 unlock
19 highlight
15 romance
22 beggar
15 titles
678 long
65 letting
11 benghazi
15 socks
189 gone
52 weekend
43 advanced
70 anyways
12 heated
20 spider
26 youtubecomwatch
16 secondary
15 farmers
31 playoffs
52 loud
17 meds
15 ____
13 achieved
102 married
11 julie
11 alert
13 hostile
14 tick
23 wasted
15 ideological
12 prone
118 advice
16 yui
11 batteries
22 updates
14 plug
11 aav
11 fl
181 drive
40 election
15 screenshots
233 community
126 drunk
15 household
62 apply
14 interviews
14 beneath
27 sand
40 expecting
12 inventory
11 uploaded
51 cheese
17 punches
14 ranked
12 contributing
106 learned
149 million
67 throughout
36 severe
151 mine
105 quality
12 stadium
316 happy
22 overly
87 expected
20 z
90 ai
23 funds
27 elements
11 wiping
51 mistakes
243 amount
24 contrary
15 amazingly
44 houses
17 congrats
20 gauge
17 witnessed
164 died
11 swiss
31 conspiracy
16 unwanted
11 stanley
11 paste
23 grasp
15 promised
16 lesser
12 colour
46 annoying
21 grateful
45 aggressive
27 annoyed
17 particle
11 cult
18 reactions
29 loses
66 humanity
12 possess
11 cleveland
11 bulls
31 awareness
55 consequences
41 factors
29 polite
41 moves
16 awake
58 escape
60 cats
25 supports
53 university
12 needless
33 director
339 house
15 reviewed
26 upper
12 cousins
17 commonly
28 operate
11 avatar
20 defeat
15 testament
221 lol
12 engines
291 hit
19 banning
430 friends
49 greater
187 character
25 advance
45 cd
100 allow
65 six
57 search
28 eh
15 toe
101 effort
71 events
18 requirements
22 initial
19 burst
80 base
14 secretly
19 sends
15 spotted
28 embarrassing
70 nfl
28 informed
134 third
12 purchased
16 grounds
13 survivor
45 birthday
42 perform
126 explain
23 jewish
13 tracking
42 balance
68 engine
12 psn
21 chinchillas
40 christianity
21 trial
21 relief
29 decides
23 scenarios
52 received
15 rat
16 fence
420 whole
55 fail
491 place
16 easiest
12 partly
42 lunch
12 mattress
22 knees
19 bits
24 nba
31 breakdown
11 attributed
17 longterm
30 wallet
23 responses
12 wednesday
260 sense
265 quite
92 event
13 headaches
59 ignore
28 tony
96 concerns
21 awhile
119 choose
17 executed
49 texas
20 coast
71 core
55 managed
11 dvd
375 using
39 gross
15 inform
31 valuable
28 invest
11 corpse
36 laughed
23 partially
15 sounding
15 materials
12 gather
179 action
67 economic
25 pirate
38 abusive
34 talks
15 manipulate
79 somebody
13 guts
31 classic
47 fucks
14 fruit
34 brings
71 boss
27 orbit
68 everywhere
81 standing
28 bastard
17 closet
73 spot
3718 about
18 outlets
25 represents
21 understands
11 selective
20 ancient
11 riots
11 jay
26 chris
13 shifting
29 alien
13 touching
13 rworldnews
11 williams
16 journalist
21 delivery
189 party
24 uturn
32 leader
29 aspect
38 flash
46 stronger
107 stories
49 muslims
14 hillary
50 didnt
176 longer
26 torture
15 proposal
48 beliefs
12 condom
19 discussed
17 removal
34 ages
38 burning
28 ur
18 moderate
14 amiibo
14 watches
13 downtown
11 ink
30 ducks
83 recommend
15 custody
18 crows
12 router
48 disease
47 45
83 ridiculous
12 recover
26 murdered
20 eaten
14 raven
19 refers
56 band
12 engaged
120 trust
21 dealer
19 5000
84 option
24 volunteer
20 nursing
11 upcoming
11 referendum
19 directed
191 definitely
73 safety
27 clue
29 hp
24 lonely
38 defensive
11 crushing
186 wish
18 serves
31 mountain
217 behind
17 tactics
397 story
11 pipe
23 northern
43 70
12 propose
14 practicing
14 widely
15 bee
25 sigh
12 rope
46 chances
17 footage
15 mop
14 wisdom
114 provide
22 53
52 criminal
11 thalamus
118 husband
17 purposes
25 primarily
32 attacking
265 lost
44 pop
12 juan
18 legends
15 bosses
27 remaining
13 hyper
295 often
20 efficiency
48 grade
349 hope
17 surprising
27 entertainment
17 associate
32 articles
47 huh
14 gathered
26 mouse
25 stable
12 biology
24 suzaku
27 curious
71 liked
17 agents
12 bros
11 encrypted
34 assault
11 cuddle
200 202
22 melt
19 sheep
45 scary
11 sami
48 connection
222 seem
30 historical
15 ops
478 job
13 sc
15 mythics
13 ridiculously
18 rural
258 living
804 person
60 treatment
53 defend
959 game
29 warp
20 staring
32 offering
12 namely
13 twisted
34 dislike
12 overlap
12 apologized
50 wtf
18 nowadays
981 while
43 vehicle
164 early
12 'the
58 grab
18 sjws
12 navigate
15 menu
22 presented
850 through
169 giving
19 pigs
14 demanding
11 ranks
18 phenomenon
21 bradley
11 buttons
18 pakistan
48 named
27 caring
34 injured
6995 have
15 nash
105 offer
13 applicable
38 salt
1034 need
13 manufacturer
45 sports
108 helps
17 counseling
16 treats
83 sucks
48 2013
13 rejection
16 needle
17 documentary
75 whenever
62 north
19 calories
59 showed
16 coworkers
33 odd
11 hypothesis
14 resolve
85 ending
90 80
12 alley
23 destroying
12 nvidia
334 later
21 religions
17 mars
16 congratulations
23 trans
18 happier
27 mana
24 host
18 combine
161 totally
36 stands
11 prostitutes
15 upgrades
374 yourself
19 shoulders
165 mostly
12 neighborhoods
146 easily
14 cowboys
38 candidate
22 conscious
13 accidents
22 blows
41 install
30 champions
13 reasonably
12 tomato
71 burn
13 herpes
6364 my
36 co2
30 gap
12 minecraft
1012 every
17 voices
26 stretch
31 dreams
35 bjp
43 unlike
38 copy
12 screamed
12 belong
17 addict
12 aircraft
253 check
56 previous
11 distracted
62 color
22 loose
19 doc
12 torglobaloffensivetrade
13 roster
106 china
11 credibility
11 racial
12 violating
19 legend
12 furry
53 nowhere
25 shelter
199 takes
26 killer
11 advocates
88 pulled
26 twist
16 custom
28 pets
12 austin
11 thrones
11 variations
177 along
14 overnight
15 chronic
27 engage
20 gravity
13 segregation
12 coils
23 penalty
12 crossing
13 outta
12 blades
46 explained
15 pockets
22 maintenance
11 namena
20 heroin
34 dozen
32 faces
100 honest
15 ftfy
63 taste
29 tape
14 distinct
45 ha
63 quit
23 clock
17 misleading
57 sword
19 spin
60 profit
36 prime
21 citizen
61 sun
44 messages
23 acted
108 glad
15 mechanism
16 finances
48 blow
89 site
11 genital
13 cringe
12 bull
13 whining
2850 no
30 hopes
16 cleaned
24 generations
19 h
24 square
20 responded
325 completely
22 mile
24 spam
23 wrap
26 29
38 checking
240 front
19 risks
22 shell
31 rant
50 soul
29 praise
52 physically
25 playgooglecomstoreappsdetails
39 welfare
28 qatar
323 however
55 situations
12 'you
1288 most
12 oi
17 dumpster
58 requires
36 instance
113 somehow
13 fandom
14 weekends
22 aliens
27 josh
30 root
57 andor
77 feet
29 medicine
114 train
54 cell
11 molecules
30 bomb
22 format
11 furious
17 leaked
43 diet
15 niece
33 400
258 eat
18 tires
185 nobody
13 banking
2851 because
34 tools
99 recently
140 otherwise
23 ignorance
13 approached
22 diamond
117 near
11 randy
74 failure
94 taxes
17 suspended
58 network
23 motorcycle
36 charity
13 ot
18 insert
53 potato
39 describe
107 older
12 skirt
13 collective
16 snap
1119 first
18 poe
23 nazi
11 rex
23 talented
338 week
662 own
18 lungs
19 strongest
44 minds
59 patriots
15 construct
17 describing
120 field
46 responsibility
11 dieting
17 senator
230 order
16 contrast
19 aol
24 lawyers
11 portions
138 telling
15 tire
224 wife
54 proper
17 pa
13 brag
25 explains
18 florida
106 seemed
17 input
35 addiction
12 irs
265 situation
38 client
57 hide
31 minority
15 alpha
33 commit
1379 still
39 flag
26 artist
27 dozens
242 gave
19 apples
50 accident
132 message
11 index
16 clicked
87 skin
20 divorced
17 strip
49 department
28 cum
25 messed
36 legit
25 volume
98 members
1511 also
65 skill
215 business
38 stated
53 mark
28 cable
16 projects
922 many
239 agree
22 jorah
22 enable
1891 really
105 angry
52 larger
40 banks
12 supplies
11 understandable
21 habit
16 minister
24 surrounding
392 men
681 enough
20 fits
6476 do
11 likelihood
121 ground
13 cookie
1211 where
21 continuing
37 til
93 ahead
117 perhaps
17 explicitly
43 clg
12 ankle
13 nexus
586 another
96 thousands
76 finish
12 masses
44 bear
17 multiplayer
33 strongly
63 load
29 birds
12 expand
34 computers
12 batch
28 stealing
806 use
101 14
16 oppose
23 shopping
13 engaging
61 ideas
15 ethnic
14 merit
13 theories
23 rejected
11 accounted
18 utter
13 gop
20 length
42 function
21 broadcast
14 scorpion
59 filled
33 exchange
56 silly
60 systems
15 incapable
16 mining
15 nerves
34 wise
712 probably
100 haha
23 figures
13 gifts
11 governor
11 greek
19 stereotypes
13 performing
30 deck
30 fails
100 posted
16 applications
74 window
11 selfesteem
355 sometimes
16 crucial
265 usually
1668 been
49 vision
29 fixing
16 widespread
2728 who
2423 're
32 dunno
17 rushed
33 payment
38 ad
140 extra
23 examine
69 hi
277 kill
148 blood
14554 is
14 chamber
14 kings
175 itself
38 regularly
60 matters
16 bench
32 rolling
21 ripped
13 toast
20 complexity
31 ve
11 pew
281 hell
16 regulated
34 continues
34 bush
16 nasa
38 badly
16 hydra
35 offers
14 outdoor
13 ft
17 mormont
14 drown
249 half
59 21
2037 then
64 particularly
14 brazil
16 screenshot
13 outrage
190 type
26 idk
83 helping
36 purchase
17 automatic
15 mustang
44 kevin
177 list
16 doublelift
13 min
11 idiotic
81 theory
120 listen
658 getting
11 sentenced
15 contain
19 infant
83 millions
77 travel
107 popular
39 trees
1887 gt
113 multiple
127 respect
11 courses
18 jumps
38 lies
34 programs
20 merchant
15 officially
26 memories
62 families
808 amp
16 fnc
18 superbiiz
45 goals
19 pray
19 spring
15 peanut
152 average
24 opens
38 appropriate
20 richard
13 grabbing
14 regime
26 terribly
12 instinct
41 campaign
19 financially
27 profits
13 observation
15 squad
56 besides
45 yesterday
6453 be
38 views
12 predictable
305 entire
40 develop
12 ignores
15 gangs
11 balon
204 super
4455 at
16 cersei
1638 go
53 smoke
16 explosion
132 personally
11 prostitution
40 fingers
12 hats
46 germany
25 forcing
263 police
12 reflection
11 reminding
14 mortgage
15 judged
67 illegal
22 kitten
14 pierre
73 join
30 inch
43 murder
32 dump
17 desperately
72 bathroom
20 discounts
20 admins
13 weaker
28 tied
11 ideals
28 reduced
24 committee
13 planes
17 scientist
19 6th
30 arguing
19 filthy
341 nice
109 negative
233 experience
63 file
43 1000
11 compression
750 anything
43 laughing
12 humble
53 finger
52 cute
19 meters
22 970
130 joke
17 mercury
16 damaged
19 studied
11 verbal
323 government
12 1984
18 farmer
16 jumped
240 stupid
150 stand
45 respond
32 cloud
175 within
124 paying
15 cue
81 gaming
12 courtesy
118 king
43 primary
11 ketchup
23 replacement
255 possible
44 breath
23 solely
16 crossed
240 whatever
91 apart
146 except
22 pile
15 liberals
221 himself
18 slower
68 winning
20 prom
25 silent
11 component
15 roger
26 initially
49 wind
93 interest
16 buzz
15 ray
174 brother
13 lasts
13 smiling
15 delusional
32 insult
74 learning
19 candidates
13 adjustment
53 sanders
30 merely
13 teller
23 relations
11 hibachi
17 kyle
19 document
81 balls
11 freed
21 guardian
62 effective
17 mechanical
13 'i
18 liar
151 weight
21 excuses
28 details
23 handful
25 aim
41 russian
53 reference
19 breast
406 myself
19 politicians
37 mechanics
11 proportion
192 certain
24 3d
11 ongoing
16 dismiss
20 precious
27 hook
464 reason
55 tower
72 nor
14 proposed
371 days
12 cliff
67 messagecompose
56 yea
15 screams
11 painted
19 beef
11 visibly
55 decades
85 cancer
19 dentist
51 standards
12 dot
34 location
14 locals
96 attack
15 fishing
130 pass
11 insisting
17 representative
13 egypt
117 culture
35 amazon
16 streaming
27 shall
19 boxes
30 heaven
16 reviews
12 divide
21 persons
65 younger
31 ford
45 stats
88 expensive
35 task
28 feeding
11 draenor
64 alcohol
36 planning
23 shiny
61 user
36 bread
15 tune
77 ten
60 roll
21 rand
32 records
14 mentioning
15 et
23 wet
36 riding
154 cat
34 burden
161 baby
14 chemistry
19 regions
11 46
54 billion
309 working
26 reliable
16 glove
12 guardians
89 box
18 tesla
11 le
30 wrestling
13 bio
99 bank
48 32
20 belt
44 heat
38 presence
29 vacuum
37 corporations
11 goat
18 weigh
11 eternal
11 iirc
16 scout
17 lawn
26 letters
18 dragons
15 trials
34 exception
20 woods
32 measure
19 cortex
76 cheap
203 hey
82 target
15 thursday
189 seeing
46 motherboard
36 license
29 handled
12 obligated
21 baltimore
31 al
13 industrial
25 gg
47 yep
19 stalin
67 tears
109 gotten
127 fix
107 writing
18 resolution
390 idea
83 fell
27 reporting
47 deserves
77 rock
19 sucking
62 ban
22 lobby
109 lack
63 regret
73 areas
29 prepared
166 match
38 teachers
176 break
15 campus
393 stuff
50 geass
19 plate
39 chain
33 hobby
16 discussing
77 banned
29845 to
16 liking
16 armed
58 ultimately
511 less
11 duties
86 deep
25 native
15 frequency
35 reasoning
13 ladder
455 free
80 degree
78 remove
57 credit
26 behaviors
49 warning
98 john
95 decent
32 yo
43 owe
392 looking
37 bullet
15 elections
13 ssd
15 xmithie
108 assume
78 dating
36 described
275 open
13 noone
36 stress
15 chocolate
53 amounts
12 kittens
28 arc
11 genetics
74 spread
29 plant
211 played
142 brain
17 nurses
481 anyone
53 belief
15 ruining
560 trying
22 k
19 sweat
18 topics
77 awful
12 seattle
22 curry
15 upside
39 sugar
32 brown
27 roommate
47 solar
49 dealing
16 wwwyoutubecomplaylist
63 european
20 islamic
37 circle
22 peers
19 recall
15 guests
36 rough
14 watashi
89 becomes
16 champs
11 visual
28 importantly
1504 've
13 diagnosis
21 methods
329 face
15 surveillance
30 sweden
11 neglected
42 roughly
14 candle
24 leveling
18 lessons
37 conclusion
28 arrest
18 females
16 lesnar
70 advantage
31 pace
33 quot
12 implied
17 palace
18 temple
11 column
27 juice
13 ratio
68 global
71 board
98 wall
18 counting
13 basket
64 gas
13 splash
16 sum
54 russia
26 ticket
29 blowing
12 virtual
40 baseball
43997 the
19 thoroughly
20 answered
11 dominate
17 beaten
11 gradually
62 animal
23 kidding
212 information
18 ideal
213 player
11 joker
332 level
60 stock
151 shitty
47 ignorant
21 gang
20 clothing
100 mention
12 hulu
15 ultra
14 defence
717 1
12 sadness
13 frames
1009 ca
452 team
19 summary
14 mystery
55 c
54 cheaper
48 puts
31 ownership
12 interaction
16 bees
63 recent
123 race
43 trick
12 govt
29 punch
20 horror
13 protests
5366 if
239 college
12 perfection
42 budget
13 swallow
27 heal
16 camping
46 mike
45 jews
31 referring
12 rogers
58 schools
23 lmao
15 denmark
17 cynical
18 gtx
24 teens
15 accomplish
14 msrp
24 flaws
16 pie
19 updated
11 themes
94 test
18 anti
61 aside
11 firefox
140 certainly
12 jackson
41 evolution
23 shits
15 jupiter
26 dated
14 blamed
11 possibilities
412 s
21 flowers
13 squat
22 ben
33 carrying
19 ol
15 subsequent
40 salary
16 apps
14 improving
17 murray
54 staff
176 sound
23 slip
12 est
11 con
17 occasional
2376 has
13 expenses
11 85
226 felt
27 lifetime
16 rewatch
49 console
11 stubborn
17 combination
16 adoption
26 tail
92 laws
16 promises
83 increase
15 protocol
12 forged
56 lights
93 behavior
39 central
16 accessible
11 systemic
12 speeding
151 points
11 1999
16 whore
332 run
648 since
20 reset
22 offended
19 retarded
12 agreeing
11 democrat
12 typing
14 treasure
29 privilege
13 unwilling
18 sf
20 satan
86 cases
15 alcoholism
44 causing
20 dank
25 serving
40 anime
17 diarrhea
32 identify
24 mates
73 student
18 sin
35 boom
14 appreciated
12 supporters
14 delivered
17 unfortunate
11 blessing
1823 him
201 poor
197 interesting
25 graphics
14 ptsd
33 genuinely
50 suck
20 skilled
32 injuries
13 district
27 neighborhood
20 kiss
14 coke
15 misunderstanding
227 ass
19 elaborate
24 soap
23 fade
14 gathering
29 guides
102 lots
177 watching
198 lives
11 tooth
24 solutions
20 utterly
22 mayweather
363 wanted
14 paperwork
12 rhaegar
445 bit
24 threatening
17 frozen
14 sentiment
54 asks
199 age
53 answers
11 detroit
205 opinion
18 invading
12 bureaucracy
300 hours
25 agenda
12 opposing
55 moon
11 scaling
15 bizarre
12 suits
12 alt
46 muslim
144 further
699 though
37 rent
11 posters
28 comics
20 produced
28 applied
23 chips
4941 your
25 breathing
13 furries
19 fox
1269 well
166 r
247 line
11 implement
21 110
32 servers
17 fries
14 breeding
11 shitlord
19 denial
14 revealed
28 lovely
45 island
53 falling
20 butter
25 halfway
29 believes
18 overseas
23 climb
68 project
105 holy
33 passion
179 weeks
14 attorney
25 painting
33 tight
95 cold
1151 things
11 towels
76 13
14 gallon
11 perk
12 dealers
21 consensus
14 immigration
32 bridge
88 grow
63 breaking
19 seeds
11 jordan
13 graduating
28 hlen
28 pays
24 basement
44 provided
44 interests
11 reducing
11 fiber
26 champion
13 seats
17 blanket
42 yelling
19 san
18 actors
37 minor
39 variety
11 absence
30 backwards
19 certified
28 incorrect
171 short
39 launch
17 labeled
12 gaza
34 description
21 cared
31 downvote
13 intervention
31 realizing
37 climate
178 hold
749 year
17 commandant
23 spoken
13 trains
349 yet
13 permission
77 security
406 read
15 fifth
18 exposure
24 processor
11 supra
18 ashamed
25 ed
16 broad
14 reduces
44 friendly
11 lined
19 stolen
55 moments
31 rip
99 regardless
18 rings
44 management
14634 in
104 majority
93 upset
18 restaurants
134 towards
18 salad
104 seconds
343 head
128 plan
18 attempting
750 pretty
17 practical
15 churches
28 inherently
34 fashion
757 man
13 worn
18 external
35 channel
11 conclusions
13 jaime
11 shakes
14 resistant
104 song
12 float
15 oregon
1612 see
28 favourite
24 spoke
11 rapists
56 shower
24 26
47 rage
30 compete
15 deaf
23 theirs
7929 this
19 completed
11 prohibition
20 reveal
11 opera
11 razor
15 detailed
53 tsm
75 herself
25 shitting
12 recovery
21 diagnosed
17 toes
15 fold
161 8
29 requests
26 pokemon
18 switched
33 reward
51 anxiety
11 custodial
38 recognize
90 movies
14 supportive
91 held
23 ny
46 screaming
103 losing
14 neutral
11 strangely
28 facing
113 random
11 '
45 disgusting
11 confinement
15 chick
11 urgot
23 judgement
15 brienne
514 reddit
85 stick
14 ours
25 israeli
28 trading
32 claimed
16 executive
106 responsible
5749 as
43 supporting
302 months
40 album
11 7th
45 shirt
17 authorities
16 punished
49 rarely
35 associated
22 pointless
16 paycheck
208 word
13 forgetting
23 bronze
11 md
90 text
30 command
34 alternative
17 korean
12 runner
779 sure
275 cool
22 albeit
1049 down
75 argue
67 surprised
28 sushi
46 happiness
212 works
25 latest
53 steal
86 coffee
32 omg
48 adults
523 making
30 joined
22 dicks
178 account
101 voice
14 minimal
166 weird
65 politics
167 city
26408 and
240 tried
771 ever
30 ellen
16 joining
76 false
22 burger
12 genetically
23 quest
65 conditions
20 chemical
95 aware
38 grown
17 throat
93 product
16 frank
57 shift
13 tags
22 traveling
20 searching
31 cousin
138 removed
20 deciding
13 obligation
20 civilian
35 trigger
189 strong
92 among
17 squirrel
210 asked
11 tragic
26 ammo
12 miller
15 meth
121 currently
12 juices
63 south
66 prefer
24 slap
16 estimated
20 jet
24 represent
20 peaceful
45 critical
20 affected
19 mindset
13 fiction
12 enters
40 math
107 minimum
12 steph
107 everybody
200 large
40 kinds
33 rebates
59 designed
79 picked
56 stone
14 esea
31 sets
325 country
22 newegg
11 ramsay
41 labor
70 holding
14 fuckers
15 shouting
11 du
600 different
13 01
75 trouble
12 caroline
341 human
13 hood
20 sauce
74 attempt
21 darkness
17 tolerated
11 tourist
337 seems
196 words
23 tradition
37 shoulder
15 confusion
13 emotion
17 joking
55 closer
474 real
3449 there
26 previously
22 papers
109 posts
31 attacked
19 motion
34 netflix
11 robbery
156 bullshit
1177 right
28 determined
16 gaddafi
28 witcher
18 inevitable
13 sioux
291 taking
20 bans
26 bell
1220 say
21 regards
35 intelligent
217 due
13 emissions
17 visited
76 sweet
13 attract
58 regarding
49 useless
83 mistake
99 goal
20 bin
11 tables
13 greed
11 collapsed
40 forgotten
154 gun
12 raises
12 clicking
16 jr
18 brains
14 transgender
21 affairs
24 rank
11 conner
12 biological
11 bottles
805 look
15 spite
21 rep
14 weakness
11 cdpr
14 leaning
26 walls
32 fuckin
24 franchise
49 racism
15 ironic
395 na
34 grocery
13 doctrine
12 dorm
24 dealt
122 risk
26 eight
17 consensual
30 danger
39 lay
11 aap
19 modified
4308 we
177 cause
113 forget
19 improvement
29 toy
19 organized
14 teaches
109 passed
36 weather
22 receiving
12 shelters
69 solid
11 qop
12 storytelling
20 loot
37 mix
12 tyler
117 helped
27 photos
14 conflicts
22 opponents
80 hopefully
38 opening
16 theft
27 grabbed
16 concentration
333 called
104 access
19 solved
34 ocean
13 2006
13 experts
13 recommended
112 term
12 woo
16 infected
240 war
76 dropped
89 treat
12 singing
33 saudi
11 patent
76 manager
66 guns
15 triumph
151 scene
19 warriors
48 shape
29 shaman
20 bullets
159 rape
62 gym
20 writers
13 tens
13 reporters
45 communication
75 secret
302 comment
65 crying
869 its
62 emotional
45 sexually
24 demon
23 combo
23 boost
12 quadcore
3928 people
42 earn
19 c9
11 unreasonable
13 nerd
12 bid
12 alliance
18 healing
41 refuse
22 delay
20 subtle
62 pants
52 fill
21 brave
81 suggest
100 caught
24 atmosphere
120 involved
17 reporter
14 disclosure
11 rinse
33 governments
18 disaster
30 comfort
16 hiv
34 cuz
28 dedicated
50 introduced
11 submitting
12 organs
25 ghost
27 auto
23 passive
21 settle
19 digging
32 appeal
54 mess
42 calm
18 fortunate
44 incredible
12 practices
53 scientific
68 failed
53 limited
33 plans
18 corporation
72 return
54 appreciate
14 offices
41 april
20 replies
114 jesus
39 cooler
23 label
30 percentage
12 deflated
14 fascinating
12 intellect
15 treaty
23 builds
43 fights
11 charities
113 windows
13 challenged
49 2015
11 essential
57 neither
11 penises
171 generally
21 friendship
24 pound
33 snow
16 stones
12 investors
13 blew
41 tries
23 successfully
47 french
35 suit
992 'd
11 thankful
19 logged
14 speaks
25 sells
17 complaints
58 sansa
19 appeared
57 developed
11 regulation
23 boots
49 teeth
12 layer
75 walked
30 grows
431 stop
41 camera
22 identical
14 documents
63 insane
198 learn
113 road
17 reform
26 empire
41 non
17 vulnerable
44 hated
43 japan
20 bully
32 pet
12 dylan
17 stance
15 shine
12 nutrition
42 casual
84 oil
32 encounter
11 restrictions
58 brady
44 values
35 hilarious
20 creep
19 discrimination
21 btc
28 knock
18 traded
107 unfortunately
14 alcoholic
22 skt
39 net
17 processes
159 actual
15 theres
15 canon
14 lasted
22 raising
24 epic
44 doctors
15 poke
12 sustain
31 victory
34 david
20 emails
51 bernie
1182 after
35 provides
50 obese
14 wasn
15 pearl
35 labour
20 outcomes
21 reads
16 kit
11 wreck
27 suicidal
143 ability
12 tendency
16 attend
27 memes
871 feel
16 56
31 increasing
56 smaller
77 dogs
46 depressed
1001 shit
11 stared
26 independent
94 science
86 saved
28 hill
22 employment
17 ironically
26 select
11 eyelashes
42 upgrade
151 force
1275 why
118 united
37 heavily
56 citizens
70 ie
110 share
12 mcdonald
113 version
56 35
13 demonstrate
157 known
64 pissed
12 c'mon
19 entry
38 funding
11 symbol
158 7
13 johnny
640 last
36 milk
769 guy
12 dumped
14 nailed
17 masters
17 risky
13 ideally
13 temp
170 turned
859 new
31 ladies
20 bbc
12 basics
12 180
132 terms
16 cab
45 maintain
15 writes
21 prepare
11 psychology
13 danish
15 bacteria
14 disability
14 bob
120 bought
12 ruled
34 duty
63 convinced
21 transition
12 vog
28 tall
158 wow
50 breaks
44 marijuana
47 birth
19 abused
27 smite
62 nope
233 finally
145 hurt
11 offline
15 attempted
15 yukko
28 gpu
48 worried
56 offered
20 animation
12 surrender
464 between
335 second
12 vary
28 cook
33 reached
33 ___
25 era
17 oppression
124 create
90 moderators
19 sheer
18 nsa
32 restaurant
35 seek
23 technological
21 tuesday
36 occur
21 perception
29 knee
14 dinosaurs
26 flow
25 waited
12 feces
13 scholar
100 created
24 apologize
78 career
32 episodes
16 rolled
84 becoming
14 cena
15 2004
312 hate
13 paragraph
13 nunnally
11 continent
147 ways
37 drinks
34 bias
23 ms
19 acceptance
32 yard
22 strikes
15 properties
81 arms
13 earning
41 blacks
24 clip
20 flags
32 originally
69 proud
17 trend
11 compliment
180 worked
24 england
32 blown
15 insults
96 harder
13 disproportionate
31 differences
14 ahq
63 loves
71 written
28 stopping
30 signs
25 checked
77 confused
13 ukip
13 stuffed
21 eastern
696 money
25 capacity
16 resubmit
19 firm
40 discuss
33 knife
13 tagged
13 edt0400
28 panic
28 realistic
382 means
22 atm
17 formula
41 collection
33 controlled
34 guilty
45 tons
13 hateful
63 dying
32 immediate
11 reject
16 professor
37 de
195 decided
25 barrier
35 blizzard
11 concerning
50 highest
24 holds
59 cant
46 thin
15 olds
139 beat
29 loan
17 acknowledge
12 shave
43 van
15 surprisingly
47 steps
17 recognized
14 predicted
18 whats
12 managing
366 watch
52 smoking
6621 they
35 crash
11 notices
16 notion
108 luck
353 goes
13 probable
12 phrases
93 legal
23 connected
104 parts
289 white
20 river
29 established
40 familiar
52 leg
12 residency
90 impact
51 surgery
27 profile
68 prevent
29 superior
12 heading
16 wire
134 follow
13 blatant
513 yes
13 providers
126 hot
12 iimgurcomsy9lvl4jpg
46 whom
18 transmission
23 societies
20 route
36 conservative
24 demands
31 possibility
122 im
77 chinese
34 excellent
70 record
12 affair
17 torn
14 syria
1059 work
26 lied
12 hung
479 start
26 nine
11 protein
96 purpose
13 aged
24 supreme
28 bayern
50 officers
41 circumcision
17 poll
11 justification
13 scope
18 gently
168 running
17 officials
14 nyc
31 australia
17 buildings
35 hiding
32 socialist
77 excuse
23 failing
20 fee
20 destiny
11 incoming
20 sharp
120 clean
11 cunts
53 17
150 teams
14 dried
115 driving
21 pregnancy
13 hamas
12 folk
25 downvotes
18 backup
109 girlfriend
30 marry
14 lore
20 underlying
34 criminals
14 creeps
16 defeated
34 republican
90 forever
13 fortunately
28 relax
13 located
21 teen
18 computing
18 july
45 sending
20 neat
93 fighting
11 hollywood
595 once
32 orange
4768 or
11 prisoners
59 raise
14 replying
30 rocket
41 sales
11 counselling
20 hunger
16 handling
14 payments
18 misery
79 double
15 stating
18 consideration
100 pressure
21 trips
29 fallen
14 shallow
66 cup
11 browse
28 operating
12 pg
16 conviction
80 president
190 imagine
12 simon
107 discussion
174 father
44 dota
56 fake
11 lake
16 tickets
30 safer
106 wonder
16 120
84 ya
23 affects
21 hersh
153 hour
120 continue
61 fantastic
54 trip
21 chosen
76 students
14 involves
44 platform
23 installed
189 low
14 profession
12 bracket
12 dev
25 skip
61 truck
18 premium
14 thomas
17 promotion
12 margin
174 eyes
16 nicely
78 60
17 glados
65 hits
24 electric
73 slightly
36 ate
65 professional
11 unrelated
19 suggestion
27 acts
237 relationship
12 meh
11 marrow
2623 she
39 george
202 chance
13 manly
12 politely
146 countries
16 pcpartpickercom
27 fields
59 proof
58 growing
12 dishes
88 16
106 mentioned
66 changing
14 sufficient
55 hole
89 feelings
1990 know
1348 over
76 fault
17 finance
202 seriously
27 capital
12 groceries
47 wealthy
27 hates
20 rely
15 survivors
14 ruins
11 capita
17 rockets
26 rose
245 ones
28 soda
11 novelty
23 unnecessary
41 therapy
475 problem
11 egg
18 stat
12 fighters
45 blah
11 translated
183 personal
19 marble
244 easy
13 wod
399 kids
16 coins
11 eli5
12 exploit
19 autism
27 soft
26 duck
37 crisis
52 sat
14 dense
14 vg
16 measured
27 tldr
30 carbon
24 arrived
23 damned
17 souls
86 uk
40 frankly
252 6
33 nasty
13 puck
59 guide
11 triple
402 car
31 generated
21 donor
18 flipped
11 generous
17 utility
16 strictly
20 walker
24 justified
12 criticizing
74 track
14 eager
18 diversity
14 chooses
23 brutal
11 deserved
22 faker
399 either
12 beneficial
32 nurse
21 flavor
19 chaos
25 hype
19 dorne
21 150
47 leading
27 fist
158 reasons
24 thumb
96 rich
42 narrative
12 spray
13 jacket
15 resulting
16 styles
86 debt
50 review
59 struggle
18 skull
348 mind
594 play
29 mail
14 tragedy
394 case
13 65
14 gm
15 pre
45 condition
20 reaching
13 fraud
59 piss
261 move
123 edit
29 dudes
11 abide
85 bottom
50 dirty
15 ambulance
26 safely
14 warfare
27 succeed
15 mc
12 ethical
55 patient
17 curse
17 canadians
18 scratch
12 nick
22 itt
167 dont
17 loser
12 boner
11 spawn
954 better
16 demons
19 applying
241 child
15 seal
62 adult
12 pronounced
29 react
20 collect
12 speeds
164 higher
12 wounds
86 hero
12 grandchildren
3946 what
20 daretocare
13 rehab
48 heads
40 heroes
2815 his
27 purely
14 stressful
14 mall
26 nonsense
35 unit
25 scream
52 hitting
51 active
55 arm
11 resume
300 leave
58 assuming
422 understand
21 vastly
15 ref
78 evil
12 shaming
40 signed
43 organization
13 rated
83 wearing
12 laughs
50 europa
32 frequently
470 show
13 racing
32 idiots
39 surface
1235 us
12 cotton
460 care
23 setup
14 preference
20 raw
108 response
12 halloween
113 loved
1778 could
15 entering
24 abortion
19 horde
37 typical
16 reverse
33 seven
122 changed
16 adjusted
72 reply
18 luxury
19 hospitals
29 stomach
41 shield
14 stepping
19 unions
21 afternoon
32 fps
45 equality
23 buried
59 mate
19 sticks
30 guarantee
15 drain
11 seth
20 gained
191 future
19 gains
20 toys
17 perks
15 downgrade
141 heart
106 knowledge
18 pulls
39 surprise
13 bible
14 rotation
28 teenage
21 spends
14 bud
15 fears
247 couple
14 lips
93 drug
11 flirting
155 earth
24 whilst
62 solution
56 useful
18 ego
27 hired
55 wing
18 poster
11 jeb
13 exclude
24 openly
29 infinite
18 routine
94 depression
63 stranger
72 essentially
108 suddenly
13 lastly
13 foremost
3334 when
11 filling
27 sea
183 society
24 nations
35 portion
77 therefore
15 scored
14 communist
22 protecting
11 ignite
13 interference
54 drama
112 turns
65 overall
34 veterans
11 innocence
11 chore
21 simultaneously
26 55
18 answering
45 kills
14 releasing
11 rs
61 selling
66 americans
16 democrats
294 sex
24 motherfucker
13 evolved
12 barrel
206 knows
37 begins
12 rack
74 speaking
12 oceans
11 pole
162 picture
11 simulation
318 rather
30 organizations
18 oral
15 monkeys
11 nasdaq
23 journey
724 again
193 spend
12 anecdotal
17 artists
34 queen
39 valid
20 ce
79 minute
18 mcnally
2358 time
249 hear
14 ninja
13 spells
12 sensei
18 roof
146 serious
39 sadly
54 accepted
15 flesh
57 23
308 woman
127 books
14 pesticides
84 style
18 convenient
208 30
15 powered
585 mean
14 divided
33 intent
36 1st
816 made
16 virgin
94 tank
1149 these
18 wound
24 holocaust
106 spiders
22 angle
19 smoked
51 factor
14 blocking
142 bed
29 pleasure
12 exams
329 full
62 sees
21 wheel
93 language
184 health
3088 an
31 pathetic
23 shortly
12 grabs
15 pills
409 gets
256 especially
22 guilt
18 eggs
14 dragged
51 horse
20 nails
11 jerry
1129 100000
18 division
11 worldview
28 accepting
17 violation
15 spoilers
15 minorities
47 attitude
14 rob
395 seen
13 translation
12 directory
19 bears
15 consoles
12 threaten
28 lightning
19 indicate
14 inferior
15 lip
30 hug
26 romantic
22 empathy
15 beans
52 seat
29 burned
17 90s
60 wars
35 shadow
1545 any
31 adc
242 simply
24 log
11 2001
22 trapped
87 bitch
41 equipment
247 control
13 printer
12 cm
11 tomb
224 worth
11 inclined
16 stack
19 print
218 ph
30 propaganda
17 visiting
54 feed
12 losses
43 linked
105 enemy
15 invite
16 straw
17 bands
42 justify
12 obsession
23 liquid
142 air
65 economy
22 stability
13 selected
18 ich
14 pissing
12 pros
282 huge
31 w
11 categories
20 administration
57 beginning
20 2010
11 spinning
30 occasionally
21 cage
172 pain
35 reported
24 scott
13 5k
232 die
2007 think
49 wild
11 taylor
19 models
117 mods
122 argument
66 touch
12 observed
21 lately
11 amirite
43 butt
98 accept
13 hiring
54 actively
38 gif
33 crimes
92 regular
137 piece
192 area
117 morning
145 news
28 irrelevant
12 substantial
129 immediately
11 employer
13 minions
18 deeper
21 challenger
143 difficult
19 donations
14 thargoid
39 911
17 fap
15 sued
16 commentary
11 soccer
24 suggested
14 slaughter
76 e
13 introduction
43 pushed
40 customers
38 passing
16 miners
62 uncomfortable
19 stays
103 english
116 kinda
41 park
11 barbaric
152 position
17 harsh
67 tells
21 vash
12 spit
12 parenting
23 journalism
11 cdc
37 cutting
37 consistent
36 forgive
11 invention
23 submit
14 supposedly
160 sad
19 script
11 transplant
15 brock
11 toddler
1829 other
17 height
35 divorce
22 freaking
71 daily
38 display
60 blind
16 scheme
14 grip
32 pats
128 date
23 classified
29 melee
11 discipline
123 reading
16 infection
15 worldwide
26 walmart
20 recorded
50 east
489 saying
45 victims
14 satisfying
35 struggling
31 jack
19 fitting
29 scenes
49 pretend
23 schedule
15 alter
51 west
26 smooth
21 anytime
11 monero
13 mediocre
11 isp
18 unhappy
15 38
58 split
99 exist
19 repeatedly
24 pen
34 beating
11 squats
25 inflation
59 software
30 neighbors
66 videos
36 accidentally
12 occurs
38 bone
12 issued
172 price
14 participating
14 pig
22 kallen
52 century
13 mild
30 admitted
15 refuses
19 adam
14 halo
17 immigrants
32 28
37 3rd
22 screwed
11 forbid
18 drives
56 heavy
34 equally
77 tend
1884 than
11 occasion
18 bothered
12 parks
13 newer
17 boobs
39 opposed
187 online
16 pitch
14 fart
28 shipping
27 york
127 lt
14 frustration
33 statements
13 pit
31 slavery
48 growth
60 wanting
26 sentences
18 adds
16 daddy
15 mexican
12 edward
18 possession
39 afterwards
3105 get
28 granted
18 bots
24 importance
357 talk
137 special
87 standard
11 healthier
25 hachiman
714 bad
119 plus
29 basketball
14 korea
17 consciousness
11 moderately
71 former
1242 too
146 store
22 resource
17 shorter
16 vietnam
25 rice
18 intentional
28 queue
18 owning
30 subs
31 providing
16 ncix
15 sarcastic
21 sexy
322 10
25 habits
56 strength
64 p
25 economics
11 scotland
16 compassion
25 symptoms
32 ps4
93 fuel
55 app
133 fans
50 weed
13 fourth
14 irony
18 iverson
35 silence
19 creatures
11 titans
80 lets
23 vehicles
21 poop
69 bother
14 sounded
34 claiming
11 tops
65 concept
22 contracts
15 afghanistan
21 terrorist
14 bahamut
15 python
27 q
20 discussions
11 onions
18 pun
12 queens
21 scare
13 lawsuit
11 westeros
49 manage
11 harmless
11 geforce
13 responding
28 allies
20 signing
1118 someone
35 creating
133 correct
12 wildly
21 unexpected
16 panel
15 ward
96 claim
14 june
12 objectively
101 horrible
14 vet
20 finishing
15 newly
21 lyrics
67 battle
12 oatmeal
45 bringing
11 shields
44 expansion
54 yours
35 gift
67 prove
17 judgment
18 interactions
267 single
30 housing
27 ama
15 rumor
30 repair
13 rode
36 earned
70 acting
35 included
44 falls
224 light
31 assistance
42 experiment
30 largest
176 gay
940 two
30 reports
12 badge
210 pick
16 lee
147 fan
65 comfortable
52 attacks
13 athlete
15 360
103 europe
18 towns
101 energy
17 demographic
448 fact
22 naive
19 endless
188 15
160 choice
14 sli
27 smash
25 dungeons
34 feedback
158 favorite
43 battery
20 maker
42 everyday
55 covered
18 pistol
18 bitching
36 interview
83 showing
20 lean
11 impoverished
11 nicole
69 status
11 persona
61 survive
44 examples
92 considering
43 listening
129 easier
76 disagree
18 incidents
22 legitimately
15 apology
11 billy
14 claws
61 significant
14 skeptical
51 wonderful
12 couldnt
201 stay
12 dummy
11 ties
32 bowl
13 prevents
75 individual
32 gate
579 keep
13 sliding
54 jail
75 summer
38 features
34 accused
169 spent
13 ip
13 remembers
12 masculine
30 axe
26 seeking
1187 those
16 esports
24 versus
255 saw
11 diabetes
35 relative
18 joint
302 basically
53 visit
37 separate
29 committed
18 swim
30 africa
33 stars
15 meets
57 tomorrow
15 holiday
18 sing
14 bound
89 program
41 deaths
72 success
18 cigarettes
21 theater
17 un
67 clothes
18 gut
18 zombie
17 covering
29 existed
17 commenting
33 achieve
210 dead
15 gilding
26 mirror
25 arts
76 claims
18 dodge
13 contained
13 dictator
12 coat
87 crap
12 motive
19 wwe
28 manual
14 extensive
87 wear
35 steel
94 physical
14 ll
12 spots
72 cover
145 quickly
14 exploded
15 hardcore
20 dare
21 tongue
18 hr
15 guild
16 facility
148 current
19 foundation
49 imo
81 perfectly
171 build
11 placing
16 regulations
77 according
152 killed
11 complications
173 whether
47 accounts
34 storm
94 fully
13 parked
13 fridge
197 middle
20 spaces
35 logical
33 chip
14 unrealistic
18 returning
80 cash
17 controls
12 62
274 fine
62 wave
25 waves
13 precision
17 survival
37 youth
12 cheer
1095 years
13 latvian
22 800
11 burnt
150 value
54 typically
16 aoe
17 organ
18 hes
24 saturday
16 association
12 magically
15 wondered
14 clarify
14 hills
124 x
20 charging
1326 should
18 signals
29 row
103 final
22 teammates
12 ripping
162 common
32 drag
46 corporate
19 commitment
21 interact
16 125
27 determine
155 red
13 mountains
32 connect
392 told
178 american
13 discover
30 sucked
24 agency
482 live
298 true
20 pressing
18 hip
19 fracking
73 policy
25 devices
24 heh
33 laid
14 legion
6883 are
228 source
16 amongst
33 lebron
482 women
14 exposed
14 browsing
80 sources
474 please
29 confident
111 handle
81 humans
11 artificially
40 drivers
87 nature
9804 for
12 clippers
20 gild
120 knowing
25 scientists
11 crops
288 together
15 pressed
17 follows
183 shot
222 link
22 dlc
18 procedure
1036 take
17 elderly
34 feature
134 political
11 suspension
21 guards
11 daniel
14 password
70 depends
266 issue
15 towel
23 pics
28 bird
23 italian
71 welcome
30 enforcement
14 gmo
30 magazine
14 literal
46 enter
18 irrational
17 winterfell
13 caps
12 funded
13 antibiotics
28 surely
18 bare
11 offseason
30 objective
13 cracks
49 corner
25 enjoying
22 settings
13 visa
11 exhausted
34 exercise
29 terrified
109 perspective
21 frustrating
1321 back
17 approval
16 shaft
11 props
24 slave
18 grandparents
82 twice
40 dragon
21 sniper
68 master
13 battles
70 via
12 kidney
16 alleged
15 adequate
56 german
81 exact
12 testimony
119 biggest
15 lasting
11 refusing
13 sarah
21 balanced
66 leaves
17 imgur
14 mmr
19 jastremski
31 wash
14 tissue
18 category
23 objects
14 statistical
79 benefits
158 clearly
35 liberal
64 max
909 https
22 stark
12 jew
23 films
39 trained
23 slightest
29 constitution
11 disappeared
18 chrome
20 royal
372 came
40 pounds
12 inappropriate
38 wwwcrunchyflickscommovieavengersageofultron
31 shared
59 eu
443 left
55 poverty
12 priorities
28 suffered
28 gilded
24 um
91 required
11 bow
48 wide
181 content
16 protected
32 y
69 cop
97 carry
95 25
276 issues
17 bat
114 apparently
78 penis
11 sink
11 tolerance
20 raids
31 naked
34 viable
614 hard
13 roses
22 8gb
36 catholic
13 fury
13 sack
66 highly
44 mini
18 torrent
43 error
19 st
14 101
11 arrogant
73 button
33 pot
15 dany
942 am
12 promising
55 f
276 happen
20 units
16 theon
65 smart
38 flair
40 reduce
47 convince
321 says
49 experiences
18 selection
62 foot
44 instantly
198 sounds
103 tax
25 planned
1083 same
2811 by
51 couch
11 violations
11 joints
13 twin
35 jon
54 chose
2763 more
14 mentions
131 drink
86 officer
80 release
12 shade
89 afraid
29 farming
30 charges
11 surgeon
39 bonus
117 sister
13 ch
50 michael
17 funeral
13 wifi
13 donation
117 sell
62 distance
16 shifts
35 chair
17 meetings
18 entirety
104 private
99 understanding
15 cure
16 intimate
11 ios
27 slaves
27 twitch
28 elite
24 asian
35 confidence
12 gallons
28 unfair
26 morality
40 congress
39 golden
2067 were
11 deployed
16 rap
12 monkey
35 pride
40 fellow
26 honor
135 kept
371 black
19 latter
13 retire
47 cs
12 flame
17 promote
18 craft
14 narrow
11 laughable
42 enjoyed
69 present
18 hawks
22 applies
55 threads
83 update
21 imply
39 naturally
58 reasonable
343 support
14 alternate
44 plastic
12 nickname
22 expert
42 hockey
16 britain
13 adventure
13 mech
39 activity
16 spark
19 instances
17 troll
28 worlds
52 figured
20 sony
21 ships
34 nervous
301 must
12 struck
13 pregnancies
116 18
14 quotes
32 wipe
27 bright
19 principle
599 put
16 par
22 expense
13 followers
23 brick
176 obviously
33 driven
756 fucking
47 noise
46 didn
11 alabama
141 form
23 laying
15 hoped
15 wrapped
84 statement
68 map
134 50
11 flipping
51 sleeping
34 username
31 secure
31 grades
395 almost
56 hundreds
14 fundamentally
71 universe
14 therapist
14 stab
39 overweight
143 son
49 confirm
92 beer
66 role
19 lap
229 happens
27 matches
33 contribute
19 whine
37 produce
11 orgasm
19 valve
71 contract
11 baking
32 frame
16 neis
17 shed
12 manufacturers
159 evidence
1174 off
21 magical
11 disrespectful
22 southern
19 johnson
11 potatoes
25 maximum
59 re
50 permanent
70 built
18 atheist
173 subreddit
128 rate
13 ruling
16 avoiding
16 adopt
34 stood
91 deserve
24 asleep
4726 just
61 center
13 drastically
13 myth
35 fed
11 illusion
41 locked
17 formed
53 federal
26 nuts
44 favor
30 spirit
50 western
145 title
26 xd
18 accent
17 exceptions
11 dose
28 creepy
1680 being
16 wouldnt
133 sit
15 youre
55 flying
16 baked
43 flat
165 feeling
33 rush
32 bugs
39 confirmed
43 2nd
12 laundry
160 hands
169 tv
17 tap
14 principal
27 robert
16 sheet
18 spacex
36 empty
19 forum
11 adrian
18 rolls
15 3000
13 guidelines
50 draw
11 pleasant
19 slight
16 aka
12 dads
86 obvious
97 mental
76 ice
19 whites
117 sent
18 radical
11 loudly
11 prevented
20 gloves
11 belly
11 sensitivity
13 denying
42 kicked
38 agreement
587 such
33 riot
85 machine
15 rvideos
12 viewing
71 pm
25 vault
12 arena
23 progressive
15 leak
20 lbs
18 lassiz
14 forgiven
35 radio
13 reload
51 compare
45 storage
25 explore
120 nbsp
126 blue
26 practically
13 terror
61 generation
57 talent
12 grrm
30 upvotes
12 messy
15 coil
13 hail
11 adorable
21 soviet
19 happily
12 adapt
77 lie
14 longest
232 players
12 rescue
21 beats
20 republicans
16 asses
176 lose
27 fantasy
108 possibly
18 foul
18 247
15 skinny
68 cheater
13 enjoys
39 christmas
102 begin
11 satisfaction
41 drawing
31 dc
19 remembered
40 lock
18 rares
183 walk
17 bearing
381 found
22 entered
14 patrick
11 wiped
20 passionate
130 none
25 conservatives
33 cunt
11 365
34 shake
11 earthquake
127 population
16 inches
17 virus
47 armor
29 silver
33 kitchen
591 having
11 stigma
17 boot
454 guys
252 dog
52 coach
51 bro
12 henderson
1291 got
29 genuine
20 corrupt
29 bedroom
14 homophobic
22 painful
43 device
33 pr
23 savings
13 assembly
14 toss
17 intend
14 lifted
131 computer
11 58
14 wished
465 wrong
137 calling
35 temporary
84 drugs
14 visible
45 progress
43 cycle
12 mouths
34 miserable
113 massive
18 buddies
26 pao
13 comcast
5497 he
12 wizard
22 libya
177 contact
12 populations
17 identified
18 criticize
27 brief
14 islands
35 object
19 colts
14 prophet
15 wheels
22 va
11 cocky
19 loaded
17 muscles
12 mao
333 happened
76 shoot
47 ring
29 developer
44 teaching
254 literally
32 hammer
1914 only
25 published
36 cream
13 lewis
26 meme
76 missing
100 happening
40 limit
16 overwhelming
11 striking
11 creative
15 tacos
84 legs
16 foster
169 above
30 forms
327 took
91 racist
52 v
19 actor
16 unclear
31 toxic
24 fewer
22 wood
13 helmet
24 delicious
21 meaningful
20 mothers
91 range
394 top
24 needing
65 forgot
331 food
16 virtually
40 dress
25 returned
20 usage
653 nothing
1465 which
31 nightmare
11 hops
106 trade
19 jimmy
61 info
283 op
47 disappointed
25 evening
437 change
32 bandit
4921 so
13 mines
11 pension
16 lcs
15 ap
27 artificial
24 cock
17 brush
129 article
11 satisfy
15 parallel
262 become
13 sensible
11 incompatible
26 confusing
68 raised
41 bored
31 carried
108 wage
96 thats
3911 me
89 daughter
56 scared
82 fairly
41 bars
34 complaining
18 quo
42 clinton
14 linda
38 consent
60 pieces
13 vague
15 television
18 onion
66 army
26 sandwich
22 dirt
11 login
14 wilson
15 rapidly
11 wizards
16 ugh
23 expectations
19 donated
29 partners
236 door
16 steak
23 sisters
14 etheric
25 senior
353 comes
3386 from
119 throw
14 rumble
17 ipad
26 theme
57 waste
1534 here
66 sold
95 partner
668 deleted
11 expanding
43 leaders
22 universal
24 regard
12 alternatively
33 picks
40 goods
21 nhl
11 jam
217 absolutely
27 cooking
11 lottery
103 leaving
59 dream
13 commander
18 rating
55 require
112 episode
13 sixth
23 amd
12 jita
15 targets
39 garbage
29 conference
30 bodies
14 boston
11 universities
16 intention
39 ill
29 attached
39 innocent
291 buy
165 step
14 assumptions
11 southerners
53 arguments
70 gain
71 shame
232 coming
39 childhood
87 animals
641 come
11 beside
11 choke
533 until
48 goddamn
21 cigarette
15 guest
63 catch
50 mode
125 although
116 land
56 usa
24 files
169 states
37 france
60 batman
14 sexuality
105 basic
52 increased
38 tanks
148 specific
109 potential
26 assumed
11 pending
11 jamie
15 agrees
14 exclusively
11 corn
1570 much
248 dad
23 mature
13 grace
40 pulling
147 major
40 10000
92 zero
36 deny
46 solo
57 concerned
12 privately
19 yards
12 begging
129 market
19 string
70 linux
11 pill
188 needed
3293 one
82 star
16 technologies
18 shoe
42 picking
15 satisfied
105 hair
27 rapist
24 em
554 maybe
1309 something
18 chief
52 leads
19 rising
96 round
11 gank
11 cries
12 quitting
13 100k
115 view
214 season
97 sub
15 permanently
12 comedy
12 joins
13 memorial
12 georgia
22 saves
22 principles
22 fabio
32 includes
37 desire
23 exotic
90 court
19 wore
22 quarter
31 cc
12 koala
19 petty
36 improved
12 precisely
14 concepts
15 marbles
14 gays
17 studio
28 dressed
13 returns
11 contents
15 wheelchair
16 600
378 system
17 courage
18 magazines
14 camaro
89 sexual
19 march
56 apple
14 backing
45 opened
105 football
11 specs
15 loads
17 mutual
38 rid
19 invited
76 supply
75 uses
23 treating
11 apologies
49 conflict
11 natives
13 shotgun
12 woah
12 difficulties
19 faced
13 domain
70 club
24 seemingly
18 sample
16 pdf
243 given
300 turn
19 bacon
18 tends
60 direction
12 bay
16 subjects
25 bloody
14 channels
34 wont
23 dates
38 ads
130 truly
636 find
12 committing
1997 even
25 dear
28 skins
16 fool
15 salty
15 unsafe
14 sane
19 civilization
76 weapon
21 cheat
164 main
16 capture
252 knew
26 adopted
21 developers
1100 thing
18 mph
17 lacking
1194 'll
40 wages
112 consider
7618 was
15 libyan
45 section
15 bruce
22 democratic
15 chef
11 gandhi
38 allowing
21 terminal
11 dominant
51 appear
233 body
22 whereas
96 moving
15 explode
12 inherent
42 item
106 lived
36 worker
22 nail
11 guilds
548 big
28 makeup
17 academic
11 laning
46 appears
11 tyrion
15 viewed
18 champ
15 messi
74 scale
40 wealth
20 professionals
12 1980
24 package
14 rooster
51 receive
99 directly
20 mandatory
15 rail
27 carries
131 brought
32 cleaning
80 related
28 stores
18 icon
962 actually
113 companies
408 call
18 advertising
18 weekly
585 away
16 reflect
66 cry
20 scum
17 knocking
12 teenagers
11 swore
15 errors
14 researchers
25 aa
29 tone
25 anger
12 negligible
16 tested
72 youtube
498 next
16 orcs
33 phrase
361 night
123 street
19 coal
11 knives
134 fucked
74 rates
167 fire
13 codes
30 germans
17 lame
15 loans
47 tip
14 dependent
29 dropping
152 paid
293 kid
97 crime
105 actions
16 questioning
12 pope
13 poland
74 various
14 pushes
41 indeed
17 motivated
42 tonight
198 funny
17 gaining
21 bf
104 bill
14 floors
102 incredibly
12 violate
12 philadelphia
21 coverage
33 mission
47 mobile
406 god
24 infrastructure
67 somewhat
24 deliver
419 already
14 1010
18 increasingly
11 regional
39 acid
15 highschool
102 starting
45 shots
99 ride
41 toward
306 water
42 destroy
11 arbitration
14 conduct
13 compound
26 wine
25 fetish
18 gray
72 tired
22 navy
14 junior
12 beforehand
223 answer
11 unpleasant
12 jeans
12 figuring
1119 day
64 equal
15 remained
72 cpu
69 classes
35 ignored
22 exploring
14 grenades
18 sober
13 meals
29 passes
459 5
44 largely
17 submitted
108 worry
11 radar
38 hurts
41 accurate
26 graduated
14 repeated
209 problems
17 lesbian
109 dollars
308 looks
17 favorites
12 dominance
25 italy
24 attracted
21 destruction
18 connections
20 sole
24 la
14 monsanto
15 asami
14 concluded
47 species
39 bang
16 36
18 greece
14 decoy
11 fascism
52 pro
17 cow
46 continued
38 powers
12 bulk
113 figure
12 hooked
93 blame
66 plays
41 shock
16 buffs
17 remotely
15 palestinian
11 dispatch
39 yup
217 worse
77 server
11 cheering
1124 life
122 fall
18 worrying
11 poking
78 canada
11 hearts
17 assistant
19 drill
17 flies
41 beast
28 elected
141 terrible
29 hanging
21 russians
22 shout
12 mario
14 damaging
21 headed
84 natural
16 robot
34 tear
12 slit
499 post
18 iii
12 punched
48 feminist
35 combined
164 add
18 pleased
5007 ''
18 4th
11 finale
12 lga1150
160 league
74 peace
14 daughters
35 wedding
19 rod
19 mins
542 went
774 2
11 vocal
19 cds
30 temperature
53 idiot
68 dangerous
89 depending
441 instead
292 d
26 warlock
284 playing
13 shoved
21 2007
129 speak
11 ccp
295 needs
53 thousand
47 raid
17 jason
206 death
24 images
18 zones
11 bran
16 smarter
13 jury
64 o
503 done
18 fathers
16 irl
18 monsters
16 royals
13 rainbow
47 thrown
106 starts
85 church
19 ive
108 cars
78 alive
71 studies
29 2012
27 ram
26 mentality
34 download
12 giants
48 throwing
28 encourage
25 dig
26 siblings
26 intentions
12 sting
11 smiles
12 cope
17 nonexistent
104 beautiful
18 monte
22 massively
25 aids
34 potentially
11 producing
41 incident
125 religion
12 vaping
54 folks
121 office
30 joy
11 infinitely
104 stopped
55 british
12 akin
15 proceed
11 preventing
21 tie
16 stereotype
53 cares
50 chest
11 addicts
14 compelling
11 leo
65 reaction
18 october
46 dinner
15 desired
13 immoral
319 three
65 keeps
13 horny
34 zone
75 victim
21 bleeding
18 rebels
271 fun
24 disorder
13 accountable
27 neighbor
114 eating
24 alarm
37 emotionally
15 assumes
85 doctor
255 group
12 agent
220 moment
12 realization
70 topic
121 dick
84 forced
11 genes
22 difficulty
15 swords
18 journal
22 furthermore
30 crack
11 precise
47 guard
19 leadership
191 general
25 jones
42 bills
13 ma
14 banana
50 awkward
25 loyal
29 operation
73 costs
43 camp
33 checks
13 interpretation
2458 how
56 bike
190 sort
105 bot
68 levels
54 earlier
58 ex
30 default
64 boyfriend
15 settled
223 win
11 proving
12 mobs
11 dwight
65 image
11 hotter
156 bunch
25 n
35 ugly
12 requested
39 protection
39 solve
12 destructive
172 amazing
151 result
53 path
32 sacrifice
3382 out
18 clutch
25 illness
21 ult
82 posting
68 block
130 meet
11 confirmation
506 oh
221 wants
15 zach
76 keeping
11 throne
12 betrayed
14 rocks
35 tool
12 strict
17 preferred
33 voted
17 octane
19 nsfw
94 calls
61 nation
91 context
28 intentionally
109 fit
15 pyramid
767 few
11 resort
12 monopoly
16 pistols
24 iw
24 chill
32 vacation
39 nose
54 giant
93 below
28 tom
32 holes
31 thankfully
338 small
165 several
16 accomplished
30 bottle
70 industry
37 usual
91 impossible
18 whatsoever
141 crazy
38 christians
12 fdl
11 seed
34 os
11 villain
36 resistance
21 mob
346 games
29 hunt
16 chin
28 lift
93 moved
20 sjw
346 ask
28 xbox
320 girl
59 demand
324 matter
235 thread
63 israel
12 enjoyable
13 brian
110 forward
37 drops
14 locking
414 etc
24 grind
1627 make
13 amtrak
83 anywhere
92 positive
53 remain
31 engineering
19 robin
36 competition
19 worthless
17 yourselves
12 ooh
85 performed
61 planet
56 switch
370 friend
22 exit
21 subjective
22 prince
68 talked
35 challenge
21 factory
22 strike
85 wake
47 pointed
29 similarly
16 overload
83 cards
18 fundamental
14 hikki
13 shaped
37 warm
32 educated
22 legislation
30 qb
85 drinking
18 newspaper
41 drove
25 handed
18 spell
74 dumb
152 gives
12 reginald
49 plane
12 terrorism
15 nhs
71 greatest
14 anus
43 explanation
15 bucket
17 palestinians
20 desperate
18 upgraded
24 worship
30 hunting
12 ufos
71 groundhog
14 throws
99 cops
16 tactic
42 california
18 versions
23 dl
32 soldiers
628 try
479 times
1578 good
21 tim
20 youtubeky1w0e_4n_0
14 changetip
11 commands
14 tossed
13 wishing
117 effect
50 james
11 trades
33 33
310 guess
40 pussy
14 condoms
93 justice
90 decision
14 iran
20 aid
15 dual
31 twitter
18 movements
45 circlejerk
23 arabia
119 fear
12 stepped
55 excited
12 robots
203 mother
33 sake
51 believed
82 broke
26 hating
186 series
23 bitter
17 drew
17 equation
21 hmm
21 patriot
21 danielle
24 guaranteed
19 shares
70 lying
27 setting
450 believe
28 embarrassed
34 nights
101 report
12 golf
47 audience
54 constant
238 past
24 closest
16 scores
140 drop
20 sue
32 plants
1603 want
28 nearby
29 proven
11 influenced
24 grandma
14 sidebar
14 asians
727 little
367 remember
17 micro
122 became
38 uh
20 beers
45 22
41 cap
18 charlie
321 question
52 shown
563 tell
18 recording
32 commercial
31 unable
139 straight
16 copies
78 finding
84 charge
15 trap
12 firearm
98 include
17362 you
18 anonymous
14 ceiling
191 enjoy
14 sits
290 deal
119 dark
16 courts
36 democracy
18 complaint
2632 will
95 asshole
33 corruption
15 immune
28 breathe
32 2011
18 nicotine
52 extreme
20 arrive
68 submission
355 wo
72 complex
17 rick
38 currency
27 motivation
480 each
107 modern
58 fixed
16 cocaine
59 turning
12 64
170 fast
187 military
28 billions
30 absurd
20 grandfather
69 definition
52 attractive
86 skills
40 monitor
17 timing
11 homosexual
27 hardest
29 fnatic
175 damage
38 fresh
12 greatly
65 relationships
12 designs
12 tab
16 cookies
17 beard
24 bones
7310 on
12 accountability
25 cents
18 moderation
22 sale
18 occupy
12 measuring
12 pirates
19 tastes
75 benefit
15 wherever
12 punishing
83 thus
25 2008
77 development
31 arrested
11 wrath
18 g
24 mixed
20 application
71 relatively
16 bounty
21 vanilla
13 rooted
24 voters
37 candy
516 kind
19 priority
68 decisions
17 maintaining
91 items
109 self
31 patch
18 foreskin
24 fees
37 machines
22 listened
218 young
22 wiki
11 hosting
36 competitive
2273 did
19 defending
11 cheapest
19 iphone
13 pacific
111 floor
651 without
139 card
47 traffic
82 violence
13 realistically
16 pause
13 remote
14 700
315 parents
70 opportunity
11 quake
11 sponsor
177 similar
206 fat
52 tree
19 productive
12 weirdest
24 firing
112 particular
11 distract
17 desktop
41 sorts
88 technology
19 mary
17 unfavorable
27 landing
11 dolphins
125 four
71 brand
102 beyond
35 efficient
18 grill
69 spaghetti
30 union
24 behaviour
128 lead
17 introduce
129 rule
61 smell
20 bitches
28 obesity
17 relate
46 bug
11 casualties
22 cups
21 gameplay
52 cultural
715 let
16 dope
17 harassment
24 abusing
12 fulfill
38 placed
56 saving
327 video
17 opposition
88 memory
6772 but
12 ascend
76 missed
41 significantly
27 county
552 part
82 training
19 norm
13 puke
19 qualified
76 thoughts
11 kindly
32 consistently
40 policies
28 statistics
146 music
35 forces
11 unemployment
17 voidboys
20 cone
21 survived
15 koalas
26 graduate
21 closing
11 unpopular
13 fork
44 revolution
17 wikipedia
19 arbitrary
18 stare
47 influence
51 ship
113 research
19 peak
21 choosing
54 protect
95 weapons
48 swear
3379 up
22 headline
14 cashier
30 beauty
43 atx
25 positions
12 exhaust
12 licence
84 wrote
11 47
112 nearly
86 plenty
49 technically
112 boy
21 lb
17 roads
11 vpn
23 31
32 meanwhile
136 vs
26 pee
178 soon
56 combat
454 home
25 indian
26 goodell
51 steve
91 bar
662 love
12 shops
319 others
11 shelf
23 backed
14 priest
20 gentle
169 shows
73 faster
70 admit
44 assholes
12 beg
66 nuclear
13 homework
200 outside
291 hand
15 spain
35 manner
29 keyboard
24 bolt
42 dance
74 necessary
13 subway
11 taxi
38 rounds
30 gf
16 insecure
1459 going
67 website
36 score
161 realize
91 google
35 reminds
11 chickens
53 sir
21 jets
27 extended
17 disappear
16 desert
46 region
34 pula
19 encouraged
93 entirely
39 tips
17 repost
110 write
11 optimistic
11 helpless
16 princess
19 pls
12 cameras
29 whoever
58 moral
67 ah
157 tl
16 ireland
42 200
70 logic
42 subreddits
15 horrific
44 helpful
14 mexico
114 conversation
123 bet
12 harass
103 study
29 businesses
15 scissors
17 upvoted
35 equivalent
11 conquest
193 looked
14 decay
40 entitled
56 2000
48 pure
20 laser
11 spelling
21 popularity
54 tech
55 parent
19 favour
16 pve
33 microsoft
19 referred
114 send
18 addicted
266 class
17 inspired
27 kicking
40 analysis
11 implications
39 downvoted
44 dry
16 fucker
36 comic
21 detail
18 yukino
24 biased
13 focusing
38 comparison
21 someday
30 grand
16 lvl
35 dps
13 compensation
16 couples
91 ran
14 intellectual
12 stem
11 qi
100 paper
15 flew
25 teenager
30 pvp
761 best
53 fired
35 scenario
20 threats
46 brothers
27 instant
34 donate
101 numbers
171 month
58 unique
138 despite
21 extent
97 healthy
63 noticed
55 apartment
76 agreed
16 port
61 owner
17 psu
119 met
212 awesome
82 subject
32 intended
12 lfr
13 equipped
14 challenges
15 isolated
13 syndrome
27 pair
14 sexist
14 yell
12 electronic
13 pops
14 bout
24 washington
18 msi
112 building
19 socially
40 canadian
188 phone
32 repeat
17 4gb
15 ranged
280 themselves
32 desk
54 jokes
35 titan
13 arizona
18 pat
91 focus
76 ends
12 virtue
722 doing
54 draft
18 hahaha
