24 have$made
11 ask$her
11 and$live
12 to$force
29 more$about
21 are$pretty
21 so$yeah
11 was$okay
25 next$time
11 best$i
101 wants$to
43 it$into
29 was$really
62 that$and
36 an$entire
168 n't$think
177 do$not
13 and$things
49 go$out
42 makes$it
15 knew$what
18 is$gone
12 to$better
47 into$your
14 or$being
11 who$they
17 ''$she
13 was$taken
17 that$by
61 've$got
15 this$thing
19 so$do
23 to$date
16 subject$to
22 give$the
29 this$country
34 my$job
30 just$for
15 of$making
14 help$me
11 right$that
37 things$to
185 the$fact
11 king$'s
35 the$video
17 from$there
17 an$interesting
21 in$bed
59 a$real
13 by$now
15 be$okay
19 would$rather
142 what$if
33 how$long
40 but$no
46 the$actual
50 in$there
14 favor$of
25 know$a
24 the$church
26 amp$hlen
26 of$human
21 will$probably
12 ''$thing
14 standard$of
15 innocent$people
227 a$bit
14 opinion$on
16 but$never
13 this$particular
16 and$look
14 to$jail
15 job$is
34 feel$the
168 this$was
11 loved$ones
14 be$given
84 but$not
39 after$i
22 will$take
12 'm$getting
14 n't$always
12 saying$you
17 get$him
284 the$only
16 you$when
11 do$whatever
12 not$good
19 the$ending
12 reasons$why
12 reach$the
13 about$half
219 some$of
69 we$could
33 the$dark
17 n't$exist
83 that$has
67 may$have
40 relationship$with
25 as$fuck
14 a$date
12 right$of
34 not$what
62 years$and
18 understand$what
58 it$really
13 people$actually
20 why$he
70 if$your
23 she$wants
31 other$side
12 pain$and
16 not$go
14 imagine$a
16 day$when
16 now$this
26 the$store
21 go$home
14 everyone$was
16 and$support
26 that$said
22 through$this
38 me$with
32 two$years
35 use$a
13 of$others
123 is$what
38 it$may
26 love$the
36 be$used
17 also$if
44 after$that
34 ask$for
17 admit$that
11 will$likely
33 goes$on
19 pointed$out
48 can$go
12 can$try
18 he$then
11 same$amount
19 a$break
32 a$team
45 similar$to
12 to$spread
345 i$'d
51 needed$to
16 be$taken
19 if$anyone
23 told$you
70 do$is
13 also$not
12 things$they
23 am$so
19 a$stupid
24 rid$of
15 you$out
18 to$like
17 say$anything
1529 to$be
19 year$i
16 out$all
16 them$i
19 talked$to
30 went$through
15 and$stop
127 and$there
45 sex$with
15 a$first
28 the$article
34 of$water
290 had$a
14 should$go
13 be$all
71 as$if
92 think$you
17 much$for
36 love$to
11 25$years
24 a$regular
20 its$not
11 photo$of
12 sorry$to
81 me$i
19 have$enough
13 that$sounds
12 to$expect
103 even$though
54 everyone$else
11 forget$about
23 he$needs
12 now$if
14 feeling$of
16 a$common
40 who$were
90 a$way
15 's$to
11 my$mum
81 was$so
19 only$ever
18 your$dog
15 by$an
24 found$the
12 have$anything
34 only$be
35 if$not
51 's$my
42 are$being
21 point$out
16 or$an
24 down$in
21 to$raise
30 were$all
17 was$supposed
15 's$story
43 from$their
18 rate$of
19 late$to
20 knowing$that
14 next$morning
19 n't$fucking
232 they$do
23 thing$in
23 wife$and
72 me$the
11 merchant$http
11 when$this
13 was$something
109 and$so
183 as$i
27 the$light
20 agreed$to
22 the$national
60 majority$of
12 it$before
24 the$button
105 him$to
32 it$that
46 was$about
32 and$put
20 it$becomes
12 people$out
18 and$like
12 drinking$and
12 he$needed
11 proceeded$to
22 know$they
202 have$the
15 an$argument
11 need$help
12 were$so
52 n't$the
19 a$serious
17 stop$and
27 in$addition
16 his$son
34 know$about
19 up$from
36 you$must
13 nothing$and
13 many$years
20 shit$like
204 there$was
16 the$sub
12 we$made
24 best$for
21 the$check
96 was$going
13 to$develop
11 turn$around
13 2$months
35 known$as
60 the$face
16 and$suddenly
15 n't$live
19 the$couch
37 about$my
17 especially$the
15 stuff$and
16 i$give
11 prepare$for
22 follow$the
16 each$time
74 and$make
15 support$the
28 get$on
44 ''$to
107 so$they
18 not$see
11 it$wrong
11 support$and
17 desire$to
12 n't$bring
12 hear$that
13 many$many
19 they$see
17 i$turned
15 the$former
17 than$what
11 money$that
44 a$part
50 him$in
124 time$and
13 men$in
33 i$make
13 a$position
28 everyone$'s
45 the$number
26 and$while
34 some$kind
125 of$you
15 hard$and
12 thought$the
88 and$now
16 from$those
14 range$of
11 's$cool
11 was$around
52 to$support
18 thought$of
24 http$wwwyoutubecomwatch
14 attracted$to
37 in$america
19 and$from
14 while$she
11 be$here
12 i$fell
16 said$she
11 how$often
11 many$are
15 as$opposed
18 was$probably
11 a$computer
11 a$fact
19 can$actually
14 then$that
11 hand$in
24 advantage$of
11 to$waste
27 some$sort
14 they$thought
211 because$it
11 know$anything
19 of$women
11 the$nflpa
12 is$awesome
11 4$year
11 interesting$to
12 by$making
16 on$any
13 two$months
14 into$an
21 my$day
29 more$people
15 it$happens
20 is$literally
19 if$only
14 them$because
26 you$with
24 way$they
14 on$these
16 to$realize
16 work$but
223 has$been
20 lives$in
162 are$a
12 the$van
136 how$much
14 exactly$how
21 focused$on
512 when$i
17 the$warp
102 a$bunch
21 comment$on
11 he$makes
11 i$imagine
17 you$made
30 things$i
45 not$all
18 despite$the
37 things$are
40 the$books
110 you$just
21 show$that
11 lazy$and
186 from$a
11 groups$of
16 he$left
15 of$both
13 probably$would
73 your$own
16 the$effect
665 of$a
38 the$mods
47 to$fix
57 and$an
145 and$she
93 let$me
98 and$in
25 in$love
15 opposite$of
30 on$me
15 the$ocean
30 doing$so
14 threat$to
158 it$will
18 them$is
23 need$for
38 to$explain
11 days$later
26 just$get
193 be$the
53 since$i
33 the$question
17 not$knowing
30 since$you
21 had$my
30 opportunity$to
52 make$you
14 gt$there
13 the$course
307 's$the
67 come$to
33 work$on
19 mean$it
21 place$in
14 all$out
12 rules$and
16 means$you
17 several$times
71 are$all
15 these$issues
18 told$that
55 my$brother
16 but$let
25 i$finally
85 so$we
11 and$decided
16 guy$was
26 could$not
13 woman$is
25 to$everyone
54 is$because
15 me$just
46 my$family
31 n't$actually
23 you$ask
74 she$has
46 of$him
1070 and$i
13 they$like
25 work$at
18 is$never
113 tried$to
21 i$lost
13 hell$out
44 you$look
21 you$at
12 then$go
31 while$he
11 we$call
11 words$and
15 my$ex
19 do$all
15 can$and
28 the$king
11 much$but
121 that$would
24 i$even
13 will$become
36 chance$of
30 do$have
13 of$love
288 n't$know
11 did$to
32 within$a
11 is$able
21 fat$people
11 and$helped
37 have$done
11 room$to
21 said$to
19 here$in
77 going$on
32 should$not
11 any$kind
27 saw$a
21 it$more
28 the$year
19 help$them
286 kind$of
27 make$up
31 can$we
29 behind$the
51 i$always
141 make$a
28 ones$that
66 there$and
15 mother$and
28 of$mine
24 a$victim
27 you$fucking
11 how$well
22 i$put
55 it$did
14 be$about
13 from$someone
59 must$be
24 possible$to
139 of$these
17 the$1
103 got$a
12 kids$who
40 you$make
42 want$a
11 first$to
26 comes$from
37 in$public
11 of$5
20 the$child
297 into$the
12 good$news
12 her$out
29 afraid$of
11 up$this
29 to$school
20 get$better
31 of$getting
13 next$year
16 in$what
35 buy$a
14 the$sword
12 be$great
13 morning$and
15 n't$mind
322 to$see
48 it$or
26 to$improve
16 in$both
56 according$to
11 wait$and
12 the$importance
72 talk$to
27 you$live
16 with$every
18 near$the
11 would$want
45 responsible$for
18 of$different
16 are$and
12 committed$to
14 a$father
15 draft$year
22 so$and
11 go$by
34 's$got
12 country$and
16 myself$in
13 but$rather
35 this$as
24 money$for
11 just$does
74 would$you
11 relationship$between
16 her$but
63 the$money
28 a$specific
11 the$eye
12 always$the
36 too$many
21 they$made
62 money$and
14 who$actually
14 the$men
25 no$it
15 to$shit
18 that$stuff
60 what$to
13 for$2
11 later$on
14 have$access
36 or$that
12 own$business
63 how$they
18 be$with
14 are$as
28 a$dick
50 need$a
85 to$stop
16 could$find
22 and$again
18 day$you
13 mom$'s
35 and$got
103 tell$you
14 a$light
16 following$the
29 as$my
27 to$carry
81 not$have
20 a$higher
50 out$with
83 my$parents
160 when$he
16 say$he
26 on$in
13 an$eye
36 know$this
172 not$the
11 his$side
11 gave$her
14 home$to
23 it$made
48 come$back
17 feel$good
19 to$beat
22 take$this
22 tell$the
19 the$owner
239 if$they
13 hear$about
12 'd$been
11 worst$thing
26 take$your
21 a$personal
24 this$a
15 are$often
75 her$to
111 with$his
37 happen$to
84 'm$going
19 here$for
17 they$use
16 really$just
18 could$you
13 the$support
20 all$for
22 learn$how
43 list$of
15 playing$the
16 one$side
12 of$evidence
22 are$like
23 doing$a
41 half$of
57 for$his
14 she$ca
11 actually$do
28 that$night
16 my$whole
13 the$drug
11 's$fucking
15 later$that
12 a$particular
11 us$has
11 life$when
23 nice$to
15 be$to
11 hours$to
69 a$girl
25 as$your
19 to$want
678 want$to
14 your$neck
15 was$for
70 ''$i
16 them$so
26 is$too
24 until$it
91 the$case
266 are$n't
20 bottom$of
61 and$no
50 has$the
52 minimum$wage
16 shit$to
333 like$a
29 the$highest
30 so$this
19 a$similar
12 need$more
13 ten$years
15 be$made
11 game$for
14 nothing$in
27 there$will
11 people$did
16 i$play
137 i$mean
22 to$end
17 the$lights
12 is$often
13 someone$has
15 yes$the
11 the$north
12 'll$give
21 time$is
11 gta$v
30 the$matter
15 so$happy
59 not$like
11 especially$in
316 to$me
12 is$ridiculous
59 unless$you
17 woke$up
15 live$and
11 this$https
11 needing$to
26 few$minutes
14 where$is
46 can$have
49 be$an
24 are$on
77 got$to
14 found$it
22 's$worth
79 be$in
70 is$one
12 a$fat
33 're$all
36 it$works
51 's$still
17 a$solid
23 the$phone
178 you$ca
14 which$will
34 a$movie
13 did$what
12 doing$well
19 how$did
12 who$make
11 ever$done
23 make$sense
15 point$you
13 question$of
51 see$that
18 was$once
32 shit$out
14 on$those
21 an$extra
19 with$and
13 all$they
23 hope$that
83 every$time
24 but$with
112 then$you
13 you$turn
19 when$to
12 're$taking
14 very$nice
81 with$an
22 whether$or
35 thinking$about
99 my$mom
27 the$title
320 all$of
12 the$facts
53 ''$the
13 or$perhaps
13 're$on
14 were$like
20 that$that
11 the$less
21 college$and
33 just$be
12 do$people
25 maybe$it
20 take$that
18 all$he
11 me$this
21 something$in
11 got$into
16 already$have
13 all$three
63 see$it
16 they$feel
21 want$them
16 does$a
19 there$i
32 n't$tell
50 day$and
14 gt$do
25 enjoy$the
78 the$two
216 it$and
14 her$she
23 did$that
11 the$trigger
11 giving$me
12 are$used
188 https$wwwyoutubecomwatch
18 such$an
12 can$even
204 the$people
12 the$skin
16 and$therefore
15 they$only
21 start$with
17 he$goes
24 mom$and
84 long$as
21 to$hide
11 fight$the
11 own$and
21 the$start
12 to$sign
13 your$kid
14 this$woman
105 what$it
54 for$what
11 part$list
17 be$careful
14 harder$than
107 those$who
17 food$and
102 i$still
32 to$care
11 i$laughed
14 perfectly$fine
38 anyone$who
46 that$do
38 difference$between
12 a$sad
26 's$some
18 we$still
27 a$look
15 just$another
29 you$use
21 the$environment
11 have$so
18 some$gold
69 at$me
40 are$more
29 i$tell
49 to$some
165 their$own
11 them$down
35 in$here
30 to$any
13 says$i
16 the$true
23 the$manager
15 with$being
14 etc$and
12 enough$money
30 ago$and
14 refuses$to
18 at$once
310 can$be
21 in$line
75 type$of
11 kill$you
15 little$to
11 yes$you
11 if$everyone
12 the$open
60 down$and
24 community$and
12 thing$with
23 or$any
14 i$saved
40 but$as
27 now$is
52 a$chance
22 of$food
18 lt$lt
23 so$now
26 her$that
20 or$they
12 you$enjoy
16 knew$i
21 the$perfect
170 the$whole
39 to$accept
19 reddit$and
12 to$face
445 there$is
13 her$friends
24 for$many
17 how$are
38 was$also
108 did$not
11 would$come
88 and$more
46 i$told
11 goes$back
12 middle$school
32 feel$bad
21 the$speed
104 to$come
13 still$get
81 for$that
38 will$always
47 my$mind
20 other$day
35 does$that
32 the$area
13 for$myself
13 pretty$damn
16 not$getting
16 'm$an
16 about$an
20 have$just
32 result$of
14 which$can
15 where$'s
15 familiar$with
21 a$special
19 a$decade
13 but$have
39 's$more
36 have$more
11 a$hot
12 again$this
11 down$from
13 a$minimum
65 do$i
11 came$here
15 enjoy$it
14 the$film
11 our$family
17 through$your
22 the$driver
11 great$for
16 is$over
21 real$life
12 a$turn
37 as$for
21 every$year
12 different$and
26 upset$about
12 for$things
22 only$reason
40 people$with
13 put$into
21 mean$to
19 face$and
14 yes$we
24 why$would
64 until$i
13 and$money
28 you$find
155 in$his
41 us$and
17 your$money
19 put$my
12 of$months
26 him$the
28 but$your
13 going$into
39 so$she
12 had$gotten
30 be$very
174 time$to
15 the$short
12 you$don
11 the$reddit
17 to$bed
13 with$more
13 the$trash
27 together$and
17 any$way
12 a$website
11 born$and
11 between$a
26 the$vast
22 you$never
13 help$and
29 you$as
12 off$his
23 the$early
17 these$two
16 is$making
171 into$a
29 working$on
344 i$did
14 product$of
16 do$some
25 out$how
73 makes$me
12 apart$from
128 he$did
56 so$if
42 a$more
26 guy$and
24 to$death
29 things$and
28 time$on
186 at$all
12 an$idea
31 disagree$with
14 gt$he
25 and$also
15 post$on
47 wrong$with
11 remember$this
28 to$our
27 that$''
14 the$change
28 'm$still
44 again$and
61 through$a
13 truth$is
12 would$i
13 person$i
14 he$started
11 that$number
18 is$trying
20 10$minutes
20 a$call
20 good$to
17 is$possible
34 and$take
71 up$on
12 i$stayed
12 the$joke
22 me$if
122 the$entire
14 matter$if
17 could$see
40 me$up
14 the$help
18 by$some
25 to$push
11 even$then
17 on$but
36 down$on
14 cup$of
29 n't$stop
12 http$iimgurcomsy9lvl4jpg
11 qi$series
32 something$you
110 of$our
21 entire$life
120 too$much
56 at$it
12 a$random
21 they$said
63 to$feel
21 've$heard
15 continued$to
14 you$keep
17 different$from
36 talking$to
33 were$not
11 the$role
21 's$that
26 person$and
35 family$and
25 i$grew
74 people$do
67 the$room
19 had$this
104 a$while
66 thing$i
152 is$an
13 not$necessarily
31 3$years
14 move$to
16 time$she
50 last$year
13 imply$that
18 help$but
60 his$own
22 fuck$that
36 also$have
12 you$understand
13 money$from
27 and$went
22 had$some
11 pissed$off
13 came$from
277 but$the
88 to$put
13 not$you
11 owner$of
14 that$money
17 a$video
46 the$bottom
23 leave$the
17 to$offer
11 da$boom
35 starting$to
90 how$many
11 accounted$for
14 the$plot
13 people$feel
11 a$bot
67 of$time
11 a$horse
12 left$with
11 only$because
13 was$your
37 go$for
12 but$everyone
11 changed$the
13 for$making
14 to$mind
22 i$honestly
13 but$can
17 of$like
23 the$planet
33 related$to
11 already$been
14 star$wars
27 it$turns
30 is$true
435 i$can
14 are$less
24 is$he
65 to$deal
40 more$likely
66 a$time
33 to$run
61 a$month
16 saved$my
78 before$the
22 to$yourself
16 spent$the
36 hundreds$of
12 watch$it
22 a$young
27 away$with
62 on$her
66 and$for
24 the$minimum
15 still$not
11 prices$include
14 think$a
17 more$on
11 or$on
36 are$people
12 my$dog
11 caught$up
18 for$5
11 today$i
11 the$dead
12 of$friends
13 then$get
48 life$is
11 year$http
31 as$hell
26 has$always
16 your$family
22 how$this
11 and$bring
11 the$mother
34 to$pick
11 this$it
17 i$call
18 'd$get
202 people$are
11 you$leave
16 to$to
14 showed$up
13 used$the
12 story$and
13 wasn$t
37 get$my
11 two$or
11 him$off
21 to$how
32 shit$on
17 girl$in
26 is$completely
29 been$the
13 is$less
15 seen$a
12 a$law
15 the$server
14 way$we
20 be$there
60 but$when
13 poor$people
17 to$escape
12 let$your
21 to$set
19 etc$etc
17 fact$the
126 can$do
24 's$life
45 outside$of
50 long$time
12 that$not
41 no$more
11 ago$when
19 out$it
46 of$things
27 he$ca
11 a$damn
13 waste$of
27 that$guy
19 to$clean
33 same$way
13 you$realize
20 game$of
12 day$he
27 people$can
22 world$'s
16 was$out
366 the$first
16 a$character
16 you$play
13 so$here
69 i$wish
29 to$walk
28 ago$i
144 what$they
19 the$opportunity
32 i$took
11 of$socialism
12 he$sees
21 it$right
12 be$forced
12 the$father
144 so$that
13 around$him
145 it$in
29 were$just
12 we$both
13 hands$and
11 that$looks
35 i$understand
28 i$left
37 i$wo
20 your$eyes
13 like$she
19 'm$really
15 living$wage
66 the$team
25 agree$that
116 you$see
36 the$following
18 tells$me
43 's$in
12 above$all
14 human$race
13 the$lord
85 's$an
11 reason$it
644 to$do
80 and$get
16 one$or
17 if$anything
22 have$your
18 to$send
148 here$'s
25 he$made
19 gave$him
31 his$face
16 she$still
169 n't$get
11 now$a
12 a$memory
22 wrong$and
39 i$find
17 around$a
54 is$actually
12 another$person
36 understand$the
11 hard$enough
26 the$brain
21 his$eyes
44 it$off
14 had$nothing
62 was$that
14 did$was
32 ends$up
105 make$sure
23 that$even
12 a$cool
14 a$lifetime
15 this$week
13 eat$a
15 the$industry
100 'm$a
28 just$wanted
22 i$worked
15 themselves$in
12 are$what
15 a$contract
48 give$me
31 than$it
11 rebates$and
18 i$take
20 not$do
11 is$generally
42 dealing$with
13 or$worse
19 on$fire
11 way$or
74 can$get
11 pack$of
151 what$is
30 me$''
21 watching$the
11 rape$and
76 so$he
14 that$so
12 about$as
11 engage$in
17 was$given
11 a$post
29 from$an
56 the$shit
13 but$once
13 a$handful
12 fix$the
48 that$day
12 the$art
19 aspect$of
13 anyone$to
396 that$you
25 after$he
16 can$give
22 'd$rather
65 that$my
50 am$not
11 1$to
18 back$then
32 i$only
65 the$main
29 that$being
25 for$anyone
17 a$phone
59 i$started
11 're$at
25 last$week
14 the$status
69 who$has
31 the$comments
93 of$an
16 stay$away
19 that$made
69 is$also
141 but$they
92 and$is
12 problem$that
19 's$being
13 's$kind
16 to$myself
19 begin$with
25 the$long
776 you$can
78 get$it
32 which$would
61 that$have
33 now$it
35 towards$the
50 to$move
64 what$happened
14 and$about
12 an$absolute
26 a$strong
30 with$one
16 even$worse
18 have$worked
21 a$weird
11 sure$how
11 a$gift
14 ask$him
16 n't$call
13 light$on
12 got$my
16 're$gon
20 reading$this
12 than$other
23 all$to
11 cause$of
15 she$made
21 beginning$of
22 other$way
24 and$yet
116 year$old
11 a$scene
13 was$working
23 be$good
16 saying$it
24 mean$you
93 n't$like
20 was$and
18 she$'ll
18 in$no
19 god$'s
39 was$no
35 too$late
14 ''$because
22 they$really
23 no$other
43 her$in
42 all$in
14 around$to
67 since$the
22 is$extremely
14 lost$my
13 you$choose
17 through$it
24 is$when
13 the$contract
14 books$and
13 from$her
38 know$you
24 world$of
13 generated$by
26 the$price
61 group$of
15 have$already
136 who$are
24 the$chance
417 so$i
11 blue$hair
155 because$you
18 you$up
28 to$actually
129 does$not
15 to$no
28 a$cat
13 link$http
25 'll$see
82 they$'ve
13 's$funny
67 will$never
12 work$is
26 would$go
14 for$three
52 out$for
1303 if$you
16 many$other
14 2$and
16 equivalent$of
12 just$take
89 ability$to
20 are$there
26 with$our
12 in$''
23 not$enough
25 to$fill
21 for$something
95 and$when
85 for$her
223 could$n't
27 to$fuck
11 have$heard
192 of$his
23 has$never
13 there$have
28 let$them
42 can$you
112 to$play
108 so$the
44 might$not
11 the$wind
16 way$for
11 an$important
28 a$book
39 for$someone
45 can$i
24 deserve$to
16 life$that
13 are$far
15 make$him
11 and$free
119 now$i
41 into$my
24 play$the
167 them$to
37 in$mind
16 and$because
25 that$because
329 and$that
107 had$the
33 best$to
21 change$in
14 refers$to
13 there$with
53 you$say
15 i$ve
18 the$product
80 n't$need
11 space$and
20 out$as
28 in$reality
20 he$s
15 're$making
13 off$on
15 a$comment
20 is$you
14 thank$god
22 to$join
25 who$could
54 allowed$to
11 was$completely
145 was$in
24 get$up
11 before$my
14 both$a
74 a$guy
126 you$would
20 to$fall
20 point$that
17 am$the
15 the$ass
12 to$pretend
25 over$again
18 one$at
20 front$door
21 sound$of
13 a$thousand
18 'm$saying
26 me$from
47 he$just
19 're$saying
22 this$because
11 if$its
18 once$i
36 difficult$to
14 was$sitting
18 time$as
16 a$situation
88 see$a
18 where$a
93 that$there
19 mean$the
12 much$easier
11 i$hit
13 never$ever
39 ton$of
16 on$every
14 of$control
59 being$able
62 to$leave
726 ca$n't
17 world$that
14 to$finish
11 my$school
14 left$a
16 brother$and
14 for$help
30 to$each
11 can$keep
15 attempts$to
23 a$terrible
11 breakdown$by
39 hope$you
14 to$serve
19 what$can
24 my$heart
15 some$things
15 've$said
55 use$it
28 he$wanted
20 a$room
13 life$or
11 not$say
669 to$get
60 it$with
41 work$out
42 way$that
112 i$went
23 hate$the
14 of$dollars
11 to$deny
23 my$ass
40 n't$going
69 i$used
11 out$like
14 the$equivalent
124 'll$be
50 the$ground
11 please$stop
45 you$''
14 no$such
11 you$too
53 level$of
15 and$instead
83 and$other
11 this$helps
30 to$admit
13 ever$since
34 in$case
40 give$it
26 kinds$of
17 idea$how
29 or$if
54 made$me
12 body$is
16 but$did
16 your$fucking
43 of$some
429 i$would
15 that$nobody
80 bit$of
118 they$did
11 he$called
16 team$that
17 speed$of
52 you$got
12 n't$had
93 for$my
114 he$has
34 are$they
31 her$own
16 call$her
14 now$so
12 now$my
59 as$we
28 the$local
111 could$have
88 with$this
81 it$out
17 this$all
30 i$dont
18 person$is
53 the$average
11 feel$so
58 and$one
63 so$far
33 for$everyone
11 left$wing
15 the$stage
13 back$with
227 we$are
100 better$than
37 picture$of
23 being$an
14 they$put
13 handle$it
11 to$bear
123 have$n't
19 their$children
30 me$when
409 be$a
30 come$in
53 not$in
23 turned$out
12 you$down
16 years$to
22 is$i
29 ''$he
14 of$america
18 the$op
84 with$him
16 government$is
17 your$friend
17 there$in
42 chance$to
23 is$made
33 really$really
65 am$a
22 can$still
16 gone$to
163 we$do
60 agree$with
19 simply$because
34 really$good
20 and$out
46 and$say
14 your$job
15 the$building
88 in$our
12 them$when
56 being$the
32 pretty$good
20 time$we
12 see$some
67 my$own
38 an$issue
23 which$the
33 had$just
32 will$make
159 when$the
14 rights$and
20 him$out
27 feel$that
25 she$got
49 with$some
11 with$many
92 think$about
79 these$are
43 is$on
250 should$be
11 you$gold
15 months$and
11 for$others
15 n't$necessarily
24 in$these
12 another$one
37 i$came
16 your$favorite
16 the$eu
162 you$could
65 and$some
13 now$as
11 have$happened
20 oh$yeah
12 internet$''
33 to$break
54 tend$to
13 comes$down
50 we$did
18 while$in
12 in$game
11 a$rich
14 it$do
12 making$an
26 them$are
11 for$several
13 a$billion
14 this$really
19 just$need
21 a$sense
11 and$called
82 when$she
118 take$a
56 to$learn
11 in$between
14 a$cup
33 did$this
29 say$the
138 think$it
23 still$do
19 use$this
17 strong$and
13 up$his
24 by$my
19 you$or
39 the$kids
54 came$to
218 to$say
14 the$part
56 my$mother
59 the$road
21 is$far
361 to$have
80 all$over
64 n't$you
27 a$white
37 the$nfl
106 me$a
31 always$be
16 that$those
12 result$is
55 was$on
29 and$those
15 that$of
20 video$card
257 of$your
40 have$it
29 is$getting
17 all$their
63 between$the
15 world$in
12 removed$from
11 day$after
12 of$age
47 also$a
639 have$to
37 you$mean
54 we$know
13 n't$move
22 but$just
18 n't$blame
11 n't$speak
12 bad$as
17 the$individual
57 us$to
16 every$other
17 the$purpose
29 and$after
15 that$at
31 keep$it
13 a$teenager
20 had$it
25 to$prove
28 to$anyone
15 the$lowest
14 situation$where
15 dr$i
12 too$and
154 to$your
24 the$news
58 i$felt
11 work$you
15 done$in
15 the$cia
14 without$being
16 a$local
16 like$when
45 and$go
23 way$too
20 can$think
31 can$say
14 goes$for
30 just$in
43 the$bathroom
85 n't$mean
200 ph$202
38 i$hear
16 or$i
24 to$even
105 because$he
15 absolutely$no
11 business$and
53 the$system
13 a$business
21 mother$'s
13 them$you
11 change$it
231 would$n't
13 your$entire
55 to$hear
170 you$should
25 the$list
18 do$nothing
74 made$a
23 system$is
20 just$fine
35 the$series
460 lot$of
14 doing$that
15 kids$to
20 n't$play
12 the$eyes
19 i$walked
17 they$go
15 many$others
25 see$them
57 middle$of
18 at$what
12 sense$to
12 bank$account
38 as$to
52 this$to
51 my$father
27 in$many
113 and$do
85 side$of
34 making$it
12 throw$it
33 how$can
25 his$father
15 the$japanese
17 one$has
259 because$i
166 have$no
18 in$response
15 out$''
15 guy$'s
94 n't$do
90 any$of
11 home$in
14 as$fast
30 before$it
81 looks$like
12 are$supposed
141 amount$of
58 does$it
18 the$slightest
173 the$us
26 put$the
13 the$movement
54 terms$of
17 someone$in
49 may$not
67 problem$is
64 no$way
11 are$red
11 will$feel
27 i$might
130 in$that
13 a$monster
83 when$we
17 and$enjoy
25 it$wo
20 seeing$a
31 that$his
23 they$both
24 's$okay
476 is$n't
35 the$family
17 anything$i
233 me$to
211 get$a
12 they$knew
13 first$two
11 many$different
13 have$lost
252 what$you
15 of$good
15 me$how
44 never$be
30 ahead$of
19 him$into
44 seems$like
24 until$they
176 not$to
17 nothing$is
27 with$what
14 just$some
12 the$single
16 the$chinese
14 night$i
11 and$beyond
11 means$the
19 course$of
13 is$way
16 himself$in
143 we$were
22 please$do
79 as$he
44 were$a
16 just$been
33 to$lose
15 whole$life
22 just$being
11 of$thought
14 fuck$off
22 she$will
13 work$i
15 where$are
11 mentioned$that
23 and$made
23 can$confirm
15 anything$for
36 it$took
14 also$do
16 period$of
17 hear$the
20 to$ensure
12 off$so
16 depressed$and
24 those$that
21 response$to
23 basically$the
12 in$him
55 saying$that
17 said$you
24 she$can
12 watching$a
21 wait$until
276 and$they
13 was$fine
51 to$all
12 a$sign
13 people$is
24 came$up
58 we$would
91 on$their
11 a$fun
27 goes$to
22 that$goes
24 guess$i
21 some$reason
22 say$something
11 the$navy
11 long$enough
37 are$very
213 of$their
12 of$3
35 op$'s
356 the$other
34 it$looks
30 want$you
36 wanting$to
11 holy$fuck
14 which$we
12 their$shit
19 was$already
17 went$out
16 life$for
30 some$time
59 to$understand
119 the$point
20 had$sex
28 all$we
31 vote$for
11 keep$on
26 for$our
11 to$succeed
11 and$discounts
60 you$in
25 told$her
31 to$pull
17 women$in
13 his$first
46 lead$to
15 the$feeling
14 n't$forget
12 did$and
12 but$sometimes
12 a$significant
16 i$didn
16 are$probably
16 it$then
64 he$said
49 n't$go
12 n't$hold
74 at$that
11 but$one
26 think$we
14 the$playoffs
67 the$real
19 and$wait
16 death$of
34 you$wo
54 years$old
14 into$her
21 90$of
15 i$noticed
36 the$greatest
12 pressure$on
17 got$some
16 by$that
31 was$only
18 name$of
19 i$played
29 began$to
17 just$did
18 and$since
17 the$train
42 why$you
14 the$key
16 girl$'s
18 my$aunt
11 think$your
17 not$with
21 the$death
70 that$people
148 and$my
25 my$eyes
12 was$some
12 make$more
27 me$because
56 a$friend
11 i$truly
68 will$not
15 me$gold
17 who$ca
17 hand$and
12 's$totally
159 what$'s
234 at$a
15 one$you
16 the$engine
15 the$pressure
49 for$years
24 everyone$in
175 through$the
38 way$i
15 would$give
64 about$to
13 hit$and
38 on$one
15 what$will
29 tons$of
42 he$says
11 i$cried
60 where$they
16 yourself$to
71 they$want
74 is$your
11 were$very
13 n't$in
21 and$trying
15 let$alone
34 even$in
13 couple$years
16 only$get
30 later$i
11 n't$enough
21 his$way
11 quick$to
53 one$is
80 it$just
26 its$own
19 never$have
27 happens$to
42 go$into
23 sex$is
14 very$hard
57 would$not
19 old$man
68 when$a
12 handle$the
14 we$found
17 first$off
93 not$just
39 but$to
28 well$and
711 with$the
18 bigger$than
14 not$gon
25 gives$a
15 still$has
21 which$has
54 few$years
35 on$him
34 one$person
23 i$heard
18 told$the
12 effect$of
108 has$to
63 was$an
181 how$to
18 not$how
12 he$tried
12 myself$i
18 in$for
12 making$them
11 of$everyone
12 and$pay
23 you$who
83 a$single
32 and$being
23 are$at
20 sure$to
13 any$reason
24 are$only
40 of$any
13 made$you
11 have$tried
11 water$in
38 on$them
24 the$subject
163 fact$that
19 ask$you
29 my$house
16 fuck$the
20 than$to
12 attempting$to
11 nbsp$gt
11 glad$i
38 go$on
48 that$means
37 a$thing
19 like$some
11 then$your
36 while$you
109 i$thought
16 the$size
63 with$all
64 we$should
55 if$this
120 but$if
28 wait$for
15 n't$we
27 people$think
37 was$pretty
22 police$officer
21 this$video
72 and$as
17 around$with
29 long$term
12 then$again
41 of$other
11 this$series
26 would$get
15 come$here
64 the$more
15 're$getting
14 take$my
235 i$got
21 up$until
22 for$over
35 one$who
18 thing$as
13 gt$no
15 use$them
23 members$of
523 i$think
13 a$drug
15 1$the
13 resulted$in
17 so$is
11 the$machines
15 right$thing
12 me$you
134 up$the
15 for$women
41 see$this
98 it$but
30 seemed$to
59 than$i
127 but$he
32 that$point
12 were$able
15 be$found
81 then$the
19 and$less
12 could$possibly
37 's$your
33 come$out
14 she$needed
17 ground$and
16 the$message
38 might$have
15 he$always
23 act$like
45 easier$to
35 the$beginning
21 bernie$sanders
14 realize$it
30 could$do
12 14$years
109 you$did
11 i$first
18 both$the
17 afraid$to
12 is$our
12 is$saying
12 you$run
25 sure$the
51 out$on
13 far$and
11 job$i
11 a$relatively
16 someone$that
34 first$place
48 home$and
21 be$sure
18 the$edge
62 have$some
17 has$it
15 n't$deserve
26 to$hit
111 on$reddit
12 with$everything
16 and$tried
46 here$and
18 power$of
13 my$work
73 a$nice
12 's$true
39 ''$but
11 kill$me
31 this$does
11 a$medical
22 to$as
17 be$around
468 's$not
137 with$your
28 your$ass
11 here$it
126 and$have
240 would$have
12 a$set
25 'm$pretty
19 value$of
11 people$not
46 to$just
34 from$your
12 's$for
11 when$his
17 days$and
17 of$someone
23 seem$like
32 the$result
22 find$that
12 girl$and
11 sense$that
19 i$prefer
11 a$bug
18 telling$you
12 importance$of
14 just$let
20 my$face
13 perhaps$the
44 any$more
73 do$anything
28 be$seen
29 whether$it
72 to$kill
16 a$thread
24 or$other
11 history$and
44 was$to
40 i$decided
14 stop$being
14 issue$with
18 this$article
20 him$but
30 important$to
114 went$to
39 it$had
11 of$fun
11 hour$or
14 put$out
285 'm$not
12 the$fans
12 something$new
35 a$ton
25 what$about
16 can$read
16 the$army
19 really$need
308 people$who
18 really$think
13 not$always
25 time$the
22 why$should
15 come$into
77 seem$to
37 have$one
89 with$me
16 by$all
49 to$save
11 what$most
36 've$done
17 kill$the
29 them$out
23 'm$on
17 job$in
15 the$cold
29 find$the
46 me$for
11 a$partner
36 only$the
12 'll$tell
54 if$someone
15 i$d
33 n't$been
12 are$any
34 code$geass
18 than$just
51 though$i
34 like$he
14 to$draw
11 in$more
87 in$front
16 to$achieve
14 for$decades
11 it$since
25 call$the
36 a$half
14 that$or
11 the$international
11 looking$to
16 the$music
54 well$i
47 then$they
36 was$one
93 out$there
16 could$make
20 forward$to
11 them$do
50 a$kid
22 and$these
17 have$fun
12 takes$to
32 took$the
26 ellen$pao
11 is$100
129 see$the
12 open$it
32 n't$help
18 exactly$the
12 be$nice
55 it$should
189 you$will
293 they$were
21 it$better
18 turn$the
15 me$all
81 up$a
11 hate$that
36 understand$why
12 this$picture
15 get$home
12 oh$shit
93 number$of
45 ai$n't
22 themselves$and
13 game$that
17 ever$had
17 the$few
46 after$all
25 asking$for
20 except$for
20 they$may
12 stupid$and
23 happy$and
13 a$negative
16 wanted$a
25 to$check
16 things$were
14 are$my
32 said$it
13 likes$to
14 up$all
31 to$survive
74 even$more
15 the$sport
68 to$an
13 buy$it
26 way$you
157 n't$really
130 they$would
21 them$from
18 how$far
16 hope$this
13 most$common
27 looked$at
14 head$to
16 is$fine
15 the$previous
14 saying$he
11 video$and
21 i$usually
12 show$the
86 the$car
70 groundhog$day
11 for$food
15 shit$in
48 while$the
23 gt$s
23 the$baby
15 'll$try
66 use$the
14 honestly$i
31 's$on
29 into$it
104 with$that
45 matter$how
15 whatever$you
56 work$and
83 do$that
11 years$before
15 she$wanted
12 a$wall
11 90$'s
16 times$to
16 if$my
68 same$thing
14 she$gets
14 i$meant
23 your$husband
11 the$rights
11 my$chest
14 is$but
27 is$almost
186 ''$and
32 men$and
51 put$it
11 were$never
29 that$no
18 on$facebook
44 time$in
12 put$that
32 no$reason
30 car$and
23 off$with
12 belief$that
26 they$think
86 he$could
11 no$wonder
11 a$hell
58 and$has
11 to$solve
17 of$two
15 out$his
91 the$show
11 called$me
13 my$blood
11 have$come
16 not$everyone
17 our$lives
28 everything$you
23 makes$sense
17 who$just
44 was$still
11 the$stories
33 what$does
15 all$be
15 really$a
32 something$about
32 a$point
17 about$5
15 're$never
64 give$a
61 before$i
13 i$hated
21 a$house
15 jesus$christ
13 sure$as
12 the$stuff
61 you$like
41 him$a
34 you$take
38 anyone$else
27 at$his
11 apologize$for
40 other$than
35 not$an
13 him$because
15 the$possibility
43 be$done
12 they$told
126 it$has
39 not$saying
26 who$did
11 processor$http
14 will$die
179 like$this
27 of$having
117 a$person
26 by$your
19 this$show
22 you$put
29 that$did
13 is$likely
11 gotten$a
15 this$up
18 keep$your
11 really$not
11 damage$and
27 it$like
13 but$does
27 told$him
21 over$my
23 white$people
46 in$terms
21 everything$in
35 of$one
11 beer$and
13 this$girl
15 few$more
108 much$more
11 man$with
13 connected$to
12 going$down
94 do$with
119 with$you
17 the$means
137 they$can
134 with$it
150 is$just
11 my$so
16 going$in
30 looked$like
75 i$found
12 my$area
60 of$shit
18 not$true
12 a$threat
14 a$brief
14 heart$of
13 people$ca
26 using$a
61 on$and
26 way$the
22 reason$for
13 stuff$in
28 the$population
14 see$an
137 not$be
36 'm$so
38 thought$i
21 we$went
25 a$tiny
17 make$people
13 this$problem
21 much$less
12 story$of
23 once$in
19 men$who
88 every$day
42 how$he
27 them$a
21 let$you
14 whatever$the
22 doing$something
14 all$time
15 appears$to
13 had$any
12 point$the
31 is$doing
13 the$safety
12 god$and
14 a$shame
13 'd$never
14 as$though
43 also$the
11 and$high
11 's$impossible
24 feel$better
40 involved$in
28 t$https
16 during$my
13 clean$up
13 very$high
22 very$well
13 do$for
433 that$is
13 will$tell
21 place$and
20 gt$what
13 day$for
30 care$for
11 to$destroy
11 ran$out
28 point$i
36 to$provide
198 used$to
11 your$so
14 my$brain
14 in$favor
11 an$opportunity
24 guy$with
13 you$this
45 the$kid
12 'll$call
68 top$of
31 for$not
14 video$of
22 this$case
18 my$mouth
19 the$streets
199 do$it
11 which$case
13 hey$i
88 many$people
13 ok$with
138 on$your
19 have$gone
24 i$called
12 this$idea
15 your$shit
73 what$a
12 die$and
20 complain$about
24 one$to
40 to$turn
13 in$question
11 price$breakdown
11 one$could
228 it$would
17 because$no
18 harder$to
41 called$the
11 in$syria
18 i$keep
20 first$of
27 your$body
23 this$you
11 accused$of
17 will$still
14 yelling$at
11 guys$i
19 simple$as
37 oh$my
20 you$what
25 lived$in
20 https$youtubeky1w0e_4n_0
18 dad$'s
13 gets$to
61 n't$matter
14 help$out
14 no$evidence
85 and$had
13 living$room
11 's$much
39 get$that
16 's$done
17 of$power
264 not$a
30 actually$a
19 really$hard
19 and$family
18 this$should
31 the$war
22 with$us
42 both$of
14 turn$it
19 win$the
80 right$to
11 much$in
24 and$use
28 get$you
20 everyone$who
20 a$much
41 's$only
61 a$shit
23 do$they
26 the$post
12 child$'s
19 the$bus
48 thing$to
16 her$the
16 for$life
24 up$your
40 a$gun
23 all$know
13 the$girls
17 never$know
11 but$again
20 all$have
41 understand$that
20 friend$and
212 the$next
11 to$ban
25 a$fuck
11 's$head
14 see$me
22 chose$to
16 up$about
18 an$american
12 to$argue
18 n't$change
12 na$get
21 around$for
23 the$window
28 in$place
19 's$doing
56 thing$is
11 a$slightly
12 i$absolutely
13 about$all
198 they$have
32 sure$i
61 now$and
14 so$no
16 by$using
34 a$result
74 and$their
27 this$''
11 a$fake
39 was$able
12 to$compete
20 had$never
15 it$without
21 an$actual
14 to$grow
12 where$your
31 to$worry
36 your$head
32 way$it
39 managed$to
50 it$s
25 women$and
11 're$also
23 hard$time
15 he$took
47 and$still
11 clothes$and
77 couple$of
22 maybe$they
17 say$to
738 i$have
22 during$a
19 comes$in
20 as$this
26 could$go
13 on$about
21 a$criminal
26 personally$i
22 days$of
34 in$other
260 was$n't
12 to$control
41 n't$feel
19 the$region
79 it$a
12 after$they
81 if$she
14 actually$get
150 get$the
34 not$get
14 at$which
14 got$me
11 fact$is
28 so$bad
22 three$years
84 i$never
14 which$makes
14 goes$through
12 a$goddamn
112 people$to
13 the$late
16 am$now
73 less$than
279 a$good
21 especially$when
72 a$job
16 aside$from
29 a$joke
63 the$night
11 realize$how
16 na$na
17 then$and
29 the$league
13 game$but
150 like$that
31 the$name
88 the$new
34 good$and
14 're$too
103 on$his
272 do$you
53 's$really
31 you$probably
16 people$need
14 left$me
38 and$its
54 having$to
20 decided$that
99 and$this
16 the$devil
12 going$for
11 reduce$the
12 at$our
111 down$the
24 your$house
11 a$source
20 more$or
19 gt$in
38 away$and
22 reminds$me
11 her$because
24 only$have
22 it$helps
11 is$exactly
22 and$find
11 below$the
16 something$as
25 what$did
33 10$years
19 of$bad
61 of$life
184 know$what
20 and$shit
74 all$i
49 the$situation
11 gear$and
12 the$map
141 gon$na
12 hands$of
17 will$say
19 is$such
13 a$field
27 just$one
12 and$water
12 that$out
30 let$the
17 ''$http
29 the$universe
106 of$her
404 but$it
13 decision$to
12 the$risk
12 son$is
15 for$at
16 more$in
33 just$not
15 knew$it
19 about$two
29 to$remember
16 a$bar
17 and$once
12 pretty$cool
13 or$my
15 up$but
25 https$playgooglecomstoreappsdetails
27 think$he
17 him$i
11 to$cry
14 least$one
21 ''$so
22 you$try
17 out$but
15 my$favourite
29 was$actually
32 the$place
15 walk$out
20 n't$stand
15 children$and
55 what$was
25 more$money
14 aware$that
17 to$catch
11 obviously$not
16 talks$about
15 just$ca
15 my$last
20 let$us
12 world$has
224 up$to
17 would$take
25 you$seem
11 are$responsible
13 about$3
48 're$the
42 the$current
20 are$much
85 high$school
14 alone$and
11 the$rear
21 the$book
38 show$up
13 got$out
22 times$a
49 now$that
37 the$final
11 get$any
14 else$to
58 regardless$of
34 your$friends
44 without$a
25 shit$and
11 no$doubt
14 fuck$i
32 know$why
12 reaction$to
21 the$computer
77 think$i
17 on$here
27 thinking$that
22 to$cover
23 want$it
17 there$a
12 the$women
22 is$happening
23 better$to
12 good$job
12 so$a
11 to$sound
37 only$way
19 how$does
15 only$if
20 never$get
34 like$me
11 about$not
15 was$his
14 god$damn
16 remove$the
22 him$for
914 and$the
13 a$professional
39 to$meet
121 away$from
21 and$getting
17 the$impact
17 get$rid
14 be$true
18 out$he
512 one$of
210 but$you
14 day$or
83 do$this
14 is$real
25 gt$this
11 the$strongest
11 very$difficult
12 time$or
28 only$to
12 not$exactly
11 or$otherwise
32 just$so
96 the$door
12 and$become
145 at$this
14 ''$if
14 they$wanted
12 to$explore
15 apply$to
71 's$going
17 a$wave
21 be$fair
11 are$interested
29 with$those
17 over$his
15 of$something
21 about$being
17 am$in
13 played$a
25 to$handle
21 went$back
113 than$a
11 a$hobby
26 remember$the
15 kids$are
11 every$one
21 the$discussion
13 no$that
48 time$for
15 the$subreddit
26 the$woman
179 to$my
11 be$your
63 if$a
68 at$my
31 and$were
15 not$invading
19 like$your
78 lots$of
11 i$highly
14 months$later
27 something$else
13 is$due
12 my$next
12 return$to
12 the$cloud
28 guys$are
16 n't$happen
22 years$i
15 them$off
16 now$let
45 idea$that
65 the$ones
11 asked$him
17 their$time
61 get$out
30 on$earth
16 claim$that
32 play$a
105 the$middle
53 next$to
49 they$should
13 important$than
30 the$relationship
17 of$nowhere
37 point$is
75 people$have
22 for$more
13 are$able
17 a$total
20 good$reason
201 for$you
19 longer$than
26 this$world
84 and$are
36 me$of
27 the$general
33 've$always
20 problems$with
28 play$with
18 fun$and
99 in$order
11 four$years
14 can$talk
50 people$'s
18 welcome$to
12 the$jews
16 far$from
232 of$them
52 access$to
50 ''$in
13 during$that
11 addition$to
12 and$where
57 the$thing
41 at$work
11 and$turn
12 edge$of
137 to$know
29 at$one
92 may$be
14 was$i
80 a$day
11 speaking$of
28 it$when
29 capable$of
18 this$person
20 life$i
85 is$this
59 every$single
77 's$like
13 fine$with
16 as$their
22 uturn$on
18 out$from
14 my$phone
16 of$social
29 ''$as
95 gt$i
16 pay$attention
28 would$just
11 woman$'s
44 who$had
13 for$fun
11 nuclear$power
49 pay$for
19 gt$you
31 up$my
15 n't$wait
13 ground$yourself
64 the$person
15 fight$for
32 this$day
29 read$the
17 won$the
11 typeitemprice$cpu
34 no$i
14 when$in
12 to$blame
54 doing$it
139 of$those
22 or$maybe
13 game$with
135 of$what
14 you$hit
15 long$ago
80 to$try
40 will$get
14 are$usually
13 week$or
12 of$hand
20 never$really
11 pcpartpicker$http
21 heard$the
37 a$high
16 not$one
128 in$an
86 but$there
13 people$as
12 your$home
270 in$this
26 was$being
24 hang$out
19 n't$look
133 rest$of
17 n't$leave
13 him$with
255 we$have
64 any$other
43 is$all
14 know$when
37 what$happens
17 his$mother
16 are$making
21 else$'s
13 in$prison
14 born$in
23 the$court
37 mean$that
70 he$would
11 oh$that
11 'll$still
24 best$of
14 next$few
27 would$like
39 reason$to
11 a$deal
14 an$attempt
15 's$quite
12 a$case
22 they$still
13 cut$off
19 but$all
12 the$terms
19 and$should
50 is$for
27 hours$of
11 is$illegal
15 friends$with
28 minutes$and
28 worth$it
135 is$no
61 them$in
13 the$royals
16 itself$is
12 lot$less
31 the$dog
16 context$of
26 be$honest
17 a$gay
38 the$little
46 be$more
35 you$from
12 to$ignore
18 take$you
35 they$also
22 my$body
66 lack$of
21 to$teach
13 fast$as
24 from$it
14 upset$that
13 five$minutes
24 is$important
39 to$being
41 to$stay
19 the$act
14 watch$a
17 to$travel
14 think$is
92 there$were
39 big$deal
93 people$that
18 a$mod
13 3$and
13 pull$out
12 available$to
11 way$but
12 'll$need
29 's$time
28 whole$thing
58 say$it
19 with$any
14 hope$he
12 anyway$i
116 a$long
11 at$those
11 say$when
79 no$idea
48 making$a
23 said$the
14 you$both
13 experience$and
12 walk$away
17 to$stick
20 too$long
36 of$years
39 her$life
16 i$bought
20 result$in
96 to$live
12 to$both
53 's$also
14 a$society
12 many$ways
40 until$you
11 option$to
21 to$vote
19 went$up
20 the$week
12 change$is
41 next$day
31 ever$seen
20 did$he
15 people$should
13 us$from
11 include$shipping
89 such$as
20 to$stand
19 that$may
35 even$when
12 the$crowd
26 off$a
11 broke$up
25 i$wrote
17 feel$it
13 out$this
27 the$food
1121 you$'re
38 as$soon
32 in$particular
68 have$any
11 wait$a
137 off$the
12 your$way
17 seeing$the
18 the$source
15 n't$ask
11 done$by
38 or$two
12 i$helped
11 gets$the
46 for$us
12 this$from
11 in$practice
15 the$argument
28 your$wife
17 sure$they
11 an$opinion
16 to$throw
42 a$major
37 when$my
12 less$of
11 eat$the
33 do$we
47 the$united
25 what$makes
11 the$mod
29 good$luck
21 a$minute
11 the$standard
31 in$college
11 well$in
28 along$the
11 contact$the
24 vast$majority
54 my$favorite
28 to$continue
20 i$suggest
15 i$regret
15 all$his
32 to$wait
28 think$there
48 before$you
11 to$report
30 like$an
14 interact$with
12 give$her
239 at$least
13 still$had
39 and$can
37 anything$to
31 same$as
11 new$one
18 becoming$a
19 person$that
18 he$probably
25 at$their
101 this$point
18 of$college
35 and$could
14 to$remain
130 you$were
22 much$you
35 holy$shit
12 are$never
14 population$of
24 impossible$to
21 but$was
16 not$allowed
17 benefit$of
14 to$shoot
28 more$often
14 search$for
32 to$build
433 would$be
25 so$as
112 if$we
37 become$a
12 ''$like
11 doing$things
30 the$morning
21 took$me
15 and$working
13 easy$for
12 this$scene
12 america$is
15 by$her
11 track$of
22 30$minutes
13 worked$with
523 all$the
19 out$my
17 the$the
43 in$time
21 thought$that
28 feels$like
24 and$very
19 dad$and
55 in$one
16 of$view
17 issue$of
15 worked$for
13 world$but
16 a$brand
11 is$or
17 is$from
11 her$back
24 or$do
29 they$make
19 be$and
92 is$still
101 people$in
12 making$me
97 pretty$much
13 the$code
72 thanks$for
15 're$looking
45 the$power
11 gym$and
13 the$university
15 thread$is
37 i$tried
13 a$dozen
12 me$she
16 by$and
14 dealt$with
15 you$how
15 my$little
16 has$more
14 be$called
101 them$and
26 one$i
19 too$but
31 his$head
16 was$told
30 when$your
13 difference$is
13 a$war
20 again$i
24 to$defend
11 in$itself
13 middle$east
11 we$go
68 looking$for
11 the$parents
12 the$rich
17 watch$the
13 young$people
97 up$for
13 your$question
21 and$feel
26 off$to
27 and$who
11 just$too
20 point$to
13 yeah$the
12 of$such
11 better$at
11 have$someone
33 went$on
46 that$shit
18 although$i
67 across$the
12 have$found
11 because$their
11 with$just
18 i$mentioned
13 course$you
12 live$on
18 right$away
30 way$and
11 me$back
519 was$a
55 how$i
12 fuel$is
19 are$actually
19 you$be
27 to$begin
84 you$go
31 source$of
23 see$in
16 be$as
44 didn$t
17 no$sense
14 having$sex
22 his$family
127 about$how
16 bed$and
142 on$this
30 's$something
12 evidence$to
18 some$are
33 that$s
215 and$we
12 i$expect
12 is$quite
12 and$generally
15 for$yourself
11 i$train
31 the$sun
23 can$just
14 hold$the
11 are$other
22 risk$of
73 the$country
23 situation$and
16 fuck$out
11 winning$the
37 over$it
94 are$just
11 fit$in
68 i$believe
16 've$found
11 the$exception
12 very$large
17 past$the
19 the$balls
34 said$he
18 getting$into
46 have$had
60 you$really
18 my$personal
39 ''$of
21 i$ended
50 because$that
30 'll$just
15 the$app
17 or$some
14 know$and
12 the$roof
19 and$really
15 left$and
19 variety$of
26 making$the
48 using$the
16 a$healthy
15 and$friends
24 live$with
29 night$and
19 around$you
26 few$people
47 like$they
25 let$him
16 much$that
22 the$years
14 the$social
13 door$handles
715 does$n't
24 black$people
13 better$off
12 i$then
11 but$please
12 you$two
66 nothing$to
15 i$stopped
79 you$may
14 not$been
11 have$now
13 to$quit
22 that$really
20 but$its
21 up$when
12 was$right
83 after$a
14 themselves$to
210 he$is
11 call$a
12 hear$it
15 yeah$it
354 trying$to
20 i$figured
22 read$this
669 a$lot
103 your$life
36 one$in
19 is$great
34 the$answer
17 back$when
100 it$can
36 i$gave
20 is$if
36 and$only
55 don$t
11 if$any
26 man$'s
25 to$and
15 not$trying
43 or$whatever
18 free$speech
24 paid$for
11 out$if
25 go$with
29 you$give
47 here$http
12 maybe$a
22 i$kept
12 day$with
11 see$your
11 brock$lesnar
66 which$i
17 that$something
27 to$drive
48 a$second
17 this$out
13 of$saying
200 instead$of
19 for$themselves
12 love$this
18 good$as
475 there$'s
110 other$people
32 a$reason
11 been$together
16 will$continue
11 drive$a
11 the$form
16 to$others
23 in$europe
23 once$the
328 to$go
19 support$for
63 've$never
16 the$players
13 until$we
19 anything$and
12 a$smile
18 heard$of
17 mind$that
20 spend$the
21 came$in
104 say$that
95 that$does
13 the$latter
12 cat$in
31 state$of
113 a$great
36 their$lives
11 the$goal
1832 i$'m
2763 it$'s
26 see$you
44 is$there
15 the$absolute
148 to$this
32 and$at
26 the$office
17 you$about
16 a$4
11 so$glad
12 well$with
20 before$and
37 give$up
39 on$our
12 turn$into
19 people$''
29 as$such
23 or$what
12 now$she
50 've$had
12 getting$to
53 get$in
19 to$its
11 your$finger
22 from$you
18 trust$me
16 learn$about
26 a$third
17 at$him
11 calling$it
40 the$left
16 should$do
23 of$just
81 a$fucking
31 a$number
17 for$both
11 on$why
99 as$much
15 found$in
320 you$want
11 's$usually
39 within$the
11 the$nation
11 victims$of
13 list$http
63 the$issue
17 looks$at
16 and$always
35 many$times
23 after$it
19 more$important
19 to$allow
20 us$in
18 a$beautiful
88 what$he
12 with$another
38 we$just
14 say$is
16 person$for
22 amp$quot
406 when$you
16 referring$to
155 the$right
11 if$one
17 is$even
20 out$i
14 mind$you
27 was$never
46 to$people
20 we$use
14 to$form
14 seen$in
16 situation$is
25 man$and
31 i$look
60 the$earth
14 's$now
11 you$work
36 about$their
178 you$'ve
29 set$of
14 will$try
28 myself$and
11 on$another
17 so$well
21 does$the
35 up$at
16 is$best
21 he$also
11 by$merchant
17 use$your
59 've$ever
54 and$did
15 but$here
13 far$too
74 give$you
61 you$had
93 him$and
50 am$i
14 sit$in
17 has$some
11 they$take
17 the$record
15 yet$to
13 was$kind
64 'm$just
11 rand$paul
22 stuff$like
55 of$money
14 in$power
89 just$like
24 the$bed
11 know$exactly
15 there$but
12 people$the
13 for$3
29 would$make
13 out$she
21 one$can
37 in$every
25 takes$a
21 door$and
30 just$got
15 people$make
18 an$adult
17 or$is
19 issue$is
17 time$he
17 the$emperor
17 never$even
16 stop$the
11 through$that
50 compared$to
22 really$is
95 the$worst
54 amp$amp
14 see$where
16 back$home
48 and$on
230 to$take
15 kind$stranger
16 of$many
66 because$she
33 was$too
19 eyes$and
27 ways$to
26 up$so
626 the$same
16 come$and
14 literally$the
73 someone$else
13 everything$was
12 so$your
16 up$like
19 are$many
14 sure$it
61 is$something
18 acting$like
78 's$all
17 a$god
15 still$the
36 you$re
22 me$know
37 are$no
13 shit$you
60 n't$give
12 now$with
25 me$what
105 or$something
18 that$good
13 over$there
14 only$that
21 i$once
13 are$wrong
119 or$the
15 down$with
37 never$been
108 a$man
15 half$the
149 that$are
14 are$from
27 age$of
17 almost$all
20 but$his
31 people$just
16 glad$you
47 figure$out
92 n't$a
15 dog$is
219 for$me
14 break$the
111 having$a
19 that$our
11 or$make
15 can$change
11 do$your
88 down$to
11 not$actually
91 you$guys
19 your$heart
13 be$my
23 it$'d
36 years$later
24 of$justice
23 grow$up
46 you$said
14 at$times
25 realized$that
16 need$it
28 learn$to
14 pile$of
12 married$and
11 pcpartpicker$part
20 continues$to
20 is$their
53 money$to
15 off$for
43 the$great
11 you$started
12 saying$i
12 as$people
14 the$weight
19 or$to
33 them$that
11 sad$that
48 a$group
25 go$and
246 and$he
153 thank$you
23 life$in
23 law$enforcement
13 not$but
16 and$watch
20 to$discuss
16 so$for
14 should$'ve
12 talk$and
19 the$teacher
56 know$if
14 by$people
70 with$them
15 five$years
36 this$for
32 is$some
13 can$afford
37 how$about
14 2$weeks
93 for$their
22 's$called
22 was$trying
14 her$face
18 a$fair
147 being$a
28 i$looked
11 hold$a
14 they$believe
25 was$it
25 old$and
12 a$support
40 they$say
132 tl$dr
159 can$not
11 and$others
11 said$this
35 found$a
12 out$or
11 america$and
27 you$even
15 're$being
11 concluded$that
34 the$company
17 world$cup
26 types$of
30 the$cops
139 i$get
19 worried$about
16 had$his
11 sure$there
13 leaving$the
38 world$is
12 the$center
15 my$cousin
25 here$you
13 even$better
17 have$all
18 excuse$to
16 than$me
12 end$it
13 to$marry
15 them$being
141 of$all
56 for$being
41 a$hard
32 ''$that
14 guy$that
170 to$help
35 now$the
18 will$ever
12 a$fan
20 because$a
11 a$natural
47 as$far
24 two$weeks
26 any$time
12 here$with
12 make$their
14 a$red
13 my$penis
14 had$had
27 you$only
11 a$link
33 a$full
19 since$they
12 those$with
21 making$sure
13 's$fine
17 link$to
357 have$been
14 maybe$she
12 that$bad
17 lot$to
34 all$your
33 a$dog
48 not$as
11 is$done
48 my$best
12 moment$of
37 while$they
78 and$to
13 yes$there
106 time$i
20 inside$the
12 level$and
212 i$will
13 used$as
71 can$only
32 's$because
34 that$might
14 thing$for
13 through$and
11 from$now
14 important$thing
20 said$no
272 you$know
13 yet$another
11 one$would
24 aspects$of
17 means$to
57 for$people
40 soon$as
52 grew$up
21 n't$ever
33 not$so
22 just$going
90 told$me
17 issues$with
14 his$house
16 thing$but
23 the$surface
74 if$there
14 is$based
25 's$wrong
33 more$time
14 to$agree
21 else$is
19 one$way
14 are$to
114 out$to
16 worth$of
128 for$it
14 the$older
14 stay$with
60 is$really
12 way$back
18 to$back
16 life$of
36 we$see
42 the$head
15 says$that
11 bother$to
29 have$not
21 really$want
12 the$position
178 of$that
13 married$to
12 fell$off
27 the$bar
11 that$got
19 i$ran
12 old$enough
11 and$4
11 the$various
14 i$come
48 he$will
11 peace$and
17 covered$in
57 time$you
16 a$teacher
17 price$of
90 me$that
18 were$on
12 goes$into
58 the$truth
12 for$4
13 pointing$out
18 one$another
20 was$because
12 it$until
11 pay$a
19 can$t
186 is$to
13 find$them
153 what$the
17 from$me
12 gold$and
36 is$always
14 took$it
22 for$two
11 issues$that
55 the$things
38 is$good
40 form$of
12 culture$and
54 see$what
43 around$and
14 a$drink
26 make$this
18 picked$up
18 reply$to
13 realized$i
12 dad$was
15 see$any
31 be$so
19 and$gave
48 and$people
29 why$we
14 up$into
29 much$time
15 wear$a
14 told$us
25 and$ask
11 are$for
142 and$if
210 's$just
12 over$at
36 the$cat
21 job$to
459 you$do
11 however$they
13 this$season
28 you$i
17 straight$up
13 something$they
54 even$the
122 i$hope
25 to$college
11 got$this
29 it$be
32 version$of
27 say$they
32 good$at
14 because$its
23 room$and
14 looked$up
11 the$living
168 of$course
20 the$reality
30 day$to
78 for$some
20 the$event
52 thought$it
21 the$conversation
61 in$all
17 how$she
11 the$bedroom
18 that$what
14 that$her
60 in$which
16 was$made
17 you$love
106 the$man
19 power$supply
20 make$that
20 is$right
13 he$still
15 you$remember
11 honestly$do
11 stories$of
72 it$seems
18 it$goes
16 the$president
22 a$question
123 then$i
15 interest$in
15 being$fat
21 the$guys
17 evidence$of
11 was$super
23 can$help
17 by$his
11 get$caught
20 the$need
29 let$it
937 that$'s
13 beyond$the
15 see$my
16 ''$are
13 known$to
438 i$had
36 be$that
14 to$describe
14 its$the
25 and$having
26 and$start
26 probably$the
17 the$type
28 way$more
21 a$difference
79 this$thread
16 them$they
12 on$average
60 same$time
35 have$this
14 not$mean
35 my$god
449 they$'re
26 some$more
16 an$area
43 keep$the
41 history$of
24 shit$is
24 about$him
17 man$''
41 the$wrong
85 with$their
26 and$down
39 do$something
28 best$friend
20 a$right
44 he$'ll
71 or$so
12 was$good
43 is$now
114 i$see
20 go$in
23 build$a
17 very$few
150 such$a
14 really$know
123 the$problem
11 asked$if
11 of$death
14 out$your
11 take$to
114 sort$of
138 to$use
31 n't$find
28 tries$to
35 this$means
39 make$me
12 've$met
48 that$when
38 the$opposite
16 faster$than
17 best$thing
124 feel$like
12 recognize$that
11 never$got
60 thousands$of
34 doing$this
17 just$look
58 who$do
39 i$realized
19 a$company
16 yeah$but
14 make$money
14 life$was
215 because$they
31 back$of
62 she$does
15 made$by
21 open$and
13 the$audience
46 or$more
14 would$ever
11 passed$away
38 was$my
21 being$said
88 think$of
11 the$development
11 i$drive
14 and$die
11 again$but
70 it$''
37 my$girlfriend
36 for$any
82 a$whole
17 i$lived
11 brought$in
20 thinking$of
33 that$these
11 the$writers
11 the$south
29 point$in
29 very$good
21 one$point
21 but$still
17 got$there
187 n't$be
20 concept$of
12 world$where
21 refused$to
152 be$able
15 friend$who
461 of$my
22 for$gold
19 leave$it
11 whatever$they
11 guess$that
22 person$you
61 purple$cheater
18 love$it
26 up$their
25 associated$with
15 upon$the
743 did$n't
19 their$life
37 's$how
19 and$come
14 problem$and
17 it$seemed
14 area$and
22 see$him
19 at$an
17 a$giant
12 fine$and
125 for$this
11 you$eat
19 half$a
78 know$the
23 not$about
36 and$sometimes
12 civil$war
18 're$so
167 with$my
14 brought$up
26 your$mind
13 we$also
14 to$more
46 has$no
12 would$look
19 the$least
11 feel$a
21 the$corner
57 over$a
53 you$all
11 a$history
22 of$every
48 all$my
16 was$this
45 the$original
43 from$his
17 18$year
19 while$we
16 hours$and
19 like$being
17 the$bill
19 'm$doing
11 the$latest
35 work$with
15 's$this
13 she$died
11 2$i
21 the$truck
19 coming$to
21 hours$a
20 i$wonder
31 create$a
58 in$general
16 and$learn
14 the$text
14 know$he
24 gold$for
35 is$better
12 problems$and
18 source$http
12 that$god
21 always$a
14 look$into
11 other$'s
15 the$atom
49 but$at
12 to$grab
19 but$only
17 an$open
40 choose$to
198 most$of
12 first$i
15 problem$in
23 among$the
24 sent$to
106 decided$to
38 someone$'s
62 fuck$you
37 the$usa
32 it$from
19 've$made
20 given$a
16 few$hours
276 a$little
36 friends$and
12 to$further
21 will$help
12 noom$na
603 you$have
31 human$rights
17 shows$that
30 by$this
26 this$subreddit
62 i$saw
124 hard$to
49 that$were
34 we$want
22 a$cop
21 grocery$store
16 considering$the
48 off$and
20 health$care
84 for$example
14 of$who
27 something$i
13 however$if
12 the$important
30 they$got
15 wrote$a
237 which$is
39 the$majority
13 oh$god
13 job$at
59 have$you
13 from$time
359 is$that
14 you$end
11 opened$the
17 the$federal
11 a$double
21 nothing$more
107 or$a
31 back$into
11 speak$for
13 is$part
20 without$any
60 it$'ll
25 who$will
54 that$all
39 make$them
14 learned$to
12 gt$how
26 this$game
11 want$is
25 yourself$and
21 parents$are
13 probably$be
14 ready$for
145 that$this
11 i$loved
32 once$again
29 just$have
27 everyone$has
14 before$but
14 sake$of
14 them$over
12 the$british
54 i$should
15 saying$the
16 parking$lot
14 the$level
33 a$normal
19 the$school
21 after$this
246 about$it
12 has$already
32 not$because
194 the$end
68 because$we
30 which$means
23 a$living
15 comment$is
54 easy$to
18 nbsp$amp
18 for$everything
17 say$about
14 three$months
20 up$some
12 in$common
35 it$you
40 see$if
94 make$the
19 are$trying
11 t$know
26 for$every
26 idea$what
12 to$himself
38 however$i
11 us$have
46 's$so
11 my$grandma
38 do$to
29 few$months
14 up$that
36 think$this
18 so$how
106 to$her
11 of$each
43 the$ability
254 had$to
44 found$out
15 shortly$after
142 than$the
14 saw$it
19 have$them
14 the$ice
15 shut$the
32 're$talking
17 a$doctor
13 not$on
17 have$something
11 n't$for
16 the$results
13 day$we
56 's$why
78 to$it
23 is$bad
17 knows$what
596 with$a
34 here$to
11 two$hours
90 where$you
15 different$than
13 dad$is
15 the$box
26 this$the
11 is$entitled
34 this$shit
18 in$real
13 many$more
11 case$that
23 a$complete
39 in$high
30 the$better
56 a$child
11 shot$at
16 by$being
29 the$pain
14 but$since
16 police$and
12 the$free
15 the$political
11 he$starts
46 ready$to
22 for$instance
43 and$would
15 a$fight
14 things$but
12 giving$a
13 up$after
54 'm$sorry
11 religion$is
11 very$least
12 my$boss
69 i$also
20 have$and
29 to$enjoy
212 back$to
15 the$class
17 unless$they
11 the$image
21 time$when
34 she$could
49 continue$to
21 years$in
12 i$forgot
40 makes$you
19 a$feminist
12 my$weight
24 get$them
17 get$one
23 your$relationship
56 has$n't
171 to$you
11 the$nature
20 remember$when
11 probably$going
30 is$wrong
41 what$are
25 's$it
19 enough$that
61 to$eat
18 be$pretty
23 case$of
18 'll$go
163 of$us
21 pay$the
69 my$wife
28 makes$the
21 if$people
26 how$we
19 this$might
33 with$someone
11 1$in
75 they$could
11 made$sure
12 read$about
30 here$i
16 you$some
11 n't$because
12 the$nhl
11 the$common
20 the$topic
14 the$smell
15 pm$me
54 i$say
30 n't$afford
20 n't$seen
72 these$people
23 by$their
17 n't$realize
28 sure$if
11 bathroom$and
53 that$way
13 twice$a
35 about$you
22 good$enough
22 into$this
11 light$and
28 name$is
22 can$take
11 gone$and
33 these$days
174 just$a
51 to$call
29 na$be
14 other$words
102 the$top
36 without$the
12 unless$it
15 of$reasons
18 cool$and
18 asked$for
19 why$this
98 ''$is
28 man$i
42 use$of
30 a$baby
11 not$something
13 in$china
17 nothing$wrong
11 fact$you
23 believe$the
13 cell$phone
21 this$situation
18 this$issue
96 something$that
40 is$only
31 n't$use
28 this$man
38 a$human
35 must$have
13 our$society
18 and$thought
75 of$me
26 people$get
14 he$may
186 has$a
19 it$only
207 like$the
65 to$watch
18 it$being
16 as$being
390 on$a
14 against$a
24 a$free
68 but$then
66 sure$you
42 this$will
16 with$how
12 bring$it
11 same$things
12 are$awesome
17 not$too
16 ''$then
12 your$local
16 one$more
13 the$judge
25 refuse$to
13 reality$is
21 to$thank
19 are$both
280 i$just
22 coming$from
28 them$on
24 she$just
20 the$age
46 you$the
18 everything$else
34 that$for
25 are$getting
14 at$about
30 still$be
15 check$the
24 someone$is
115 could$be
28 love$and
19 then$a
12 friends$to
15 knows$that
28 human$being
12 they$look
19 girl$who
77 know$it
131 if$he
19 n't$agree
14 them$into
45 not$really
188 and$not
56 not$that
30 women$are
13 do$everything
27 that$should
13 and$kill
20 member$of
46 me$but
13 or$when
95 back$and
69 in$it
21 prior$to
42 gt$''
19 on$for
19 to$remove
20 're$both
14 you$now
28 and$play
79 that$will
26 like$my
241 of$this
965 it$was
14 this$can
12 signed$up
18 especially$if
31 in$most
54 along$with
30 cost$of
27 so$in
11 out$is
18 it$still
66 out$that
41 so$hard
11 moment$i
22 knew$that
18 time$of
23 why$people
11 by$one
40 the$exact
16 in$jail
14 help$the
37 and$with
30 this$but
20 shit$i
19 so$my
13 pula$''
15 and$honestly
13 the$tv
14 minutes$later
14 're$wrong
67 is$more
25 good$thing
13 far$away
36 meant$to
29 before$they
15 so$fucking
382 is$not
12 of$luck
22 the$bank
148 the$fuck
11 discounts$total
17 the$galaxy
251 wo$n't
623 you$are
33 worse$than
13 carry$on
32 and$why
21 to$convince
14 team$is
13 it$must
38 the$poor
17 good$idea
20 family$members
26 is$absolutely
40 at$some
13 sometimes$the
17 care$and
28 why$not
72 life$and
192 you$need
37 those$of
18 year$of
15 a$top
13 health$and
491 and$it
13 get$his
17 think$she
63 the$community
13 the$distance
14 like$how
12 the$european
14 behind$me
17 sometimes$you
15 not$your
18 it$even
30 love$you
25 now$have
40 find$it
18 called$a
34 the$gym
11 the$look
25 for$each
1107 100000$100000
96 she$is
147 each$other
14 lt$3
14 weeks$ago
11 other$is
683 but$i
23 's$when
15 day$in
31 are$now
20 video$games
142 know$that
78 looking$at
14 the$heart
25 seen$as
13 anyone$can
11 the$boss
21 yes$it
39 at$any
12 cause$i
70 not$going
15 never$heard
12 so$so
26 other$and
30 saw$the
11 to$reddit
12 there$you
160 right$now
14 gives$you
47 to$die
46 people$will
51 they$just
12 over$by
13 really$like
13 comes$with
17 know$she
22 control$over
31 men$'s
21 my$son
19 died$in
25 put$on
40 matter$what
22 a$message
11 it$ca
21 the$fuel
20 thought$he
17 the$fight
12 anything$you
21 which$they
17 that$same
48 was$like
11 in$two
14 issues$and
17 three$of
11 word$for
13 take$some
46 or$anything
26 of$reddit
15 thinking$i
11 i$won
14 been$to
13 your$partner
237 try$to
23 which$you
41 this$way
65 to$start
12 i$moved
55 and$see
38 something$to
11 na$namena
29 tell$them
12 than$anyone
12 done$the
17 from$one
29 to$write
11 the$overall
14 of$humanity
43 believe$in
29 afford$to
109 and$his
16 ever$been
98 with$her
172 enough$to
15 drop$the
13 hold$on
12 lives$and
466 a$few
15 's$house
87 to$not
13 be$no
18 as$simple
47 everyone$is
20 out$by
19 or$are
16 play$it
12 ever$heard
11 almost$like
86 can$see
15 's$almost
20 day$of
19 way$he
14 his$mouth
42 focus$on
21 argue$that
23 the$west
15 to$steal
28 line$of
11 days$to
12 end$the
16 just$said
15 n't$so
13 him$on
1090 i$was
17 'll$make
31 's$always
22 'll$take
26 still$in
24 get$an
17 the$deal
19 have$said
11 is$mostly
17 for$no
12 keep$them
45 give$them
16 is$they
11 because$at
13 story$about
11 have$spent
30 time$but
99 the$past
80 to$pay
21 open$the
102 is$it
17 this$type
590 that$i
29 my$husband
39 always$been
102 about$this
25 you$if
33 you$so
26 an$asshole
18 also$has
17 climate$change
83 this$guy
17 given$that
298 i$could
13 the$issues
19 have$nothing
25 sometimes$it
18 the$data
11 surgery$and
21 money$in
20 guess$what
44 to$bring
92 to$tell
14 'm$trying
490 he$was
20 no$''
18 education$and
12 so$yes
17 the$major
20 their$way
13 life$on
123 as$it
22 n't$try
19 you$also
12 your$opinion
32 time$it
21 my$grandmother
13 love$that
23 your$computer
14 phone$and
53 fucked$up
23 to$reach
12 80$of
15 under$a
18 despite$being
97 just$to
26 and$forth
253 we$'re
54 to$ask
101 the$day
11 the$hardest
11 of$men
51 the$state
89 do$the
256 the$way
36 but$do
21 enough$of
112 should$n't
38 sure$that
23 do$and
15 a$homeless
11 up$it
11 working$with
15 a$target
12 some$way
17 you$wan
11 he$felt
172 but$that
11 single$person
13 or$go
36 be$on
15 to$include
52 it$because
11 'd$love
103 where$the
13 in$5
20 us$is
18 's$up
33 oh$and
11 was$used
12 always$had
21 and$here
33 far$more
70 while$i
431 to$make
45 to$someone
21 to$point
39 were$in
11 this$episode
12 hope$the
21 talked$about
24 to$speak
28 it$if
22 and$probably
33 from$that
13 the$sioux
44 that$but
31 i$work
29 the$work
25 check$out
14 will$see
20 with$these
26 pieces$of
26 at$night
14 just$makes
38 i$asked
25 reason$i
46 his$life
15 are$those
14 at$how
40 this$http
25 is$nothing
34 to$add
11 a$rather
12 she$then
24 the$boy
15 a$conversation
12 your$teeth
18 change$your
256 if$it
14 do$my
32 the$table
15 doesn$t
11 incapable$of
12 me$he
75 you$might
11 around$me
74 as$long
17 in$another
14 your$car
12 us$all
29 he$should
11 fall$in
14 to$wake
11 once$they
35 waiting$for
15 walk$into
27 with$people
13 was$even
33 two$of
33 to$mention
14 the$lack
14 and$time
18 had$one
11 they$start
23 pictures$of
37 got$the
17 their$job
17 have$in
17 been$there
318 the$time
11 is$gon
32 the$line
17 working$in
15 up$being
26 the$patriots
13 does$he
25 power$and
32 me$as
17 the$concept
157 due$to
13 they$took
23 did$a
12 others$are
23 tell$her
13 all$sorts
21 one$night
54 in$to
24 so$to
27 opposed$to
53 be$happy
64 you$that
133 on$it
43 then$he
28 everything$is
153 make$it
15 of$light
48 sorry$for
16 then$when
26 just$go
35 that$time
62 a$really
24 my$room
19 little$more
25 n't$seem
28 get$away
11 later$in
17 made$my
54 is$about
17 go$ahead
43 it$at
28 are$really
77 gt$the
15 your$dad
337 will$be
45 the$law
173 i$want
14 followed$by
11 the$force
30 them$but
11 that$go
34 an$old
54 work$for
66 in$some
14 person$with
22 face$of
77 n't$understand
25 or$less
19 sure$he
20 in$them
18 t$have
17 do$but
35 it$feels
415 and$you
21 drunk$and
22 up$by
47 that$to
17 he$died
21 the$board
16 difference$in
31 the$sound
19 months$ago
50 why$are
24 given$the
40 a$certain
17 ice$cream
41 who$can
25 'm$the
40 example$of
16 look$back
111 so$many
12 about$these
16 they$come
18 my$kids
33 most$likely
18 nobody$is
23 but$because
41 and$over
14 but$instead
18 because$this
34 to$protect
27 have$seen
22 and$started
30 his$name
11 realizing$that
16 even$get
11 n't$lose
35 you$start
14 man$is
12 a$step
94 not$only
12 fight$and
15 get$her
12 neither$of
12 and$spend
63 the$reason
49 more$of
37 she$said
12 was$saying
25 he$knew
13 good$''
16 to$only
13 was$with
123 is$in
48 try$and
12 'll$also
102 the$second
44 about$your
12 it$away
75 to$think
17 sides$of
11 trapped$in
14 being$on
14 in$you
13 shit$but
16 be$it
20 your$time
11 your$company
54 the$big
14 amp$d
16 who$knows
13 of$pain
38 a$relationship
112 and$your
23 a$safe
34 's$probably
12 maybe$even
31 i$spent
34 the$fucking
80 you$for
36 why$they
61 it$takes
91 we$all
16 one$else
38 as$someone
11 the$wealthy
19 stay$in
14 contribute$to
39 time$with
32 wish$i
14 the$bbc
66 of$how
16 you$not
17 use$to
12 good$about
12 other$teams
11 world$war
87 to$him
18 spiders$were
20 i$miss
23 people$for
11 and$looked
34 person$who
14 he$and
108 bunch$of
11 pulled$over
20 at$them
43 n't$let
14 part$in
16 for$so
31 at$first
87 talk$about
12 really$was
11 both$are
170 to$keep
23 any$questions
27 get$off
18 they$wo
19 in$turn
16 before$he
19 a$player
16 a$song
22 the$full
121 around$the
74 years$of
13 's$possible
18 for$other
11 both$in
17 went$into
15 million$dollars
60 willing$to
27 on$some
12 research$and
12 's$mom
26 for$sure
14 he$kept
15 idea$to
14 then$do
16 's$get
29 a$place
13 your$son
15 shit$together
20 the$hard
106 we$had
12 pass$the
99 in$fact
24 your$child
18 how$is
17 them$''
16 least$i
35 those$are
56 is$like
14 it$felt
82 the$back
11 's$such
21 guy$is
76 to$talk
15 game$you
13 are$left
12 off$''
13 she$never
34 sitting$in
35 it$again
14 'm$happy
35 to$prevent
69 thing$that
51 lot$more
27 to$follow
45 only$thing
44 worry$about
63 over$and
34 sometimes$i
12 off$from
248 what$i
83 ''$or
12 of$seeing
12 or$get
15 higher$than
16 on$tv
12 not$very
15 the$shower
114 needs$to
34 my$head
14 get$all
24 fear$of
31 the$black
15 my$hand
15 what$kind
22 up$as
55 what$she
13 are$great
42 even$a
139 you$think
13 few$things
62 i$knew
11 police$officers
19 that$as
68 happened$to
65 point$of
15 top$comment
12 different$things
17 everything$i
23 a$country
19 of$paper
57 is$how
20 this$happened
20 been$able
36 ''$which
28 pretty$sure
21 say$no
28 the$american
12 in$as
28 and$actually
76 will$have
14 's$back
13 the$kitchen
351 able$to
17 he$came
30 men$are
14 your$kids
11 down$his
15 picking$up
43 my$sister
14 and$stuff
32 to$figure
77 all$that
13 it$here
12 that$once
12 later$he
11 system$to
40 those$people
11 together$for
11 image$of
31 all$day
17 no$need
14 the$consequences
12 years$or
44 she$would
229 was$the
14 went$down
12 i$brought
25 to$another
43 they$'d
652 have$a
14 a$straight
23 are$about
12 a$racist
13 actually$the
19 two$days
21 me$or
59 the$amount
12 his$ass
14 guess$it
31 the$bad
19 is$usually
11 added$to
166 my$life
11 my$niece
14 man$in
17 of$thinking
14 are$willing
16 job$of
32 can$find
12 the$thought
25 right$in
31 depends$on
11 children$to
16 'm$also
11 it$says
29 your$comment
18 to$listen
11 to$where
12 kid$who
12 kid$'s
23 life$to
23 i$learned
15 though$you
11 kids$in
21 okay$with
81 no$longer
17 outside$the
13 a$close
16 the$picture
84 a$better
13 plan$to
13 of$4
13 understand$it
11 reasons$for
14 woman$in
13 in$short
47 maybe$you
14 'll$find
12 mind$and
15 and$leave
14 was$getting
40 act$of
24 was$at
105 i$said
145 think$that
61 look$like
20 sorts$of
21 and$making
13 while$there
22 and$want
19 all$but
31 all$those
29 then$we
232 go$to
15 of$stuff
26 will$do
14 from$work
15 have$time
35 to$pass
19 turn$on
13 're$interested
29 a$world
43 5$years
87 a$small
11 my$only
57 a$game
83 're$a
11 however$is
28 he$went
32 get$some
21 to$hell
41 realize$that
349 if$i
28 very$very
19 assume$that
13 the$damage
80 n't$care
23 games$and
14 the$stairs
96 out$and
15 nature$of
28 fuck$it
24 anything$that
477 he$'s
217 she$'s
71 are$so
16 into$one
18 other$countries
16 me$off
12 consider$that
14 she$says
14 8$years
15 go$away
24 the$sky
25 because$my
11 the$ride
15 hell$of
15 help$her
561 from$the
11 door$open
56 now$you
37 they$know
27 it$back
14 the$reasons
43 over$to
61 find$a
32 school$and
205 over$the
31 could$get
22 few$of
18 were$going
12 the$test
35 that$their
131 who$is
11 are$here
1033 this$is
14 the$outside
27 of$not
25 matter$of
11 are$one
11 knows$how
13 hour$and
20 more$to
18 first$thing
15 probably$a
39 from$being
14 good$time
11 the$land
15 his$car
17 as$that
16 in$me
37 for$most
17 never$going
16 the$victim
31 is$at
37 would$never
15 will$come
42 just$want
24 shit$that
12 brain$is
83 is$why
49 off$of
16 accept$that
13 day$she
108 it$all
11 die$in
19 and$took
15 the$summer
43 'll$get
29 person$to
12 are$saying
18 which$he
29 or$at
11 can$to
15 but$by
11 to$kick
35 from$this
18 that$happens
14 an$extremely
87 and$what
151 like$to
91 order$to
195 me$and
15 says$he
28 anything$else
54 none$of
22 a$mistake
26 not$at
42 or$you
15 any$better
12 some$cases
13 making$fun
34 more$like
24 faith$in
44 turns$out
60 close$to
203 because$of
11 and$drink
458 to$a
11 school$to
29 from$what
36 set$up
17 that$while
13 to$earn
17 from$our
2837 of$the
13 made$of
27 both$sides
13 how$could
48 started$to
27 mean$i
13 the$higher
78 my$friend
11 out$you
106 that$a
18 good$but
22 but$even
13 years$the
19 be$considered
11 to$benefit
13 just$give
11 but$more
26 and$think
13 how$people
14 get$through
12 in$english
11 that$'ll
21 given$to
24 with$other
134 because$the
13 is$definitely
12 else$in
17 no$you
50 problem$with
57 it$so
12 some$good
24 's$gon
26 were$to
17 than$one
13 after$being
30 has$ever
12 it$by
58 the$difference
21 turned$into
101 a$woman
12 leave$a
34 a$life
14 me$my
102 in$and
80 the$story
13 drive$http
28 much$to
15 saudi$arabia
107 my$dad
12 the$definition
39 few$times
29 or$in
81 n't$make
406 the$world
17 's$better
15 a$hundred
20 body$and
11 did$something
26 designed$to
11 go$from
62 as$possible
17 to$life
43 are$still
13 the$lines
52 all$you
52 sounds$like
229 as$well
24 for$free
16 myself$a
76 back$in
20 was$done
14 team$and
11 as$big
26 myself$to
24 people$say
11 who$really
23 few$weeks
35 about$her
12 care$to
110 for$them
11 the$inside
37 the$cost
28 enough$for
12 a$simple
12 be$just
69 not$sure
16 'm$tired
19 can$never
21 the$life
91 know$how
14 were$at
35 that$had
71 against$the
20 done$it
14 parents$and
11 the$rule
43 the$third
15 like$shit
17 water$and
36 believe$it
11 us$we
11 learn$the
21 question$is
24 is$hard
66 out$in
20 reason$that
135 the$guy
44 he$got
43 people$were
18 who$think
23 of$work
13 hell$i
18 than$not
46 'd$like
64 the$moment
54 this$time
16 they$found
18 much$about
16 evidence$that
11 place$is
18 has$had
24 a$party
32 the$air
27 having$the
36 game$and
17 your$best
16 until$he
54 gave$me
22 quality$of
13 a$minor
27 and$asked
11 n't$pay
81 was$not
73 just$do
718 as$a
22 there$to
49 idea$of
80 the$idea
11 best$friends
11 under$your
45 only$one
38 think$they
33 these$things
12 get$myself
44 than$you
33 begin$to
19 them$up
23 wearing$a
18 sit$down
13 a$religious
102 we$'ve
44 much$better
25 last$time
33 do$what
13 i$became
20 way$out
14 imagine$the
43 why$it
38 the$side
957 is$a
31 attempt$to
22 to$one
18 a$reasonable
12 gt$we
51 got$ta
11 is$truly
30 get$into
15 own$a
14 percent$of
20 is$called
27 this$whole
20 you$better
19 starts$to
11 good$or
30 move$on
18 taking$the
11 all$up
18 out$at
21 of$high
13 the$ball
27 is$basically
13 a$variety
16 this$on
25 to$post
55 i$hate
19 will$give
18 it$were
12 collection$of
14 of$new
18 purpose$of
15 5$minutes
12 the$foreskin
34 and$keep
24 impact$on
17 line$and
32 very$much
42 's$one
12 broke$the
11 possible$for
14 jorah$mormont
18 more$difficult
20 control$of
44 why$the
46 say$you
86 i$really
212 you$get
12 be$surprised
13 angry$at
306 the$best
12 they$used
24 to$open
15 were$you
26 this$sub
30 the$market
20 to$cut
15 no$choice
19 getting$the
13 status$quo
33 the$rules
13 that$on
18 a$police
38 there$for
17 be$doing
25 in$such
34 things$you
109 rather$than
16 the$blockchain
23 as$many
12 together$to
37 its$a
43 on$how
22 all$and
12 me$right
190 the$last
23 and$women
11 run$the
18 i$fucking
17 money$on
32 them$as
22 are$an
14 we$as
12 even$after
52 my$first
11 told$my
11 of$everything
18 someone$with
68 we$need
13 the$language
25 woman$who
14 to$treat
12 boom$na
12 was$walking
64 and$even
18 doing$what
27 him$that
48 made$it
15 then$she
14 video$game
35 that$someone
13 worth$the
12 birth$control
15 ahead$and
14 an$idiot
19 your$mouth
48 to$believe
72 n't$just
11 change$their
114 to$them
32 a$million
18 whether$you
13 like$him
11 a$dragon
157 even$if
70 full$of
19 your$mother
15 and$makes
28 and$thus
12 away$in
33 so$what
14 pain$in
12 answer$to
17 shut$down
13 mean$they
28 and$by
44 i$actually
61 wan$na
52 i$wanted
21 for$about
24 get$your
15 his$hand
13 new$to
24 be$better
16 what$else
73 much$as
14 keep$up
44 made$the
88 supposed$to
67 had$no
81 a$different
12 turn$off
19 after$you
19 gives$me
18 would$also
15 the$gun
18 all$it
28 they$all
31 have$their
16 kid$and
11 we$might
11 girlfriend$and
14 been$on
11 are$better
15 care$if
31 a$black
11 what$should
20 understanding$of
12 act$as
29 the$uk
27 i$swear
28 where$she
19 call$me
30 're$still
12 year$olds
44 it$might
16 be$too
11 moment$in
15 would$pay
21 up$''
11 people$still
12 fire$and
88 to$change
21 done$and
14 enough$and
20 like$if
11 was$having
44 have$never
18 anything$in
180 when$they
91 front$of
11 room$mate
65 out$a
14 should$i
22 just$how
72 but$in
19 clear$that
25 people$want
13 game$in
38 's$nothing
11 what$my
14 oh$you
28 put$a
55 'm$sure
13 this$just
30 but$also
69 well$as
26 which$are
65 for$an
22 the$site
11 the$natural
12 thinks$that
16 on$both
12 a$standard
17 as$bad
28 unable$to
37 the$movie
64 did$it
15 better$and
13 is$well
71 with$no
12 sure$what
21 this$with
377 and$a
61 for$those
18 the$young
14 of$gold
15 'm$looking
28 left$the
20 it$got
18 respond$to
11 example$i
27 i$try
82 her$and
12 comes$back
19 an$excuse
17 the$numbers
11 us$who
46 where$it
11 hard$for
31 them$with
26 me$out
188 are$the
33 power$to
13 'll$probably
12 and$back
32 will$go
25 it$sounds
13 left$to
113 amp$nbsp
11 thing$was
14 going$back
65 that$can
129 out$the
13 by$saying
12 of$2013
12 or$it
67 at$home
125 is$going
42 we$got
13 are$running
18 a$walk
13 do$in
21 in$its
24 your$mom
27 them$the
12 and$goes
15 me$is
25 some$other
13 convinced$that
34 call$it
19 could$just
16 everything$and
11 in$but
100 as$they
11 worst$of
12 months$after
14 he$might
13 make$my
20 fast$food
39 is$much
16 leading$to
23 his$parents
42 free$to
13 lot$and
20 's$too
15 job$that
31 most$important
20 new$york
16 that$women
16 your$first
15 ever$be
94 did$you
14 's$gone
211 you$'ll
39 yeah$i
29 'm$in
17 put$them
58 she$did
98 deal$with
27 our$own
18 well$but
20 before$we
22 be$at
16 a$dude
15 at$best
26 a$family
205 it$to
148 to$give
11 us$a
12 just$sit
210 that$we
11 in$part
13 anything$but
21 and$work
23 to$other
26 is$as
32 other$things
20 've$just
14 the$author
12 and$gets
23 comes$out
13 again$to
54 've$seen
15 caused$by
16 the$pool
17 since$he
29 parts$of
15 it$used
14 is$full
27 about$me
13 story$is
19 including$the
20 to$act
22 bjp$uturn
51 far$as
51 the$water
11 chances$of
27 your$brain
12 a$lower
12 3$http
39 and$let
20 ''$with
13 bar$and
16 though$he
27 your$parents
17 the$network
12 n't$i
14 a$change
24 i$must
32 back$up
14 referred$to
35 is$being
13 beat$the
13 to$step
32 an$example
17 banned$from
13 way$in
19 n't$expect
41 to$spend
29 though$the
23 for$and
26 anything$about
29 point$where
91 they$will
84 you$feel
19 helped$me
29 was$there
11 get$what
15 write$a
33 people$i
15 ''$we
17 months$of
42 of$which
201 it$does
19 with$each
95 of$being
716 going$to
24 your$hands
66 on$that
26 has$an
14 years$now
11 3$months
22 'd$say
11 well$the
18 appear$to
20 contact$with
15 could$tell
33 ''$it
32 the$scene
18 now$he
124 and$just
19 above$the
28 's$rights
18 so$why
20 never$seen
1290 on$the
19 the$patient
12 will$start
17 an$easy
20 is$another
22 on$with
148 up$with
24 reason$why
12 though$that
12 this$happens
16 it$there
14 where$there
12 story$that
101 is$so
51 the$old
11 spend$a
31 a$moment
19 exact$same
12 you$an
23 to$drop
14 allen$iverson
12 it$yet
14 change$and
43 came$out
140 you$and
11 a$slight
12 suggest$you
28 listening$to
52 sense$of
12 effect$on
17 's$important
68 first$time
36 's$pretty
12 more$importantly
19 left$in
11 70$'s
173 when$it
24 on$all
12 might$as
11 can$all
25 your$phone
29 gt$it
95 this$one
25 https$youtubecomwatch
15 tends$to
49 the$military
46 on$top
16 the$beast
105 were$n't
11 the$norm
48 said$that
11 short$term
26 being$in
12 three$times
40 is$probably
12 something$more
44 quite$a
44 they$get
42 a$car
40 yes$i
17 my$experience
18 here$''
12 but$some
13 day$that
43 it$gets
35 to$hold
18 really$the
17 however$the
15 know$is
19 tell$him
11 are$currently
656 for$a
20 i$may
26 reddit$gold
15 'd$take
54 to$buy
15 and$without
17 've$already
14 a$positive
46 go$back
24 into$his
11 your$situation
36 that$much
12 happens$in
27 can$also
17 's$nice
21 went$from
12 over$this
39 help$you
11 motherboard$http
21 and$nothing
96 a$week
12 will$find
161 're$not
11 animals$that
16 a$state
12 government$has
113 he$does
17 during$this
28 your$hand
17 at$her
15 little$girl
12 states$and
69 n't$believe
30 i$ever
25 n't$bother
214 n't$want
20 off$in
40 to$become
13 walking$around
37 his$wife
31 are$some
12 her$eyes
14 days$after
14 too$far
16 messed$up
14 to$reduce
49 we$'d
23 she$'d
19 and$two
14 bandit$two
11 because$his
18 have$gotten
13 comes$up
58 when$people
68 my$friends
11 that$actually
17 these$guys
656 i$'ve
33 that$kind
14 their$money
19 this$stuff
22 that$everyone
12 she$needs
134 by$a
25 to$love
12 many$things
11 hit$a
45 it$it
91 one$day
647 out$of
31 you$ever
20 into$that
25 remember$that
12 style$of
44 to$fight
33 attention$to
16 about$having
115 had$been
18 you$come
17 like$we
67 but$this
33 this$year
50 the$public
20 a$word
24 ask$me
12 complaining$about
42 did$the
19 effort$to
12 i$disagree
13 is$clearly
18 believe$me
309 about$the
24 about$them
11 is$simply
18 room$mates
18 because$if
45 i$agree
29 him$as
15 are$always
11 'm$actually
20 or$your
14 works$for
14 like$there
53 know$i
24 's$and
35 you$but
50 pick$up
18 would$still
14 bit$and
185 are$not
124 talking$about
38 and$maybe
12 outside$and
18 he$never
21 and$eat
31 start$to
15 i$posted
102 during$the
14 it$gives
51 to$create
25 the$field
30 some$point
15 expect$to
72 a$bad
11 person$can
13 around$that
29 have$that
30 friend$'s
68 the$biggest
23 's$right
14 point$and
17 times$in
14 excited$about
32 n't$worry
12 to$produce
84 some$people
17 food$is
15 that$comes
29 he$wants
20 a$series
15 an$amazing
13 the$extra
17 away$the
14 next$week
11 by$pcpartpicker
13 fuck$are
25 well$it
12 2$http
11 fact$it
13 patriot$act
21 it$came
13 after$we
15 oh$i
20 kids$and
67 been$a
14 country$is
11 fix$this
39 where$he
11 can$easily
39 's$hard
73 are$in
11 mind$is
13 woman$and
209 n't$even
18 the$words
11 're$only
39 them$for
204 the$game
86 take$the
24 but$are
29 middle$class
152 a$couple
54 not$being
12 and$respect
11 years$after
24 over$time
17 that$came
12 fuck$this
21 head$and
18 view$of
25 i$use
70 are$going
22 to$maintain
18 the$plane
23 into$their
15 what$people
21 're$right
13 one$with
11 the$user
28 understand$how
17 something$and
11 we$only
20 answer$is
34 and$give
68 things$like
23 i$were
18 15$years
12 very$strong
23 throughout$the
34 the$girl
19 it$needs
61 do$so
11 a$cone
21 and$our
24 'm$glad
24 's$day
117 and$all
17 knowledge$of
13 n't$hear
17 and$saw
25 the$season
12 place$where
14 get$there
17 all$kinds
20 the$use
11 these$comments
12 like$all
13 am$going
16 manage$to
14 the$many
13 age$and
19 game$is
29 the$tank
42 forced$to
12 the$modern
17 made$to
45 the$good
18 girl$is
16 before$she
15 sister$and
122 end$of
28 proud$of
23 the$white
26 growing$up
16 it$actually
36 really$do
127 that$she
18 than$most
14 to$fit
22 would$probably
59 people$like
14 should$never
29 a$decent
14 billions$of
850 i$do
179 on$my
70 what$we
57 still$have
13 from$other
12 even$be
15 account$for
12 could$easily
27 work$to
24 fun$of
29 look$for
26 n't$that
12 of$war
80 under$the
90 the$police
26 he$knows
11 she$knows
48 the$street
14 the$correct
18 social$media
37 but$for
44 so$long
12 more$expensive
24 read$it
18 so$let
21 of$thousands
26 thing$about
11 sorry$you
16 was$wrong
11 a$bridge
11 agree$to
15 never$forget
45 to$happen
23 sorry$i
15 in$space
28 on$its
13 up$is
16 an$awesome
125 was$just
13 a$community
23 1$and
11 that$gives
31 now$we
16 go$about
12 have$kids
12 god$i
29 even$have
26 reddit$is
19 you$spend
11 of$fat
43 and$most
22 the$core
11 my$back
23 the$party
16 said$they
27 why$did
75 a$pretty
11 really$did
12 attached$to
13 linked$to
12 school$i
81 who$have
17 gt$but
116 to$his
17 this$story
13 a$shot
14 get$gold
12 hit$me
18 that$every
21 to$decide
28 mental$health
249 that$he
28 stuck$in
16 make$any
25 gt$and
11 creates$a
17 the$evidence
18 rely$on
18 this$may
84 here$is
11 of$blood
11 taxes$rebates
19 n't$remember
35 the$media
19 go$down
111 the$internet
11 scared$of
14 the$sake
13 strong$enough
33 're$just
22 just$an
21 not$having
12 mouth$and
15 to$determine
12 he$actually
14 from$people
14 just$make
15 happened$in
22 one$for
13 no$real
94 n't$see
13 two$people
14 of$doing
24 to$sit
33 so$on
19 each$of
17 is$worth
17 once$and
52 for$one
30 as$she
11 the$ducks
12 to$or
38 never$had
14 here$but
22 's$easy
33 would$do
16 a$level
21 can$buy
11 too$fast
11 are$fucking
13 i$care
240 of$people
18 bought$a
52 a$large
13 he$used
47 go$through
267 as$the
14 just$had
31 no$no
13 asking$me
17 wonder$why
11 everything$to
18 from$all
16 respect$for
76 we$'ll
18 me$at
267 more$than
18 is$she
13 door$to
21 it$too
14 class$and
14 bandit$one
11 with$little
15 for$whatever
12 he$only
17 again$''
15 to$justify
18 happened$and
19 often$than
24 the$history
25 used$in
21 great$fabio
14 is$by
18 's$never
12 area$of
21 entitled$to
11 feeling$that
32 take$care
41 thanks$to
103 it$as
37 it$means
13 that$maybe
13 n't$imagine
15 make$your
13 n't$keep
15 a$private
14 was$more
12 12$of
12 are$completely
13 the$crap
14 the$pats
22 happy$with
24 know$where
11 efforts$to
21 sound$like
17 up$there
31 to$answer
41 millions$of
11 in$school
12 even$for
11 dedicated$to
16 being$so
11 knew$about
53 see$how
144 i$feel
47 it$also
16 add$to
12 was$younger
18 know$who
12 i$appreciate
11 in$japan
18 your$team
19 much$i
40 at$your
15 god$is
18 n't$come
28 my$way
12 play$for
77 to$that
23 and$am
18 time$a
16 24$hours
13 the$proper
11 nothing$i
17 a$completely
27 is$and
11 wife$'s
15 my$legs
15 you$doing
12 his$mind
31 that$most
28 not$want
11 the$global
18 me$too
28 off$as
13 says$it
21 week$and
24 us$are
19 like$what
21 them$or
30 those$things
17 i$wake
13 know$of
22 and$talk
12 death$and
92 live$in
35 and$told
33 my$car
20 people$of
32 work$in
25 best$way
11 something$for
11 for$30
99 where$i
11 my$other
14 the$characters
13 was$taking
22 i$bet
12 are$taking
11 song$for
20 in$canada
12 got$in
36 are$also
147 to$find
22 me$about
11 wish$for
11 we$say
13 were$born
12 room$for
15 not$some
18 he$thought
15 her$husband
50 find$out
33 and$many
75 're$going
19 increase$in
38 bad$for
222 so$much
12 and$white
54 united$states
11 the$3
16 sitting$on
37 had$n't
22 you$believe
29 exactly$what
185 as$you
14 would$only
11 available$in
13 says$the
111 and$how
17 the$grocery
24 a$choice
33 the$kind
58 day$i
24 while$it
16 why$does
11 they$probably
12 n't$read
25 this$kind
32 i$live
19 i$already
33 so$when
23 my$time
17 is$already
25 of$living
15 about$something
12 because$your
24 the$total
22 a$perfect
24 30$years
83 who$was
14 right$wing
67 the$house
61 to$what
27 me$so
26 to$avoid
130 like$you
15 are$bad
13 you$it
14 and$2
28 they$never
11 it$go
11 school$in
26 are$too
122 's$no
11 him$back
13 the$content
18 failed$to
62 me$in
25 women$'s
18 get$this
28 gets$a
12 this$makes
11 finding$a
40 all$these
12 shit$up
15 played$the
94 about$a
109 should$have
20 what$that
25 i$personally
13 and$finally
61 way$of
11 being$gay
25 are$good
40 getting$a
17 for$having
11 respect$the
67 it$comes
11 side$and
48 one$that
23 give$him
12 but$hey
43 change$the
43 n't$say
95 i$like
25 no$problem
33 fuck$up
16 today$and
14 women$who
14 the$value
11 the$physical
11 forms$of
224 no$one
17 coming$out
11 yeah$that
13 now$in
19 a$system
40 did$i
14 up$an
11 got$her
11 in$office
11 keeping$the
26 then$there
16 let$her
17 fail$to
12 walked$in
11 the$longest
19 the$toilet
23 keep$in
12 say$a
46 but$what
28 even$know
14 and$move
54 how$do
24 other$hand
12 a$pack
45 're$doing
21 to$drink
13 sit$on
22 when$someone
18 my$name
37 someone$to
12 against$your
27 my$daughter
21 to$these
42 they$need
35 2$years
13 listened$to
15 brand$new
12 could$never
17 in$those
17 always$have
24 's$say
23 most$part
71 it$makes
46 all$about
20 shut$up
15 having$an
12 up$or
15 n't$there
33 a$massive
11 nothing$of
18 right$there
16 and$another
14 that$other
33 a$picture
14 they$actually
12 were$only
64 or$even
49 on$you
23 get$their
18 stand$up
392 need$to
15 not$my
15 love$with
23 year$or
24 time$that
199 way$to
11 of$legends
11 me$into
11 had$that
87 it$on
22 to$choose
121 the$one
31 person$in
18 friend$of
11 come$off
57 to$let
30 come$up
18 size$of
42 people$on
55 it$the
620 is$the
521 that$the
19 one$'s
13 it$went
21 either$way
24 made$up
15 using$it
19 's$great
33 place$to
26 that$many
13 has$made
25 a$story
20 are$looking
48 and$said
16 that$only
21 to$really
20 you$you
41 just$that
339 that$it
17 gt$if
18 much$like
15 to$feed
12 like$everyone
42 they$ca
11 by$it
44 's$about
16 him$or
50 but$my
13 ok$i
11 at$every
57 all$this
14 a$statement
42 to$us
11 know$your
18 and$such
32 the$three
11 this$moment
33 it$happened
11 while$and
159 in$their
43 it$i
45 on$an
2193 do$n't
21 make$an
22 when$there
27 also$i
21 paying$for
11 who$thinks
19 she$went
313 the$most
11 and$killed
129 someone$who
20 time$''
61 a$problem
103 it$up
352 and$then
21 to$wear
25 just$trying
13 control$and
18 what$your
11 worthy$of
21 long$and
52 it$could
19 was$nothing
13 to$ride
21 whole$time
21 real$world
13 week$of
27 to$sleep
38 this$i
18 me$like
11 cancer$and
31 in$on
12 with$only
16 https$wwwyoutubecomplaylist
14 for$like
81 most$people
40 of$its
31 does$this
34 makes$a
18 a$matter
21 'm$gon
21 the$group
12 or$another
25 i$needed
11 give$your
14 out$about
11 shipping$taxes
386 n't$have
13 the$love
23 who$the
74 people$and
17 to$focus
26 there$would
11 regarding$the
91 they$had
26 fuck$is
12 that$gets
15 the$fire
13 and$saying
11 private$sector
12 and$right
41 the$gold
609 's$a
13 post$it
45 than$that
19 ''$a
20 i$suppose
1035 in$a
29 who$you
38 doing$the
22 is$out
11 http$pcpartpickercom
22 for$doing
13 it$they
14 take$out
11 was$her
32 feel$free
15 the$above
23 required$to
11 only$in
24 from$them
29 front$page
17 after$my
19 done$with
11 was$he
18 i$realize
147 i$love
11 happening$in
21 came$back
48 on$what
49 little$bit
13 throw$a
14 i$dunno
17 we$live
12 as$some
15 back$from
16 this$place
15 that$moment
92 things$that
41 aware$of
42 people$would
15 i$start
47 felt$like
62 he$can
11 is$coming
11 then$one
30 the$enemy
33 the$wall
133 get$to
33 good$for
21 my$point
60 that$could
15 well$for
17 are$talking
23 as$one
11 better$for
14 're$trying
41 and$her
19 sorry$but
26 what$would
105 or$not
20 full$time
35 one$time
15 for$how
12 's$another
15 the$beggar
19 playing$with
29 times$and
11 help$with
21 the$business
13 prepared$to
11 and$lost
12 mean$anything
12 the$thread
73 i$made
13 did$they
50 is$pretty
16 it$started
15 that$happened
11 up$her
13 the$chinchillas
38 at$you
16 person$'s
19 means$of
136 a$big
67 seems$to
13 yeah$you
106 it$for
19 maybe$the
21 people$from
79 in$her
17 now$but
14 to$every
13 the$space
12 waiting$to
42 this$comment
16 s$a
15 one$was
14 multiple$times
39 in$life
17 100$of
19 home$from
38 happy$to
22 have$ever
49 n't$work
29 me$on
13 the$medical
12 a$bigger
14 has$gone
38 thing$you
11 dead$and
15 my$roommate
16 that$with
34 that$just
11 struggling$to
11 they$gave
27 would$say
17 i$assume
13 's$easier
73 in$any
13 this$by
11 just$gon
23 the$doctor
71 for$him
26 maybe$i
16 hope$to
68 the$very
33 your$face
164 a$new
11 2013$gt
60 but$a
61 to$read
13 probably$because
16 time$they
156 he$had
25 is$used
2663 in$the
12 is$with
12 to$experience
12 off$your
50 this$would
27 that$person
11 show$and
12 doing$and
22 very$little
26 used$for
21 as$good
19 but$is
15 days$i
22 black$and
29 onto$the
40 living$in
26 was$doing
20 of$god
89 just$because
12 of$why
11 coffee$maker
15 for$as
11 the$hand
24 about$his
12 i$almost
152 we$can
13 without$even
17 back$for
18 has$nothing
12 we$must
12 interesting$and
526 i$am
32 well$that
23 they$might
11 honest$i
13 killed$by
17 off$my
59 what$do
68 likely$to
15 something$so
39 the$process
14 over$her
13 to$respond
13 though$she
11 the$underlying
122 like$i
14 information$and
50 until$the
33 man$who
15 your$name
19 begins$to
34 and$try
19 n't$it
73 much$of
21 of$times
29 probably$not
19 n't$put
102 like$it
13 made$in
19 where$to
22 and$tell
18 are$your
59 just$the
17 when$that
16 limited$to
12 behind$it
19 you$on
11 good$in
12 explain$the
16 has$become
16 us$that
21 'll$do
107 the$government
45 the$job
41 to$win
16 's$ok
214 in$your
29 who$would
66 is$my
25 just$say
71 how$you
57 about$that
13 this$could
236 part$of
20 okay$to
223 up$and
134 a$huge
60 care$of
13 waking$up
13 several$years
24 led$to
13 all$at
51 why$is
21 where$people
35 and$every
16 a$sudden
65 and$will
33 me$feel
17 friends$who
11 who$wants
27 last$night
63 to$show
28 taking$a
12 week$i
136 years$ago
14 reddit$'s
39 'll$never
25 be$one
13 you$care
17 you$is
28 to$sell
11 again$it
25 got$it
24 blah$blah
50 were$the
11 air$and
31 a$shitty
73 guy$who
11 laugh$at
15 team$to
34 the$human
41 can$make
12 the$patriot
18 also$be
55 then$it
13 the$iron
12 are$simply
11 about$things
51 plenty$of
14 ''$by
15 will$you
12 car$to
13 can$understand
50 or$just
16 right$''
26 to$share
12 an$incredibly
312 i$know
16 're$probably
13 my$new
11 stand$to
11 got$so
32 one$and
17 completely$different
15 and$nobody
13 save$the
20 portion$of
35 where$we
15 to$ever
53 once$you
32 thing$and
14 than$we
12 a$military
20 asked$me
11 share$of
11 for$good
32 few$days
17 around$in
28 was$always
19 through$my
63 the$future
78 tell$me
19 became$a
12 are$different
51 only$a
1440 to$the
14 the$experience
28 or$how
11 for$hours
11 the$super
144 to$work
70 ended$up
44 still$a
19 1$of
34 have$sex
20 and$left
49 'll$have
27 4$years
18 he$gets
240 that$was
70 is$very
41 been$in
25 telling$me
13 when$one
12 and$often
55 the$hell
17 's$best
21 for$another
14 figured$out
13 issue$and
14 how$a
116 i$guess
30 you$actually
28 first$and
12 any$given
19 will$happen
39 was$very
26 filled$with
19 than$they
114 after$the
23 or$have
39 took$a
37 this$has
12 a$social
14 here$https
20 but$most
15 told$them
72 comes$to
12 the$ring
52 to$those
50 ''$''
11 impossible$for
12 to$assume
31 but$now
17 handful$of
34 is$where
11 the$counter
21 back$the
11 she$told
11 that$mean
18 i$don
22 thought$about
23 my$entire
42 back$on
54 interested$in
33 this$in
11 an$18
14 she$should
117 as$an
17 eat$it
26 come$on
71 care$about
21 expected$to
28 and$does
22 ''$was
11 is$fun
11 are$forced
13 i$wan
24 since$it
29 so$there
77 i$remember
12 of$person
12 most$importantly
29 amounts$of
12 fuck$with
20 one$will
13 my$story
11 a$basic
44 do$a
17 and$found
11 tell$people
11 a$general
110 gt$gt
11 they$try
21 i$doubt
18 pair$of
28 we$ca
19 that$make
938 for$the
200 if$the
13 have$much
28 was$all
11 the$camera
49 the$city
84 have$an
87 she$had
29 not$for
68 that$one
30 hit$the
11 makes$him
15 do$''
19 will$only
41 them$all
16 is$amazing
11 as$his
19 you$tell
19 the$background
48 n't$take
14 than$your
19 and$help
12 way$down
55 listen$to
37 are$doing
15 my$hands
27 your$post
17 in$just
170 so$you
17 maybe$he
13 guys$that
31 once$a
200 i$ca
108 so$it
19 get$more
19 part$is
18 now$''
27 that$some
30 leads$to
67 believe$that
13 a$broken
47 nothing$but
17 depression$and
12 knew$he
12 n't$talk
11 a$gold
133 based$on
45 and$everyone
57 if$that
36 get$me
34 come$from
15 post$is
15 invading$you
84 's$what
32 who$i
14 to$time
12 guess$you
18 bad$and
11 relate$to
285 that$they
79 who$'s
12 add$more
152 the$rest
12 again$the
14 course$i
25 decide$to
12 would$bring
49 this$post
17 but$on
30 me$it
11 the$private
80 something$like
22 closer$to
24 seemed$like
54 about$what
39 put$in
32 get$back
13 speak$to
17 n't$handle
65 how$the
16 fix$it
17 dozens$of
93 'd$be
11 hope$i
14 human$beings
16 and$any
11 anxiety$and
18 and$run
11 a$rapist
23 the$information
21 the$moon
42 take$it
44 i$m
19 i$recommend
13 your$account
11 to$confirm
14 whatever$reason
13 for$anything
17 20$years
390 in$my
12 never$thought
23 the$others
29 the$body
15 minutes$to
173 let$'s
59 this$and
59 that$in
21 right$and
11 the$80s
64 the$floor
13 when$all
72 you$a
22 moved$to
29 tired$of
18 join$the
13 chances$are
33 a$quick
29 i$read
215 you$to
20 a$list
16 a$parent
14 the$financial
43 a$piece
12 actually$make
18 him$he
14 you$because
56 said$i
59 we$get
529 they$are
13 matter$is
62 the$front
18 start$a
11 now$they
12 the$blood
23 found$that
27 he$told
24 though$it
13 hate$it
120 a$year
19 my$old
15 put$up
15 what$this
18 n't$as
12 of$society
18 all$just
18 get$married
18 says$she
52 're$in
40 because$there
18 stuff$that
49 more$and
20 than$any
13 like$one
250 of$it
36 'd$have
18 ''$on
11 want$me
54 one$thing
33 my$opinion
59 depending$on
12 travel$to
31 and$of
11 they$hate
11 this$seems
11 to$trust
12 around$them
64 and$be
19 the$player
18 times$i
11 been$doing
43 we$will
12 been$going
67 an$hour
15 will$also
13 just$doing
12 experience$with
31 and$never
39 be$like
42 i$go
12 still$on
15 you$hear
26 of$thing
11 can$lead
24 was$born
11 had$more
11 a$wife
13 to$gain
14 and$used
12 for$almost
12 simply$a
17 ones$who
11 his$entire
19 though$they
18 great$to
12 hey$guys
373 i$'ll
16 i$pulled
77 they$'ll
126 and$was
18 the$context
26 really$have
79 that$if
13 not$give
17 the$economy
12 concerned$about
15 him$so
11 all$so
22 ''$when
13 are$two
16 he$looked
172 are$you
420 there$are
11 into$thinking
16 and$good
14 passionate$about
35 world$and
53 means$that
11 memory$of
14 how$that
23 happens$when
17 do$things
14 a$global
15 every$night
19 series$of
26 not$make
20 have$my
28 it$down
30 ''$you
19 seen$the
21 and$yes
84 end$up
11 to$correct
26 say$this
15 can$choose
180 a$very
14 a$1
164 've$been
15 you$call
19 world$to
12 everyone$should
48 if$spiders
14 let$go
19 you$wanted
20 much$and
121 to$their
11 called$it
22 because$people
14 surrounded$by
14 for$why
13 be$aware
11 the$service
13 today$'s
34 as$in
12 take$me
889 it$is
49 i$need
15 them$it
11 this$song
18 to$judge
36 here$are
94 might$be
12 police$are
12 represent$the
15 almost$every
36 who$does
13 for$when
24 so$good
20 everything$that
39 and$says
33 would$'ve
129 for$your
78 think$the
24 just$about
33 out$what
84 piece$of
414 by$the
20 see$her
11 than$two
77 many$of
20 you$lose
12 mad$at
168 wanted$to
11 to$reply
22 her$a
11 at$school
51 he$'d
19 it$now
140 up$in
18 her$for
38 house$and
58 wake$up
15 considered$a
25 things$in
17 loss$of
21 really$bad
19 something$is
20 much$the
25 their$parents
40 year$and
19 get$over
18 have$two
76 from$my
16 the$quality
17 hard$work
22 had$an
100 for$all
87 's$been
12 've$read
13 money$is
12 it$always
24 i$met
13 lost$a
23 back$at
12 sex$and
17 so$sorry
38 can$tell
15 as$time
17 someone$you
20 life$as
95 you$'d
16 3$days
12 us$the
262 she$was
15 the$largest
27 shit$about
12 they$came
61 the$word
20 op$is
30 the$hospital
715 at$the
14 the$religion
16 enter$the
21 bit$more
49 on$to
35 's$actually
80 no$matter
75 why$i
57 why$do
18 not$much
40 going$through
27 job$and
13 him$up
30 can$use
13 read$a
12 were$made
13 top$and
11 run$by
20 in$with
16 make$her
56 but$she
68 just$as
80 but$we
14 is$currently
25 down$a
22 and$everything
30 's$very
11 i$now
18 gave$a
13 from$home
14 hope$it
13 a$horrible
205 look$at
21 ''$for
39 you$still
12 could$'ve
22 definition$of
20 to$hate
58 how$it
21 well$you
13 not$work
11 even$think
46 say$i
11 not$doing
15 the$high
39 that$your
15 and$know
14 of$themselves
14 guy$in
12 in$iraq
53 that$makes
13 regards$to
11 have$taken
38 want$the
42 which$was
18 the$decision
32 are$we
11 note$that
72 to$look
11 at$people
14 whether$they
29 6$months
18 of$information
11 the$report
13 this$part
80 not$even
25 you$read
11 day$it
18 the$link
20 be$fine
33 even$with
