15 have$made
16 more$about
17 are$pretty
14 next$time
45 wants$to
25 it$into
19 was$really
39 that$and
12 an$entire
155 n't$think
102 do$not
19 go$out
14 into$your
45 've$got
13 so$do
13 just$for
30 i$only
99 the$fact
44 the$video
12 from$there
12 last$season
48 a$real
12 would$rather
26 what$if
12 how$long
18 message$in
15 that$point
11 jokes$puns
13 but$no
13 the$actual
28 in$there
22 will$probably
11 ''$thing
22 i$started
171 a$bit
18 and$look
19 feel$the
80 this$was
53 but$not
23 after$i
15 will$take
15 n't$always
180 the$only
11 not$good
30 n't$remember
89 some$of
24 we$could
12 the$dark
56 that$has
22 may$have
12 relationship$with
30 as$fuck
11 not$what
34 years$and
15 understand$what
47 it$really
20 why$he
29 if$your
19 other$side
19 actually$have
14 everyone$was
17 question$in
12 me$with
26 use$a
62 is$what
27 it$may
22 be$used
15 also$if
16 ''$the
22 after$that
13 argument$is
11 will$likely
80 performed$automatically
22 can$go
20 not$having
24 a$team
25 similar$to
291 i$'d
28 needed$to
11 be$taken
20 do$is
24 rid$of
12 to$like
876 to$be
12 mean$to
13 year$i
11 them$i
58 and$there
26 the$article
14 of$water
179 had$a
23 things$to
15 should$go
11 n't$stop
72 think$you
36 love$to
11 a$regular
47 its$not
14 0d$0a
31 me$i
17 have$enough
16 that$sounds
18 i$totally
46 even$though
28 everyone$else
16 he$needs
15 who$were
11 's$to
42 was$so
12 found$the
11 only$be
20 's$my
26 are$being
14 point$out
17 entirety$before
14 from$their
166 they$do
30 and$so
19 the$light
12 it$before
17 the$button
51 him$to
23 it$that
21 was$about
11 and$put
14 point$i
61 n't$see
144 have$the
18 an$argument
50 n't$the
11 in$addition
11 something$similar
29 know$about
27 you$must
11 minutes$of
103 there$was
11 best$for
24 find$the
11 i$definitely
16 a$strong
14 the$face
11 n't$live
13 about$my
13 especially$the
33 you$may
14 follow$the
29 and$make
27 ''$to
13 you$talking
11 not$see
11 than$what
24 a$part
24 to$save
25 him$in
57 time$and
11 i$make
12 while$he
11 a$fair
13 done$in
14 and$while
19 some$kind
22 to$support
11 attracted$to
13 's$good
88 have$no
11 as$opposed
15 was$probably
12 a$computer
11 then$that
19 advantage$of
20 some$sort
22 was$thinking
14 does$anyone
146 because$it
13 even$have
17 interesting$to
15 more$people
18 it$happens
11 them$because
13 to$realize
13 work$but
161 has$been
14 and$yet
95 are$a
70 how$much
13 exactly$how
11 focused$on
307 when$i
50 a$bunch
21 comment$on
15 i$imagine
18 you$made
87 how$to
15 things$i
26 not$all
11 things$are
30 the$books
29 messagecompose$toraskreddit
11 it$definitely
13 show$that
33 we$should
85 from$a
14 probably$would
89 your$own
18 see$this
56 the$mods
20 to$fix
66 and$she
42 and$in
19 in$love
23 on$me
13 play$in
83 it$will
14 them$is
14 need$for
16 just$get
125 be$the
50 since$i
12 saying$it
12 're$probably
65 the$question
13 since$you
32 make$you
188 's$the
37 come$to
43 we$'ll
18 work$on
17 mean$it
14 place$in
13 means$you
33 are$all
19 my$brother
12 could$not
30 is$because
15 my$family
49 p2456$watch
22 she$has
16 of$him
526 and$i
87 that$are
12 work$at
16 one$to
50 wests$tigers
15 you$look
15 post$was
15 my$ex
95 that$would
11 i$even
15 chance$of
13 should$probably
23 have$done
50 going$on
21 should$not
12 him$being
13 any$kind
12 saw$a
12 it$more
30 the$year
16 i$keep
491 in$a
26 my$baby
190 kind$of
14 make$up
19 can$we
53 i$always
102 make$a
14 ones$that
18 there$and
26 of$mine
11 worth$a
13 you$fucking
25 regardless$of
26 n't$it
12 i$put
39 it$did
32 n't$say
53 must$be
18 possible$to
11 cooperation$and
58 of$these
12 code$https
80 got$a
25 you$make
32 want$a
13 back$on
107 into$the
17 oh$my
17 afraid$of
11 pretty$well
15 get$better
21 next$year
12 in$what
33 buy$a
12 be$great
21 n't$mind
29 according$to
26 talk$to
21 you$live
11 is$extremely
17 near$the
12 would$want
19 responsible$for
20 's$got
12 money$for
50 would$you
30 the$money
19 think$its
15 a$specific
13 always$the
30 too$many
14 they$made
24 money$and
25 no$it
19 what$to
13 for$2
14 or$that
38 how$they
21 unnecessary$context
21 a$dick
42 need$a
51 to$stop
16 and$got
37 tell$you
14 as$my
12 to$carry
54 not$have
11 a$higher
30 out$with
21 my$parents
78 when$he
13 on$in
22 the$very
23 know$this
136 not$the
19 one$for
22 come$back
22 to$beat
12 take$this
12 tell$the
13 of$games
11 a$personal
19 this$a
13 that$game
269 so$i
123 's$just
43 with$his
24 happen$to
47 'm$going
25 full$of
16 list$of
12 are$like
14 doing$a
28 half$of
37 for$his
13 actually$do
27 sure$that
19 would$love
26 nice$to
25 a$girl
15 as$your
13 to$want
12 stuff$like
18 win$the
353 want$to
54 ''$i
23 is$too
12 until$it
183 are$n't
33 and$no
48 has$the
11 minimum$wage
47 pretty$sure
203 like$a
23 a$similar
14 need$more
14 just$saying
21 there$will
25 i$play
109 i$mean
18 to$end
14 is$some
12 time$is
47 unless$you
14 not$think
25 for$people
25 can$have
30 be$an
19 are$on
34 got$to
39 is$really
12 that$actually
36 message$the
11 's$worth
42 is$one
11 i$buy
21 're$all
30 it$works
37 's$still
11 a$solid
12 the$phone
41 a$week
11 this$submission
17 set$up
17 make$sense
11 you$what
12 shit$out
14 an$extra
11 hope$that
59 then$you
12 very$nice
14 being$said
41 my$mom
38 the$title
12 're$on
15 seen$it
17 maybe$it
21 n't$tell
16 day$and
121 it$and
13 not$enough
15 did$that
146 https$wwwyoutubecomwatch
87 the$people
22 understand$that
20 a$fight
48 on$their
15 they$only
11 the$constitution
37 for$her
54 long$as
23 man$i
11 to$hide
11 the$start
42 what$it
25 for$what
76 i$still
11 replies$that
14 anyone$who
15 that$do
30 difference$between
21 you$use
19 at$me
27 are$more
15 to$some
72 their$own
14 to$any
13 down$for
15 but$really
17 but$now
19 ago$and
11 because$your
168 can$be
46 type$of
38 see$how
26 down$and
14 i$asked
13 or$any
12 all$day
14 but$as
44 am$so
33 a$chance
15 or$they
11 want$that
113 the$whole
249 there$is
14 other$team
13 for$many
23 might$not
16 and$over
23 was$also
49 did$not
16 feel$bad
38 to$come
16 amp$d
79 for$that
24 will$always
13 place$for
13 the$area
33 in$fact
21 all$those
12 pretty$damn
11 'm$an
12 please$keep
23 result$of
12 which$can
11 where$'s
40 to$that
41 's$more
33 have$more
30 do$i
12 enjoy$it
11 same$here
16 real$life
23 ok$i
18 a$result
16 as$for
13 can$afford
14 every$year
16 to$another
16 only$reason
31 they$'d
12 be$getting
37 why$would
73 now$i
11 oh$well
19 you$find
71 in$his
12 us$and
12 but$your
12 going$into
13 so$she
12 first$one
82 time$to
14 any$way
13 into$my
14 the$vast
11 you$never
15 the$early
11 these$two
71 into$a
19 working$on
231 i$did
11 do$some
39 makes$me
76 he$did
42 so$if
30 a$more
41 much$better
88 them$to
12 things$and
157 at$all
18 disagree$with
19 and$also
22 we$would
27 wrong$with
21 very$much
13 to$cut
20 'm$still
18 again$and
14 through$a
11 replies$only
15 is$fucking
28 that$people
13 is$trying
15 feel$this
11 10$minutes
18 good$to
51 up$on
17 me$if
53 the$entire
11 off$as
13 could$see
16 me$up
12 to$push
18 even$then
24 something$you
43 of$our
19 other$things
32 at$it
16 the$warriors
12 a$random
13 they$said
26 to$feel
16 've$heard
18 you$keep
13 different$from
28 talking$to
20 were$not
39 and$still
21 's$that
45 people$do
13 had$this
66 a$while
31 thing$i
93 is$an
14 not$necessarily
12 3$years
15 move$to
28 reply$to
29 his$own
13 fuck$that
15 also$have
17 had$some
167 but$the
49 to$put
11 few$of
14 leave$the
21 is$being
23 starting$to
92 a$bot
47 of$time
27 go$for
258 that$the
11 his$career
19 related$to
17 star$wars
18 is$true
241 i$can
23 is$he
22 to$deal
30 a$time
25 work$in
29 to$run
11 n't$show
25 a$month
44 before$the
13 the$bar
12 hundreds$of
15 watch$it
21 sound$like
23 and$for
16 still$not
20 think$a
19 can$find
16 play$for
19 life$is
16 as$hell
11 has$always
11 know$there
11 how$this
29 toraskreddit$if
18 to$pick
14 i$call
30 if$not
13 you$more
12 shit$on
13 right$there
12 is$completely
13 been$the
15 seen$a
19 in$other
12 of$its
88 you$to
64 can$do
11 's$life
34 outside$of
40 long$time
13 no$more
37 of$things
11 take$her
12 to$need
18 he$ca
12 a$damn
22 that$guy
26 same$way
11 you$realize
17 game$of
11 got$an
49 he$does
14 people$can
12 about$his
31 the$two
229 the$first
14 a$character
55 i$wish
65 what$they
39 to$2fr
14 i$took
13 your$personal
23 it$right
78 so$that
12 we$both
41 i$understand
37 if$she
11 please$report
26 i$wo
16 'm$really
49 you$see
14 than$they
37 's$in
45 's$an
344 to$do
12 likely$that
50 and$get
11 on$pc
11 if$anything
91 get$the
13 please$check
25 it$if
35 here$'s
11 increase$in
14 wrong$and
69 based$on
14 it$off
12 1$or
28 was$that
11 it$worked
11 did$was
49 make$sure
33 said$i
11 know$for
11 i$worked
32 once$you
23 maybe$you
26 give$me
17 than$it
19 i$take
11 not$do
16 dealing$with
30 ton$of
11 and$going
16 watching$the
33 me$the
32 so$he
120 the$way
11 messagecompose$torglobaloffensivetrade
11 a$post
27 the$shit
36 but$we
91 with$it
260 that$you
26 'd$rather
29 that$my
16 we$ca
29 am$not
33 the$main
19 that$being
12 for$anyone
11 the$status
34 who$has
31 the$comments
44 of$an
222 a$good
11 that$made
45 is$also
50 live$stream
73 the$right
51 and$is
40 majority$of
15 's$kind
13 begin$with
445 you$can
64 get$it
32 that$have
24 now$it
27 to$move
28 what$happened
14 even$worse
13 to$each
15 the$match
113 a$new
15 're$gon
12 all$to
13 beginning$of
22 year$old
17 be$good
19 the$kind
60 n't$like
21 people$of
26 n't$actually
11 n't$much
11 in$no
207 n't$know
16 was$no
15 behind$the
15 they$really
11 only$tag
18 her$in
13 all$in
11 much$the
219 to$see
13 to$improve
15 then$we
16 through$it
17 is$when
27 hope$you
23 the$price
20 group$of
40 who$are
15 the$chance
17 will$do
88 because$you
89 does$not
12 'll$see
44 they$'ve
13 add$a
36 will$never
11 would$go
29 out$for
934 if$you
12 2$and
12 to$most
26 ability$to
22 are$there
12 with$our
16 already$have
34 and$when
105 could$n't
18 to$fuck
85 of$his
79 a$big
19 let$them
13 you$pay
23 of$me
59 can$you
136 to$play
34 so$the
45 and$more
11 way$for
11 a$book
21 does$that
16 for$someone
21 5$years
40 can$i
17 deserve$to
37 you$go
14 me$so
24 play$the
13 its$just
33 in$mind
657 on$the
15 is$kind
144 and$that
13 best$to
41 you$say
15 you$understand
48 n't$need
101 of$course
17 is$you
16 thank$god
29 allowed$to
66 was$in
45 a$guy
81 you$would
11 am$the
53 so$they
14 'm$saying
33 he$just
11 're$saying
15 if$its
11 once$i
17 difficult$to
16 agree$that
40 see$a
52 that$there
18 mean$the
11 on$fire
14 me$''
23 being$able
20 to$leave
505 ca$n't
25 reminds$me
15 for$help
13 thats$why
49 out$and
37 number$of
12 my$heart
16 is$exactly
13 to$convince
16 for$something
28 level$of
49 use$it
11 he$wanted
359 to$get
18 work$out
29 way$that
47 i$went
18 to$hold
16 refer$to
14 hate$the
11 my$ass
21 n't$going
51 i$used
84 'll$be
30 the$ground
15 thread$has
12 you$''
16 the$man
29 and$other
14 ever$since
11 has$not
15 post$a
21 in$case
17 kinds$of
15 all$these
15 or$if
15 said$you
39 made$me
347 i$would
34 bit$of
71 they$did
39 you$got
20 give$it
58 for$my
26 are$they
12 her$own
14 one$on
26 as$we
59 could$have
49 with$this
40 i$dont
11 the$average
18 and$one
34 so$far
15 for$everyone
17 text$box
88 we$are
99 better$than
12 picture$of
15 being$an
98 have$n't
12 her$parents
19 me$when
263 be$a
24 making$it
12 come$in
13 'm$from
30 not$in
12 as$fast
12 d$amp
18 and$take
15 turned$out
16 is$i
38 with$him
20 of$some
15 that$even
27 chance$to
20 can$still
62 agree$with
33 really$good
11 he$really
15 and$say
17 a$short
28 the$real
20 being$the
41 pretty$good
31 makes$it
46 my$own
23 an$issue
11 fact$i
15 will$make
18 off$a
17 rather$have
19 feel$that
11 she$got
44 think$about
48 the$case
44 is$on
184 should$be
13 up$until
14 n't$necessarily
12 another$one
21 first$place
94 you$could
37 and$some
90 he$has
13 oh$yeah
17 to$break
23 tend$to
26 we$did
29 one$that
11 of$game
15 in$game
25 do$anything
20 change$the
21 them$are
19 just$need
12 a$sense
18 when$she
32 to$learn
56 it$should
14 did$this
13 at$any
15 say$the
118 think$it
12 has$some
11 to$mark
18 still$do
21 you$or
15 the$kids
129 to$say
11 the$part
19 what$does
12 my$mother
21 the$road
50 it$out
221 to$have
34 n't$you
21 the$nfl
46 me$a
14 always$be
32 was$on
17 and$those
128 of$your
40 have$it
20 is$getting
36 between$the
14 removed$from
21 also$a
86 moderators$of
16 the$value
43 you$mean
26 for$not
24 we$know
13 but$just
13 bad$as
21 us$to
14 and$after
20 keep$it
13 had$it
13 because$my
42 a$nice
73 the$new
17 i$felt
40 of$you
13 wwwredditcomraskredditwikiindex$wiki_rule_1
24 did$i
12 like$when
21 and$go
23 way$too
21 can$say
56 n't$mean
43 try$and
22 i$hear
16 how$does
12 to$even
74 because$he
15 absolutely$no
20 the$system
13 a$business
81 or$something
46 than$a
135 you$should
19 the$list
13 ''$so
30 made$a
13 system$is
16 the$series
264 lot$of
11 doing$that
19 n't$play
14 they$go
16 middle$of
12 at$what
34 no$i
18 as$to
11 in$america
37 this$to
11 in$many
41 and$do
23 how$can
12 guy$'s
68 n't$do
70 any$of
13 before$it
95 looks$like
80 amount$of
40 does$it
105 the$us
19 put$the
13 someone$in
33 problem$is
40 no$way
23 i$might
80 in$that
24 when$we
18 and$enjoy
16 it$wo
16 that$his
23 the$op
20 mean$that
15 like$in
18 took$me
14 's$okay
81 me$to
156 get$a
167 what$you
11 me$how
11 never$be
300 they$'re
19 is$at
102 not$to
11 nothing$is
17 these$days
11 this$so
18 've$only
12 the$chinese
61 we$were
18 please$do
25 as$he
18 to$lose
112 am$a
16 and$made
12 can$confirm
13 it$took
12 same$for
12 those$that
11 response$to
15 basically$the
41 saying$that
15 set$of
15 she$can
11 wait$until
146 and$they
14 came$up
26 really$is
14 you$seem
12 goes$to
22 guess$i
23 some$reason
18 come$out
14 long$enough
11 done$to
87 of$their
17 op$'s
190 the$other
41 it$looks
12 just$my
39 now$that
11 players$and
15 wanting$to
117 and$he
23 some$time
23 to$understand
15 say$he
12 vote$for
11 for$our
11 playing$a
23 the$number
22 you$in
20 to$pull
30 in$our
12 n't$forget
11 a$significant
11 are$probably
11 it$then
41 he$said
26 n't$go
199 i$had
23 think$we
25 the$playoffs
25 from$this
16 games$are
18 you$wo
19 years$old
12 i$noticed
16 the$greatest
12 got$some
44 and$what
24 was$only
21 know$why
24 i$played
31 wwwredditcommessagecompose$to
13 it$depends
13 just$did
30 why$you
22 all$about
17 the$death
73 and$my
35 a$friend
45 will$not
16 the$level
83 what$'s
29 for$years
12 everyone$in
61 through$the
22 way$i
11 would$give
23 about$to
15 tons$of
16 he$says
12 has$chosen
11 wonder$how
127 just$a
26 is$your
11 and$trying
19 even$in
50 http$livesportsonlinenewscom
113 because$of
12 stuck$in
48 one$is
65 it$just
14 its$own
17 go$into
34 would$not
39 not$just
27 but$to
17 well$and
396 with$the
12 not$gon
13 which$has
35 few$years
12 on$him
16 i$heard
20 only$way
71 has$to
36 was$an
13 in$for
52 a$single
17 and$being
11 his$dad
28 on$them
12 year$or
12 talked$about
88 the$next
72 due$to
29 these$are
21 while$you
105 i$thought
17 with$all
17 if$this
67 but$if
38 wait$for
16 people$think
25 and$as
16 i$liked
15 long$term
13 then$again
27 of$other
26 would$get
12 both$are
39 the$more
13 take$my
12 just$keep
510 i$think
25 point$of
12 so$is
11 me$you
71 up$the
77 it$but
13 seemed$to
29 than$i
55 that$a
71 but$he
33 then$the
15 though$you
28 let$me
26 might$have
21 come$up
14 act$like
47 're$a
18 could$do
25 people$on
60 you$did
52 and$all
20 they$know
18 i$first
14 both$the
12 afraid$to
29 http$wwwhltvorg
17 sure$the
39 or$you
19 out$on
12 home$and
13 true$but
15 be$sure
28 have$some
18 to$hit
24 ''$but
17 this$does
15 your$ass
77 and$have
16 there$to
34 'm$pretty
12 are$looking
30 to$just
22 from$your
15 seem$like
27 girl$and
14 i$prefer
11 my$face
25 any$more
22 my$wife
11 not$exactly
41 to$kill
17 was$to
60 'm$sure
15 important$to
50 went$to
24 it$had
13 0a$0d
242 'm$not
14 thinking$of
34 a$ton
32 what$about
13 2faskreddit$amp
11 a$family
121 people$who
12 not$always
72 seem$to
15 you$so
22 have$one
40 with$me
11 i$lived
17 've$done
14 them$out
15 'm$on
36 problem$with
37 only$the
57 you$and
27 if$someone
27 n't$been
11 specific$to
11 than$just
44 though$i
38 like$he
26 are$some
33 in$front
14 a$half
13 than$one
18 of$something
15 looking$to
14 amp$messagemy
50 sydney$roosters
35 well$i
28 then$they
20 was$one
53 out$there
20 forward$to
40 a$kid
25 the$season
211 would$n't
22 have$fun
11 we$want
33 still$have
67 see$the
15 the$street
14 read$it
14 be$nice
102 you$will
148 they$were
47 up$a
37 been$removed
12 it$anyway
19 understand$why
13 ai$n't
16 game$that
15 after$all
20 asking$for
14 except$for
12 they$may
11 puns$offtopic
17 it$means
19 to$check
13 rule$2
12 reading$the
14 n't$come
23 even$more
27 way$you
13 getting$it
13 them$from
20 looked$at
34 the$car
18 while$the
45 use$the
29 my$dad
17 's$on
15 i$personally
31 into$it
79 with$that
17 whatever$you
12 work$and
14 by$my
61 do$that
62 n't$make
49 same$thing
20 i$meant
12 get$all
101 ''$and
27 put$it
11 a$matter
20 no$reason
13 off$with
12 they$think
40 he$could
113 as$i
28 and$has
66 the$show
80 subreddit$messagecompose
27 makes$sense
16 was$still
17 have$your
17 something$about
21 also$i
14 game$for
39 give$a
38 before$i
11 anything$like
20 all$you
62 sounds$like
11 the$stuff
11 oh$no
18 you$take
33 anyone$else
14 at$his
39 other$than
24 be$done
78 it$has
11 is$far
26 not$saying
110 like$this
13 of$having
40 a$person
17 by$your
14 's$definitely
27 all$over
20 that$did
13 really$not
24 it$like
36 that$makes
11 told$him
28 in$terms
14 of$one
25 love$the
14 people$say
13 guys$are
67 do$with
69 with$you
49 tried$to
99 they$can
113 is$just
13 my$so
17 looked$like
37 i$found
26 baby$girl
14 using$a
11 reason$s
22 on$and
11 way$the
100 could$be
13 so$good
83 wanted$to
18 'm$so
23 thought$i
18 the$games
12 once$in
27 every$day
19 them$a
32 it$could
21 let$you
19 doing$something
20 all$time
16 is$doing
28 over$a
11 the$removal
12 and$need
12 involved$in
11 very$high
28 very$well
261 that$is
44 the$original
13 n't$an
16 place$and
12 gt$what
138 used$to
12 a$direct
15 the$kid
27 top$of
18 this$case
125 do$it
317 of$a
34 many$people
11 ok$with
68 on$your
42 most$people
28 so$we
47 what$a
20 to$turn
178 it$would
18 your$body
137 i$guess
14 will$still
15 lived$in
14 makes$a
43 n't$matter
28 and$had
29 get$that
15 to$share
185 not$a
16 actually$a
27 her$to
15 playing$the
22 both$of
18 be$to
34 right$to
11 a$correct
13 and$use
14 do$have
15 a$much
29 's$only
33 a$shit
21 do$they
32 the$post
12 him$out
12 higher$than
11 thought$this
21 thing$to
50 every$time
17 up$your
11 the$third
12 a$gun
17 friend$and
14 a$fuck
22 those$who
25 point$is
15 n't$change
12 around$for
17 in$place
135 they$have
24 for$more
27 sure$i
11 wiki_$5bserious5d_tags
39 now$and
14 so$no
17 she$would
44 and$their
17 was$able
12 an$actual
18 to$death
16 on$one
13 to$worry
11 your$head
14 way$it
19 managed$to
12 it$s
12 down$on
14 hard$time
29 couple$of
11 on$each
96 it$in
15 as$this
16 could$go
16 the$american
11 personally$i
13 days$of
11 but$people
226 was$n't
16 the$general
35 he$got
56 it$a
22 not$get
26 so$bad
66 i$never
13 which$makes
14 more$to
42 people$to
40 less$than
14 especially$when
25 a$job
36 a$joke
24 the$league
52 they$had
12 game$but
135 like$that
20 the$name
45 on$his
38 end$up
225 do$you
25 's$really
18 and$its
300 and$it
19 going$for
16 ''$for
39 down$the
12 unless$they
11 a$source
11 what$did
12 the$baby
22 10$years
15 of$life
43 all$i
32 the$situation
119 gon$na
12 is$such
16 just$one
17 let$the
23 can$just
20 uhh$uhh
32 of$her
24 having$to
282 but$it
12 he$looks
18 just$about
12 more$in
27 just$not
14 knew$it
11 to$remember
15 i$missed
65 think$he
18 you$try
14 see$them
15 was$actually
11 a$super
18 at$one
38 what$was
15 more$money
11 009$amp
13 just$ca
20 mind$that
15 were$a
14 of$like
97 up$to
20 would$take
13 haha$i
22 're$the
24 the$current
47 high$school
17 the$book
17 show$up
12 glad$i
29 the$final
13 get$any
19 your$friends
32 without$a
13 shit$and
27 on$here
12 thinking$that
11 call$them
26 want$it
18 better$to
11 good$job
19 never$get
14 like$me
15 god$damn
59 years$ago
15 him$for
21 one$who
420 and$the
21 and$does
54 away$from
128 i$like
14 get$rid
12 be$true
293 one$of
118 but$you
65 do$this
13 gt$this
14 only$to
20 just$so
21 the$door
57 at$this
13 they$wanted
25 be$fair
16 about$being
15 remember$the
37 said$it
16 the$discussion
21 time$for
14 the$subreddit
50 live$gt
63 to$my
26 if$a
16 like$your
50 lots$of
14 i$highly
15 something$else
106 the$moderators
24 friends$and
22 get$out
17 play$a
14 next$to
39 they$should
47 had$the
168 and$a
11 the$relationship
14 fuck$up
39 people$have
37 find$it
24 fan$of
113 for$you
39 and$are
35 me$of
12 've$always
12 problems$with
21 play$with
18 fun$and
34 in$order
21 people$'s
12 far$from
150 of$them
27 the$word
26 access$to
39 the$idea
48 ''$in
83 know$what
26 the$thing
25 at$work
99 to$know
50 may$be
25 a$day
16 it$when
14 this$person
76 is$this
21 n't$wait
12 every$single
58 's$like
12 to$message
12 the$iron
14 my$phone
13 the$woman
14 ''$as
39 the$person
63 gt$i
21 would$just
11 who$had
39 pay$for
21 gt$you
15 up$my
16 capable$of
16 make$them
43 read$the
15 won$the
33 it$or
30 was$removed
37 doing$it
97 of$those
13 or$maybe
57 of$what
35 but$when
33 will$get
18 from$it
13 never$really
155 in$this
14 some$pretty
17 n't$look
38 the$middle
118 we$have
42 any$other
18 what$happens
16 much$about
15 the$court
58 he$would
42 side$of
22 best$of
49 people$in
35 would$like
11 they$still
11 but$all
13 and$should
17 was$never
32 is$for
23 worth$it
12 you$an
92 is$no
12 go$up
41 them$in
20 the$dog
26 get$into
26 be$honest
13 the$little
41 be$more
17 you$from
11 to$ignore
19 my$body
11 to$clear
11 you$give
130 because$i
11 to$being
15 before$and
11 offtopic$or
12 of$different
33 've$had
29 there$were
11 really$that
40 people$that
13 is$called
19 a$normal
18 never$seen
12 's$time
15 whole$thing
36 say$it
23 with$any
88 please$contact
61 in$an
58 no$idea
18 said$the
22 i$bought
16 result$in
33 's$also
41 until$you
17 this$as
11 not$worth
20 is$basically
37 with$them
13 the$client
14 ever$seen
14 before$posting
11 dark$souls
15 are$talking
14 that$may
14 even$when
14 the$food
652 you$'re
21 as$soon
26 got$it
12 in$particular
141 have$any
16 the$source
23 or$two
27 terms$of
13 sure$they
15 to$throw
89 i$see
17 before$taking
16 the$united
34 good$luck
34 may$not
14 a$minute
14 the$standard
11 in$college
28 or$just
18 along$the
13 build$up
93 contact$the
41 my$favorite
11 not$bad
25 to$wait
22 before$you
29 like$an
189 at$least
21 wonder$if
12 way$and
15 anything$to
28 same$as
47 this$game
20 one$time
14 right$but
13 he$probably
32 this$point
13 and$could
11 are$making
79 you$were
28 holy$shit
20 's$one
16 impossible$to
16 not$allowed
11 's$own
20 there$a
24 to$build
20 become$a
444 i$have
31 say$you
63 did$you
250 all$the
50 watch$live
27 feels$like
28 in$one
13 is$from
13 they$make
63 is$still
70 pretty$much
18 're$looking
15 the$power
13 the$west
21 's$always
14 given$that
43 them$and
21 one$i
11 removed$http
12 the$table
15 again$i
15 to$defend
23 watch$the
15 think$your
48 up$for
28 your$question
29 also$the
11 went$on
16 that$shit
125 had$to
11 was$watching
18 although$i
12 get$used
311 was$a
27 how$i
14 not$very
11 gt$they
11 be$as
12 no$sense
52 seems$like
77 on$this
58 and$we
16 for$yourself
19 in$her
11 risk$of
11 are$already
26 the$country
11 over$it
40 are$just
67 i$believe
14 getting$into
29 have$had
50 you$really
15 every$game
12 idea$that
11 'll$just
33 idea$of
18 making$the
183 if$they
11 report$them
46 like$they
11 look$up
11 take$your
11 was$all
473 does$n't
13 better$off
44 nothing$to
28 but$its
43 after$a
88 or$concerns
169 he$is
20 yeah$it
233 trying$to
18 i$figured
39 read$this
31 your$life
22 one$in
16 power$to
18 is$great
28 the$answer
14 not$too
14 i$gave
34 lack$of
12 to$jump
14 much$for
37 thing$is
11 back$up
11 fast$as
20 go$with
21 here$http
16 maybe$a
105 you$ca
14 see$your
60 which$i
14 to$drive
29 a$second
38 as$if
92 instead$of
13 'm$guessing
362 at$the
18 good$as
267 there$'s
26 a$reason
21 of$shit
18 to$fight
16 in$europe
11 surprised$if
172 to$go
52 've$never
13 the$players
25 to$live
55 it$seems
26 heard$of
90 say$that
59 that$does
26 know$who
13 the$latter
11 was$hoping
1364 i$'m
36 game$is
1817 it$'s
12 see$you
51 is$there
15 and$at
13 an$awesome
26 the$house
11 well$with
31 they$get
23 get$in
11 good$enough
48 a$different
13 to$justify
12 the$left
14 of$just
15 for$both
15 we$get
82 as$much
138 you$want
31 within$the
16 a$free
14 be$cool
11 the$late
75 to$find
15 united$states
20 many$times
52 's$no
18 a$beautiful
35 what$he
13 with$another
16 we$just
11 a$particular
32 n't$seem
13 direct$question
194 when$you
21 a$story
21 referring$to
11 is$even
14 by$it
12 following$reason
15 to$people
11 man$and
11 dota$2
99 you$'ve
15 i$suppose
13 please$review
16 up$at
63 you$for
19 he$also
17 've$ever
27 and$did
19 my$point
11 is$perfectly
38 give$you
31 you$had
11 posting$comments
36 him$and
32 am$i
11 sold$out
13 yet$to
59 'm$just
20 to$all
57 just$like
42 much$of
12 for$3
215 of$this
61 a$long
12 the$human
23 in$every
11 takes$a
14 submission$has
20 just$got
13 time$he
63 rather$than
19 one$and
27 compared$to
57 the$worst
19 and$on
101 to$take
14 ways$to
404 the$same
40 someone$else
13 so$your
31 i$say
23 sure$it
23 is$something
37 's$all
20 here$i
13 bad$and
11 still$the
22 to$actually
25 are$no
37 that$in
32 n't$give
12 n't$as
17 that$thing
13 that$good
12 and$by
12 of$thing
19 never$been
36 a$man
12 me$off
13 half$the
15 people$just
25 figure$out
15 that$not
126 for$me
21 it$now
39 having$a
34 down$to
12 so$this
17 are$very
51 you$guys
20 it$'d
15 grow$up
31 you$said
28 money$to
16 the$great
11 or$to
14 own$answer
17 them$that
11 go$and
126 thank$you
11 and$watch
13 to$discuss
11 so$for
35 know$if
19 this$for
19 how$about
30 for$their
16 's$called
19 was$trying
18 hit$the
86 being$a
11 was$it
14 clear$and
21 tl$dr
94 can$not
15 you$even
11 's$name
26 this$message
21 the$company
17 types$of
12 the$cops
139 i$get
13 the$week
42 what$do
12 worried$about
39 not$like
16 sure$there
14 world$is
52 the$point
18 have$all
11 next$day
50 stream$http
66 of$all
31 for$being
20 a$hard
63 to$help
13 now$the
19 a$fan
12 because$a
33 as$far
17 two$weeks
18 you$only
11 a$link
27 a$full
19 since$they
12 's$fine
13 link$to
171 have$been
13 that$bad
11 really$are
42 not$as
13 is$done
22 my$best
22 and$to
65 time$i
94 i$will
12 last$week
28 can$only
22 's$because
11 that$might
25 rule$1
147 you$know
21 soon$as
13 grew$up
19 be$very
76 what$is
16 not$so
76 bot$and
13 just$going
36 told$me
18 you$dont
41 if$there
12 's$wrong
14 more$time
37 out$to
119 for$it
11 found$it
22 the$head
11 have$not
50 be$in
15 really$want
91 of$that
12 that$got
12 away$with
26 he$will
22 time$you
39 me$that
25 the$truth
11 pointing$out
11 n't$exactly
93 is$to
105 what$the
26 is$always
11 for$two
16 are$right
16 amp$009
20 the$things
65 'm$a
19 form$of
28 see$what
22 around$and
14 picked$up
11 lead$to
22 be$so
13 it$sucks
26 and$people
12 why$we
13 of$times
20 and$ask
76 and$if
13 there$has
11 the$cat
37 since$the
280 you$do
30 this$season
21 you$i
13 straight$up
19 even$the
71 i$hope
18 it$be
30 version$of
22 say$they
27 good$at
70 for$some
26 in$all
58 ''$is
11 that$what
11 that$her
19 in$which
11 was$made
14 make$that
11 is$right
12 gets$the
15 your$friend
23 it$goes
22 a$question
66 then$i
35 with$some
14 the$guys
11 thought$you
28 at$that
13 the$need
729 that$'s
25 see$that
33 see$my
17 every$other
30 be$that
12 its$the
15 and$having
15 and$start
26 probably$the
15 a$difference
65 this$thread
31 same$time
11 have$this
12 not$mean
24 though$it
16 my$god
18 some$more
15 keep$the
12 like$if
15 just$being
12 history$of
11 others$posting
12 about$him
12 could$also
31 the$wrong
40 with$their
19 do$something
14 best$friend
39 he$'ll
30 or$so
23 is$now
16 a$major
26 go$in
77 such$a
18 do$we
54 the$problem
74 i$really
54 sort$of
78 to$use
19 tries$to
12 came$to
23 make$me
25 that$when
21 the$opposite
100 feel$like
11 since$we
17 thousands$of
23 doing$this
27 who$do
16 that$means
33 yeah$but
15 has$become
122 because$they
23 she$does
12 or$more
20 was$my
48 think$of
38 with$an
18 's$nothing
13 vast$majority
26 it$''
11 my$girlfriend
39 for$any
29 a$whole
12 point$in
30 very$good
13 one$point
25 but$still
176 n't$be
136 be$able
81 was$performed
12 off$in
143 all$of
24 love$it
12 'm$talking
12 for$sharing
11 definitely$not
501 did$n't
21 's$how
11 see$him
72 for$this
26 you$put
28 know$the
12 though$and
18 not$about
11 season$and
73 with$my
13 your$mind
30 has$no
18 the$least
13 you$all
22 all$my
11 glad$to
12 from$his
82 this$action
21 work$with
20 i$tried
40 how$you
38 did$it
31 i$wonder
12 create$a
36 in$general
21 the$text
23 is$better
11 not$been
12 always$a
18 look$into
20 's$too
33 just$be
20 but$at
17 but$only
13 take$that
15 choose$to
116 most$of
25 decided$to
12 someone$'s
26 fuck$you
25 it$from
142 a$little
471 you$have
20 by$this
89 this$subreddit
63 i$saw
88 hard$to
21 that$were
11 led$to
22 off$and
43 for$example
22 something$i
11 that$violate
51 see$it
25 they$got
11 32$hunter
22 the$majority
11 oh$god
49 have$you
220 is$that
66 or$a
14 back$into
15 without$any
37 it$'ll
25 that$all
21 probably$be
12 ready$for
54 that$this
15 i$loved
30 just$have
13 everyone$has
18 'm$looking
50 roosters$vs
49 i$should
14 the$school
134 about$it
27 guess$it
18 not$because
95 the$end
19 because$we
13 which$means
12 comment$is
45 easy$to
17 it$you
48 make$the
15 are$trying
16 idea$what
23 however$i
43 's$so
23 n't$find
20 few$months
13 up$that
11 check$your
34 think$this
11 at$their
119 thanks$for
24 her$and
11 sure$why
30 to$happen
73 looking$for
15 of$each
16 the$ability
20 found$out
94 than$the
15 saw$it
13 have$them
22 're$talking
36 's$why
56 to$it
16 is$bad
293 with$a
17 here$to
14 where$it
58 where$you
13 different$than
14 this$the
23 coming$from
25 this$shit
13 in$real
13 to$sell
11 about$anything
15 a$complete
21 in$high
13 a$child
17 but$since
12 an$answer
21 ready$to
20 and$would
29 'm$sorry
59 i$also
71 back$to
11 a$female
11 she$could
17 continue$to
20 i$forgot
24 makes$you
19 get$them
23 that$for
41 has$n't
12 is$wrong
38 what$are
15 also$you
18 's$it
11 it$happen
21 to$eat
12 be$pretty
19 case$of
59 of$us
26 can$make
23 makes$the
24 with$someone
51 they$could
21 they$say
36 where$they
17 n't$seen
24 these$people
16 n't$realize
21 sure$if
12 than$others
97 at$a
52 that$way
19 about$you
15 into$this
11 name$is
17 can$take
48 that$can
31 to$call
23 is$good
25 na$be
51 the$top
11 why$this
31 aware$of
17 use$of
360 would$be
15 let$it
11 n't$in
11 been$around
12 nothing$wrong
65 if$we
15 this$situation
34 is$only
21 n't$use
23 must$have
11 their$life
11 and$thought
124 has$a
154 like$the
11 as$being
212 on$a
11 against$a
221 i$know
29 but$then
159 which$is
33 sure$you
11 of$and
17 refuse$to
205 i$just
11 a$public
16 them$on
14 have$always
30 you$the
13 everything$else
15 are$getting
31 still$be
12 'll$go
18 someone$is
11 love$and
12 do$everything
22 that$should
42 know$it
102 if$he
14 n't$agree
59 not$really
50 not$that
13 women$are
26 me$but
49 in$it
13 to$remove
16 and$play
33 that$will
18 like$my
606 it$was
18 especially$if
12 in$most
29 along$with
21 cost$of
14 it$still
26 out$that
12 so$hard
11 day$of
22 when$a
14 why$people
18 that$too
26 the$exact
22 shit$i
11 so$my
14 it$only
12 and$direct
48 is$more
18 good$thing
22 meant$to
20 before$they
11 so$fucking
234 is$not
72 the$fuck
177 wo$n't
18 worse$than
11 and$why
13 team$is
13 it$must
21 good$idea
18 is$absolutely
18 at$some
203 and$you
13 chosen$to
40 why$not
102 you$need
11 it$though
34 of$how
28 the$community
18 like$how
11 it$even
14 love$you
11 the$states
72 she$is
15 or$do
52 each$other
29 lt$3
14 's$when
15 are$now
14 video$games
37 looking$at
11 seen$as
103 you$'ll
24 yes$it
56 not$going
26 never$heard
13 other$and
15 saw$the
100 right$now
20 to$die
42 they$just
17 put$on
23 matter$what
13 a$message
11 any$answers
12 thought$he
15 the$fight
11 which$they
11 own$post
23 'm$in
11 this$tag
13 been$to
12 applies$to
112 try$to
22 this$way
28 your$team
32 to$start
24 and$see
11 mark$this
16 tell$them
16 to$write
15 so$there
25 believe$in
11 afford$to
40 and$his
37 with$her
82 enough$to
213 a$few
48 to$not
16 this$whole
23 everyone$is
19 or$are
20 play$it
55 can$see
17 's$almost
13 are$an
19 focus$on
12 argue$that
12 just$said
13 him$on
18 'll$take
12 still$in
16 get$an
17 have$said
17 give$them
34 the$movie
15 time$but
36 the$past
71 to$pay
113 is$it
13 'll$probably
16 my$husband
12 going$back
20 always$been
57 about$this
14 also$has
19 sure$to
40 this$guy
165 i$could
15 is$as
48 to$tell
24 of$any
11 no$''
69 as$it
16 n't$try
90 when$it
12 you$also
17 your$opinion
24 time$it
14 love$that
13 has$more
27 fucked$up
11 yes$you
43 just$to
115 we$'re
24 this$but
31 to$ask
42 the$day
16 the$state
55 do$the
36 but$do
22 do$and
12 goes$in
109 but$that
26 be$on
42 it$because
12 'd$love
48 where$the
15 oh$and
53 are$going
16 far$more
39 while$i
212 to$make
13 to$point
85 questions$or
11 were$in
22 from$that
24 that$but
15 i$work
37 check$out
12 with$these
11 rape$is
23 this$http
12 is$nothing
16 to$add
27 go$on
192 if$it
11 best$way
38 i$find
52 you$might
48 as$long
14 in$another
12 but$how
26 me$in
23 he$should
17 since$he
14 coming$out
19 with$people
26 to$mention
20 be$removed
39 a$thing
15 had$one
14 pictures$of
32 got$the
200 the$time
136 i$got
384 you$are
21 the$line
17 the$patriots
12 does$he
23 did$a
13 tell$her
22 in$to
15 opposed$to
18 be$happy
27 you$that
14 witcher$3
12 then$he
11 everything$is
84 make$it
11 from$him
30 sorry$for
11 then$when
15 just$go
17 that$time
46 a$really
234 there$are
34 is$about
13 go$ahead
29 it$at
20 this$comment
37 gt$the
216 will$be
21 the$law
114 i$want
19 them$but
25 work$for
66 in$some
49 something$that
44 n't$understand
18 or$less
18 2fr$2faskreddit
14 do$but
20 it$feels
12 up$by
31 that$to
24 and$let
11 months$ago
11 and$who
15 why$are
27 a$certain
13 ice$cream
28 who$can
69 can$get
20 example$of
65 so$many
14 just$too
29 most$likely
12 the$ring
16 but$because
11 include$the
19 have$seen
11 if$only
26 a$fucking
11 league$of
34 was$pretty
11 even$get
18 you$start
14 my$team
47 close$to
25 not$only
16 this$video
43 the$reason
41 more$of
329 they$are
33 the$second
23 about$your
39 to$think
12 really$have
20 the$big
14 who$knows
11 works$and
12 a$relationship
11 better$at
52 and$your
22 's$probably
26 why$they
33 it$takes
24 as$someone
13 stay$in
17 time$with
31 wish$i
21 you$not
37 to$him
11 by$now
12 i$miss
11 he$and
54 bunch$of
13 at$them
20 across$the
19 1$http
14 n't$let
19 at$first
25 that$said
46 talk$about
17 at$my
11 much$fun
74 to$keep
96 any$questions
12 get$off
17 they$wo
12 reason$you
11 before$he
14 a$player
11 torglobaloffensivetrade$if
40 around$the
22 years$of
11 actually$be
11 for$other
36 willing$to
29 for$sure
23 a$place
44 we$had
38 how$is
27 those$are
43 is$like
26 the$back
13 guy$is
34 to$talk
50 gt$sydney
29 it$again
33 to$explain
25 to$prevent
28 thing$that
16 is$way
31 lot$more
26 only$thing
25 worry$about
33 over$and
13 sometimes$i
173 what$i
30 ''$or
13 on$tv
20 here$in
56 needs$to
22 my$head
16 fear$of
20 what$kind
15 up$as
16 what$she
13 are$great
23 even$a
22 please$read
111 you$think
12 in$both
17 to$begin
17 please$feel
13 my$boyfriend
30 i$knew
18 that$as
13 different$things
26 is$how
18 i$cant
12 been$able
14 ''$which
12 post$that
185 to$me
16 would$it
11 there$so
39 will$have
11 but$with
500 but$i
218 able$to
12 men$are
14 my$sister
11 and$stuff
17 to$figure
53 all$that
11 tag$therefore
15 they$might
18 those$people
23 no$need
24 to$spend
126 was$the
51 as$an
17 's$something
411 have$a
63 not$even
57 too$much
28 the$amount
16 the$bad
39 my$life
11 is$possible
23 on$her
21 right$in
30 depends$on
21 's$your
15 'm$also
13 it$says
29 your$comment
21 but$yeah
11 i$learned
17 it$not
31 no$longer
16 outside$the
12 the$picture
58 a$better
15 plan$to
11 understand$it
12 was$getting
21 was$at
64 i$said
102 but$they
88 think$that
39 look$like
65 i$remember
18 mean$you
15 all$but
13 easier$to
121 go$to
14 of$stuff
11 at$night
11 everything$they
11 people$with
17 a$world
11 the$city
43 a$small
63 a$game
21 the$beginning
11 the$scene
17 get$some
12 to$hell
19 realize$that
220 if$i
12 very$very
52 n't$care
13 games$and
15 nature$of
22 people$will
350 he$'s
106 she$'s
36 are$so
11 other$countries
11 must$post
12 there$any
263 from$the
21 now$you
22 it$back
59 take$a
18 over$to
55 find$a
11 a$choice
17 school$and
17 with$friends
88 over$the
13 could$get
36 do$a
380 have$to
66 who$is
12 to$accept
11 yes$they
13 first$thing
14 probably$a
57 they$will
12 good$time
16 for$most
17 would$never
20 just$want
59 and$just
19 shit$that
50 is$why
26 off$of
38 and$only
39 it$all
11 the$summer
18 'll$get
12 person$to
11 are$saying
11 any$replies
13 or$at
13 the$defense
96 like$to
30 order$to
24 anything$else
35 none$of
14 a$mistake
16 not$at
11 friends$who
45 more$like
26 turns$out
30 was$like
185 to$a
18 from$what
13 both$sides
31 mean$i
17 good$but
13 be$considered
24 's$very
11 good$on
16 to$us
13 with$other
30 or$anything
63 because$the
17 is$definitely
11 way$better
12 else$in
36 believe$that
20 no$you
27 it$so
17 's$gon
13 were$to
42 the$difference
11 with$more
15 comments$that
53 in$and
33 the$story
28 because$that
20 i$usually
15 much$to
12 yes$but
22 honestly$i
30 she$had
18 or$in
135 the$world
30 as$possible
31 are$still
188 as$well
22 for$free
47 back$in
27 this$in
15 few$weeks
14 's$true
49 for$them
18 the$cost
13 enough$for
12 a$simple
86 not$sure
62 know$how
17 be$wrong
16 that$had
45 against$the
22 something$to
13 article$is
12 water$and
21 question$is
13 is$hard
31 out$in
19 listening$to
331 's$not
68 with$your
22 people$were
12 of$work
28 'd$like
25 the$moment
32 this$time
127 and$this
11 has$had
11 a$party
12 the$air
15 having$the
38 game$and
16 quality$of
35 was$not
132 would$have
334 as$a
12 and$getting
32 only$one
53 think$they
27 than$you
13 them$up
37 we$'ve
18 last$time
20 do$what
12 value$of
11 way$out
27 why$it
16 the$side
560 is$a
13 attempt$to
31 the$following
12 is$most
39 got$ta
13 time$so
12 me$about
25 making$a
14 move$on
11 taking$the
11 wwwredditcomraskredditwikiindex$wiki_
18 the$ball
14 links$to
14 this$on
80 action$was
25 to$post
47 i$hate
11 will$give
11 it$were
12 of$new
14 rules$http
19 and$keep
30 and$can
12 let$him
11 out$by
31 why$the
142 you$get
18 be$surprised
198 the$best
32 this$sub
12 the$market
15 getting$the
16 too$but
26 there$for
28 things$you
17 as$many
19 on$top
13 course$you
51 its$a
26 on$how
11 and$remove
11 all$and
103 the$last
13 run$the
22 said$he
11 money$on
14 them$as
40 my$first
16 paid$for
43 and$even
19 black$people
29 person$who
32 made$it
12 that$someone
13 worth$the
15 on$our
25 an$idiot
19 who$does
23 to$believe
13 to$allow
27 n't$just
46 to$them
52 but$there
106 even$if
11 of$money
14 and$thus
15 a$clear
17 so$what
11 acting$like
11 shut$down
12 mean$they
12 not$use
69 or$the
44 i$actually
37 wan$na
24 i$wanted
26 get$your
555 i$was
62 n't$a
15 that$really
28 your$title
12 new$to
13 nothing$but
24 be$better
42 much$as
17 post$has
63 when$the
25 had$no
64 to$this
12 after$you
13 would$also
21 and$everyone
56 if$that
12 they$all
16 been$on
20 are$better
25 and$an
14 a$black
27 the$uk
54 it$can
30 thought$it
40 it$might
11 be$too
11 up$''
39 to$change
11 the$serious
11 very$few
83 when$they
37 front$of
11 are$otherwise
25 out$a
13 should$i
13 just$how
35 but$in
12 clear$that
15 game$in
17 put$a
15 but$also
47 well$as
38 for$an
11 be$friends
15 on$both
11 the$family
14 the$ufc
12 better$and
32 with$no
16 this$with
25 for$those
11 left$the
364 is$n't
16 it$got
25 do$to
15 i$try
261 that$i
14 for$instance
13 them$with
105 are$the
78 to$you
14 will$go
26 it$sounds
11 is$almost
17 without$the
19 at$home
14 about$them
74 is$going
25 we$got
17 a$human
11 do$in
17 this$will
31 in$its
12 your$mom
16 me$is
11 benefit$from
21 call$it
16 could$just
50 as$they
16 sure$what
14 he$might
23 is$much
11 lot$and
14 new$york
13 your$first
82 yeah$i
30 she$did
33 deal$with
12 our$own
14 well$but
11 about$getting
52 to$give
15 us$a
57 that$we
28 to$other
12 be$afraid
13 in$history
52 've$seen
23 the$bible
21 parts$of
12 only$had
32 far$as
12 the$water
16 the$submitter
20 know$you
32 we$all
12 money$in
21 an$example
27 or$whatever
14 days$ago
12 and$any
91 're$not
15 to$bring
20 anything$about
55 you$feel
20 was$there
12 get$what
11 posted$the
19 people$i
11 in$error
264 he$was
11 of$which
135 it$does
16 with$each
37 of$being
421 going$to
42 on$that
11 has$an
41 'd$say
16 well$the
13 ''$it
13 be$there
16 was$done
16 so$why
12 an$easy
82 up$with
73 me$and
19 reason$why
1352 of$the
86 is$so
25 the$old
16 your$account
15 exact$same
33 a$woman
120 and$not
14 to$drop
21 came$out
12 about$her
27 sense$of
56 first$time
40 's$pretty
17 your$point
11 these$things
13 look$forward
13 on$all
12 your$phone
23 gt$it
59 this$one
50 the$rules
54 were$n't
14 being$in
29 we$need
32 is$probably
35 quite$a
24 a$car
42 yes$i
17 my$experience
64 supposed$to
51 about$how
19 n't$feel
21 it$gets
12 know$is
390 for$a
31 n't$take
11 i$may
11 me$out
40 to$buy
31 for$us
12 op$of
12 the$night
30 go$back
19 removed$for
14 love$this
27 so$cute
19 can$also
14 went$from
25 help$you
63 other$people
12 's$as
12 to$something
31 n't$believe
11 right$and
11 i$ever
13 just$by
124 n't$want
44 that$much
21 his$wife
12 too$far
11 messed$up
16 we$'d
23 when$people
11 are$jokes
11 too$i
196 about$the
35 my$friends
11 these$guys
468 i$'ve
14 it$came
11 not$know
25 it$it
25 one$day
11 the$holocaust
288 out$of
23 you$ever
22 remember$that
19 attention$to
13 a$quick
23 had$been
32 but$this
42 this$year
17 the$public
727 i$do
19 so$long
26 did$the
85 should$n't
28 such$as
12 is$simply
12 that$money
14 because$if
90 i$agree
25 fun$to
17 or$your
15 works$for
38 know$i
50 and$now
13 's$and
21 pick$up
17 would$still
120 are$not
111 talking$about
17 and$maybe
19 he$never
13 2$http
19 to$create
12 the$field
12 some$point
24 have$that
11 friend$'s
27 the$biggest
15 can$play
14 you$believe
28 n't$worry
53 some$people
20 he$wants
15 the$extra
12 next$week
13 oh$i
20 where$he
13 paying$for
26 's$hard
121 n't$even
11 your$cooperation
11 're$only
29 them$for
245 the$game
12 ''$a
73 a$couple
12 over$time
51 by$a
12 done$with
12 fuck$this
12 is$coming
32 i$use
12 to$maintain
14 sorry$but
21 're$right
14 one$with
15 understand$how
18 answer$is
14 and$give
27 things$like
22 i$were
13 all$just
12 throughout$the
14 the$girl
25 do$so
17 'm$glad
11 state$of
12 manage$to
16 team$to
14 forced$to
30 the$good
11 a$serious
15 should$just
659 to$the
11 liked$the
67 end$of
31 really$do
19 you$actually
41 that$she
11 to$fit
26 comes$to
29 people$like
19 a$decent
121 on$my
29 what$we
13 even$be
13 mention$the
17 anything$that
15 break$up
12 fun$of
23 them$all
15 look$for
33 under$the
18 the$police
18 that$some
15 the$correct
11 complaining$about
28 but$for
13 which$are
24 n't$help
11 thing$about
12 than$any
78 was$just
15 as$bad
13 1$and
14 now$we
11 the$witcher
18 god$i
12 reddit$is
12 the$thread
14 give$up
25 and$most
11 the$party
17 said$they
50 tigers$live
16 why$did
50 a$pretty
20 who$have
29 to$his
13 it$turns
133 that$he
44 http$wwwredditcommessagecompose
15 gt$and
13 know$a
37 here$is
15 the$media
13 go$down
49 the$internet
13 gt$so
50 livesportsonlinenewscom$p2456
15 're$just
12 just$an
13 happened$in
20 reason$i
20 two$of
41 was$going
29 more$likely
18 is$worth
17 once$and
19 for$one
27 never$had
16 here$but
31 would$do
113 of$people
13 bought$a
20 you$with
17 a$large
23 go$through
124 as$the
17 no$no
12 from$all
11 respect$for
20 me$at
26 is$quite
162 more$than
70 off$the
13 see$why
13 it$too
26 'd$have
14 used$in
17 's$never
13 's$done
15 take$care
13 a$low
13 and$with
60 it$as
12 comments$as
13 n't$imagine
12 make$your
19 you$but
21 was$more
14 know$where
12 your$time
12 thinking$about
15 comes$from
13 to$answer
19 enjoy$the
13 millions$of
18 for$about
116 i$feel
12 therefore$any
20 its$entirety
26 it$also
34 http$wwwredditcomraskredditwikiindex
13 i$told
20 at$your
18 my$way
15 and$am
32 until$i
14 buy$it
62 the$guy
13 that$most
84 n't$really
12 not$want
20 me$too
59 they$would
11 says$it
14 like$what
16 those$things
12 know$of
23 thought$of
56 live$in
12 to$mind
15 i$honestly
14 my$car
50 where$i
12 'd$get
17 i$bet
18 to$what
17 are$also
16 find$out
28 the$issue
48 're$going
47 is$actually
21 bad$for
129 so$much
27 had$n't
11 how$bad
11 serious$replies
30 exactly$what
89 as$you
12 by$not
42 and$how
14 day$i
18 while$it
16 why$does
16 ask$for
11 n't$read
12 ''$when
12 this$kind
30 i$live
21 i$already
16 so$when
11 my$time
16 is$already
46 who$was
116 like$you
16 and$2
13 they$never
12 more$important
12 are$too
16 a$terrible
51 it$with
12 get$this
11 gets$a
53 how$many
13 this$makes
25 to$avoid
11 played$the
11 tag$please
63 about$a
31 is$all
64 should$have
11 answer$to
82 we$do
29 way$of
11 on$its
35 using$the
14 are$good
44 getting$a
31 it$comes
16 no$problem
57 rest$of
17 matter$how
89 no$one
19 question$and
14 just$in
100 people$are
38 to$hear
19 then$there
12 get$up
34 but$what
21 even$know
41 how$do
20 other$hand
19 're$doing
25 waiting$for
17 get$my
11 removal$of
27 keep$in
13 someone$to
23 they$need
19 in$those
11 always$have
40 it$makes
12 same$with
13 having$an
18 n't$there
13 a$massive
11 it$down
15 they$actually
40 on$reddit
26 or$even
24 on$you
272 need$to
14 not$my
11 it$actually
11 love$with
11 time$that
147 way$to
18 our$rules
14 're$getting
14 had$that
62 it$on
99 the$one
18 friend$of
22 to$let
348 is$the
14 one$'s
21 either$way
17 or$some
12 's$great
28 place$to
12 has$made
19 to$our
20 and$said
14 that$only
17 issue$with
27 it$the
11 buy$the
20 just$that
25 me$for
187 that$it
15 gt$if
16 out$i
19 they$ca
29 's$about
29 been$a
24 but$my
18 all$this
44 during$the
17 and$such
64 in$their
39 it$i
24 on$an
1484 do$n't
12 when$there
13 really$a
161 the$most
64 someone$who
41 a$problem
53 it$up
197 and$then
41 are$in
67 a$way
20 a$reply
11 to$wear
14 just$trying
12 the$population
12 real$world
20 this$i
12 i$look
17 does$this
19 time$in
18 'm$gon
14 i$needed
14 try$it
17 they$also
15 because$people
20 big$deal
256 n't$have
14 who$the
14 wonder$what
31 people$and
20 there$would
11 regarding$the
12 fuck$is
401 's$a
29 than$that
23 not$being
14 a$video
15 who$you
18 doing$the
13 for$doing
32 feel$free
11 the$above
13 from$them
17 front$page
12 here$we
75 on$it
40 's$going
139 i$love
20 does$the
21 only$have
25 on$what
15 little$bit
16 a$high
37 things$that
25 people$would
13 felt$like
36 reason$to
45 he$can
19 to$stay
15 the$enemy
17 the$wall
93 get$to
29 good$for
13 of$years
27 that$could
11 violate$this
17 removed$because
14 're$trying
17 and$her
17 what$would
70 or$not
12 times$and
28 i$made
14 did$they
59 is$pretty
13 well$if
11 that$happened
15 at$you
11 difference$is
46 seems$to
14 yeah$you
80 it$for
14 maybe$the
11 well$he
12 actually$i
16 one$was
404 a$lot
16 in$life
13 happy$to
39 n't$work
11 me$on
14 thing$you
45 they$want
11 with$two
19 that$just
22 would$say
15 i$assume
11 the$base
53 in$any
18 a$point
31 for$him
13 so$not
15 maybe$i
33 but$a
42 to$read
11 time$they
64 he$had
15 is$used
1367 in$the
12 've$found
29 this$would
20 well$it
18 very$little
21 as$good
14 but$is
24 living$in
14 was$doing
70 just$because
63 we$can
17 has$nothing
418 i$am
15 well$that
146 it$to
24 likely$to
15 ''$that
16 come$on
62 think$i
17 get$you
12 the$process
12 a$dog
65 like$i
27 until$the
18 and$try
12 probably$not
44 you$like
15 n't$put
78 like$it
34 happened$to
13 and$tell
23 just$the
14 use$that
11 you$on
11 good$in
22 the$government
12 the$job
44 to$win
23 would$make
167 of$my
120 in$your
24 who$would
34 is$my
11 just$say
17 him$a
20 her$for
125 part$of
11 okay$to
79 up$and
67 a$huge
24 care$of
32 why$is
13 and$every
11 really$bad
25 and$will
17 last$night
36 to$show
26 see$if
28 to$her
24 made$the
15 'll$never
15 be$one
11 you$care
19 not$an
12 you$is
20 were$the
113 a$great
14 you$lose
12 a$shitty
29 guy$who
17 also$be
12 a$bitch
49 plenty$of
11 any$sort
47 to$watch
35 back$and
78 fact$that
18 had$an
11 where$we
23 life$and
12 thing$and
23 few$days
14 was$always
38 the$future
32 tell$me
12 became$a
28 only$a
12 it$either
43 amp$amp
15 of$reddit
20 my$mind
84 you$just
75 to$work
34 ended$up
24 still$a
18 believe$it
31 'll$have
22 he$gets
91 to$your
145 that$was
46 is$very
19 been$in
13 to$someone
11 my$bad
31 the$hell
12 of$players
13 's$best
16 for$another
28 the$team
23 because$she
17 was$very
14 filled$with
55 after$the
21 took$a
17 this$has
12 's$part
24 cute$when
16 here$https
13 but$most
69 is$in
24 would$probably
21 ''$''
40 free$to
12 is$where
43 about$that
12 on$some
11 that$mean
15 shit$about
12 so$its
13 thought$about
11 my$entire
16 will$need
28 interested$in
46 care$about
11 post$with
11 5$minutes
33 since$it
11 literally$the
45 my$friend
12 amounts$of
17 bit$more
508 this$is
12 matter$of
11 a$general
119 gt$gt
25 i$doubt
30 depending$on
11 n't$sound
607 for$the
144 if$the
13 men$and
12 have$much
57 have$an
19 not$for
46 that$one
11 will$only
19 is$amazing
12 the$background
11 his$face
35 n't$that
40 just$do
11 is$impossible
28 listen$to
20 are$doing
66 your$post
16 to$one
76 so$you
142 n't$get
160 i$ca
89 so$it
13 get$more
15 part$is
11 this$girl
12 whether$you
20 understand$the
23 get$me
17 come$from
67 's$what
16 who$i
30 have$never
42 much$more
36 the$ones
12 game$to
14 was$talking
158 that$they
51 last$year
39 who$'s
12 a$god
77 the$rest
11 decide$to
48 this$post
68 out$the
15 me$it
53 something$like
16 closer$to
26 about$what
22 put$in
13 get$back
53 how$the
11 fix$it
19 telling$me
71 'd$be
30 take$it
12 20$years
36 said$that
167 in$my
12 the$body
55 let$'s
24 this$and
46 you$a
11 tired$of
43 i$read
51 to$try
12 a$piece
12 him$he
15 start$to
42 a$bad
28 the$front
12 start$a
11 found$that
44 take$the
59 a$year
29 or$is
14 just$wanted
28 're$in
27 because$there
89 know$that
13 stuff$that
17 more$and
17 taking$action
11 like$one
132 of$it
16 one$thing
33 my$opinion
11 and$of
21 and$be
23 the$player
17 times$i
12 been$doing
18 we$will
30 an$hour
26 and$never
20 be$like
23 i$go
12 sorry$i
11 otherwise$noncontributory
11 allow$for
11 was$born
195 i$'ll
50 they$'ll
49 and$was
36 that$if
159 are$you
12 world$and
22 means$that
14 how$that
19 yeah$that
18 well$you
11 have$my
11 seen$the
11 and$yes
12 say$this
83 a$very
125 've$been
31 to$their
43 your$submission
12 a$safe
17 as$in
40 i$need
12 here$are
82 might$be
19 almost$every
22 would$'ve
87 for$your
89 not$be
69 think$the
12 out$what
11 see$others
18 really$like
30 which$was
31 piece$of
165 by$the
28 many$of
17 give$the
11 that$so
28 he$'d
57 up$in
12 wake$up
24 year$and
45 then$it
38 from$my
11 the$quality
49 to$look
31 for$all
73 's$been
12 've$read
13 no$he
13 be$some
12 have$sex
11 noncontributory$will
27 can$tell
23 a$group
25 think$there
63 you$'d
13 from$an
71 she$was
12 op$is
14 the$hospital
12 3a$0d
27 on$to
19 's$actually
38 no$matter
51 why$i
12 the$core
43 why$do
20 not$much
17 going$through
21 can$use
50 vs$wests
11 but$she
35 just$as
15 down$a
12 that$day
22 how$he
88 look$at
24 you$still
12 could$'ve
11 definition$of
25 here$and
43 how$it
28 say$i
23 you$play
18 never$said
33 that$your
540 it$is
11 guy$in
14 want$the
14 a$shot
17 some$other
14 i$watched
23 the$link
34 to$an
18 be$fine
