12 at$the$beginning
24 what$happened$to
13 is$not$an
12 that$would$have
14 he$was$the
14 she$'s$a
17 i$can$say
13 i$could$go
14 it$for$a
1104 100000$100000$100000
13 i$can$think
12 do$n't$remember
11 of$you$who
21 fact$that$i
21 was$in$a
16 was$a$good
18 in$a$very
16 the$first$thing
11 could$n't$afford
15 not$the$same
19 it$'s$probably
136 n't$want$to
13 of$a$sudden
12 you$'re$so
12 of$high$school
27 it$'s$because
19 is$the$most
15 it$'s$in
23 and$you$'ll
17 it$does$not
41 and$i$think
15 in$the$process
19 that$i$can
20 been$able$to
21 that$was$the
30 more$than$a
17 go$to$a
19 you$would$n't
18 that$being$said
38 on$top$of
12 've$got$a
20 to$get$it
12 i$had$just
15 not$so$much
19 i$'m$doing
20 for$the$next
14 to$go$through
12 to$go$on
11 'd$love$to
27 to$this$day
12 the$way$we
12 work$at$a
16 best$way$to
11 long$as$they
23 of$it$and
12 is$that$a
15 if$it$were
74 all$of$the
47 does$n't$have
44 needs$to$be
91 at$this$point
19 what$are$you
28 is$in$the
13 to$help$her
15 of$these$people
21 ca$n't$see
33 the$guy$who
15 did$n't$like
13 in$a$relationship
16 's$time$to
13 n't$see$the
15 quite$a$bit
24 at$the$moment
26 in$the$future
31 want$to$do
12 be$happy$to
19 there$is$n't
44 and$you$'re
13 to$come$back
20 i$ended$up
24 you$'ve$got
14 does$not$mean
14 back$in$the
16 this$point$i
21 the$beginning$of
16 to$pick$up
57 to$make$it
11 much$more$than
11 you$don$t
22 was$trying$to
12 like$it$was
11 have$to$have
17 but$he$'s
11 members$of$the
13 it$has$to
12 on$the$front
37 it$'s$really
19 in$the$room
12 and$then$it
48 a$bit$of
64 he$did$n't
12 to$people$who
17 and$it$will
11 and$they$have
68 when$you$'re
14 i$am$now
11 while$i$was
149 be$able$to
62 at$the$time
122 this$is$the
12 men$and$women
11 n't$think$of
16 to$those$who
16 the$last$time
15 as$opposed$to
17 unless$you$'re
11 the$difference$in
21 because$he$was
34 up$in$the
29 people$who$are
12 what$i$did
12 way$to$go
84 that$it$'s
109 you$need$to
12 you$in$a
20 it$was$like
59 the$same$time
17 and$trying$to
20 people$who$do
15 in$the$background
32 the$world$is
16 the$world$to
53 do$n't$care
30 can$not$be
19 a$few$weeks
27 but$they$'re
79 to$do$with
59 being$able$to
11 it$was$my
14 and$not$the
60 is$not$a
14 in$all$of
17 to$a$lot
75 'm$going$to
17 a$matter$of
48 and$it$is
16 kind$of$thing
18 to$think$about
16 that$has$been
14 not$gon$na
35 it$'s$about
17 like$it$'s
21 but$i$am
151 you$have$to
14 and$most$of
11 so$i$was
48 the$problem$is
15 for$it$to
15 but$i$had
21 a$way$that
20 'll$have$to
20 it$'s$easy
17 for$all$of
16 i$wake$up
11 the$things$that
54 and$do$n't
18 there$are$people
51 do$n't$understand
19 as$it$is
11 the$very$least
23 the$whole$thing
24 it$should$be
15 to$say$it
20 is$n't$the
12 is$hard$to
12 it$'s$easier
93 if$it$'s
30 as$you$can
13 would$you$like
13 at$me$and
102 in$the$world
11 he$was$in
11 so$he$can
25 i$'m$pretty
13 the$one$that
19 this$was$a
41 to$do$so
13 n't$get$the
17 there$would$be
15 it$'s$important
27 it$'s$still
20 it$could$be
11 it$seems$to
31 the$back$of
19 in$the$game
13 that$we$do
11 have$to$pay
30 n't$give$a
63 one$of$my
13 you$were$n't
21 vast$majority$of
30 at$some$point
46 that$it$was
13 amp$amp$amp
24 and$he$'s
31 some$kind$of
18 do$not$have
22 by$the$way
30 is$the$best
11 of$being$a
26 a$few$days
31 on$the$floor
19 but$you$know
14 all$kinds$of
20 but$at$the
11 they$can$not
17 back$into$the
11 in$a$world
30 so$you$can
11 out$that$the
23 like$i$'m
14 of$the$problem
18 have$to$take
22 i$wish$i
69 end$of$the
42 and$you$can
11 it$was$in
11 a$lot$and
11 when$they$do
21 to$each$other
14 you$will$have
37 i$have$been
21 we$'re$not
11 generated$by$pcpartpicker
21 she$'s$not
18 i$am$so
14 the$sake$of
16 looking$at$the
12 i$told$her
17 have$the$same
26 this$is$my
11 sides$of$the
32 that$kind$of
19 is$to$be
58 as$much$as
13 i$think$she
48 you$are$a
13 we$are$n't
12 to$the$bathroom
27 i$like$to
14 want$you$to
18 to$keep$the
11 the$value$of
17 i$really$do
11 prices$include$shipping
11 if$she$does
27 i$decided$to
17 can$have$a
14 the$size$of
14 i$'ll$do
11 every$time$you
44 to$the$point
14 that$'s$it
12 is$a$big
15 you$have$an
21 what$it$is
17 me$that$i
16 to$say$i
19 a$number$of
34 even$if$you
19 the$history$of
25 because$that$'s
22 many$of$the
26 to$take$the
16 to$do$to
21 's$a$good
40 do$you$think
14 if$that$'s
14 to$be$seen
13 to$live$with
11 so$much$as
19 why$are$you
12 the$course$of
13 in$a$while
18 gave$me$a
36 that$i$was
23 you$'ll$get
67 was$going$to
12 the$hell$out
25 but$i$'ve
12 with$it$and
21 a$chance$to
21 you$get$the
12 a$lot$to
28 go$back$to
14 na$na$na
25 of$this$is
15 these$people$are
11 it$is$so
17 is$just$a
14 have$to$say
11 me$to$do
11 are$so$many
37 what$i$'m
12 because$there$'s
56 in$the$us
57 this$is$n't
11 people$are$just
28 in$high$school
39 no$matter$how
31 there$are$a
15 people$want$to
23 's$hard$to
15 you$seem$to
13 in$and$out
11 ca$n't$find
17 this$means$that
15 did$n't$see
11 it$was$one
23 to$have$to
14 you$can$not
11 the$equivalent$of
17 and$you$know
48 in$the$past
17 to$get$in
11 need$to$have
15 not$being$able
13 they$were$all
32 going$to$do
17 's$the$only
19 think$that$'s
23 but$i$did
13 have$access$to
12 more$important$than
11 you$do$not
15 because$i$have
11 have$to$wait
11 and$i$still
14 way$to$the
14 she$ca$n't
15 when$i$say
22 he$is$a
14 that$we$'re
14 to$work$with
15 the$real$world
16 has$nothing$to
12 rather$than$the
21 ca$n't$really
27 in$the$last
11 has$never$been
12 is$n't$going
11 i$guess$you
14 n't$feel$like
14 think$i$'m
11 i$realized$i
14 there$were$a
14 is$n't$it
29 i$hope$you
69 does$n't$mean
15 like$this$http
11 noom$na$namena
13 this$will$be
15 look$at$this
14 in$the$usa
13 is$also$a
13 a$human$being
38 it$'s$hard
13 of$course$you
48 this$is$not
17 the$whole$time
11 it$takes$to
13 n't$like$it
12 depends$on$the
32 of$the$day
12 of$people$have
20 at$the$top
26 what$it$was
12 you$know$i
20 for$those$who
23 out$of$a
15 to$the$next
16 but$that$does
24 to$try$and
14 you$'ll$see
27 was$one$of
14 and$a$lot
14 the$people$that
23 some$sort$of
34 you$get$a
28 the$kind$of
15 one$in$the
38 to$me$and
16 we$should$be
13 enough$to$be
16 if$you$had
11 back$on$the
52 i$used$to
19 because$you$are
30 take$care$of
52 this$is$why
12 will$try$to
29 of$all$the
20 'm$not$going
33 n't$know$how
11 of$the$main
20 i$just$want
84 i$'m$going
11 told$me$to
17 you$know$the
11 this$is$going
16 you$guys$are
14 point$of$view
54 is$n't$a
12 see$it$as
11 while$he$was
11 is$able$to
16 they$would$n't
11 i$'m$actually
14 do$n't$try
12 someone$who$'s
19 n't$even$know
29 there$was$no
35 all$the$way
11 n't$see$a
13 'm$tired$of
15 i$know$a
11 to$go$home
12 out$on$a
15 that$he$has
16 if$i$could
27 to$worry$about
21 do$n't$believe
11 which$is$n't
12 to$want$to
41 they$ca$n't
13 what$i$was
38 the$next$day
15 that$did$n't
19 that$can$be
71 to$go$to
14 you$should$have
19 and$when$you
119 it$was$a
45 in$my$life
16 the$way$they
25 're$talking$about
24 because$i$was
11 to$think$that
18 once$in$a
34 they$are$n't
24 if$you$ca
43 it$can$be
23 does$n't$make
11 just$because$i
16 for$the$gold
16 the$other$way
16 one$day$i
12 really$need$to
12 who$the$fuck
20 in$the$way
25 for$the$most
20 i$was$able
13 to$use$a
15 less$than$a
22 that$i$do
11 out$on$the
12 even$though$the
39 did$n't$want
18 does$n't$really
18 a$little$more
13 is$based$on
17 up$with$the
12 out$of$nowhere
11 couple$of$months
15 for$a$lot
11 do$what$you
30 it$was$just
12 i$'m$getting
17 to$give$you
13 you$want$it
55 just$do$n't
13 will$give$you
22 do$you$want
38 because$they$are
21 told$me$that
12 you$'re$looking
27 as$a$result
27 i$'ve$had
18 on$the$planet
14 you$think$you
23 the$best$way
45 for$me$to
13 as$i$can
11 why$is$it
17 can$think$of
18 me$i$'m
24 if$you$think
31 of$the$game
19 one$of$these
13 we$'ve$been
11 and$said$i
13 those$of$you
14 it$it$'s
12 's$just$not
19 we$want$to
38 n't$going$to
23 does$n't$even
18 as$simple$as
30 they$are$not
13 the$way$he
68 that$'s$what
13 they$have$been
39 so$it$'s
11 and$told$me
16 we$can$do
14 she$is$a
23 that$if$you
18 you$'re$right
13 to$get$my
25 that$they$were
28 i$would$be
47 i$was$n't
12 that$you$could
32 the$same$way
18 able$to$get
23 get$to$the
34 i$wanted$to
12 say$that$the
13 n't$do$that
25 to$find$out
20 every$time$i
12 but$i$will
37 a$piece$of
19 rest$of$us
16 and$had$a
11 do$it$because
30 in$a$way
17 more$or$less
57 i$have$no
11 to$the$end
14 stay$away$from
13 and$go$to
15 has$always$been
85 part$of$the
19 at$one$point
12 give$it$to
29 know$it$'s
11 breakdown$by$merchant
22 to$see$what
57 to$do$it
12 the$community$and
13 a$shit$about
12 she$was$a
28 the$same$as
84 some$of$the
47 side$of$the
14 on$and$on
13 if$you$'ve
14 out$the$window
13 of$the$season
14 n't$mean$you
24 with$all$the
21 may$not$be
15 know$what$they
29 that$is$n't
14 it$'s$no
12 no$one$has
15 no$reason$to
34 a$few$times
18 i$think$this
11 then$i$got
12 and$we$'ll
24 have$a$lot
16 thing$i$'ve
29 that$they$'re
80 it$would$be
15 a$woman$who
17 if$this$is
11 hang$out$with
13 while$i$'m
17 think$of$it
17 was$n't$the
14 you$are$going
17 to$see$a
11 so$i$have
11 shipping$taxes$rebates
11 i$'ve$found
18 i$'d$say
13 is$on$the
11 to$be$one
12 n't$understand$why
14 you$know$how
88 all$the$time
17 you$wan$na
178 you$ca$n't
43 a$few$years
17 trying$to$be
35 live$in$a
13 what$'s$wrong
12 and$she$'s
14 just$a$little
20 part$of$my
13 i$wan$na
29 thanks$for$the
14 that$the$only
12 a$variety$of
11 that$i$ca
17 instead$of$the
11 just$because$they
127 it$'s$just
40 i$'ve$seen
12 to$him$and
31 up$to$the
25 of$the$best
12 so$we$can
14 i$would$never
12 i$did$not
12 might$as$well
14 and$have$a
33 now$i$'m
11 part$of$that
14 it$out$of
16 could$n't$get
19 in$the$right
17 the$grocery$store
43 would$n't$be
14 it$was$an
18 and$then$you
25 i$grew$up
37 because$i$'m
11 found$out$that
12 did$n't$care
22 and$i$ca
14 can$tell$you
24 it$'s$going
28 people$in$the
105 if$you$want
15 tl$dr$i
66 have$to$be
16 was$supposed$to
52 i$feel$like
21 he$'s$just
22 be$in$the
15 and$she$was
97 there$'s$no
28 it$is$the
20 now$it$'s
13 the$truth$is
12 are$a$few
12 all$of$their
54 but$i$do
14 all$the$people
15 think$it$was
14 years$and$i
12 i$see$a
11 n't$mean$that
12 of$my$favorite
11 i$'ve$said
13 gt$it$'s
40 they$'re$not
15 so$that$the
17 i$know$this
17 but$i$know
59 i$was$a
42 in$the$face
11 the$world$in
13 amount$of$money
14 on$the$right
11 are$the$ones
50 it$was$the
21 but$i$'ll
21 it$in$a
16 in$my$mind
278 it$'s$a
14 have$nothing$to
18 i$'ll$just
14 i$think$he
25 would$have$to
22 me$in$the
11 you$'re$getting
18 can$be$a
31 i$can$not
26 in$the$back
14 to$tell$you
21 we$'re$all
11 know$if$you
17 he$wanted$to
15 until$i$was
13 to$keep$it
19 what$you$are
16 as$good$as
14 for$people$who
29 that$i$have
12 there$are$also
15 let$'s$get
16 when$i$get
257 one$of$the
11 for$a$walk
20 them$in$the
35 'd$like$to
11 is$full$of
18 would$be$the
20 at$that$point
12 the$importance$of
13 if$there$was
18 and$i$know
24 to$do$this
284 i$'m$not
25 could$have$been
12 were$going$to
13 my$entire$life
24 this$kind$of
14 there$are$some
13 it$is$very
31 they$have$a
18 are$a$lot
23 that$he$is
113 it$'s$the
12 likely$to$be
18 do$you$know
11 for$a$bit
19 you$'ve$been
21 people$who$have
11 lot$of$time
27 was$in$the
11 that$could$be
11 what$she$'s
13 to$me$in
24 amp$amp$hlen
14 those$who$do
23 that$i$would
26 that$we$are
22 even$if$they
14 to$the$hospital
17 who$ca$n't
16 n't$seem$to
14 to$be$happy
14 they$could$n't
13 is$what$i
12 to$go$out
24 based$on$the
21 to$find$a
22 does$n't$know
15 not$allowed$to
15 is$a$great
11 of$the$few
11 fuck$out$of
16 end$up$with
13 to$work$for
37 to$make$the
26 'm$not$a
16 i$had$the
12 will$not$be
14 i$am$in
14 to$help$you
42 the$united$states
17 thing$to$do
12 do$not$want
23 the$most$part
12 to$accept$that
11 that$you$will
11 you$so$much
14 is$a$pretty
11 they$are$in
24 to$do$anything
18 is$n't$really
51 but$if$you
13 the$time$you
11 was$going$on
55 the$middle$of
12 you$think$about
11 to$get$back
11 i$just$got
14 there$will$be
13 often$than$not
23 sorry$for$the
12 to$feel$like
14 it$might$be
13 trying$to$do
38 one$of$those
18 try$to$get
13 this$has$been
99 is$going$to
12 and$some$of
14 it$up$and
25 n't$care$about
14 on$their$own
11 long$as$the
17 was$just$a
23 the$other$hand
25 is$that$it
28 that$there$are
19 do$n't$take
12 but$you$are
18 on$my$own
14 with$the$fact
32 so$i$can
14 look$at$it
13 there$was$nothing
13 like$you$'re
11 how$do$we
12 my$friend$'s
13 at$that$time
12 he$could$n't
35 that$'s$just
19 to$the$same
15 the$issue$is
31 to$make$sure
100 i$'m$a
12 when$we$were
11 does$n't$do
23 i$'m$on
14 like$to$be
41 get$out$of
14 you$see$a
14 to$me$i
13 is$going$on
15 many$of$them
17 i$was$the
11 would$be$in
16 this$is$where
12 of$the$room
16 i$think$there
44 gt$gt$gt
14 but$i$can
21 let$me$know
21 i$thought$it
11 on$the$news
18 but$at$least
21 you$want$a
13 point$is$that
31 to$do$is
14 so$do$n't
16 n't$know$why
41 's$just$a
13 want$them$to
11 think$it$would
13 i$thought$i
11 you$'ve$ever
17 according$to$the
11 but$they$were
62 in$the$same
35 up$in$a
11 a$few$things
12 and$what$'s
13 's$a$huge
30 that$do$n't
51 you$'re$going
25 of$people$who
26 because$you$'re
68 rest$of$the
15 just$look$at
14 impact$on$the
12 if$you$could
14 is$no$longer
20 some$of$my
12 that$'s$an
21 the$only$one
13 the$opportunity$to
16 no$one$will
35 thought$it$was
13 i$got$to
44 you$can$see
15 as$i$said
11 up$for$the
18 you$may$have
20 my$best$friend
18 i$'ll$have
26 it$'s$pretty
11 outside$of$the
68 he$does$n't
11 come$back$to
33 have$to$go
15 will$be$able
105 i$have$a
13 to$come$to
35 do$n't$you
32 all$of$this
19 you$'d$be
25 we$have$a
39 in$this$thread
13 never$had$a
33 she$did$n't
15 but$if$i
34 but$it$is
21 more$of$a
13 out$how$to
18 and$i$did
12 of$all$time
13 should$be$able
15 you$'re$saying
11 a$handful$of
12 do$n't$blame
12 that$is$what
13 a$series$of
40 a$long$time
13 top$of$my
16 to$put$it
14 and$tried$to
15 'm$not$invading
11 my$friends$and
12 at$home$and
32 you$should$be
16 to$be$done
14 have$to$make
68 lot$of$people
29 there$'s$nothing
19 but$there$are
16 no$one$else
16 was$the$first
16 some$of$us
39 here$'s$a
12 at$the$bottom
16 sounds$like$a
54 need$to$be
13 shit$on$the
11 to$know$what
11 of$the$galaxy
15 other$people$'s
11 was$a$lot
34 know$how$to
25 and$i$can
29 to$take$a
17 and$if$they
11 i$had$my
174 to$be$a
12 there$'s$some
21 seem$to$be
30 the$other$side
15 you$would$be
15 for$a$moment
11 for$the$same
101 there$is$no
14 he$wants$to
12 went$back$to
11 price$breakdown$by
13 to$make$this
13 some$of$those
22 in$a$few
19 that$'s$when
39 was$able$to
12 thousands$of$years
16 much$better$than
15 can$do$it
11 the$quality$of
33 i$do$not
14 for$whatever$reason
11 out$there$and
68 i$had$a
24 you$have$any
46 i$'ve$ever
14 with$the$same
22 for$the$rest
35 if$i$'m
81 i$had$to
11 must$have$been
12 think$that$it
13 in$this$world
56 would$have$been
16 it$is$an
13 ca$n't$help
18 please$do$n't
18 think$this$is
44 i$'ve$never
28 if$they$were
14 'm$trying$to
17 how$much$you
13 is$that$they
43 i$went$to
14 to$change$the
20 as$a$person
19 from$what$i
14 you$can$use
64 it$is$n't
11 da$boom$na
51 i$have$n't
58 you$did$n't
12 it$'s$ok
24 and$you$are
23 and$they$are
16 is$better$than
30 a$ton$of
21 the$front$page
14 a$good$thing
11 rest$of$my
18 depending$on$the
23 is$not$the
12 things$that$are
14 that$there$'s
12 the$way$the
25 it$wo$n't
27 you$'ll$be
14 to$listen$to
16 little$bit$of
32 if$you$were
16 you$see$the
28 if$you$get
13 the$middle$east
31 we$have$to
21 just$trying$to
21 n't$be$a
19 you$go$to
13 it$sounds$like
14 n't$get$to
11 give$it$a
11 then$it$'s
12 i$'ve$made
28 the$idea$of
13 they$do$not
17 for$being$a
36 here$'s$the
56 did$n't$know
11 a$hell$of
12 i$said$i
13 a$police$officer
12 even$if$the
32 nothing$to$do
13 the$fuck$are
15 deal$with$it
16 you$try$to
43 a$little$bit
47 and$if$you
15 has$n't$been
19 i$'m$really
11 so$that$they
14 at$the$very
17 of$the$story
20 i$can$only
26 just$want$to
14 some$of$them
11 me$of$the
11 and$i$love
11 's$not$how
12 to$the$ground
55 of$the$world
31 wo$n't$be
12 and$had$to
11 come$to$the
14 millions$of$people
20 to$go$back
11 we$'re$the
12 if$we$'re
13 making$fun$of
44 this$is$what
14 of$all$of
12 of$what$you
11 was$n't$just
11 because$of$this
18 i$'m$saying
48 on$the$other
20 here$is$the
45 as$far$as
11 not$the$only
27 if$i$had
12 as$fast$as
25 that$was$a
32 and$i$would
17 to$begin$with
89 in$order$to
33 for$them$to
100 n't$have$to
16 if$you$go
23 will$be$a
38 but$it$was
38 she$does$n't
14 there$'s$the
17 here$you$go
11 i$honestly$do
14 it$used$to
302 it$'s$not
12 able$to$make
82 i$could$n't
23 had$no$idea
14 can$do$is
15 part$of$a
25 a$big$deal
63 i$am$a
20 much$of$the
27 but$i$was
142 do$n't$want
22 gon$na$be
11 is$in$a
13 n't$like$the
12 as$a$child
14 some$of$these
11 because$you$can
26 the$top$of
15 so$it$was
13 out$of$me
16 i$didn$t
14 to$live$in
18 they$wo$n't
11 of$the$show
100 you$'re$not
12 go$out$and
14 will$continue$to
15 it$'d$be
21 think$you$'re
19 and$that$is
17 after$a$few
13 and$if$i
14 i$'m$happy
20 and$one$of
16 to$have$sex
12 then$you$'re
22 it$'s$time
11 's$not$going
18 it$feels$like
26 all$of$them
14 order$to$get
33 i$'ve$got
11 when$you$do
25 if$they$do
18 a$guy$who
13 's$a$bit
11 nothing$but$a
65 do$n't$even
11 a$very$good
20 in$the$books
21 and$i$will
12 were$able$to
197 i$did$n't
12 out$of$his
18 if$they$'re
13 that$you$ca
16 maybe$it$'s
32 to$talk$to
11 and$discounts$total
12 it$for$the
16 to$do$a
57 in$the$first
20 and$they$were
15 someone$who$has
15 you$think$that
14 i$go$to
106 there$is$a
15 well$that$'s
12 living$in$the
13 to$her$and
13 i$will$not
11 could$n't$have
11 hell$out$of
35 is$that$the
11 that$no$one
11 thought$i$was
12 but$you$'re
27 to$be$in
13 no$need$to
27 you$'re$the
98 i$'ve$been
70 at$the$end
17 other$side$of
19 will$be$the
11 it$or$not
24 for$all$the
23 's$not$the
11 they$are$just
13 they$'re$going
13 how$many$people
13 a$result$of
94 a$bunch$of
14 there$is$an
22 n't$think$it
19 so$much$more
39 we$need$to
32 all$over$the
12 if$you$look
18 of$their$own
11 none$of$them
19 it$'s$always
11 to$become$a
15 did$n't$really
42 ca$n't$be
11 a$year$and
13 the$ones$who
11 it$if$you
12 where$they$are
14 who$you$are
138 they$do$n't
12 you$can$read
23 you$should$n't
11 for$someone$to
21 it$'s$very
38 a$part$of
17 i$will$be
31 that$would$be
13 is$part$of
12 n't$make$it
12 you$'re$interested
24 and$i$'ll
11 the$reason$why
16 and$i$just
23 this$does$n't
35 that$i$am
15 we$had$to
13 i$think$we
14 what$he$'s
11 in$the$case
13 that$they$do
11 also$do$n't
23 front$of$the
15 you$to$do
38 as$soon$as
11 those$who$have
18 i$still$have
17 years$ago$i
20 those$who$are
15 to$be$more
15 him$in$the
28 a$way$to
11 we$'re$going
32 you$will$be
19 you$get$to
51 of$the$time
15 still$do$n't
14 thought$i$'d
15 ''$is$a
14 up$to$a
12 of$the$things
24 there$are$no
19 more$often$than
13 were$in$the
25 it$'s$something
36 on$the$internet
14 not$want$to
12 yeah$it$'s
17 a$bit$more
26 to$do$the
12 n't$try$to
15 he$would$have
11 a$while$and
12 you$'re$making
73 it$is$a
27 want$to$know
16 and$if$it
12 tell$you$what
35 that$he$was
30 lot$of$the
13 is$such$a
22 whether$or$not
21 that$i$'ve
18 nbsp$amp$nbsp
12 the$person$who
27 i$got$a
13 does$n't$get
28 feel$like$i
11 want$to$take
15 me$to$the
11 are$not$a
11 then$there$'s
14 are$willing$to
14 never$going$to
17 the$other$day
17 the$best$of
19 do$n't$go
14 you$'re$talking
33 i$'d$be
15 in$any$way
32 to$try$to
17 if$you$need
12 that$most$people
21 when$you$get
11 because$of$my
14 in$this$country
19 know$what$i
16 to$get$on
13 all$you$need
29 the$time$and
11 as$if$it
11 give$you$a
16 the$result$of
23 up$and$down
11 what$he$was
12 to$create$a
42 you$can$do
16 to$get$into
18 i$'ve$done
72 as$long$as
20 is$that$i
19 for$people$to
22 give$a$shit
12 people$who$think
11 a$man$who
79 but$i$'m
11 here$'s$some
11 include$shipping$taxes
11 by$pcpartpicker$http
22 that$you$do
16 you$'ll$never
12 and$make$sure
11 taxes$rebates$and
17 to$tell$me
11 could$be$a
29 to$figure$out
11 there$have$been
33 a$group$of
31 over$and$over
45 in$terms$of
16 i$am$the
16 because$you$do
16 to$me$that
23 because$he$'s
22 that$i$could
26 at$a$time
12 so$long$as
16 and$i$could
13 you$if$you
15 i$love$the
19 they$had$to
19 if$i$have
68 're$going$to
18 for$a$long
17 on$the$street
132 do$n't$think
18 what$they$are
25 we$did$n't
13 is$a$bit
12 on$it$and
14 put$it$in
16 i$had$been
12 it$may$be
11 where$i$was
22 's$one$of
13 and$all$that
203 do$n't$know
28 n't$know$if
28 that$is$a
31 it$will$be
11 be$forced$to
22 that$you$are
14 in$the$area
23 in$your$life
135 it$does$n't
18 only$way$to
36 who$do$n't
11 once$you$get
38 i$think$you
12 part$of$this
36 and$i$'ve
11 the$patriot$act
23 to$be$an
20 it$turns$out
11 to$play$with
114 i$want$to
39 n't$need$to
29 seems$to$be
31 i$was$just
12 my$point$is
61 to$deal$with
22 this$is$an
13 and$we$'re
12 time$i$was
16 to$all$the
13 nothing$more$than
110 and$i$'m
11 people$on$the
13 it$was$only
26 back$and$forth
22 much$of$a
11 top$of$that
29 did$n't$even
26 so$i$do
21 would$like$to
11 but$for$the
13 he$had$been
11 i$saw$a
12 do$n't$play
68 to$have$a
13 if$i$were
12 or$the$other
19 you$can$go
12 because$there$is
30 i$know$it
137 when$i$was
42 to$be$able
22 what$they$'re
14 of$the$car
13 are$able$to
43 he$was$a
11 and$a$few
20 when$he$was
15 be$one$of
26 and$they$'re
12 figure$out$how
13 all$sorts$of
11 that$they$did
14 on$to$the
13 a$sense$of
37 but$i$think
48 a$lot$more
131 the$rest$of
14 's$a$big
14 the$next$morning
27 be$a$good
11 to$have$been
30 that$is$the
21 the$side$of
28 and$all$the
61 to$get$the
30 has$to$be
12 up$at$the
17 should$n't$have
14 and$the$fact
25 someone$who$is
42 it$'s$an
11 in$real$life
18 n't$agree$with
15 makes$me$feel
34 you$wo$n't
14 to$give$a
17 of$the$country
11 in$which$case
667 i$do$n't
14 but$you$do
18 if$there$'s
14 and$you$should
32 think$about$it
11 the$status$quo
44 that$this$is
13 'd$be$a
17 had$to$go
11 you$got$ta
13 people$ca$n't
29 no$matter$what
14 for$what$it
29 that$there$is
16 far$as$i
15 and$that$i
11 to$point$out
12 gt$''$i
15 and$i$hope
18 no$way$to
14 for$a$couple
12 that$you$should
28 i$know$i
17 that$i$did
104 if$you$are
13 's$kind$of
12 because$i$am
11 of$2013$gt
32 ca$n't$get
38 for$the$first
11 it$is$also
19 n't$see$it
14 half$of$the
24 you$can$be
44 of$my$life
12 wanted$to$be
13 a$few$hours
19 come$up$with
25 and$i$am
18 to$be$fair
150 and$it$'s
14 i$know$what
17 it$'s$worth
11 we$went$to
13 my$mom$and
20 but$in$the
151 you$want$to
11 what$he$did
16 when$i$got
13 and$all$of
31 feel$free$to
26 oh$my$god
11 it$all$the
11 of$what$i
20 he$told$me
22 on$the$side
13 the$way$it
12 i$get$to
12 of$the$year
41 's$not$a
11 this$guy$is
30 do$n't$worry
11 the$reality$is
11 but$they$do
16 i$know$the
19 was$on$the
24 i$'ve$always
28 need$to$do
19 this$was$the
20 more$than$that
83 that$'s$a
20 we$are$all
12 fuck$are$you
13 it$makes$you
20 the$vast$majority
13 happens$when$you
13 hell$of$a
24 the$time$to
40 is$one$of
15 it$'ll$be
69 it$'s$like
13 it$'s$almost
15 i$have$the
20 no$one$is
12 while$you$'re
16 why$do$you
40 one$of$them
22 piece$of$shit
16 over$the$years
19 all$of$these
32 that$i$had
25 they$need$to
39 used$to$be
14 but$there$is
16 is$that$we
11 over$to$the
11 how$much$of
26 should$have$been
20 a$picture$of
17 i$tried$to
17 the$one$who
33 it$as$a
13 know$what$you
11 he$'s$got
21 the$great$fabio
44 i$'ll$be
13 friend$of$mine
11 in$the$head
33 going$to$get
29 and$did$n't
18 's$easy$to
47 what$the$fuck
16 as$it$'s
24 not$to$mention
43 do$n't$see
11 for$an$hour
47 he$'s$a
21 to$use$it
13 is$no$way
11 so$you$have
16 right$to$be
14 n't$think$i
13 if$you$like
27 have$to$do
11 i$hope$he
23 want$to$get
14 you$can$buy
16 you$'ll$have
28 to$look$at
11 to$do$something
12 like$that$and
27 i$just$do
52 it$'s$all
11 to$have$an
11 want$to$hear
14 i$know$how
14 agree$with$you
35 it$is$not
15 to$go$into
13 meant$to$be
13 quite$a$few
24 out$in$the
22 me$when$i
130 out$of$the
11 her$in$the
25 out$of$it
18 it$needs$to
13 i$have$ever
12 not$trying$to
20 and$there$was
28 as$a$whole
50 people$do$n't
21 if$it$is
27 that$he$'s
20 this$is$just
16 would$not$be
11 in$the$event
20 and$that$was
18 he$is$n't
67 i$have$to
152 the$fact$that
14 in$the$military
24 shit$out$of
15 to$use$the
20 try$to$be
19 to$see$how
28 they$have$to
11 i$needed$to
24 just$wanted$to
11 're$looking$at
11 after$a$while
11 go$for$a
41 you$'re$in
13 for$the$sake
12 matter$how$much
11 out$it$was
14 if$you$really
24 i$can$tell
17 up$with$a
23 it$to$the
38 i$know$that
17 it$but$i
41 when$i$'m
16 the$minimum$wage
30 as$someone$who
15 feel$bad$for
15 all$of$that
11 but$on$the
18 it$to$be
17 ca$n't$have
22 you$have$n't
42 the$only$thing
29 do$n't$be
28 i$'m$still
18 do$the$same
15 to$be$honest
12 do$it$for
55 look$at$the
27 middle$of$the
16 for$the$last
16 had$a$lot
25 i$'m$the
15 know$what$it
35 and$this$is
164 if$you$'re
11 not$have$a
15 not$invading$you
11 there$is$the
14 talking$about$the
27 going$to$have
19 i$felt$like
23 is$that$you
13 in$love$with
17 what$it$'s
13 give$a$fuck
22 i$had$no
51 are$going$to
12 a$lot$less
17 might$be$a
18 the$age$of
12 you$'re$still
26 in$the$morning
21 on$the$ground
13 to$take$it
28 it$in$the
26 the$most$important
20 for$some$reason
13 we$have$the
13 and$then$i
76 that$does$n't
15 the$purpose$of
13 what$you$have
19 ca$n't$afford
47 out$of$my
18 ca$n't$do
68 did$n't$have
11 to$see$that
17 you$can$make
31 supposed$to$be
12 there$'s$also
13 or$something$like
20 of$them$are
11 the$person$you
17 first$of$all
14 and$the$rest
77 the$people$who
15 of$the$population
44 have$no$idea
59 they$did$n't
11 is$a$really
18 i$'ve$heard
13 should$not$be
11 she$was$just
11 do$n't$ever
19 i$agree$with
23 to$talk$about
23 the$fuck$is
71 but$that$'s
18 the$point$where
11 had$to$get
12 ca$n't$wait
11 a$pretty$good
17 is$a$lot
16 is$trying$to
20 and$in$the
29 that$she$was
11 i$'d$love
11 so$i$could
11 end$up$in
337 you$do$n't
35 you$can$get
12 pay$attention$to
11 the$bathroom$and
12 wish$i$could
13 do$n't$expect
25 i$need$to
19 even$though$i
13 i$'ll$never
14 only$a$few
19 going$to$the
18 it$makes$me
13 to$be$that
15 the$name$of
12 i$was$still
18 amp$nbsp$amp
12 it$'s$quite
36 what$you$'re
37 for$you$to
21 'm$not$saying
13 now$let$'s
12 n't$get$it
46 i$am$not
14 the$lack$of
14 you$end$up
52 for$a$while
12 the$type$of
32 and$there$'s
11 that$it$does
11 rebates$and$discounts
12 but$then$i
11 n't$make$sense
14 when$they$are
25 do$n't$feel
64 the$first$time
14 but$it$has
13 regardless$of$the
28 and$so$on
11 benefit$of$the
13 all$of$my
14 he$'s$going
33 the$right$to
27 is$a$very
58 n't$know$what
48 that$i$'m
15 we$have$no
16 i$'m$tired
29 do$you$have
15 the$answer$is
18 we$all$know
14 do$with$it
14 the$speed$of
11 both$sides$of
12 you$know$you
35 any$of$the
27 of$my$friends
21 and$then$the
15 but$he$was
13 's$just$the
12 want$to$make
64 do$n't$really
11 i$was$an
11 have$n't$been
56 's$going$to
17 when$they$were
21 it$looks$like
16 it$and$i
69 it$was$n't
12 and$then$they
19 that$we$have
14 over$the$last
15 than$the$other
26 and$no$one
16 for$a$second
18 the$game$and
26 's$a$lot
12 time$to$time
17 to$know$that
25 and$you$have
12 i$have$an
21 the$world$and
19 in$the$country
12 do$n't$agree
34 it$did$n't
29 to$get$out
21 in$my$opinion
21 you$are$not
22 but$i$just
19 in$the$next
18 what$happens$when
11 and$for$a
15 ''$in$the
30 to$do$that
18 not$in$the
80 that$'s$the
19 do$n't$let
15 what$the$hell
12 so$they$can
18 i$can$do
14 we$live$in
16 are$trying$to
16 i$'m$an
15 these$are$the
11 in$the$city
16 're$in$the
14 it$'s$on
96 we$do$n't
13 in$other$words
14 just$did$n't
11 there$'s$an
17 need$to$get
11 and$by$the
14 but$it$seems
14 they$'ve$been
11 was$a$pretty
31 what$you$want
14 and$over$again
11 go$through$the
11 it$would$n't
28 do$n't$do
19 each$other$and
12 he$is$the
17 you$in$the
62 a$couple$of
13 who$did$n't
15 most$of$them
15 in$the$united
15 up$to$be
17 if$he$'s
17 i$don$t
20 and$as$a
11 not$sure$how
11 probably$going$to
12 is$why$i
13 tend$to$be
12 you$might$not
14 not$at$all
17 it$has$been
16 for$most$of
15 out$of$their
18 if$i$can
11 i$made$a
14 all$of$those
11 the$same$things
13 just$have$to
12 but$she$was
20 going$to$make
14 at$least$one
11 to$have$the
49 the$same$thing
15 the$time$it
17 did$n't$think
55 you$know$what
19 went$to$the
14 so$i$did
14 the$price$of
13 because$of$it
11 act$of$2013
39 when$you$are
19 's$not$just
80 and$that$'s
22 you$'re$doing
104 if$you$have
47 the$amount$of
12 the$guy$with
12 the$middle$class
15 known$as$the
14 but$i$'d
28 this$is$how
13 in$the$dark
13 and$not$just
19 i$try$to
23 no$idea$what
36 you$are$n't
25 you$and$your
48 that$'s$why
11 does$n't$need
12 think$you$are
14 a$living$wage
14 're$trying$to
28 is$a$good
12 do$n't$mind
18 i$love$you
132 this$is$a
16 that$'s$all
11 that$they$have
69 do$n't$get
12 so$this$is
11 but$i$feel
12 all$of$your
11 to$buy$a
15 i$get$a
33 the$number$of
22 i$can$see
24 of$the$same
21 the$shit$out
12 is$so$much
11 in$response$to
17 not$to$be
24 want$to$have
12 because$no$one
11 be$in$a
13 the$problem$with
12 to$help$them
26 does$n't$want
11 all$in$the
14 to$not$be
18 the$ones$that
13 many$of$us
22 you$know$that
12 so$i$just
15 most$of$my
11 the$edge$of
16 think$that$the
11 feel$like$you
12 are$supposed$to
17 i$found$out
65 in$the$middle
22 they$would$have
54 at$the$same
14 people$in$this
12 it$is$just
18 and$the$other
14 what$i$do
65 not$going$to
18 just$because$you
22 i$live$in
11 focus$on$the
22 you$are$in
13 to$see$it
19 why$do$n't
11 but$no$one
22 to$see$if
14 out$of$her
26 ca$n't$believe
22 want$to$go
11 that$this$was
35 that$they$are
20 it$seems$like
21 the$sound$of
28 we$had$a
14 so$that$i
12 and$i$'d
15 i$'m$looking
25 so$you$'re
11 based$on$a
19 i$'d$rather
15 is$much$more
11 's$in$the
17 my$life$and
46 does$n't$matter
99 the$end$of
30 but$do$n't
29 i$'m$in
51 and$i$have
19 in$the$show
13 is$a$huge
38 what$to$do
12 you$take$a
31 to$see$the
70 to$be$the
66 as$well$as
11 those$of$us
22 by$the$time
25 it$'s$actually
12 he$'s$doing
11 do$n't$forget
22 on$the$way
20 in$the$car
127 there$'s$a
11 such$a$thing
12 that$people$are
18 when$they$'re
19 keep$in$mind
27 he$ca$n't
27 did$n't$get
12 one$of$his
16 with$him$and
67 and$it$was
28 but$this$is
18 here$is$a
26 but$i$have
11 i$gave$him
21 i$was$on
14 be$a$lot
14 i$can$be
20 have$sex$with
33 so$i$'m
16 it$'s$okay
12 do$something$about
11 amp$nbsp$gt
15 you$'re$probably
12 the$us$and
16 and$we$are
21 i$could$have
19 so$that$'s
13 are$talking$about
32 would$n't$have
45 away$from$the
33 should$n't$be
14 going$to$take
13 ca$n't$stand
20 so$many$people
62 i$was$in
11 pcpartpicker$http$pcpartpickercom
113 going$to$be
12 be$a$bit
29 had$to$be
42 what$do$you
26 it$would$have
13 get$away$with
11 at$least$i
15 the$fuck$out
19 is$something$that
12 of$the$universe
19 n't$think$you
22 if$they$are
34 trying$to$get
14 be$the$same
41 in$the$end
12 one$of$your
77 i$think$it
15 to$focus$on
52 of$the$most
23 and$there$is
11 hours$a$day
14 of$course$i
11 really$hard$to
11 i$'ll$give
13 the$power$to
46 back$to$the
24 let$'s$say
11 happen$to$be
449 a$lot$of
13 all$of$a
11 part$list$http
13 the$power$of
21 that$is$not
40 thank$you$for
12 they$told$me
21 i$'m$gon
11 too$much$of
22 problem$is$that
15 the$right$thing
11 be$aware$of
25 long$as$you
17 to$you$and
28 we$ca$n't
14 my$best$to
19 me$and$my
14 what$if$you
14 an$example$of
11 will$tell$you
13 here$'s$my
14 i$'m$trying
12 i$'ll$try
40 when$it$'s
15 but$it$does
31 the$point$of
11 a$bit$and
43 because$of$the
13 it$is$still
12 of$the$us
13 figure$out$what
14 can$see$the
12 that$are$n't
11 now$have$a
13 i$do$have
21 so$if$you
16 you$could$have
16 but$when$you
20 but$that$is
14 i$know$you
19 that$they$can
12 for$her$to
26 i$was$so
12 because$i$do
20 or$at$least
52 when$it$comes
11 there$is$nothing
15 as$it$was
15 you$need$a
25 was$n't$a
14 all$the$other
15 have$n't$seen
28 i$'d$like
14 no$idea$how
30 even$if$it
19 trying$to$make
18 to$the$other
11 rest$of$your
55 to$make$a
11 but$we$'re
24 that$you$have
11 are$the$best
19 you$know$it
28 it$'s$more
11 all$of$his
13 they$are$the
17 deal$with$the
17 i$would$like
17 in$this$case
13 are$n't$going
13 of$the$road
18 only$thing$that
66 because$it$'s
14 know$you$'re
14 it$'s$better
16 and$of$course
19 back$to$my
20 and$you$do
12 once$a$week
33 the$first$place
23 know$what$to
16 not$sure$if
22 the$difference$between
13 just$a$few
26 me$and$i
12 of$thousands$of
23 and$there$are
14 we$do$not
20 they$'re$doing
22 of$us$are
11 pcpartpicker$part$list
14 to$give$me
12 an$excuse$to
15 just$ca$n't
15 'm$pretty$sure
42 would$be$a
12 of$the$worst
13 n't$understand$how
11 a$problem$with
14 the$point$that
12 from$time$to
11 no$no$no
11 but$you$have
14 in$one$of
31 how$do$you
36 i$'m$so
14 the$next$few
18 really$do$n't
26 it$'s$also
12 i$am$going
18 in$such$a
14 looking$for$a
19 will$always$be
22 bit$of$a
21 bjp$uturn$on
11 and$i$got
25 want$to$see
24 grew$up$in
11 and$it$does
14 and$has$been
28 is$the$only
12 happened$to$me
11 pretty$much$the
15 so$i$'ll
13 because$they$do
46 n't$have$a
12 most$people$do
137 but$it$'s
16 for$me$and
25 because$it$is
12 we$can$not
11 is$that$he
14 and$we$have
21 a$hard$time
21 something$like$this
16 i$'m$also
12 when$he$'s
17 have$a$good
14 you$for$your
13 and$he$did
28 the$idea$that
36 i$would$have
20 will$have$to
14 about$it$and
17 need$to$know
22 going$to$go
14 parts$of$the
12 am$going$to
18 all$of$us
15 did$n't$do
11 to$see$him
12 this$would$be
12 person$in$the
11 the$concept$of
53 i$'m$sorry
13 to$get$off
13 i$did$this
14 fact$that$you
37 it$'s$been
14 the$best$thing
13 you$'d$like
19 a$few$minutes
20 you$can$find
16 like$i$was
12 the$time$of
54 i$think$the
14 are$in$a
89 you$have$a
17 are$in$the
14 he$'s$been
31 you$have$the
13 fact$that$they
16 will$never$be
17 that$it$would
15 but$you$can
12 the$door$and
11 've$ever$seen
12 was$about$to
27 does$n't$work
55 i$'m$sure
14 that$we$can
37 i$wo$n't
78 want$to$be
14 the$us$is
11 thing$in$the
21 the$only$reason
28 they$were$n't
11 you$can$choose
23 the$time$i
14 do$with$the
13 it$'s$possible
11 it$is$more
13 with$each$other
18 he$'s$the
15 because$it$was
23 he$'s$not
36 i$think$i
13 i$was$like
12 the$most$common
54 and$i$do
200 i$ca$n't
22 if$there$is
16 you$'re$just
19 top$of$the
22 and$try$to
14 and$that$the
25 who$does$n't
23 something$like$that
20 the$cost$of
11 is$gon$na
22 the$way$to
29 they$want$to
29 it$is$to
11 amount$of$time
11 nothing$wrong$with
15 you$look$at
18 if$spiders$were
12 when$i$see
11 it$ca$n't
16 get$rid$of
31 more$likely$to
19 it$'s$only
11 i$guess$it
36 the$only$way
19 the$face$of
12 they$would$be
11 rather$than$a
11 he$'ll$be
17 if$i$was
16 looks$like$a
15 it$'s$called
11 things$that$i
19 n't$do$it
11 i$realized$that
19 it$on$the
15 i$think$they
29 i$was$going
53 for$a$few
11 to$give$up
33 that$you$can
13 more$than$the
11 by$merchant$http
18 the$bottom$of
11 trying$to$help
12 i$have$seen
16 the$way$i
20 you$can$have
12 something$that$is
15 have$been$in
17 to$pay$for
95 that$'s$not
20 learn$how$to
30 that$'s$how
20 you$would$have
14 right$in$the
17 i$should$have
13 i$was$doing
25 and$a$half
64 i$'m$just
51 i$think$that
18 ca$n't$just
14 the$point$is
11 get$over$it
15 what$they$do
11 there$is$something
14 and$want$to
11 n't$help$but
40 the$ability$to
17 and$when$i
29 the$majority$of
14 because$of$a
11 how$much$i
33 'm$not$sure
19 out$to$be
12 it$with$a
17 n't$be$able
32 and$i$had
16 's$not$about
13 to$get$you
41 if$you$can
14 18$year$old
19 tell$you$that
11 was$n't$even
13 he$said$he
16 which$is$why
19 but$i$would
14 so$let$'s
11 group$of$people
13 shut$the$fuck
11 attention$to$the
30 of$the$people
24 it$'s$my
17 do$n't$use
15 better$than$the
21 you$are$the
96 if$you$do
63 i$would$n't
11 you$may$be
19 n't$even$have
17 and$does$n't
11 as$one$of
21 'm$gon$na
12 felt$like$a
15 kind$of$a
58 that$you$'re
19 the$use$of
91 most$of$the
17 if$i$did
47 it$comes$to
14 make$sure$that
11 when$it$is
11 down$the$street
29 to$say$that
22 which$is$a
13 to$do$what
19 i$'ll$take
15 a$few$more
14 give$me$a
12 'd$have$to
13 ''$it$'s
23 's$not$like
11 is$all$about
13 we$'re$talking
23 i$'m$glad
29 because$they$'re
11 and$have$been
15 a$good$idea
23 the$fuck$up
14 that$you$'ll
14 the$thing$is
12 but$there$was
19 there$are$many
18 just$going$to
20 the$world$'s
15 n't$think$that
183 do$n't$have
14 more$than$one
11 i$would$say
18 for$the$past
13 the$ground$and
15 you$like$to
36 n't$have$the
13 in$favor$of
12 just$in$case
23 it$'s$so
14 also$if$you
15 down$the$road
12 deserve$to$be
13 they$are$doing
15 where$you$are
32 if$it$was
12 think$it$is
11 a$few$people
83 in$front$of
33 do$n't$give
48 what$if$spiders
17 's$not$what
62 go$to$the
23 n't$have$any
16 have$been$a
14 next$to$the
12 's$been$a
14 a$year$or
19 he$had$a
63 there$was$a
12 because$they$were
32 make$sure$you
23 you$have$no
14 is$the$one
12 a$good$time
14 n't$do$anything
25 what$'s$the
14 really$want$to
21 say$it$'s
15 in$fact$the
12 of$the$first
14 when$it$was
53 think$it$'s
16 men$'s$rights
16 but$i$ca
59 that$it$is
22 he$was$n't
15 what$kind$of
19 i$will$never
17 this$type$of
18 i$guess$i
21 it$'s$one
11 involved$in$the
14 n't$afford$to
67 you$'re$a
27 of$the$other
24 's$gon$na
20 around$the$world
12 has$a$lot
11 do$i$have
19 and$you$will
49 to$get$a
12 where$it$is
11 that$'s$been
18 why$it$'s
12 what$i$'ve
12 to$be$so
16 can$only$be
27 out$of$your
11 on$the$road
11 and$how$to
18 in$the$air
29 do$n't$make
13 i$get$that
11 be$the$best
30 ca$n't$even
12 the$people$in
11 're$in$a
11 an$attempt$to
22 of$your$life
17 of$the$night
15 with$me$and
16 're$gon$na
12 version$of$the
14 when$you$have
20 on$the$back
14 to$get$me
15 a$list$of
14 he$has$to
23 and$he$was
18 i$have$never
15 majority$of$the
11 n't$have$been
16 's$not$even
25 but$there$'s
11 thought$he$was
13 the$need$to
18 of$the$way
20 reminds$me$of
19 to$the$world
55 do$n't$need
18 the$exact$same
44 due$to$the
15 i$mean$i
22 a$few$months
20 if$you$did
15 few$years$ago
17 you$can$only
33 more$and$more
20 a$few$of
11 does$n't$understand
60 do$n't$like
12 they$could$have
43 and$i$was
15 i$could$do
32 to$get$to
