here$to$watch -7.998
click$here$to -7.998
please$contact$the -6.958
have$any$questions -6.866
contact$the$moderators -6.746
this$action$was -6.692
action$was$performed -6.692
and$this$action -6.692
am$a$bot -6.680
was$performed$automatically -6.637
this$subreddit$messagecompose -6.637
moderators$of$this -6.637
of$this$subreddit -6.631
the$moderators$of -6.631
any$questions$or -6.625
questions$or$concerns -6.625
bot$and$this -6.421
a$bot$and -6.414
you$have$any -6.256
europa$league$match -6.026
uefa$europa$league -6.026
match$online$free -6.026
live$uefa$europa -6.026
to$watch$live -6.026
watch$live$uefa -6.026
free$tv$http -6.026
league$match$online -6.026
online$free$tv -6.026
tv$http$vslivenetliveuefaeuropaleaguetvstationsforyou -6.026
vslivenetliveuefaeuropaleaguetvstationsforyou$click$here -5.965
http$vslivenetliveuefaeuropaleaguetvstationsforyou$click -5.965
watch$http$wwwcrunchyflickscommovieavengersageofultron -5.253
to$watch$http -5.253
if$you$have -4.878
i$do$n't -4.193
i$am$a -4.156
has$been$removed -3.864
wwwcrunchyflickscommovieavengersageofultron$click$here -3.713
gt$click$here -3.713
http$wwwcrunchyflickscommovieavengersageofultron$click -3.713
http$wwwcrunchyflickscommovieavengersageofultron$gt -3.614
submission$has$been -3.614
gt$gt$click -3.614
go$to$go -3.614
wwwcrunchyflickscommovieavengersageofultron$gt$gt -3.614
wwwredditcommessagecompose$to$2fr -3.602
result$in$a -3.591
in$the$uk -3.532
's$what$i -3.430
please$refer$to -3.395
http$wwwredditcommessagecompose$to -3.395
removed$because$it -3.299
refer$to$our -3.286
do$n't$think -3.047
been$removed$for -3.034
thanks$for$the -3.031
messagecompose$torglobaloffensivetrade$if -2.951
torglobaloffensivetrade$if$you -2.951
subreddit$messagecompose$torglobaloffensivetrade -2.951
well$if$you -2.924
in$the$title -2.903
like$i$said -2.895
's$not$that -2.882
how$can$you -2.877
i$like$the -2.877
what$'s$your -2.871
message$the$mods -2.825
your$submission$has -2.825
post$has$been -2.810
for$your$submission -2.810
as$well$if -2.810
n't$see$how -2.786
looks$like$you -2.762
it$'s$good -2.762
is$the$same -2.762
only$thing$i -2.762
i$wonder$if -2.762
did$n't$say -2.752
and$it$would -2.749
i$'m$talking -2.749
but$they$are -2.747
it$would$be -2.742
i$feel$like -2.729
gt$gt$gt -2.528
i$would$n't -2.517
do$n't$see -2.325
think$it$'s -2.303
thank$you$for -2.206
i$think$it -2.169
that$would$be -2.104
'm$pretty$sure -2.043
you$for$your -1.999
in$the$game -1.986
i$'ve$seen -1.937
what$kind$of -1.919
but$you$'re -1.908
it$'s$not -1.897
the$same$thing -1.894
but$i$do -1.860
do$you$think -1.845
not$sure$if -1.842
to$do$with -1.821
i$have$n't -1.812
'm$not$sure -1.802
it$'d$be -1.792
have$n't$seen -1.792
at$the$moment -1.776
do$n't$do -1.760
i$think$he -1.740
i$'d$love -1.721
i$guess$it -1.721
wo$n't$be -1.702
n't$think$it -1.671
i$'ve$never -1.665
to$be$honest -1.661
it$looks$like -1.616
but$i$can -1.605
i$'m$pretty -1.603
you$'re$just -1.585
think$it$would -1.574
i$wan$na -1.546
but$it$does -1.526
i$agree$with -1.500
think$you$'re -1.494
if$it$is -1.494
it$wo$n't -1.487
because$i$do -1.485
agree$with$you -1.464
looks$like$a -1.450
do$n't$know -1.449
in$the$future -1.429
would$n't$be -1.427
'd$love$to -1.422
i$would$say -1.422
but$i$think -1.402
it$sounds$like -1.400
if$i$'m -1.395
would$be$a -1.374
of$the$best -1.369
the$only$one -1.368
i$thought$it -1.368
i$think$the -1.346
they$are$n't -1.338
you$'re$looking -1.334
i$said$i -1.334
do$n't$mind -1.334
going$to$be -1.328
i$'m$just -1.323
when$you$have -1.319
you$'re$right -1.306
did$n't$even -1.263
i$ca$n't -1.255
i$think$you -1.253
just$have$to -1.249
n't$think$that -1.241
i$mean$i -1.241
have$the$same -1.238
it$does$not -1.238
think$that$'s -1.237
one$of$these -1.237
if$you$can -1.220
i$'m$sure -1.219
is$the$best -1.210
i$'d$like -1.201
not$to$mention -1.184
that$'s$a -1.183
i$live$in -1.177
was$trying$to -1.177
the$only$thing -1.176
i$'m$not -1.174
i$'d$be -1.170
to$not$be -1.168
if$that$'s -1.168
i$'m$trying -1.168
'm$trying$to -1.168
he$'s$going -1.168
would$be$the -1.168
why$do$you -1.166
it$will$be -1.158
supposed$to$be -1.158
seems$to$be -1.147
if$you$'re -1.117
so$if$you -1.107
does$n't$seem -1.107
i$am$not -1.106
i$had$a -1.104
what$you$are -1.100
n't$do$it -1.100
you$would$n't -1.100
i$think$that -1.098
a$bit$more -1.094
is$a$great -1.091
think$it$was -1.091
because$it$'s -1.088
the$same$as -1.082
there$are$plenty -1.079
as$bad$as -1.079
is$n't$that -1.079
's$why$i -1.079
you$can$just -1.079
i$'d$have -1.079
are$plenty$of -1.079
and$this$is -1.073
is$one$of -1.059
i$'ve$always -1.057
as$long$as -1.055
to$go$for -1.050
a$bad$thing -1.050
i$got$the -1.050
on$the$table -1.050
you$might$be -1.050
ca$n't$tell -1.050
i$'ve$been -1.047
if$there$is -1.045
i$can$see -1.045
it$seems$like -1.034
i$think$i -1.026
i$'d$say -1.025
if$they$'re -1.025
that$'s$what -1.021
it$may$not -1.021
have$to$give -1.021
take$a$look -1.021
you$can$still -1.021
with$a$lot -1.021
to$the$top -1.021
just$need$to -1.021
compared$to$the -1.021
ca$n't$say -1.021
make$it$to -1.021
even$though$they -1.021
i$'m$guessing -1.021
i$agree$that -1.021
no$such$thing -1.021
but$i$guess -1.021
've$never$seen -1.021
look$like$a -1.021
a$look$at -1.021
it$'s$nice -1.021
he$has$a -1.021
exactly$the$same -1.021
they$'re$all -1.021
n't$know$about -1.021
sounds$like$you -1.021
because$it$does -1.021
it$because$it -1.021
'm$not$even -1.021
i$was$trying -1.021
the$game$is -1.021
you$might$have -1.021
sounds$like$a -1.017
would$have$to -0.999
if$it$was -0.993
i$mean$it -0.990
if$i$do -0.990
and$it$has -0.990
like$this$is -0.990
to$think$of -0.990
say$i$'m -0.990
they$have$no -0.990
just$does$n't -0.990
in$the$long -0.990
to$play$a -0.990
it$'s$your -0.990
to$be$on -0.990
know$about$the -0.990
if$there$are -0.990
do$you$mean -0.990
's$a$great -0.990
a$fan$of -0.990
or$any$other -0.990
if$you$see -0.990
's$wrong$with -0.990
if$they$have -0.990
down$to$the -0.990
to$believe$that -0.990
and$i$feel -0.990
i$think$a -0.990
the$way$that -0.990
no$it$'s -0.990
that$'s$really -0.990
'll$have$a -0.990
's$a$pretty -0.990
mean$it$'s -0.990
for$a$little -0.990
and$will$be -0.990
that$'s$right -0.990
to$be$with -0.990
anything$to$do -0.990
on$this$thread -0.990
for$him$to -0.990
what$is$the -0.990
to$play$the -0.990
that$in$the -0.990
that$she$'s -0.990
it$depends$on -0.990
i$'m$glad -0.985
some$sort$of -0.985
's$not$like -0.985
i$'m$gon -0.971
more$of$a -0.971
may$not$be -0.971
'm$gon$na -0.971
's$a$good -0.971
you$are$not -0.971
in$my$opinion -0.971
it$is$not -0.962
it$'s$a -0.962
it$'s$more -0.960
is$a$good -0.960
n't$know$if -0.960
good$for$you -0.959
even$if$he -0.959
me$but$i -0.959
'm$talking$about -0.959
would$n't$want -0.959
what$'s$going -0.959
look$forward$to -0.959
when$i$first -0.959
first$time$i -0.959
the$context$of -0.959
i$had$n't -0.959
and$for$the -0.959
you$for$the -0.959
you$just$need -0.959
to$be$used -0.959
talking$about$how -0.959
and$now$i -0.959
as$they$are -0.959
you$'ve$never -0.959
i$love$it -0.959
i$'ve$read -0.959
can$be$done -0.959
in$the$comments -0.959
which$is$the -0.959
long$as$it -0.959
does$n't$sound -0.959
i$just$ca -0.959
of$those$things -0.959
've$never$been -0.959
that$'s$where -0.959
not$talking$about -0.959
try$not$to -0.959
of$a$lot -0.959
wo$n't$get -0.959
do$n't$actually -0.959
he$would$n't -0.959
depending$on$how -0.959
but$when$i -0.959
go$ahead$and -0.959
's$not$really -0.959
a$reason$to -0.959
i$understand$that -0.959
to$give$the -0.959
with$you$and -0.959
i$thought$that -0.959
i$find$it -0.959
the$world$of -0.959
the$hands$of -0.959
play$the$game -0.959
it$was$so -0.959
they$should$have -0.959
there$'s$always -0.959
they$will$be -0.959
to$say$this -0.959
seem$to$have -0.959
was$a$kid -0.959
not$sure$what -0.959
a$whole$lot -0.959
think$he$'s -0.959
and$not$a -0.959
seems$like$a -0.959
between$the$two -0.959
up$to$you -0.959
love$to$see -0.959
is$what$you -0.959
that$'s$exactly -0.959
be$willing$to -0.959
is$this$a -0.959
them$to$be -0.959
's$like$a -0.959
looks$like$he -0.959
just$do$n't -0.947
to$see$a -0.946
i$really$do -0.946
should$n't$be -0.944
but$i$have -0.943
it$should$be -0.926
're$looking$for -0.926
's$what$you -0.926
feel$like$it -0.926
i$'m$too -0.926
there$'s$just -0.926
able$to$do -0.926
's$supposed$to -0.926
going$on$and -0.926
to$get$them -0.926
to$get$rid -0.926
only$one$who -0.926
they$are$all -0.926
call$it$a -0.926
the$owner$of -0.926
as$well$and -0.926
make$you$feel -0.926
n't$see$any -0.926
the$level$of -0.926
get$to$know -0.926
that$have$been -0.926
's$such$a -0.926
if$he$was -0.926
tell$me$that -0.926
in$the$league -0.926
waiting$for$the -0.926
for$over$a -0.926
that$when$you -0.926
other$than$that -0.926
he$needs$to -0.926
that$it$will -0.926
at$least$in -0.926
what$you$said -0.926
is$n't$as -0.926
someone$else$'s -0.926
not$have$to -0.926
me$it$'s -0.926
be$the$first -0.926
i$love$how -0.926
is$still$a -0.926
you$just$have -0.926
point$out$that -0.926
responsible$for$the -0.926
it$but$it -0.926
but$if$they -0.926
i$love$this -0.926
i$'m$at -0.926
for$the$best -0.926
to$find$the -0.926
what$is$this -0.926
take$advantage$of -0.926
but$you$ca -0.926
is$my$favorite -0.926
does$not$have -0.926
live$in$the -0.926
in$the$nfl -0.926
it$really$is -0.926
to$me$it -0.926
he$had$to -0.926
the$way$of -0.926
may$have$been -0.926
where$i$am -0.926
if$you$'d -0.926
fact$that$it -0.926
let$'s$go -0.926
it$with$the -0.926
gt$this$is -0.926
and$the$only -0.926
i$found$a -0.926
they$'re$just -0.926
can$do$to -0.926
of$my$head -0.926
him$as$a -0.926
where$you$'re -0.926
has$been$a -0.926
the$opposite$of -0.926
90$of$the -0.926
you$can$also -0.926
my$way$to -0.926
was$a$bit -0.926
old$enough$to -0.926
''$and$i -0.926
this$is$because -0.926
it$and$it -0.926
i$'m$thinking -0.926
would$be$to -0.926
but$we$do -0.926
is$supposed$to -0.926
one$of$us -0.926
at$this$time -0.926
is$actually$a -0.926
as$a$kid -0.926
but$it$can -0.926
sometimes$it$'s -0.926
who$are$n't -0.926
trying$to$say -0.926
to$care$about -0.926
up$to$me -0.926
you$'re$wrong -0.926
it$from$the -0.926
are$you$doing -0.926
typeitemprice$cpu$intel -0.926
than$any$other -0.926
looking$forward$to -0.926
people$need$to -0.926
even$in$the -0.926
is$not$in -0.926
the$way$you -0.926
you$feel$like -0.926
me$know$if -0.926
in$addition$to -0.926
i$believe$that -0.926
instead$of$just -0.926
video$card$http -0.926
n't$want$you -0.926
may$be$a -0.926
about$the$same -0.926
he$'s$so -0.926
and$i$really -0.926
they$had$a -0.926
in$the$early -0.926
it$'s$what -0.926
and$out$of -0.926
you$could$get -0.926
would$'ve$been -0.926
was$n't$that -0.926
and$has$a -0.926
you$and$you -0.926
i$'ve$only -0.926
've$always$been -0.926
ca$n't$take -0.926
well$as$the -0.926
there$are$so -0.926
are$just$as -0.926
you$'ll$find -0.926
as$part$of -0.926
to$go$to -0.923
what$you$'re -0.916
gon$na$be -0.910
a$few$months -0.910
if$they$are -0.910
do$n't$understand -0.908
n't$have$a -0.908
know$how$to -0.896
it$could$be -0.894
i$just$want -0.894
as$i$'m -0.892
as$i$was -0.892
of$the$law -0.892
at$least$once -0.892
as$a$way -0.892
i$'m$afraid -0.892
is$for$the -0.892
happens$to$be -0.892
that$wo$n't -0.892
the$first$two -0.892
about$how$much -0.892
you$'re$thinking -0.892
the$form$of -0.892
that$the$people -0.892
be$nice$to -0.892
they$are$going -0.892
and$could$n't -0.892
does$n't$actually -0.892
say$you$'re -0.892
in$a$long -0.892
do$n't$just -0.892
you$can$say -0.892
and$ca$n't -0.892
on$my$way -0.892
money$in$the -0.892
pain$in$the -0.892
you$live$in -0.892
have$to$get -0.892
then$you$can -0.892
find$a$way -0.892
are$the$same -0.892
it$should$n't -0.892
like$to$think -0.892
and$they$do -0.892
's$a$very -0.892
i$can$understand -0.892
she$said$she -0.892
's$just$that -0.892
why$ca$n't -0.892
looked$at$the -0.892
to$the$gym -0.892
what$is$happening -0.892
never$heard$of -0.892
for$at$least -0.892
not$just$the -0.892
as$for$the -0.892
part$of$your -0.892
try$to$make -0.892
at$least$it -0.892
makes$no$sense -0.892
so$there$'s -0.892
well$it$'s -0.892
would$you$be -0.892
atx$power$supply -0.892
why$would$you -0.892
i$think$about -0.892
be$honest$i -0.892
to$watch$the -0.892
i$can$get -0.892
tower$case$http -0.892
seems$to$have -0.892
honestly$do$n't -0.892
i$just$wanted -0.892
this$year$and -0.892
me$with$a -0.892
how$are$you -0.892
she$was$n't -0.892
are$looking$for -0.892
i$'d$suggest -0.892
is$pretty$much -0.892
of$the$united -0.892
i$'m$hoping -0.892
same$amount$of -0.892
'm$sure$you -0.892
people$like$you -0.892
i$was$very -0.892
know$if$i -0.892
well$i$'m -0.892
with$the$new -0.892
the$state$of -0.892
had$to$do -0.892
be$the$one -0.892
could$n't$even -0.892
what$you$do -0.892
and$now$that -0.892
give$them$a -0.892
so$much$that -0.892
the$only$person -0.892
was$the$best -0.892
the$enemy$team -0.892
and$so$i -0.892
a$little$while -0.892
to$the$police -0.892
like$to$see -0.892
a$member$of -0.892
this$should$be -0.892
you$'re$gon -0.892
to$understand$the -0.892
which$would$be -0.892
there$'s$still -0.892
going$on$in -0.892
in$the$form -0.892
had$the$same -0.892
had$a$good -0.892
and$you$get -0.892
it$'s$totally -0.892
then$you$have -0.892
first$and$foremost -0.892
came$here$to -0.892
all$of$you -0.892
because$this$is -0.892
not$have$the -0.892
gon$na$have -0.892
to$work$on -0.892
you$'re$on -0.892
that$'s$my -0.892
we$are$not -0.892
a$way$of -0.892
the$same$amount -0.892
i$dont$think -0.892
two$years$ago -0.892
with$someone$who -0.892
they$wanted$to -0.892
think$about$the -0.892
because$there$are -0.892
is$something$i -0.892
in$some$way -0.892
what$i$can -0.892
black$and$white -0.892
are$on$the -0.892
what$you$think -0.892
to$the$people -0.892
they$'re$a -0.892
on$the$same -0.892
it$on$a -0.892
like$you$are -0.892
in$my$head -0.892
it$'s$kind -0.892
coming$out$of -0.892
n't$go$to -0.892
what$they$were -0.892
king$'s$landing -0.892
's$a$little -0.892
it$was$pretty -0.892
a$friend$of -0.892
sitting$in$the -0.892
is$wrong$with -0.892
i$dont$know -0.892
the$start$of -0.892
will$result$in -0.892
how$to$do -0.892
the$thing$that -0.892
they$can$be -0.892
comes$down$to -0.892
are$n't$a -0.892
n't$worry$about -0.892
way$to$make -0.892
think$there$are -0.892
the$difference$is -0.892
where$you$can -0.892
i$was$told -0.892
member$of$the -0.892
for$those$of -0.892
there$is$some -0.892
i$just$think -0.892
does$that$mean -0.892
wrong$with$you -0.892
to$what$you -0.892
at$all$and -0.892
have$a$hard -0.892
that$you$did -0.892
so$i$'ve -0.892
and$on$the -0.892
because$they$have -0.892
n't$think$the -0.892
's$the$same -0.892
this$thread$is -0.892
been$in$the -0.892
would$be$better -0.892
off$of$the -0.892
in$mind$that -0.892
a$lot$about -0.892
even$though$she -0.892
of$the$top -0.892
would$love$to -0.892
think$i$'ve -0.892
to$build$a -0.892
they$'re$still -0.892
to$know$the -0.892
might$want$to -0.892
yeah$i$'m -0.892
they$are$a -0.892
there$are$two -0.892
was$that$the -0.892
that$you$were -0.892
right$now$i -0.892
the$nature$of -0.892
is$a$little -0.892
when$you$can -0.892
power$supply$http -0.892
first$time$in -0.892
i$saw$the -0.892
just$kind$of -0.892
ca$n't$think -0.892
to$make$you -0.892
i$have$some -0.892
i$see$the -0.892
i$lived$in -0.892
is$just$as -0.892
i$was$younger -0.892
does$n't$like -0.892
gon$na$get -0.892
just$could$n't -0.892
beginning$of$the -0.892
and$make$a -0.892
him$to$be -0.892
n't$really$know -0.892
they$'d$be -0.892
does$n't$help -0.892
so$it$'s -0.890
you$'ll$be -0.889
to$be$in -0.889
if$you$are -0.887
i$'ve$heard -0.878
but$at$least -0.878
i$guess$i -0.878
do$you$know -0.878
but$i$'ve -0.870
what$'s$the -0.870
for$so$long -0.857
''$which$is -0.857
now$and$then -0.857
think$there$'s -0.857
why$you$'re -0.857
to$be$clear -0.857
it$is$only -0.857
what$did$you -0.857
but$it$also -0.857
best$of$luck -0.857
of$course$it -0.857
like$you$have -0.857
the$front$door -0.857
in$the$real -0.857
'll$never$be -0.857
most$of$these -0.857
taking$care$of -0.857
and$do$the -0.857
in$the$ass -0.857
you$can$never -0.857
of$the$word -0.857
it$'s$funny -0.857
be$a$part -0.857
tell$them$that -0.857
was$talking$about -0.857
just$to$get -0.857
in$this$situation -0.857
what$was$going -0.857
in$a$couple -0.857
have$time$to -0.857
i$could$be -0.857
'll$try$to -0.857
than$i$do -0.857
when$she$was -0.857
a$week$and -0.857
you$could$n't -0.857
that$i$'ll -0.857
as$you$have -0.857
is$just$that -0.857
depending$on$your -0.857
the$long$run -0.857
could$be$the -0.857
look$at$my -0.857
will$be$more -0.857
cpu$intel$core -0.857
the$benefit$of -0.857
this$thread$and -0.857
with$people$who -0.857
want$to$help -0.857
of$the$reasons -0.857
to$say$something -0.857
things$you$can -0.857
two$of$the -0.857
get$a$good -0.857
far$as$the -0.857
bunch$of$people -0.857
you$can$take -0.857
it$'s$such -0.857
be$on$the -0.857
it$'s$impossible -0.857
that$she$had -0.857
allows$you$to -0.857
it$took$me -0.857
is$kind$of -0.857
may$or$may -0.857
kind$of$like -0.857
in$the$other -0.857
well$as$a -0.857
for$what$you -0.857
it$could$have -0.857
let$'s$not -0.857
i$knew$i -0.857
be$used$to -0.857
told$me$i -0.857
you$are$doing -0.857
i$hope$they -0.857
to$make$up -0.857
you$are$just -0.857
of$money$and -0.857
lot$of$things -0.857
atx$lga1150$motherboard -0.857
would$be$able -0.857
and$put$it -0.857
they$should$be -0.857
do$you$see -0.857
check$out$the -0.857
that$he$could -0.857
years$ago$and -0.857
with$them$and -0.857
find$out$what -0.857
my$dad$and -0.857
how$many$times -0.857
n't$have$enough -0.857
to$do$things -0.857
day$to$day -0.857
do$it$again -0.857
he$was$just -0.857
to$join$the -0.857
is$not$to -0.857
of$the$greatest -0.857
want$to$talk -0.857
was$kind$of -0.857
time$i$'m -0.857
for$you$and -0.857
would$n't$do -0.857
right$next$to -0.857
gt$i$'m -0.857
lot$of$these -0.857
freedom$of$speech -0.857
a$certain$amount -0.857
in$the$house -0.857
to$give$it -0.857
have$n't$even -0.857
then$you$are -0.857
now$he$'s -0.857
do$n't$bother -0.857
it$seemed$like -0.857
used$as$a -0.857
much$the$same -0.857
you$'d$have -0.857
she$'s$been -0.857
what$is$going -0.857
and$he$is -0.857
that$might$be -0.857
over$the$past -0.857
because$she$'s -0.857
a$pair$of -0.857
i$'m$very -0.857
''$and$the -0.857
this$is$one -0.857
it$has$a -0.857
but$does$n't -0.857
couple$of$years -0.857
on$this$sub -0.857
not$sure$why -0.857
even$though$he -0.857
have$n't$had -0.857
of$the$entire -0.857
gt$if$you -0.857
and$do$it -0.857
he$could$have -0.857
what$is$your -0.857
and$how$much -0.857
here$is$that -0.857
i$believe$it -0.857
and$that$they -0.857
turned$out$to -0.857
number$of$people -0.857
also$have$to -0.857
're$interested$in -0.857
can$i$have -0.857
is$that$there -0.857
if$you$know -0.857
might$not$be -0.857
it$is$now -0.857
that$'s$pretty -0.857
to$see$them -0.857
like$they$'re -0.857
a$while$but -0.857
for$it$and -0.857
want$to$play -0.857
what$he$is -0.857
if$i$remember -0.857
if$we$do -0.857
is$because$it -0.857
of$a$few -0.857
n't$really$have -0.857
lot$of$money -0.857
i$can$give -0.857
me$if$you -0.857
thanks$for$your -0.857
what$if$the -0.857
because$he$is -0.857
rule$of$thumb -0.857
to$work$at -0.857
at$the$grocery -0.857
of$it$was -0.857
a$lot$easier -0.857
wants$to$be -0.857
all$i$know -0.857
of$what$the -0.857
you$really$think -0.857
did$n't$realize -0.857
with$the$other -0.857
by$the$end -0.857
it$at$the -0.857
of$it$'s -0.857
be$sure$to -0.857
they$'ll$be -0.857
that$ca$n't -0.857
it$into$a -0.857
with$a$new -0.857
know$that$the -0.857
just$gon$na -0.857
a$person$who -0.857
how$to$play -0.857
had$a$few -0.857
just$like$the -0.857
we$can$all -0.857
of$the$series -0.857
am$not$a -0.857
i$know$is -0.857
i$was$at -0.857
this$is$that -0.857
he$tried$to -0.857
at$least$a -0.857
he$'d$be -0.857
time$and$i -0.857
you$think$it -0.857
lga1150$motherboard$http -0.857
what$would$you -0.857
the$expense$of -0.857
is$the$first -0.857
probably$would$n't -0.857
get$into$the -0.857
a$brand$new -0.857
to$get$him -0.857
that$should$be -0.857
the$death$of -0.857
a$girl$who -0.857
to$come$out -0.857
in$the$top -0.857
to$me$but -0.857
that$a$lot -0.857
be$part$of -0.857
for$the$people -0.857
at$least$the -0.857
what$'s$up -0.857
place$in$the -0.857
the$one$i -0.857
agree$with$the -0.857
have$a$very -0.857
atx$mid$tower -0.857
out$to$the -0.857
they$have$the -0.857
that$one$of -0.857
them$to$the -0.857
me$on$the -0.857
have$to$deal -0.857
have$you$ever -0.857
and$that$he -0.857
the$case$of -0.857
do$have$a -0.857
not$what$i -0.857
husband$and$i -0.857
he$wo$n't -0.857
you$and$i -0.857
a$link$to -0.857
's$also$a -0.857
the$time$that -0.857
and$we$were -0.857
to$come$up -0.857
i$still$think -0.857
now$and$i -0.857
in$no$way -0.857
of$the$reason -0.857
my$dad$'s -0.857
now$i$have -0.857
i$really$hope -0.857
i$'m$always -0.857
i$know$of -0.857
talk$about$the -0.857
if$it$does -0.857
people$would$be -0.857
they$used$to -0.857
n't$wait$to -0.857
would$be$so -0.857
at$the$expense -0.857
he$has$been -0.857
may$not$have -0.857
but$it$will -0.857
know$i$'m -0.857
have$been$the -0.857
did$you$get -0.857
what$they$want -0.857
much$as$you -0.857
with$lots$of -0.857
not$only$that -0.857
up$on$the -0.857
do$n't$fucking -0.857
times$a$day -0.857
of$his$life -0.857
over$the$course -0.857
goes$back$to -0.857
my$name$is -0.857
what$you$did -0.857
mid$tower$case -0.857
just$was$n't -0.857
even$if$i -0.857
on$one$of -0.857
so$that$you -0.857
's$still$a -0.857
with$the$world -0.857
why$i$was -0.857
what$you$need -0.857
know$that$i -0.857
of$what$they -0.857
they$were$going -0.857
on$your$own -0.857
a$situation$where -0.857
and$i$like -0.857
along$with$the -0.857
if$you$just -0.857
care$about$the -0.857
the$chance$to -0.857
quadcore$processor$http -0.857
me$if$i -0.857
's$going$on -0.857
to$do$and -0.857
appear$to$be -0.857
you$'re$being -0.857
let$'s$see -0.857
who$wants$to -0.857
to$have$a -0.852
want$to$get -0.850
will$be$a -0.850
he$'s$not -0.850
thought$it$was -0.849
that$was$the -0.831
one$of$those -0.825
's$important$to -0.821
something$to$do -0.821
on$the$first -0.821
or$you$can -0.821
people$trying$to -0.821
the$following$reason -0.821
the$front$of -0.821
you$as$a -0.821
to$not$have -0.821
time$in$my -0.821
i$tell$you -0.821
has$to$do -0.821
of$the$state -0.821
of$those$people -0.821
last$year$and -0.821
i$would$'ve -0.821
n't$really$a -0.821
the$risk$of -0.821
my$wife$and -0.821
i$remember$when -0.821
came$up$with -0.821
a$waste$of -0.821
i$feel$that -0.821
the$same$for -0.821
and$see$if -0.821
you$think$the -0.821
'll$be$able -0.821
i$thought$he -0.821
or$may$not -0.821
next$to$me -0.821
get$in$the -0.821
and$they$will -0.821
we$wo$n't -0.821
something$about$it -0.821
of$trying$to -0.821
such$thing$as -0.821
i$was$about -0.821
and$now$he -0.821
still$have$a -0.821
that$there$was -0.821
have$a$nice -0.821
's$the$point -0.821
to$being$a -0.821
you$wanted$to -0.821
when$you$see -0.821
for$the$record -0.821
but$the$fact -0.821
n't$blame$them -0.821
n't$know$i -0.821
of$me$and -0.821
at$least$that -0.821
'm$not$the -0.821
not$what$you -0.821
n't$know$where -0.821
i$'m$about -0.821
and$everyone$else -0.821
the$things$i -0.821
in$the$second -0.821
you$say$you -0.821
ask$you$to -0.821
you$'re$an -0.821
them$to$do -0.821
to$get$their -0.821
so$i$'d -0.821
n't$know$the -0.821
it$'s$too -0.821
feel$the$need -0.821
to$work$out -0.821
'll$get$a -0.821
for$them$and -0.821
to$be$taken -0.821
to$the$public -0.821
league$of$legends -0.821
while$it$'s -0.821
and$see$what -0.821
do$this$to -0.821
she$had$to -0.821
used$to$work -0.821
fact$that$he -0.821
have$never$been -0.821
like$they$are -0.821
n't$get$a -0.821
to$be$around -0.821
a$week$or -0.821
to$win$the -0.821
so$i$guess -0.821
would$be$more -0.821
instead$of$a -0.821
i$could$find -0.821
'm$sorry$but -0.821
had$nothing$to -0.821
a$lack$of -0.821
for$the$following -0.821
out$of$control -0.821
it$'s$usually -0.821
to$the$us -0.821
here$in$the -0.821
year$or$so -0.821
a$car$and -0.821
they$did$it -0.821
the$right$of -0.821
get$used$to -0.821
access$to$the -0.821
is$why$we -0.821
to$understand$that -0.821
that$he$had -0.821
you$had$a -0.821
is$not$just -0.821
thing$you$can -0.821
i$managed$to -0.821
it$into$the -0.821
and$when$they -0.821
it$was$all -0.821
anything$about$it -0.821
n't$mean$it -0.821
is$there$any -0.821
is$like$a -0.821
of$the$big -0.821
i$was$walking -0.821
to$the$internet -0.821
the$two$of -0.821
were$trying$to -0.821
the$same$people -0.821
do$n't$mean -0.821
make$me$feel -0.821
guy$with$the -0.821
to$help$out -0.821
i$also$think -0.821
game$of$thrones -0.821
we$'ll$see -0.821
it$was$still -0.821
i$get$the -0.821
in$regards$to -0.821
n't$able$to -0.821
should$be$a -0.821
have$to$work -0.821
the$only$people -0.821
the$definition$of -0.821
think$there$is -0.821
a$right$to -0.821
me$tell$you -0.821
did$n't$believe -0.821
sure$as$hell -0.821
i$did$the -0.821
but$did$n't -0.821
my$husband$and -0.821
we$'ll$be -0.821
it$i$'m -0.821
time$and$money -0.821
name$of$the -0.821
there$are$other -0.821
know$what$'s -0.821
did$you$see -0.821
only$that$but -0.821
you$when$you -0.821
of$the$house -0.821
''$and$it -0.821
have$a$great -0.821
picture$of$a -0.821
to$someone$else -0.821
these$types$of -0.821
will$most$likely -0.821
asked$me$to -0.821
what$if$they -0.821
that$we$need -0.821
over$the$place -0.821
my$mother$'s -0.821
to$a$new -0.821
understand$why$people -0.821
this$was$n't -0.821
let$it$go -0.821
make$a$difference -0.821
they$still$have -0.821
you$are$looking -0.821
are$the$only -0.821
a$good$way -0.821
know$if$it -0.821
one$or$two -0.821
be$interested$in -0.821
what$are$the -0.821
ca$n't$make -0.821
'm$in$the -0.821
on$the$phone -0.821
not$to$say -0.821
none$of$us -0.821
has$the$same -0.821
that$are$not -0.821
not$even$close -0.821
to$one$of -0.821
get$a$lot -0.821
was$like$a -0.821
feel$like$a -0.821
yes$it$'s -0.821
standard$of$living -0.821
are$not$the -0.821
sitting$in$a -0.821
are$gon$na -0.821
holy$shit$i -0.821
them$on$the -0.821
that$will$be -0.821
ago$i$was -0.821
let$me$tell -0.821
you$make$it -0.821
look$at$that -0.821
what$was$the -0.821
did$n't$exist -0.821
should$be$the -0.821
by$the$fact -0.821
what$if$i -0.821
does$n't$change -0.821
it$came$out -0.821
because$i$had -0.821
this$is$also -0.821
we$should$n't -0.821
say$that$it -0.821
i$am$just -0.821
the$internet$and -0.821
did$n't$ask -0.821
must$be$a -0.821
to$take$care -0.821
it$was$that -0.821
you$'re$welcome -0.821
is$not$allowed -0.821
a$bit$like -0.821
she$has$a -0.821
that$looks$like -0.821
that$we$were -0.821
seem$like$a -0.821
me$as$a -0.821
just$to$be -0.821
if$you$feel -0.821
people$are$going -0.821
of$it$is -0.821
of$their$lives -0.821
and$here$'s -0.821
in$a$different -0.821
i$still$do -0.821
how$many$of -0.821
you$will$get -0.821
no$one$cares -0.821
have$to$agree -0.821
thought$it$would -0.821
which$can$be -0.821
of$the$doubt -0.821
if$you$believe -0.821
until$the$end -0.821
with$all$of -0.821
i$'m$all -0.821
i$tend$to -0.821
i$am$very -0.821
the$other$two -0.821
it$s$a -0.821
a$very$long -0.821
that$i$will -0.821
in$some$cases -0.821
without$having$to -0.821
tens$of$thousands -0.821
if$you$ever -0.821
does$n't$look -0.821
i$hope$it -0.821
i$was$not -0.821
the$worst$thing -0.821
with$a$very -0.821
how$is$this -0.821
you$read$the -0.821
have$to$worry -0.821
in$the$video -0.821
you$had$to -0.821
on$the$topic -0.821
a$few$seconds -0.821
your$post$has -0.821
of$the$earth -0.821
by$the$government -0.821
turned$into$a -0.821
that$'s$one -0.821
if$he$had -0.821
i$believe$the -0.821
're$not$going -0.821
two$or$three -0.821
you$are$an -0.821
of$the$team -0.821
get$me$wrong -0.821
i$went$through -0.821
it$when$i -0.821
that$in$a -0.821
10$years$ago -0.821
does$n't$happen -0.821
look$at$all -0.821
n't$tell$you -0.821
in$the$front -0.821
that$he$can -0.821
to$make$me -0.821
we$are$talking -0.821
go$to$work -0.821
people$tend$to -0.821
what$are$your -0.821
and$can$be -0.821
so$i$would -0.821
needless$to$say -0.821
in$the$context -0.821
on$it$'s -0.821
not$a$bad -0.821
the$hard$way -0.821
this$is$true -0.821
out$of$there -0.821
thank$you$so -0.821
history$of$the -0.821
this$sort$of -0.821
way$out$of -0.821
to$work$and -0.821
back$of$the -0.821
because$i$'ve -0.821
and$in$my -0.821
one$way$or -0.821
of$human$rights -0.821
did$n't$make -0.821
but$here$'s -0.821
's$the$best -0.821
's$not$as -0.821
home$from$work -0.821
any$sort$of -0.821
n't$really$care -0.821
such$as$the -0.821
why$the$fuck -0.821
just$make$sure -0.821
used$to$have -0.821
it$'s$cool -0.821
felt$like$i -0.821
's$not$so -0.821
n't$believe$in -0.821
i$'ve$just -0.821
to$the$store -0.821
know$anything$about -0.821
i$just$did -0.821
of$them$and -0.821
almost$all$of -0.821
thing$is$that -0.821
i$'m$currently -0.821
is$n't$even -0.821
a$little$too -0.821
was$the$one -0.821
've$got$to -0.821
a$point$where -0.821
but$i$still -0.821
because$we$'re -0.821
it$'s$true -0.821
of$the$matter -0.821
think$i$have -0.821
does$it$have -0.821
because$she$was -0.821
to$go$with -0.821
that$was$n't -0.821
out$of$hand -0.821
and$decided$to -0.821
off$the$top -0.821
to$realize$that -0.821
it$'s$great -0.821
to$make$them -0.821
it$was$to -0.821
from$the$same -0.821
feel$like$this -0.821
's$how$i -0.821
going$to$happen -0.821
said$he$was -0.821
that$i$think -0.821
does$n't$care -0.821
more$than$just -0.821
on$how$to -0.821
for$a$year -0.821
the$best$part -0.821
your$post$is -0.821
in$a$row -0.821
to$be$there -0.821
make$sure$to -0.821
many$people$who -0.821
the$us$has -0.821
so$much$better -0.821
to$reach$the -0.821
and$the$first -0.821
let$you$know -0.821
the$last$few -0.821
no$big$deal -0.821
if$she$was -0.821
want$to$say -0.821
i$have$done -0.821
point$of$the -0.821
i$started$to -0.821
you$happen$to -0.821
up$for$a -0.821
we$'re$just -0.821
and$say$that -0.821
with$her$and -0.821
so$much$for -0.821
i$work$with -0.821
and$he$has -0.821
be$the$only -0.821
because$of$their -0.821
any$kind$of -0.821
because$of$how -0.821
because$of$that -0.821
of$it$as -0.821
i$get$it -0.821
are$you$fucking -0.821
that$as$a -0.821
n't$understand$the -0.821
is$a$bad -0.821
or$do$n't -0.821
of$the$more -0.821
how$to$use -0.821
going$to$a -0.821
as$i$know -0.821
long$time$ago -0.821
i$'ve$met -0.821
front$of$a -0.821
to$get$some -0.821
i$was$never -0.821
now$you$'re -0.821
tried$to$get -0.821
do$n't$get -0.820
just$want$to -0.814
's$a$lot -0.814
if$you$do -0.813
it$'s$probably -0.812
i$'d$rather -0.812
there$is$n't -0.812
are$going$to -0.811
i$would$have -0.803
i$have$a -0.791
a$couple$of -0.790
they$want$to -0.784
it$did$n't -0.780
you$wo$n't -0.780
i$used$to -0.774
some$of$the -0.770
ca$n't$be -0.761
if$i$had -0.760
going$to$have -0.760
it$'s$really -0.758
nothing$to$do -0.757
is$n't$the -0.748
for$some$reason -0.748
as$far$as -0.744
it$'s$something -0.737
is$that$it -0.737
're$talking$about -0.737
that$'s$just -0.734
any$of$the -0.734
'd$like$to -0.734
n't$give$a -0.733
i$know$it -0.733
on$the$other -0.728
of$the$time -0.713
you$'re$a -0.712
and$they$are -0.712
's$not$the -0.712
the$other$hand -0.712
out$of$a -0.712
does$n't$make -0.712
is$not$the -0.712
so$i$'m -0.709
you$have$a -0.705
and$i$do -0.700
you$are$n't -0.688
would$like$to -0.687
it$'s$pretty -0.682
it$would$have -0.682
there$is$no -0.680
we$do$n't -0.665
i$was$n't -0.664
and$i$'m -0.664
there$'s$a -0.662
that$i$have -0.657
to$do$this -0.655
that$you$have -0.655
in$terms$of -0.639
make$sure$you -0.635
he$did$n't -0.633
have$to$do -0.629
but$it$'s -0.629
problem$is$that -0.628
i$have$to -0.625
to$be$the -0.616
a$few$years -0.612
that$does$n't -0.602
who$does$n't -0.600
do$n't$feel -0.600
long$as$you -0.600
but$there$'s -0.600
i$need$to -0.600
i$'ve$ever -0.599
this$is$n't -0.593
now$i$'m -0.588
do$n't$give -0.588
is$going$to -0.586
do$n't$want -0.582
i$'m$still -0.578
go$back$to -0.578
it$in$the -0.578
to$look$at -0.578
n't$have$the -0.571
to$talk$about -0.570
that$'s$the -0.566
and$if$you -0.561
n't$know$what -0.558
how$do$you -0.558
you$can$do -0.544
the$united$states -0.544
it$is$n't -0.543
do$n't$have -0.518
one$of$the -0.516
shit$out$of -0.514
the$same$way -0.511
is$n't$a -0.505
you$ca$n't -0.501
is$that$the -0.496
i$'ve$had -0.495
there$is$a -0.480
a$lot$of -0.478
even$if$it -0.478
does$n't$mean -0.473
it$was$n't -0.473
it$'s$like -0.473
going$to$get -0.464
the$first$place -0.464
as$much$as -0.463
that$was$a -0.460
want$to$see -0.460
to$find$out -0.460
i$grew$up -0.460
they$need$to -0.460
out$of$it -0.460
the$idea$that -0.444
used$to$be -0.442
if$you$want -0.433
some$kind$of -0.430
of$the$game -0.430
but$i$'m -0.430
i$want$to -0.427
but$it$is -0.419
'm$not$a -0.408
n't$want$to -0.395
to$say$that -0.395
that$there$is -0.395
that$is$n't -0.395
you$want$to -0.392
and$i$would -0.384
to$get$to -0.384
to$get$a -0.380
for$a$while -0.375
that$it$'s -0.371
do$n't$need -0.370
for$the$first -0.366
's$not$a -0.359
does$n't$work -0.357
that$he$'s -0.357
in$the$last -0.357
does$n't$have -0.348
he$'s$a -0.348
but$do$n't -0.346
that$'s$how -0.346
a$ton$of -0.346
do$n't$care -0.339
that$you$can -0.338
he$does$n't -0.325
what$do$you -0.319
a$way$to -0.307
in$the$first -0.302
they$have$a -0.299
the$point$of -0.299
do$n't$like -0.299
up$in$the -0.293
trying$to$get -0.293
'm$going$to -0.291
want$to$be -0.290
it$does$n't -0.287
does$n't$matter -0.277
i$did$n't -0.261
do$you$have -0.259
people$who$are -0.259
i$'m$in -0.259
that$they$'re -0.259
that$kind$of -0.254
n't$going$to -0.246
they$ca$n't -0.243
it$'s$the -0.238
would$have$been -0.236
the$same$time -0.235
go$to$the -0.234
it$was$just -0.212
ca$n't$even -0.212
on$the$internet -0.207
and$i$'ve -0.207
a$lot$more -0.203
a$bit$of -0.203
at$the$same -0.202
i$'m$a -0.185
part$of$the -0.179
at$the$end -0.173
to$make$a -0.168
to$make$sure -0.166
because$of$the -0.165
a$long$time -0.165
one$of$them -0.165
what$i$'m -0.165
and$it$'s -0.164
do$n't$even -0.140
in$the$same -0.138
in$the$us -0.134
people$do$n't -0.131
out$of$the -0.130
this$is$what -0.127
have$no$idea -0.127
because$they$are -0.124
as$soon$as -0.124
i$'m$going -0.123
that$they$are -0.122
ca$n't$get -0.121
if$you$were -0.121
would$n't$have -0.121
to$be$a -0.118
you$do$n't -0.106
is$not$a -0.104
i$have$no -0.101
and$do$n't -0.098
that$'s$why -0.093
to$be$able -0.087
the$number$of -0.077
n't$know$how -0.077
the$first$time -0.075
you$did$n't -0.068
it$can$be -0.049
i$went$to -0.049
not$going$to -0.044
they$did$n't -0.036
's$going$to -0.031
most$of$the -0.020
you$can$see -0.011
needs$to$be -0.011
there$was$a -0.009
get$out$of -0.005
a$part$of 0.001
but$it$was 0.001
need$to$be 0.007
you$can$get 0.008
to$get$the 0.028
to$deal$with 0.028
if$it$'s 0.031
n't$need$to 0.041
it$'s$all 0.047
the$only$way 0.049
the$ability$to 0.079
what$the$fuck 0.097
it$'s$hard 0.128
the$problem$is 0.132
be$able$to 0.134
that$you$'re 0.137
i$had$to 0.139
i$was$in 0.159
did$n't$want 0.167
as$well$as 0.180
it$was$a 0.187
i$'m$sorry 0.189
you$'re$not 0.204
when$it$'s 0.205
they$'re$not 0.205
to$do$it 0.210
side$of$the 0.213
it$'s$just 0.218
do$n't$really 0.219
a$bunch$of 0.219
due$to$the 0.227
and$i$have 0.234
but$if$you 0.234
lot$of$people 0.238
they$do$n't 0.242
and$i$think 0.242
's$just$a 0.242
that$'s$not 0.244
you$do$not 0.254
long$as$they 0.254
for$me$to 0.262
end$of$the 0.267
when$it$comes 0.267
back$to$the 0.297
the$rest$of 0.303
've$ever$seen 0.308
i$guess$you 0.308
it$would$n't 0.308
is$why$i 0.312
it$comes$to 0.331
rest$of$the 0.335
did$n't$have 0.335
i$'ll$be 0.349
then$it$'s 0.364
not$sure$how 0.364
is$that$he 0.364
none$of$them 0.364
i$hope$he 0.364
that$they$have 0.364
to$see$that 0.364
you$got$ta 0.364
the$very$least 0.364
depends$on$the 0.365
and$i$'d 0.365
the$type$of 0.365
like$you$'re 0.367
it$'s$almost 0.367
if$i$were 0.367
have$to$be 0.377
it$is$a 0.378
this$is$why 0.380
of$the$most 0.380
all$of$the 0.405
for$a$few 0.411
you$need$to 0.414
but$that$'s 0.419
not$at$all 0.420
it$might$be 0.420
do$with$it 0.420
talking$about$the 0.420
is$going$on 0.420
i$thought$i 0.420
we$have$the 0.420
go$out$and 0.421
that$'s$an 0.421
of$the$year 0.421
of$the$first 0.421
something$that$is 0.421
of$all$time 0.421
ca$n't$wait 0.421
has$a$lot 0.421
not$have$a 0.423
down$the$street 0.423
it$was$my 0.423
to$point$out 0.423
because$of$this 0.423
is$gon$na 0.423
part$of$that 0.423
it$was$the 0.430
there$'s$no 0.457
this$is$a 0.464
at$the$time 0.467
''$is$a 0.471
the$fuck$out 0.471
i$love$the 0.471
part$of$a 0.471
and$that$'s 0.471
do$with$the 0.472
there$will$be 0.472
to$live$in 0.472
give$me$a 0.472
he$wants$to 0.472
at$the$very 0.472
know$what$you 0.475
ca$n't$help 0.475
for$the$sake 0.475
i$think$we 0.475
while$i$'m 0.475
i$was$like 0.475
gt$it$'s 0.475
we$'re$talking 0.475
the$way$he 0.475
the$way$it 0.475
if$you$'ve 0.475
trying$to$do 0.475
want$them$to 0.475
is$that$a 0.479
n't$get$it 0.479
that$are$n't 0.479
but$then$i 0.479
is$n't$going 0.479
i$have$seen 0.479
i$have$an 0.479
are$supposed$to 0.479
will$not$be 0.479
when$i$see 0.479
in$the$past 0.484
why$is$it 0.485
want$to$hear 0.485
's$in$the 0.485
to$do$something 0.485
could$be$a 0.485
need$to$have 0.485
pretty$much$the 0.485
to$think$that 0.485
not$the$only 0.485
end$up$in 0.485
ca$n't$find 0.485
people$on$the 0.485
too$much$of 0.485
give$you$a 0.485
it$if$you 0.485
in$real$life 0.485
give$it$a 0.485
go$for$a 0.485
a$hell$of 0.485
me$to$do 0.485
i$was$a 0.485
that$it$is 0.485
one$of$my 0.496
the$end$of 0.503
did$n't$know 0.504
was$going$to 0.506
maybe$it$'s 0.519
n't$seem$to 0.519
are$trying$to 0.519
it$'s$called 0.522
you$think$that 0.522
well$that$'s 0.522
it$'ll$be 0.522
you$look$at 0.522
i$know$you 0.527
with$the$same 0.527
the$sake$of 0.527
you$are$going 0.527
looking$for$a 0.527
but$i$'d 0.527
in$one$of 0.527
more$than$one 0.527
an$example$of 0.527
there$are$some 0.527
to$be$that 0.532
n't$like$it 0.532
he$said$he 0.532
how$many$people 0.532
hell$of$a 0.532
in$a$while 0.532
what$'s$wrong 0.532
they$are$the 0.532
someone$who$'s 0.539
of$the$worst 0.539
'd$have$to 0.539
they$could$have 0.539
work$at$a 0.539
it$for$the 0.539
my$point$is 0.539
more$important$than 0.539
a$lot$less 0.539
you$know$i 0.539
the$way$the 0.539
is$a$big 0.539
it$'s$ok 0.539
a$lot$to 0.539
who$the$fuck 0.539
they$would$be 0.539
rather$than$the 0.539
it$may$be 0.539
the$person$who 0.539
wanted$to$be 0.539
so$i$just 0.539
n't$understand$why 0.539
where$it$is 0.539
the$us$and 0.539
if$you$look 0.539
by$merchant$http 0.549
rebates$and$discounts 0.549
prices$include$shipping 0.549
focus$on$the 0.549
shipping$taxes$rebates 0.549
's$not$going 0.549
it$or$not 0.549
i$'ve$said 0.549
taxes$rebates$and 0.549
to$play$with 0.549
and$discounts$total 0.549
price$breakdown$by 0.549
the$reason$why 0.549
he$'s$got 0.549
does$n't$understand 0.549
attention$to$the 0.549
part$list$http 0.549
outside$of$the 0.549
this$guy$is 0.549
a$while$and 0.549
group$of$people 0.549
n't$make$sense 0.549
a$pretty$good 0.549
pcpartpicker$part$list 0.549
breakdown$by$merchant 0.549
by$pcpartpicker$http 0.549
for$a$bit 0.549
generated$by$pcpartpicker 0.549
include$shipping$taxes 0.549
come$back$to 0.549
this$is$going 0.549
have$to$wait 0.549
and$it$does 0.549
know$if$you 0.549
for$someone$to 0.549
a$problem$with 0.549
and$a$few 0.549
pcpartpicker$http$pcpartpickercom 0.549
's$the$only 0.566
trying$to$be 0.566
need$to$get 0.566
at$this$point 0.567
but$that$does 0.570
which$is$why 0.570
as$good$as 0.570
they$would$n't 0.570
is$better$than 0.570
this$point$i 0.570
and$of$course 0.570
because$i$have 0.576
a$good$idea 0.576
not$the$same 0.576
kind$of$a 0.576
you$'re$saying 0.576
as$opposed$to 0.576
i$know$a 0.576
what$they$do 0.576
what$the$hell 0.576
you$'re$talking 0.583
you$can$not 0.583
that$there$'s 0.583
i$know$what 0.583
the$lack$of 0.583
is$n't$it 0.583
does$not$mean 0.583
the$best$thing 0.583
to$go$through 0.583
be$the$same 0.583
i$can$be 0.583
to$work$with 0.583
and$the$fact 0.583
be$a$lot 0.583
it$for$a 0.583
have$to$say 0.583
just$did$n't 0.583
the$fact$that 0.584
n't$do$that 0.591
amount$of$money 0.591
the$one$that 0.591
is$a$huge 0.591
give$a$fuck 0.591
are$talking$about 0.591
and$if$i 0.591
i$have$ever 0.591
if$there$was 0.591
do$n't$expect 0.591
a$result$of 0.591
are$n't$going 0.591
all$sorts$of 0.591
's$kind$of 0.591
more$than$the 0.591
i$think$she 0.591
friend$of$mine 0.591
meant$to$be 0.591
no$need$to 0.591
n't$like$the 0.591
things$that$are 0.603
he$could$n't 0.603
so$we$can 0.603
do$n't$remember 0.603
say$that$the 0.603
that$you$could 0.603
version$of$the 0.603
happened$to$me 0.603
is$hard$to 0.603
what$i$'ve 0.603
then$you$'re 0.603
think$it$is 0.603
is$so$much 0.603
not$trying$to 0.603
figure$out$how 0.603
a$variety$of 0.603
there$are$also 0.603
to$people$who 0.603
you$'re$interested 0.603
you$take$a 0.603
if$we$'re 0.603
i$did$not 0.603
i$'ll$have 0.611
really$do$n't 0.611
a$guy$who 0.611
i$think$this 0.611
try$to$get 0.611
in$this$case 0.616
do$n't$use 0.616
according$to$the 0.616
should$n't$have 0.616
if$you$need 0.616
if$i$was 0.616
a$matter$of 0.616
you$know$the 0.616
the$other$day 0.616
have$to$pay 0.617
go$through$the 0.617
have$to$have 0.617
thought$he$was 0.617
a$few$things 0.617
n't$help$but 0.617
are$so$many 0.617
does$n't$need 0.617
it$was$in 0.617
be$the$best 0.617
fuck$out$of 0.617
long$as$the 0.617
i$saw$a 0.617
was$going$on 0.617
the$status$quo 0.617
do$n't$forget 0.617
of$being$a 0.617
n't$mean$that 0.617
told$me$to 0.617
he$'ll$be 0.617
and$i$love 0.617
do$what$you 0.617
nothing$wrong$with 0.617
to$see$him 0.617
hang$out$with 0.617
of$the$few 0.617
you$so$much 0.617
because$you$can 0.617
have$n't$been 0.617
to$become$a 0.617
n't$think$of 0.617
was$n't$even 0.617
but$for$the 0.617
to$have$the 0.617
you$may$be 0.617
the$concept$of 0.617
such$a$thing 0.617
a$lot$and 0.617
where$i$was 0.617
that$could$be 0.617
the$way$i 0.623
if$you$had 0.623
i$think$there 0.623
the$way$they 0.623
kind$of$thing 0.623
think$that$the 0.623
have$been$a 0.623
far$as$i 0.623
when$i$get 0.623
has$nothing$to 0.623
to$use$the 0.631
i$think$they 0.631
i$have$the 0.631
the$name$of 0.631
no$reason$to 0.631
in$any$way 0.631
so$it$was 0.631
did$n't$like 0.631
of$the$population 0.631
someone$who$has 0.631
but$if$i 0.631
as$i$said 0.631
few$years$ago 0.631
did$n't$really 0.631
i$could$do 0.631
when$you$'re 0.635
what$i$do 0.641
at$least$one 0.641
back$in$the 0.641
when$they$are 0.641
and$have$a 0.641
all$the$other 0.641
look$at$it 0.641
if$you$really 0.641
you$end$up 0.641
and$a$lot 0.641
all$of$those 0.641
it$it$'s 0.641
what$if$you 0.641
that$'s$it 0.641
the$point$is 0.641
on$their$own 0.641
is$based$on 0.653
to$get$off 0.653
should$be$able 0.653
and$then$i 0.653
is$on$the 0.653
it$is$very 0.653
in$love$with 0.653
is$a$bit 0.653
the$need$to 0.653
is$also$a 0.653
it$'s$possible 0.653
with$each$other 0.653
the$problem$with 0.653
is$that$they 0.653
point$is$that 0.653
a$few$hours 0.653
we$are$n't 0.653
ca$n't$stand 0.653
that$you$ca 0.653
the$middle$east 0.653
from$what$i 0.654
in$the$next 0.654
in$the$middle 0.656
depending$on$the 0.661
is$n't$really 0.661
and$the$other 0.661
the$game$and 0.661
it$to$be 0.661
that$being$said 0.661
to$begin$with 0.668
might$be$a 0.668
if$you$could 0.669
even$if$the 0.669
to$go$out 0.669
you$can$read 0.669
it$is$just 0.669
and$then$they 0.669
part$of$this 0.669
of$my$favorite 0.669
up$at$the 0.669
do$n't$agree 0.669
this$would$be 0.669
it$with$a 0.669
it$'s$easier 0.669
of$the$us 0.669
or$the$other 0.669
out$of$his 0.669
the$people$in 0.669
because$they$were 0.669
be$happy$to 0.669
because$there$'s 0.669
once$a$week 0.669
so$they$can 0.669
one$of$his 0.669
n't$try$to 0.669
to$want$to 0.669
do$it$for 0.669
pay$attention$to 0.669
really$need$to 0.669
i$'m$getting 0.669
do$n't$blame 0.669
you$know$you 0.669
've$got$a 0.669
all$the$time 0.670
get$rid$of 0.677
to$say$i 0.677
it$is$an 0.677
that$'s$all 0.677
's$not$even 0.677
i$'m$an 0.677
end$up$with 0.677
he$would$have 0.688
quite$a$bit 0.688
still$do$n't 0.688
better$than$the 0.688
just$ca$n't 0.688
out$of$their 0.688
be$one$of 0.688
to$be$more 0.688
him$in$the 0.688
because$it$was 0.688
did$n't$see 0.688
i$get$a 0.688
just$because$they 0.688
you$'ve$ever 0.688
n't$see$a 0.688
things$that$i 0.688
when$you$do 0.688
n't$have$been 0.688
while$i$was 0.688
the$reality$is 0.688
so$i$could 0.688
that$it$does 0.688
was$a$pretty 0.688
the$quality$of 0.688
but$i$feel 0.688
of$the$main 0.688
i$needed$to 0.688
in$the$case 0.688
no$no$no 0.688
must$have$been 0.688
involved$in$the 0.688
a$bit$and 0.688
there$is$something 0.688
it$ca$n't 0.688
couple$of$months 0.688
the$patriot$act 0.688
rest$of$your 0.688
and$they$have 0.688
i$realized$i 0.688
that$this$was 0.688
is$in$a 0.688
amount$of$time 0.688
is$full$of 0.688
there$'s$an 0.688
so$he$can 0.688
people$are$just 0.688
is$able$to 0.688
and$i$got 0.688
those$of$us 0.688
a$very$good 0.688
a$handful$of 0.688
want$to$take 0.688
be$aware$of 0.688
i$honestly$do 0.688
of$what$i 0.688
that$you$will 0.688
then$there$'s 0.688
that$no$one 0.688
so$i$have 0.688
thought$i$was 0.688
trying$to$help 0.688
as$one$of 0.688
feel$like$you 0.688
nothing$but$a 0.688
over$to$the 0.688
what$he$did 0.688
and$i$still 0.688
so$that$they 0.688
do$i$have 0.688
much$more$than 0.688
i$'ve$found 0.688
i$just$got 0.688
for$a$walk 0.688
they$are$just 0.688
a$picture$of 0.696
or$at$least 0.696
of$the$world 0.700
to$tell$you 0.702
you$should$have 0.702
think$i$'m 0.702
it$out$of 0.702
to$change$the 0.702
and$you$should 0.702
who$you$are 0.702
're$trying$to 0.702
some$of$them 0.702
we$do$not 0.702
i$go$to 0.702
fact$that$you 0.702
some$of$these 0.702
the$thing$is 0.702
it$up$and 0.702
they$'ve$been 0.702
she$is$a 0.702
have$to$make 0.702
it$'s$no 0.702
but$you$do 0.702
but$there$is 0.702
the$people$that 0.702
about$it$and 0.702
there$are$many 0.704
as$it$is 0.704
it$'s$only 0.704
what$are$you 0.704
out$to$be 0.704
i$could$n't 0.706
able$to$get 0.712
do$the$same 0.712
to$keep$the 0.712
i$'m$saying 0.712
to$think$about 0.712
can$be$a 0.712
i$have$never 0.712
he$is$n't 0.712
i$got$to 0.718
get$away$with 0.718
you$if$you 0.718
to$use$a 0.718
to$keep$it 0.718
to$come$back 0.718
because$they$do 0.718
you$'d$like 0.718
shut$the$fuck 0.718
as$i$can 0.718
this$has$been 0.718
is$no$way 0.718
the$opportunity$to 0.718
i$get$that 0.718
is$such$a 0.718
is$what$i 0.718
out$how$to 0.718
and$not$just 0.718
is$part$of 0.718
the$ones$who 0.718
top$of$my 0.718
nothing$more$than 0.718
they$'re$going 0.718
the$truth$is 0.718
's$a$bit 0.718
i$do$have 0.718
in$favor$of 0.718
that$they$do 0.718
of$the$road 0.718
fact$that$they 0.718
it$was$only 0.718
does$n't$get 0.718
i$would$like 0.722
you$can$make 0.722
unless$you$'re 0.722
go$to$a 0.722
's$not$what 0.722
and$does$n't 0.722
of$the$story 0.722
have$a$good 0.722
it$has$been 0.722
i$will$be 0.722
more$or$less 0.722
i$tried$to 0.722
you$guys$are 0.734
and$had$a 0.734
but$i$ca 0.734
to$get$into 0.734
is$trying$to 0.734
i$had$the 0.734
was$the$first 0.734
's$not$about 0.734
you$'ll$have 0.734
best$way$to 0.734
in$the$world 0.737
i$could$have 0.737
when$you$get 0.737
of$thousands$of 0.738
do$n't$play 0.738
give$it$to 0.738
on$the$front 0.738
's$just$not 0.738
all$of$your 0.738
of$the$things 0.738
want$to$make 0.738
the$importance$of 0.738
were$able$to 0.738
i$'ll$try 0.738
are$a$few 0.738
he$'s$doing 0.738
am$going$to 0.738
as$fast$as 0.738
like$it$was 0.738
i$am$going 0.738
while$you$'re 0.738
that$people$are 0.738
my$friend$'s 0.738
time$i$was 0.738
do$not$want 0.738
deserve$to$be 0.738
and$make$sure 0.738
and$she$'s 0.738
time$to$time 0.738
yeah$it$'s 0.738
the$course$of 0.738
i$get$to 0.738
so$this$is 0.738
and$then$it 0.738
a$good$time 0.738
of$the$universe 0.738
but$i$will 0.738
you$think$about 0.738
men$and$women 0.738
able$to$make 0.738
living$in$the 0.738
when$we$were 0.738
that$is$what 0.738
to$be$so 0.738
might$as$well 0.738
like$that$and 0.738
most$people$do 0.738
from$time$to 0.738
he$is$the 0.738
see$it$as 0.738
of$what$you 0.738
of$high$school 0.738
with$it$and 0.738
i$can$only 0.745
now$it$'s 0.745
you$would$have 0.745
and$i$hope 0.748
most$of$them 0.748
makes$me$feel 0.748
it$'s$in 0.748
other$people$'s 0.748
as$it$was 0.748
most$of$my 0.748
can$do$it 0.748
is$much$more 0.748
and$you$will 0.754
in$the$show 0.754
a$few$weeks 0.754
n't$even$know 0.754
members$of$the 0.764
the$edge$of 0.764
the$things$that 0.764
has$never$been 0.764
that$i$ca 0.764
lot$of$time 0.764
because$of$my 0.764
but$you$have 0.764
there$is$nothing 0.764
a$man$who 0.764
while$he$was 0.764
sides$of$the 0.764
to$buy$a 0.764
will$tell$you 0.764
but$they$do 0.764
would$be$in 0.764
he$was$in 0.764
the$person$you 0.764
it$all$the 0.764
at$least$i 0.764
in$which$case 0.764
they$are$in 0.764
i$had$my 0.764
which$is$n't 0.764
just$because$i 0.764
happen$to$be 0.764
there$have$been 0.764
was$n't$just 0.764
are$the$best 0.764
me$of$the 0.764
was$a$lot 0.764
out$that$the 0.764
how$much$i 0.764
so$you$have 0.764
and$by$the 0.764
when$it$is 0.764
i$'m$actually 0.764
probably$going$to 0.764
to$know$what 0.764
really$hard$to 0.764
but$no$one 0.764
here$'s$some 0.764
i$made$a 0.764
benefit$of$the 0.764
to$get$back 0.764
to$have$an 0.764
're$in$a 0.764
also$do$n't 0.764
back$on$the 0.764
it$takes$to 0.764
based$on$a 0.764
you$'re$getting 0.764
out$there$and 0.764
i$'ll$give 0.764
we$'re$going 0.764
rest$of$my 0.764
how$do$we 0.764
could$n't$afford 0.764
for$the$same 0.764
thing$in$the 0.764
for$an$hour 0.764
hours$a$day 0.764
out$on$the 0.764
and$have$been 0.764
do$n't$ever 0.764
top$of$that 0.764
how$much$of 0.764
so$much$as 0.764
to$the$end 0.764
after$a$while 0.764
be$in$a 0.764
he$'s$the 0.765
i$can$do 0.765
not$in$the 0.765
they$wo$n't 0.765
to$be$fair 0.765
of$their$own 0.765
once$in$a 0.765
the$point$where 0.765
a$little$more 0.765
think$this$is 0.765
ca$n't$do 0.765
have$nothing$to 0.765
really$want$to 0.765
you$can$use 0.765
i$am$now 0.765
to$be$seen 0.765
and$has$been 0.765
i$am$in 0.765
know$you$'re 0.765
he$'s$been 0.765
put$it$in 0.765
can$tell$you 0.765
it$'s$better 0.765
can$do$is 0.765
next$to$the 0.765
but$it$seems 0.765
those$who$do 0.765
and$not$the 0.765
not$want$to 0.765
to$get$me 0.765
it$was$an 0.765
i$know$how 0.765
n't$think$i 0.765
point$of$view 0.765
n't$get$to 0.765
and$the$rest 0.765
a$good$thing 0.765
there$were$a 0.765
want$you$to 0.765
and$we$have 0.765
they$could$n't 0.765
's$one$of 0.777
that$you$are 0.777
be$in$the 0.777
if$i$did 0.777
n't$be$able 0.777
if$this$is 0.777
are$in$the 0.777
and$if$they 0.777
on$the$street 0.777
to$pay$for 0.777
to$you$and 0.777
was$just$a 0.777
like$it$'s 0.777
in$order$to 0.783
say$it$'s 0.785
the$shit$out 0.785
a$chance$to 0.785
people$ca$n't 0.786
or$something$like 0.786
are$able$to 0.786
we$'ve$been 0.786
those$of$you 0.786
a$human$being 0.786
some$of$those 0.786
what$i$was 0.786
out$of$me 0.786
i$will$not 0.786
there$was$nothing 0.786
figure$out$what 0.786
they$have$been 0.786
have$access$to 0.786
and$we$'re 0.786
happens$when$you 0.786
's$a$huge 0.786
's$just$the 0.786
a$shit$about 0.786
in$a$relationship 0.786
at$me$and 0.786
to$take$it 0.786
you$want$it 0.786
to$get$my 0.786
in$and$out 0.786
because$of$it 0.786
to$see$it 0.786
''$it$'s 0.786
should$not$be 0.786
regardless$of$the 0.786
i$'ll$never 0.786
quite$a$few 0.786
and$he$did 0.786
the$ground$and 0.786
of$the$season 0.786
all$you$need 0.786
who$did$n't 0.786
tend$to$be 0.786
were$in$the 0.786
it$'s$okay 0.792
the$other$way 0.792
and$i$just 0.792
will$never$be 0.792
for$a$second 0.792
had$a$lot 0.792
and$we$are 0.792
to$me$that 0.792
as$it$'s 0.792
that$has$been 0.792
're$gon$na 0.792
in$the$way 0.795
and$you$do 0.795
it$turns$out 0.795
will$have$to 0.795
the$cost$of 0.795
'll$have$to 0.795
that$i$can 0.806
at$one$point 0.806
will$be$the 0.806
know$what$i 0.806
do$n't$go 0.806
the$face$of 0.806
but$i$would 0.806
why$are$you 0.806
you$need$a 0.810
if$it$were 0.810
that$did$n't 0.810
in$the$background 0.810
has$always$been 0.810
that$he$has 0.810
for$a$moment 0.810
did$n't$do 0.810
and$she$was 0.810
not$allowed$to 0.810
the$purpose$of 0.810
these$people$are 0.810
so$i$'ll 0.810
where$you$are 0.810
did$n't$care 0.812
to$create$a 0.812
i$see$a 0.812
when$he$'s 0.812
was$about$to 0.812
there$'s$also 0.812
way$to$go 0.812
were$going$to 0.812
what$i$did 0.812
people$who$think 0.812
and$had$to 0.812
you$might$not 0.812
to$the$ground 0.812
be$a$bit 0.812
went$back$to 0.812
's$been$a 0.812
but$you$are 0.812
matter$how$much 0.812
to$accept$that 0.812
one$of$your 0.812
and$what$'s 0.812
to$help$them 0.812
that$would$have 0.812
out$of$nowhere 0.812
to$the$bathroom 0.812
do$something$about 0.812
at$home$and 0.812
n't$make$it 0.812
so$long$as 0.812
you$in$a 0.812
because$no$one 0.812
to$feel$like 0.812
that$most$people 0.812
it$'s$quite 0.812
at$the$bottom 0.812
we$can$not 0.812
being$able$to 0.814
it$'s$so 0.815
this$does$n't 0.815
something$like$that 0.815
just$because$you 0.819
for$a$long 0.819
just$going$to 0.819
in$the$air 0.819
you$are$in 0.824
much$of$a 0.824
he$is$a 0.824
to$see$if 0.824
i$'m$happy 0.831
also$if$you 0.831
when$it$was 0.831
make$sure$that 0.831
like$to$be 0.831
so$that$i 0.831
years$and$i 0.831
you$can$buy 0.831
on$the$right 0.831
that$you$'ll 0.831
for$what$it 0.831
millions$of$people 0.831
you$will$have 0.831
in$the$area 0.831
for$a$couple 0.831
so$let$'s 0.831
he$has$to 0.831
because$of$a 0.831
it$'s$on 0.831
and$over$again 0.831
she$'s$a 0.831
for$people$who 0.831
she$ca$n't 0.831
to$me$i 0.831
of$course$i 0.831
do$n't$try 0.831
can$see$the 0.831
the$price$of 0.831
you$think$you 0.831
half$of$the 0.831
what$he$'s 0.831
to$listen$to 0.831
way$to$the 0.831
so$do$n't 0.831
all$kinds$of 0.831
a$year$or 0.831
's$a$big 0.831
the$point$that 0.831
just$a$little 0.831
to$the$hospital 0.831
for$whatever$reason 0.831
no$idea$how 0.831
you$have$to 0.832
n't$be$a 0.834
ca$n't$see 0.834
something$like$this 0.834
the$only$reason 0.834
people$who$have 0.834
not$to$be 0.835
the$best$of 0.835
but$i$know 0.835
had$to$go 0.835
thing$to$do 0.835
i$should$have 0.835
can$have$a 0.835
is$just$a 0.835
that$it$would 0.835
it$'s$worth 0.835
did$n't$think 0.835
other$side$of 0.835
was$n't$the 0.835
ca$n't$have 0.835
need$to$know 0.835
it$but$i 0.835
think$of$it 0.835
're$going$to 0.841
are$the$ones 0.844
is$a$really 0.844
does$n't$do 0.844
the$value$of 0.844
it$was$one 0.844
if$she$does 0.844
a$year$and 0.844
could$n't$have 0.844
of$you$who 0.844
of$the$galaxy 0.844
hell$out$of 0.844
to$give$up 0.844
it$is$more 0.844
that$'s$been 0.844
the$same$things 0.844
all$in$the 0.844
to$be$one 0.844
there$is$the 0.844
so$i$was 0.844
get$over$it 0.844
to$have$been 0.844
a$few$people 0.844
it$is$so 0.844
it$seems$to 0.844
when$they$do 0.844
in$response$to 0.844
are$not$a 0.844
what$he$was 0.844
had$to$get 0.844
rather$than$a 0.844
an$attempt$to 0.844
the$equivalent$of 0.844
but$we$'re 0.844
in$the$city 0.844
her$in$the 0.844
i$was$an 0.844
up$for$the 0.844
come$to$the 0.844
and$said$i 0.844
on$the$road 0.844
's$not$how 0.844
of$the$show 0.844
this$is$the 0.844
every$time$i 0.846
is$that$i 0.846
to$get$it 0.846
if$you$think 0.852
but$when$you 0.853
to$have$sex 0.853
you$could$have 0.853
little$bit$of 0.853
was$a$good 0.853
if$you$go 0.853
it$and$i 0.853
to$do$a 0.853
was$supposed$to 0.853
this$is$where 0.853
to$all$the 0.853
you$'ll$never 0.853
the$result$of 0.853
the$first$thing 0.853
of$a$sudden 0.857
n't$see$the 0.857
and$all$that 0.857
is$not$an 0.857
in$the$dark 0.857
they$were$all 0.857
i$did$this 0.857
they$do$not 0.857
it$has$to 0.857
of$course$you 0.857
in$other$words 0.857
never$had$a 0.857
'd$be$a 0.857
enough$to$be 0.857
it$makes$you 0.857
the$fuck$are 0.857
shit$on$the 0.857
in$this$world 0.857
would$you$like 0.857
the$power$to 0.857
to$help$her 0.857
n't$understand$how 0.857
i$can$think 0.857
and$go$to 0.857
the$time$you 0.857
you$were$n't 0.857
just$a$few 0.857
that$we$do 0.857
if$you$like 0.857
what$you$have 0.857
it$is$still 0.857
to$come$to 0.857
n't$get$the 0.857
this$will$be 0.857
a$sense$of 0.857
making$fun$of 0.857
even$though$i 0.860
you$go$to 0.860
so$that$'s 0.860
i$try$to 0.860
rest$of$us 0.860
n't$see$it 0.860
was$on$the 0.860
so$much$more 0.860
it$on$the 0.860
tell$you$that 0.860
i$will$never 0.860
it$'s$always 0.860
a$number$of 0.860
top$of$the 0.860
will$always$be 0.860
no$idea$what 0.862
that$if$you 0.862
you$have$no 0.862
's$hard$to 0.862
the$whole$thing 0.862
the$best$way 0.862
you$have$n't 0.873
by$the$way 0.873
that$i$do 0.873
in$a$few 0.873
and$try$to 0.873
whether$or$not 0.873
give$a$shit 0.873
to$say$it 0.874
to$focus$on 0.874
for$it$to 0.874
people$want$to 0.874
me$to$the 0.874
known$as$the 0.874
but$you$can 0.874
but$i$had 0.874
the$time$it 0.874
the$real$world 0.874
you$seem$to 0.874
it$'s$important 0.874
know$what$it 0.874
you$would$be 0.874
like$this$http 0.874
look$at$this 0.874
have$to$take 0.876
do$not$have 0.876
and$i$did 0.876
here$is$a 0.876
the$age$of 0.876
only$thing$that 0.876
the$exact$same 0.876
no$way$to 0.876
the$side$of 0.885
what$it$is 0.885
to$find$a 0.885
and$i$will 0.885
seem$to$be 0.885
it$'s$one 0.885
do$n't$believe 0.885
ca$n't$really 0.885
just$trying$to 0.885
a$hard$time 0.885
it$'s$very 0.885
to$use$it 0.885
a$big$deal 0.889
and$i$can 0.889
you$and$your 0.889
tell$you$what 0.889
the$community$and 0.889
fuck$are$you 0.889
the$door$and 0.889
on$it$and 0.889
the$way$we 0.889
you$'re$so 0.889
she$was$a 0.889
to$go$on 0.889
for$her$to 0.889
the$middle$class 0.889
to$him$and 0.889
you$'re$still 0.889
will$try$to 0.889
there$'s$some 0.889
they$told$me 0.889
no$one$has 0.889
i$was$still 0.889
all$of$their 0.889
likely$to$be 0.889
thousands$of$years 0.889
because$there$is 0.889
the$hell$out 0.889
out$on$a 0.889
and$some$of 0.889
at$the$beginning 0.889
just$in$case 0.889
wish$i$could 0.889
i$'ve$made 0.889
the$guy$with 0.889
because$i$am 0.889
think$that$it 0.889
the$most$common 0.889
the$grocery$store 0.894
is$a$lot 0.894
i$can$say 0.894
instead$of$the 0.894
but$he$'s 0.894
to$get$in 0.894
there$would$be 0.894
if$he$'s 0.894
that$i$did 0.894
and$it$will 0.894
to$give$you 0.894
up$with$a 0.894
this$type$of 0.894
for$all$of 0.894
to$know$that 0.894
back$into$the 0.894
of$the$night 0.894
have$a$lot 0.899
to$try$and 0.899
this$kind$of 0.899
been$able$to 0.899
for$those$who 0.899
reminds$me$of 0.899
a$few$of 0.899
but$at$the 0.899
in$the$books 0.899
so$many$people 0.899
on$and$on 0.900
right$in$the 0.900
that$we$can 0.900
and$that$the 0.900
n't$afford$to 0.900
it$used$to 0.900
up$to$a 0.900
you$'ll$see 0.900
in$this$country 0.900
stay$away$from 0.900
in$the$military 0.900
he$was$the 0.900
that$we$'re 0.900
over$the$last 0.900
with$the$fact 0.900
is$a$pretty 0.900
and$most$of 0.900
out$the$window 0.900
you$know$how 0.900
is$no$longer 0.900
on$to$the 0.900
i$'ll$do 0.900
and$want$to 0.900
n't$do$anything 0.900
order$to$get 0.900
the$speed$of 0.900
are$in$a 0.900
it$to$the 0.910
i$'m$on 0.910
to$have$to 0.910
but$i$did 0.910
and$you$'ll 0.910
had$no$idea 0.910
went$to$the 0.915
i$'m$doing 0.915
trying$to$make 0.915
keep$in$mind 0.915
you$get$to 0.915
they$had$to 0.915
the$history$of 0.915
's$not$just 0.915
that$we$have 0.915
i$'m$really 0.915
if$i$have 0.915
is$something$that 0.915
come$up$with 0.915
but$there$are 0.915
this$was$a 0.915
n't$think$you 0.915
when$i$got 0.916
the$last$time 0.916
much$better$than 0.916
you$see$the 0.916
to$get$on 0.916
to$be$done 0.916
right$to$be 0.916
one$day$i 0.916
i$know$the 0.916
i$wake$up 0.916
we$should$be 0.916
n't$know$why 0.916
and$i$could 0.916
like$i$was 0.916
we$can$do 0.916
when$i$was 0.918
by$the$time 0.923
piece$of$shit 0.923
for$the$rest 0.923
bit$of$a 0.923
i$had$no 0.923
the$top$of 0.924
a$few$days 0.924
so$i$do 0.924
of$2013$gt 0.929
what$she$'s 0.929
the$bathroom$and 0.929
to$go$home 0.929
amp$nbsp$gt 0.929
i$realized$that 0.929
my$friends$and 0.929
're$looking$at 0.929
those$who$have 0.929
it$is$also 0.929
every$time$you 0.929
but$they$were 0.929
do$it$because 0.929
the$difference$in 0.929
noom$na$namena 0.929
be$forced$to 0.929
on$the$news 0.929
and$how$to 0.929
da$boom$na 0.929
in$the$head 0.929
i$gave$him 0.929
but$on$the 0.929
and$for$a 0.929
all$of$his 0.929
now$have$a 0.929
found$out$that 0.929
we$went$to 0.929
out$it$was 0.929
and$told$me 0.929
we$'re$the 0.929
once$you$get 0.929
act$of$2013 0.929
in$a$world 0.929
you$don$t 0.929
they$can$not 0.929
in$the$event 0.929
she$was$just 0.929
you$can$choose 0.929
then$i$got 0.929
as$if$it 0.929
the$world$in 0.929
is$all$about 0.929
both$sides$of 0.929
that$they$did 0.929
my$entire$life 0.932
the$power$of 0.932
all$of$a 0.932
to$do$what 0.932
i$was$doing 0.932
my$mom$and 0.932
to$me$in 0.932
often$than$not 0.932
a$series$of 0.932
to$work$for 0.932
and$all$of 0.932
to$her$and 0.932
at$that$time 0.932
to$get$you 0.932
now$let$'s 0.932
they$are$doing 0.932
all$of$my 0.932
i$could$go 0.932
i$am$so 0.934
what$happens$when 0.934
in$a$very 0.934
it$makes$me 0.934
ca$n't$just 0.934
and$then$you 0.934
are$a$lot 0.934
me$i$'m 0.934
there$are$people 0.934
's$easy$to 0.934
n't$agree$with 0.934
please$do$n't 0.934
to$the$other 0.934
i$'ll$just 0.934
because$that$'s 0.935
could$have$been 0.935
because$it$is 0.935
but$i$am 0.937
was$in$a 0.937
because$he$was 0.937
let$me$know 0.937
but$i$'ll 0.937
and$then$the 0.937
you$get$the 0.937
we$had$to 0.941
when$i$say 0.941
than$the$other 0.941
not$so$much 0.941
not$being$able 0.941
''$in$the 0.941
the$answer$is 0.941
deal$with$it 0.941
of$these$people 0.941
you$'re$probably 0.941
will$be$able 0.941
one$in$the 0.941
have$been$in 0.941
less$than$a 0.941
has$n't$been 0.941
all$of$that 0.941
just$look$at 0.941
for$a$lot 0.941
in$the$united 0.941
you$have$an 0.941
based$on$the 0.946
and$he$'s 0.946
if$you$ca 0.946
you$can$be 0.946
just$wanted$to 0.946
's$gon$na 0.946
at$that$point 0.953
them$in$the 0.953
try$to$be 0.953
of$them$are 0.953
to$go$back 0.953
and$that$was 0.953
for$the$next 0.953
but$in$the 0.953
on$the$back 0.953
at$the$top 0.953
have$sex$with 0.953
and$one$of 0.953
this$is$just 0.953
you$can$find 0.953
to$tell$me 0.956
what$it$'s 0.956
my$life$and 0.956
up$with$the 0.956
you$wan$na 0.956
first$of$all 0.956
he$wanted$to 0.956
you$in$the 0.956
the$one$who 0.956
and$when$i 0.956
here$you$go 0.956
i$just$do 0.959
of$the$other 0.959
it$'s$because 0.959
is$a$very 0.959
to$be$an 0.959
you$'ll$get 0.959
because$he$'s 0.959
n't$have$any 0.959
get$to$the 0.959
the$time$i 0.959
know$what$to 0.959
ca$n't$believe 0.969
think$you$are 0.971
as$a$child 0.971
and$we$'ll 0.971
even$though$the 0.971
but$she$was 0.971
of$the$room 0.971
you$'re$making 0.971
but$there$was 0.971
that$you$should 0.971
person$in$the 0.971
an$excuse$to 0.971
felt$like$a 0.971
of$people$have 0.971
gt$''$i 0.971
i$told$her 0.971
the$time$of 0.971
where$they$are 0.971
i$had$just 0.971
you$can$go 0.972
he$had$a 0.972
is$the$most 0.972
ca$n't$afford 0.972
to$see$how 0.972
do$n't$take 0.972
do$n't$let 0.972
that$they$can 0.972
you$'ve$been 0.972
to$the$same 0.972
you$know$it 0.972
going$to$the 0.972
for$people$to 0.972
that$can$be 0.972
only$a$few 0.972
my$best$to 0.972
in$all$of 0.972
thought$i$'d 0.972
you$see$a 0.972
of$the$problem 0.972
but$it$has 0.972
18$year$old 0.972
of$all$of 0.972
is$the$one 0.972
so$i$did 0.972
going$to$take 0.972
the$size$of 0.972
there$'s$the 0.972
n't$feel$like 0.972
that$the$only 0.972
the$next$few 0.972
and$tried$to 0.972
a$living$wage 0.972
of$the$car 0.972
out$of$her 0.972
not$gon$na 0.972
to$give$a 0.972
parts$of$the 0.972
there$is$an 0.972
all$the$people 0.972
do$you$want 0.974
even$if$they 0.974
this$is$an 0.974
to$see$what 0.974
that$you$do 0.974
going$to$go 0.974
the$difference$between 0.974
he$was$n't 0.974
for$the$gold 0.981
i$'m$also 0.981
to$do$to 0.981
in$my$mind 0.981
're$in$the 0.981
because$you$do 0.981
could$n't$get 0.981
i$am$the 0.981
to$put$it 0.981
looking$at$the 0.981
to$pick$up 0.981
for$most$of 0.981
if$i$could 0.981
can$only$be 0.981
for$the$last 0.981
men$'s$rights 0.981
would$not$be 0.981
the$world$and 0.990
i$was$on 0.990
that$is$not 0.990
you$want$a 0.990
he$'s$just 0.990
'm$not$saying 0.990
on$the$ground 0.990
she$'s$not 0.990
is$the$only 0.993
that$is$a 0.993
the$idea$of 0.993
what$they$are 0.994
the$bottom$of 0.994
of$the$way 0.994
in$such$a 0.994
if$there$'s 0.994
it$feels$like 0.994
we$all$know 0.994
only$way$to 0.994
if$i$can 0.994
i$still$have 0.994
and$you$are 0.995
it$'s$my 0.995
there$are$no 0.995
it$'s$still 1.004
'm$not$going 1.010
those$who$are 1.010
some$of$my 1.010
part$of$my 1.010
my$best$friend 1.010
when$he$was 1.010
people$who$do 1.010
it$was$like 1.010
it$'s$easy 1.010
in$the$car 1.010
no$one$is 1.010
the$most$part 1.010
of$it$and 1.010
the$fuck$up 1.010
here$'s$my 1.010
to$make$this 1.010
will$give$you 1.010
many$of$us 1.010
he$had$been 1.010
amp$amp$amp 1.010
to$live$with 1.010
a$police$officer 1.010
'm$tired$of 1.010
majority$of$the 1.012
a$few$more 1.012
these$are$the 1.012
a$list$of 1.012
to$the$next 1.012
i$'m$looking 1.012
so$that$the 1.012
down$the$road 1.012
tl$dr$i 1.012
a$woman$who 1.012
you$to$do 1.012
to$go$into 1.012
with$me$and 1.012
the$issue$is 1.012
and$that$i 1.012
until$i$was 1.012
you$like$to 1.012
and$they$'re 1.016
to$do$the 1.016
all$of$them 1.016
it$'s$also 1.016
after$a$few 1.020
can$think$of 1.020
when$they$were 1.020
for$being$a 1.020
and$trying$to 1.020
i$know$this 1.020
i$found$out 1.020
i$was$the 1.020
me$that$i 1.020
who$ca$n't 1.020
know$it$'s 1.026
and$it$was 1.026
on$the$side 1.026
i$wish$i 1.026
they$would$have 1.026
many$of$the 1.026
you$know$that 1.026
you$'re$doing 1.026
but$i$just 1.026
which$is$a 1.026
n't$care$about 1.029
for$the$most 1.029
so$you$'re 1.029
if$they$do 1.029
someone$who$is 1.029
was$n't$a 1.029
of$people$who 1.029
in$the$room 1.031
i$felt$like 1.031
this$was$the 1.031
all$of$these 1.031
is$to$be 1.031
why$do$n't 1.031
a$few$minutes 1.031
the$use$of 1.031
and$that$is 1.031
i$'ll$take 1.031
i$would$be 1.037
they$have$to 1.037
feel$like$i 1.037
need$to$do 1.037
but$this$is 1.037
of$the$same 1.044
because$i$was 1.044
i$can$tell 1.044
that$i$'ve 1.046
we$'re$all 1.046
it$in$a 1.046
you$are$the 1.046
the$us$is 1.048
to$help$you 1.048
people$in$this 1.048
n't$mean$you 1.048
to$give$me 1.048
we$live$in 1.048
never$going$to 1.048
na$na$na 1.048
in$the$usa 1.048
will$continue$to 1.048
to$be$happy 1.048
i$would$never 1.048
are$willing$to 1.048
impact$on$the 1.048
the$next$morning 1.048
to$worry$about 1.049
be$a$good 1.049
as$a$result 1.049
did$n't$get 1.049
for$me$and 1.050
i$had$been 1.050
thing$i$'ve 1.050
you$try$to 1.050
the$minimum$wage 1.050
and$if$it 1.050
to$those$who 1.050
the$world$to 1.050
over$the$years 1.050
is$that$we 1.050
no$one$will 1.050
for$the$past 1.057
the$ones$that 1.057
does$n't$really 1.057
i$'ve$done 1.057
all$of$us 1.057
i$love$you 1.057
as$simple$as 1.057
it$needs$to 1.057
when$they$'re 1.057
on$the$planet 1.057
gave$me$a 1.057
and$i$know 1.057
so$you$can 1.058
has$to$be 1.058
that$is$the 1.058
at$some$point 1.058
the$fuck$is 1.061
does$n't$even 1.061
and$there$is 1.061
sorry$for$the 1.061
is$that$you 1.061
oh$my$god 1.063
at$a$time 1.063
me$and$i 1.063
i$was$so 1.063
you$can$have 1.067
the$vast$majority 1.067
i$was$able 1.067
but$that$is 1.067
here$is$the 1.067
going$to$make 1.067
learn$how$to 1.067
much$of$the 1.067
if$you$did 1.067
i$ended$up 1.067
and$in$the 1.067
i$was$going 1.069
do$n't$be 1.069
to$get$out 1.069
the$majority$of 1.069
that$they$were 1.078
want$to$go 1.081
on$the$way 1.081
does$n't$know 1.081
what$they$'re 1.081
me$in$the 1.081
and$i$ca 1.081
the$way$to 1.081
that$there$are 1.082
people$in$the 1.082
we$had$a 1.082
and$all$the 1.082
we$ca$n't 1.082
they$were$n't 1.082
we$have$no 1.085
let$'s$get 1.085
not$invading$you 1.085
in$fact$the 1.085
up$to$be 1.085
many$of$them 1.085
but$he$was 1.085
'm$not$invading 1.085
know$what$they 1.085
the$right$thing 1.085
in$the$process 1.085
feel$bad$for 1.085
how$much$you 1.086
of$the$country 1.086
deal$with$the 1.086
you$can$only 1.086
years$ago$i 1.086
and$you$know 1.086
feel$free$to 1.089
to$see$the 1.089
each$other$and 1.092
n't$even$have 1.092
in$the$country 1.092
in$the$right 1.092
you$'d$be 1.092
to$the$world 1.092
want$to$have 1.096
and$i$'ll 1.096
what$happened$to 1.096
but$i$was 1.096
the$other$side 1.101
they$are$not 1.101
as$you$can 1.101
to$do$that 1.101
as$someone$who 1.101
the$front$page 1.102
a$way$that 1.102
the$beginning$of 1.102
that$we$are 1.112
to$take$the 1.112
does$n't$want 1.112
i$hope$you 1.114
because$they$'re 1.114
like$i$'m 1.115
you$should$n't 1.115
's$time$to 1.121
no$one$else 1.121
i$didn$t 1.121
some$of$us 1.121
i$'m$tired 1.121
with$him$and 1.121
why$it$'s 1.121
you$may$have 1.121
on$my$own 1.121
around$the$world 1.127
as$a$person 1.127
and$there$was 1.127
and$they$were 1.127
the$world$'s 1.127
more$than$that 1.127
they$'re$doing 1.127
i$know$i 1.128
and$i$am 1.129
and$you$have 1.129
we$have$a 1.129
we$did$n't 1.129
we$have$to 1.132
to$do$is 1.132
there$are$a 1.132
me$when$i 1.136
you$'re$the 1.144
was$one$of 1.144
of$the$people 1.145
do$n't$worry 1.145
lot$of$the 1.145
for$all$the 1.148
it$'s$going 1.148
the$time$to 1.148
to$do$anything 1.148
grew$up$in 1.148
you$'ve$got 1.148
it$as$a 1.151
i$'ve$got 1.151
this$means$that 1.155
the$whole$time 1.155
to$a$lot 1.155
i$don$t 1.155
that$'s$when 1.156
more$often$than 1.156
we$want$to 1.156
me$and$my 1.156
back$to$my 1.156
and$when$you 1.156
the$time$and 1.160
it$is$to 1.160
and$did$n't 1.160
to$each$other 1.161
fact$that$i 1.161
vast$majority$of 1.161
in$the$morning 1.161
the$most$important 1.161
this$is$my 1.161
think$about$it 1.163
to$talk$to 1.163
you$should$be 1.163
and$there$'s 1.163
that$he$is 1.170
and$there$are 1.170
front$of$the 1.170
is$in$the 1.175
the$kind$of 1.175
i$was$just 1.176
and$a$half 1.180
i$'m$the 1.180
it$'s$actually 1.180
even$if$you 1.181
a$few$times 1.181
amp$nbsp$amp 1.189
if$spiders$were 1.189
nbsp$amp$nbsp 1.189
and$as$a 1.189
he$told$me 1.189
more$than$a 1.190
can$not$be 1.190
that$do$n't 1.190
middle$of$the 1.193
i$got$a 1.193
a$group$of 1.193
with$all$the 1.202
n't$have$to 1.203
to$try$to 1.206
so$i$can 1.206
no$matter$what 1.206
there$was$no 1.206
all$the$way 1.210
the$back$of 1.221
you$have$the 1.221
because$you$are 1.221
but$you$know 1.221
told$me$that 1.222
we$'re$not 1.222
it$is$the 1.224
this$is$how 1.224
up$and$down 1.226
in$your$life 1.226
that$i$would 1.226
for$them$to 1.236
more$and$more 1.236
i$'m$so 1.239
i$like$to 1.243
but$they$'re 1.243
he$ca$n't 1.243
was$in$the 1.243
of$the$day 1.250
do$n't$you 1.251
we$are$all 1.253
that$i$could 1.253
of$us$are 1.253
of$your$life 1.253
of$all$the 1.254
there$'s$nothing 1.254
out$in$the 1.257
let$'s$say 1.257
back$and$forth 1.264
in$the$back 1.264
want$to$do 1.266
over$and$over 1.266
up$to$the 1.266
what$you$want 1.266
i$wo$n't 1.267
and$he$was 1.284
the$sound$of 1.284
bjp$uturn$on 1.284
the$great$fabio 1.284
of$this$is 1.288
live$in$a 1.293
it$'s$about 1.293
up$in$a 1.293
to$this$day 1.294
out$of$your 1.294
what$to$do 1.295
all$over$the 1.295
going$to$do 1.295
in$front$of 1.301
to$figure$out 1.303
to$take$a 1.303
to$make$the 1.307
it$'s$time 1.314
should$have$been 1.318
what$it$was 1.318
when$you$are 1.322
if$they$were 1.324
i$do$not 1.324
the$guy$who 1.324
take$care$of 1.332
in$a$way 1.332
that$i$am 1.336
of$my$friends 1.347
i$decided$to 1.347
because$i$'m 1.348
for$you$to 1.348
i$wanted$to 1.352
you$get$a 1.352
that$she$was 1.352
more$likely$to 1.360
i$can$not 1.360
no$matter$how 1.362
that$i$was 1.363
have$to$go 1.369
because$you$'re 1.373
and$no$one 1.373
amp$amp$hlen 1.373
you$'re$in 1.375
if$you$get 1.375
in$high$school 1.375
that$he$was 1.379
all$of$this 1.388
you$will$be 1.388
i$have$been 1.390
want$to$know 1.401
it$'s$an 1.401
here$'s$a 1.402
who$do$n't 1.406
on$the$floor 1.408
she$did$n't 1.415
on$top$of 1.417
i$know$that 1.417
he$was$a 1.427
a$little$bit 1.427
as$a$whole 1.428
and$so$on 1.428
it$'s$been 1.433
and$i$had 1.436
we$need$to 1.443
in$this$thread 1.443
here$'s$the 1.450
to$the$point 1.452
to$do$so 1.454
had$to$be 1.456
the$next$day 1.459
she$does$n't 1.459
the$right$to 1.462
and$you$can 1.479
the$world$is 1.485
that$i$had 1.485
that$this$is 1.490
do$n't$make 1.509
in$the$face 1.519
a$piece$of 1.520
was$able$to 1.527
of$my$life 1.529
in$the$end 1.535
when$i$'m 1.535
that$it$was 1.539
and$i$was 1.544
to$me$and 1.545
in$my$life 1.553
out$of$my 1.563
the$amount$of 1.563
you$are$a 1.587
and$you$'re 1.608
you$'re$going 1.620
this$is$not 1.624
and$it$is 1.662
you$know$what 1.709
look$at$the 1.709
away$from$the 1.712
that$i$'m 1.739
the$middle$of 1.744
to$make$it 1.787
what$if$spiders 1.942
the$people$who 2.143
100000$100000$100000 9.420
