18 im$pretty$sure
13 as$soon$as
11 a$way$to
13 it$does$not
11 and$i$think
12 that$was$the
13 on$the$internet
12 a$bit$more
11 post$has$been
16 please$refer$to
19 it$is$a
19 all$of$the
14 needs$to$be
22 at$this$point
21 at$the$moment
19 in$the$future
50 online$free$tvhttpvslivenetliveuefaeuropaleaguetvstationsforyou
18 you$can$do
11 to$find$out
35 as$long$as
15 was$trying$to
14 looks$like$a
17 a$bit$of
20 in$terms$of
45 be$able$to
15 at$the$time
27 this$is$the
88 here$to$watch
11 i$grew$up
14 up$in$the
21 the$same$time
11 your$submission$has
50 league$match$online
11 being$able$to
19 is$not$a
35 it$was$a
75 i$am$a
35 you$have$to
13 been$removed$for
63 contact$the$moderators
13 the$problem$is
41 i$want$to
19 to$deal$with
24 i$had$to
11 would$like$to
11 id$love$to
14 it$should$be
31 to$have$a
15 refer$to$our
18 rest$of$the
30 when$i$was
23 in$the$world
11 as$well$if
12 it$could$be
20 in$the$game
25 but$i$think
37 the$rest$of
13 some$kind$of
19 to$get$the
19 is$the$best
11 im$trying$to
19 end$of$the
19 httpwwwcrunchyflickscommovieavengersageofultron$click$here
13 have$the$same
17 a$lot$more
11 that$there$is
12 that$kind$of
24 i$dont$have
42 if$you$are
15 for$the$first
18 thought$it$was
54 you$want$to
43 out$of$the
16 was$going$to
88 click$here$to
15 its$not$like
13 why$do$you
18 httpwwwcrunchyflickscommovieavengersageofultron$gt$gt
61 automatically$please$contact
11 in$the$past
28 i$dont$see
34 this$is$a
15 i$dont$really
26 the$end$of
16 i$thought$it
15 removed$because$it
14 going$to$get
12 dont$see$how
50 watch$live$uefa
11 in$the$last
49 tvhttpvslivenetliveuefaeuropaleaguetvstationsforyou$click$here
12 this$subredditmessagecomposetorglobaloffensivetrade$if
61 any$questions$or
18 go$to$go
30 do$you$think
13 have$to$do
14 to$look$at
19 it$is$not
11 out$of$it
11 but$i$have
15 they$want$to
14 but$its$not
11 dont$give$a
16 if$it$is
14 some$sort$of
27 i$have$to
38 the$fact$that
24 i$used$to
38 to$watch$httpwwwcrunchyflickscommovieavengersageofultron
13 this$is$why
24 the$only$thing
12 how$can$you
20 and$this$is
21 has$been$removed
14 going$to$have
13 that$i$have
33 to$go$to
18 result$in$a
13 more$of$a
13 it$in$the
11 for$some$reason
14 it$can$be
13 go$back$to
19 supposed$to$be
20 in$the$us
60 i$dont$know
11 you$dont$want
11 to$talk$about
12 out$of$a
62 this$action$was
11 it$was$just
12 because$they$are
11 you$can$get
12 for$me$to
57 am$a$bot
13 of$the$game
13 one$of$these
61 moderators$of$this
25 i$am$not
20 for$a$while
21 the$first$time
27 a$bunch$of
12 do$you$have
29 part$of$the
11 if$you$were
17 any$of$the
16 to$do$it
19 you$dont$have
36 some$of$the
13 side$of$the
18 it$looks$like
13 may$not$be
33 if$you$dont
13 in$my$opinion
22 is$one$of
61 it$would$be
11 to$see$a
17 and$if$you
39 gt$gt$gt
50 europa$league$match
19 all$the$time
62 and$this$action
14 its$not$a
61 questions$or$concerns
28 a$couple$of
23 as$much$as
18 gt$gt$click
18 of$the$best
11 just$have$to
19 i$have$no
36 the$same$thing
22 go$to$the
112 if$you$have
11 is$the$only
14 one$of$them
27 im$not$sure
15 this$is$what
14 i$went$to
61 performed$automatically$please
39 if$you$want
16 is$a$good
17 have$to$be
11 that$this$is
46 i$feel$like
11 the$number$of
14 i$can$see
11 they$need$to
12 i$like$the
11 think$it$was
13 i$was$a
16 not$to$mention
13 agree$with$you
13 it$was$the
14 just$want$to
14 in$the$middle
15 would$have$to
35 dont$want$to
16 i$agree$with
21 not$going$to
14 i$live$in
12 i$need$to
12 what$you$are
13 it$seems$like
91 one$of$the
41 there$is$no
13 would$be$the
11 and$i$have
12 to$do$this
28 you$need$to
30 to$be$the
19 as$well$as
37 thanks$for$the
28 i$think$its
12 they$have$a
11 to$not$be
11 do$you$know
19 lot$of$people
14 to$be$able
50 uefa$europa$league
11 is$a$great
11 im$not$a
18 the$united$states
57 a$bot$and
11 that$you$have
11 but$if$you
12 of$this$subredditmessagecomposetorglobaloffensivetrade
18 i$was$in
85 i$dont$think
54 going$to$be
61 was$performed$automatically
16 what$do$you
13 it$would$have
19 one$of$those
13 if$they$are
12 the$other$hand
29 i$think$it
13 of$the$most
48 to$do$with
12 back$to$the
155 a$lot$of
19 i$think$that
11 to$make$sure
15 dont$have$a
34 thank$you$for
11 problem$is$that
34 i$had$a
12 long$as$you
11 its$not$the
50 to$watch$live
13 get$out$of
19 it$will$be
24 at$the$end
12 the$point$of
11 but$at$least
17 the$same$as
13 so$if$you
15 id$like$to
21 in$the$same
13 when$it$comes
50 match$online$free
19 to$make$a
37 you$have$a
15 one$of$my
16 the$only$one
19 to$get$a
14 you$can$see
18 in$the$uk
13 want$to$get
14 the$first$place
17 not$sure$if
21 in$the$first
11 so$i$dont
44 i$have$a
11 is$the$same
12 subredditmessagecomposetorglobaloffensivetrade$if$you
13 but$it$is
26 would$be$a
11 i$just$want
12 but$it$was
14 how$do$you
11 well$if$you
14 a$long$time
14 the$same$way
15 have$no$idea
18 seems$to$be
11 sounds$like$a
17 need$to$be
13 you$are$not
19 i$dont$want
18 know$how$to
39 is$going$to
57 bot$and$this
15 is$that$the
17 you$for$your
12 the$idea$that
18 i$would$have
23 and$i$dont
12 is$that$it
81 you$have$any
13 trying$to$get
61 the$moderators$of
12 think$it$would
32 i$think$the
16 i$dont$understand
11 its$not$that
29 want$to$be
20 would$have$been
18 submission$has$been
12 is$not$the
11 and$they$are
12 a$ton$of
14 if$there$is
12 it$sounds$like
11 the$only$way
15 to$be$in
19 gt$click$here
16 nothing$to$do
11 for$your$submission
12 i$think$i
23 of$the$time
66 have$any$questions
13 i$think$you
12 the$ability$to
24 if$you$can
57 to$be$a
11 shit$out$of
22 on$the$other
13 what$the$fuck
21 as$far$as
14 if$i$had
12 it$comes$to
12 to$say$that
11 that$was$a
12 and$i$would
19 in$order$to
15 to$be$honest
11 only$thing$i
13 will$be$a
19 a$few$years
11 i$would$say
11 a$big$deal
11 and$it$would
67 please$contact$the
12 in$front$of
19 watch$httpwwwcrunchyflickscommovieavengersageofultron$click
22 dont$know$what
19 at$the$same
20 there$was$a
15 make$sure$you
14 that$it$is
16 what$kind$of
24 are$going$to
17 dont$know$if
12 like$i$said
11 want$to$see
62 action$was$performed
14 but$i$can
49 free$tvhttpvslivenetliveuefaeuropaleaguetvstationsforyou$click
40 there$is$a
14 because$of$the
16 used$to$be
13 for$a$few
12 when$you$have
14 that$you$can
29 most$of$the
29 but$i$dont
18 watch$httpwwwcrunchyflickscommovieavengersageofultron$gt
17 if$it$was
12 dont$have$to
12 due$to$the
13 a$few$months
12 in$the$title
27 im$going$to
13 to$get$to
12 a$part$of
50 live$uefa$europa
27 that$would$be
