12 get$a$good
12 i$'m$very
15 is$not$an
16 he$was$the
29 what$happened$to
14 i$could$go
21 it$for$a
11 for$the$record
27 was$in$a
14 you$'ll$find
14 is$n't$as
13 could$n't$afford
30 it$'s$probably
15 of$a$sudden
13 you$'re$so
23 is$the$most
17 she$'s$a
31 and$you$'ll
30 it$does$not
12 'll$never$be
52 and$i$think
15 in$the$process
12 n't$have$enough
26 been$able$to
33 that$was$the
11 you$think$the
11 of$me$and
28 really$do$n't
24 go$to$a
12 post$has$been
31 this$is$my
12 i$know$is
12 i$can$give
12 i$had$just
17 not$so$much
25 for$the$next
13 to$go$on
22 'd$love$to
11 and$can$be
12 my$dad$'s
15 me$but$i
13 the$way$we
21 long$as$they
16 if$i$do
14 gt$this$is
58 needs$to$be
11 'm$not$the
11 has$the$same
15 've$never$been
11 of$the$more
11 that$i$will
14 waiting$for$the
29 ca$n't$see
39 the$guy$who
21 quite$a$bit
45 at$the$moment
45 in$the$future
37 want$to$do
16 be$happy$to
17 to$come$back
23 i$ended$up
28 you$'ve$got
11 should$be$the
20 back$in$the
24 talking$about$the
11 only$that$but
36 to$find$out
18 to$pick$up
66 to$make$it
37 was$trying$to
17 just$need$to
15 have$to$have
21 but$he$'s
15 on$the$front
16 a$woman$who
55 it$'s$really
22 in$the$room
11 in$a$different
15 and$then$it
91 he$did$n't
83 when$you$'re
14 while$i$was
194 be$able$to
15 i$just$ca
19 the$last$time
14 may$have$been
24 unless$you$'re
13 n't$go$to
47 up$in$the
11 have$a$nice
40 people$who$are
14 way$to$go
115 that$it$'s
138 you$need$to
24 it$was$like
80 the$same$time
12 n't$wait$to
24 people$who$do
19 in$the$background
13 this$should$be
34 the$world$is
17 the$world$to
12 what$he$is
31 but$they$'re
127 to$do$with
50 to$watch$live
138 i$am$a
12 you$are$doing
13 the$thing$that
12 so$i$was
66 contact$the$moderators
18 for$it$to
13 when$you$can
12 ''$which$is
13 had$the$same
14 's$supposed$to
13 you$live$in
12 lot$of$things
16 like$this$is
11 do$n't$mean
16 know$about$the
12 they$were$going
13 back$on$the
19 the$very$least
12 on$one$of
31 is$n't$the
17 is$hard$to
12 if$we$do
124 that$'s$a
15 would$you$like
16 at$me$and
125 in$the$world
12 turned$out$to
18 to$go$for
11 or$you$can
14 so$he$can
11 'm$in$the
12 with$people$who
24 this$was$a
32 it$could$be
12 it$seems$to
14 the$level$of
15 that$we$do
17 no$such$thing
15 have$to$pay
12 a$week$and
23 vast$majority$of
13 not$just$the
55 that$it$was
13 amp$amp$amp
23 do$not$have
30 by$the$way
15 of$being$a
17 've$never$seen
34 on$the$floor
12 think$there$'s
13 black$and$white
17 all$kinds$of
11 they$can$not
21 back$into$the
17 they$'re$all
40 so$you$can
12 times$a$day
27 like$i$'m
15 of$the$problem
22 was$n't$the
11 must$be$a
24 for$a$long
88 end$of$the
15 a$lot$and
12 gt$if$you
12 when$they$do
13 is$just$as
17 you$will$have
22 we$'re$not
22 i$am$so
22 the$sake$of
12 i$told$her
30 have$the$same
12 to$have$been
44 that$kind$of
19 i$think$she
11 make$me$feel
14 you$can$also
11 in$the$second
12 if$she$does
29 i$decided$to
15 the$size$of
16 i$'ll$do
17 you$have$an
28 what$it$is
11 without$having$to
25 a$number$of
44 even$if$you
34 because$that$'s
18 to$be$seen
14 and$has$a
13 so$much$as
17 please$refer$to
26 why$are$you
15 the$course$of
30 you$'ll$get
19 but$there$is
12 up$for$the
15 with$it$and
11 noom$na$namena
11 but$they$were
41 go$back$to
12 that$i$'ll
14 na$na$na
13 i$dont$know
27 of$this$is
12 it$is$so
22 is$just$a
21 have$to$say
11 by$the$fact
12 this$is$one
19 http$wwwcrunchyflickscommovieavengersageofultron$click
13 she$was$n't
50 what$i$'m
16 because$there$'s
15 the$context$of
75 in$the$us
81 this$is$n't
14 people$are$just
30 in$high$school
48 no$matter$how
18 people$want$to
11 if$you$feel
17 this$means$that
12 it$was$one
31 to$have$to
18 and$you$know
15 to$have$the
38 have$to$go
11 so$much$for
14 but$we$do
21 to$get$in
14 that$when$you
33 think$that$'s
20 my$life$and
31 but$i$did
12 it$into$a
11 the$same$people
13 the$state$of
14 ca$n't$take
16 have$to$wait
14 and$i$still
13 they$are$going
17 way$to$the
11 these$types$of
16 that$we$'re
21 to$work$with
18 rather$than$the
28 ca$n't$really
38 in$the$last
13 gon$na$have
16 been$removed$for
15 n't$feel$like
14 i$realized$i
21 is$n't$it
37 i$hope$you
11 them$on$the
15 this$will$be
18 look$at$this
14 in$the$usa
18 is$also$a
11 long$time$ago
15 of$course$you
11 how$to$use
12 with$the$world
11 know$if$it
12 of$people$have
28 what$it$was
12 it$is$more
18 you$know$i
12 i$hope$they
15 to$come$to
26 for$those$who
11 it$i$'m
44 they$want$to
25 but$that$does
19 is$n't$that
12 like$you$have
16 you$'ll$see
33 was$one$of
19 the$people$that
17 one$in$the
20 the$point$is
36 all$of$this
22 's$not$about
17 it$because$it
12 and$we$were
113 at$this$point
13 like$to$think
15 enough$to$be
11 to$take$care
14 one$of$us
12 do$have$a
13 that$the$people
76 i$used$to
11 but$did$n't
24 'm$not$going
44 n't$know$how
13 which$would$be
14 of$the$main
26 you$know$the
12 it$took$me
22 you$guys$are
14 i$believe$that
13 be$nice$to
22 is$trying$to
11 because$she$was
17 you$can$still
36 want$to$get
76 is$n't$a
15 see$it$as
13 while$he$was
25 they$would$n't
12 's$also$a
35 there$was$no
14 n't$see$a
13 to$the$police
16 what$is$the
25 has$been$removed
15 good$for$you
28 do$n't$believe
56 they$ca$n't
12 what$is$your
104 to$go$to
24 i$'d$love
11 i$am$very
19 you$should$have
20 and$when$you
53 in$my$life
24 the$way$they
38 're$talking$about
17 to$think$that
14 going$on$and
25 once$in$a
11 how$is$this
16 's$wrong$with
16 include$shipping$taxes
56 they$are$n't
32 if$you$ca
13 of$the$united
57 it$can$be
35 does$n't$make
13 just$because$i
18 for$the$gold
12 in$a$couple
19 one$day$i
18 who$the$fuck
11 be$the$only
16 it$'s$your
17 get$away$with
12 he$tried$to
12 be$sure$to
34 's$a$good
35 i$agree$with
11 that$will$be
18 my$point$is
30 that$i$do
12 even$though$the
14 to$me$it
13 where$you$can
18 is$based$on
16 have$access$to
20 up$with$the
13 i$'m$afraid
14 out$of$nowhere
11 yes$it$'s
12 in$no$way
14 to$get$them
35 out$of$a
15 do$what$you
41 it$was$just
21 to$give$you
13 will$give$you
11 of$it$as
51 because$they$are
23 you$'re$looking
13 you$can$say
35 as$a$result
39 i$'ve$had
12 what$did$you
25 as$good$as
17 you$think$you
14 make$you$feel
16 no$it$'s
22 me$i$'m
34 if$you$think
12 depending$on$your
14 i$'ve$only
44 of$the$game
33 one$of$these
11 what$if$they
15 as$they$are
28 to$see$what
12 do$n't$fucking
20 we$want$to
52 n't$going$to
11 instead$of$a
21 the$way$he
59 so$it$'s
11 and$told$me
12 not$what$i
19 we$can$do
19 she$is$a
32 that$if$you
32 you$'re$right
16 to$get$my
31 that$they$were
68 i$was$n't
17 that$you$could
26 able$to$get
30 get$to$the
22 and$had$a
11 do$it$because
12 the$case$of
34 in$a$way
13 to$the$end
13 lot$of$time
12 place$in$the
26 does$n't$know
11 you$don$t
23 you$know$it
12 to$be$clear
21 in$the$right
11 anything$about$it
114 part$of$the
11 so$i$guess
15 can$be$done
15 like$it$was
15 give$it$to
43 if$you$were
23 the$age$of
73 to$do$it
12 who$wants$to
13 the$community$and
41 you$should$be
13 she$was$a
45 the$same$as
16 on$and$on
12 to$do$and
21 if$you$'ve
27 with$all$the
34 may$not$be
15 know$what$they
41 that$is$n't
14 get$to$know
11 the$only$people
34 i$'m$gon
11 get$in$the
22 no$reason$to
11 i$believe$the
44 a$few$times
15 long$as$it
13 what$they$were
11 a$few$seconds
28 i$think$this
12 and$we$'ll
33 have$a$lot
14 able$to$do
15 hang$out$with
21 while$i$'m
11 the$two$of
28 to$see$a
14 so$i$have
16 shipping$taxes$rebates
14 i$'ve$found
18 is$on$the
11 i$tell$you
12 to$be$one
84 gt$gt$gt
50 europa$league$match
108 all$the$time
11 she$had$to
243 you$ca$n't
50 but$it$was
62 a$few$years
11 up$for$a
14 if$you$'d
11 if$you$believe
17 just$a$little
16 anything$to$do
26 i$wan$na
11 get$used$to
17 they$'re$going
14 but$you$ca
12 of$the$entire
14 i$would$never
18 i$am$now
14 typeitemprice$cpu$intel
11 so$i$would
13 so$i$'ve
48 now$i$'m
11 i$hope$it
18 part$of$that
32 i$got$a
70 would$n't$be
12 's$not$how
18 it$was$an
36 i$grew$up
14 did$n't$care
26 and$i$ca
14 for$the$best
12 now$he$'s
14 in$the$league
28 it$'s$going
11 there$are$other
26 what$they$'re
36 people$in$the
11 almost$all$of
16 tl$dr$i
231 to$be$a
11 i$would$'ve
20 was$supposed$to
99 i$feel$like
19 and$she$was
33 it$is$the
12 told$me$i
18 a$bad$thing
29 now$it$'s
17 the$truth$is
15 are$a$few
26 think$it$was
14 i$see$a
16 of$my$favorite
21 gt$it$'s
29 piece$of$shit
17 you$might$have
22 but$i$know
73 i$was$a
11 the$world$in
11 we$'ll$be
62 it$was$the
15 it$was$so
13 they$can$be
37 do$n't$feel
29 i$think$he
40 would$have$to
26 me$in$the
26 can$be$a
15 seem$to$have
29 in$the$back
20 he$wanted$to
17 to$keep$it
32 what$you$are
12 if$you$know
17 there$are$also
349 one$of$the
52 'd$like$to
14 i$'m$at
11 guy$with$the
19 to$get$on
31 would$be$the
12 'll$try$to
19 if$there$was
36 to$do$this
16 that$in$the
14 were$going$to
66 thanks$for$the
11 no$one$cares
33 this$kind$of
18 it$is$very
43 they$have$a
15 the$status$quo
12 all$in$the
29 do$you$know
29 people$who$have
31 was$in$the
18 that$you$ca
24 amp$amp$hlen
18 those$who$do
25 that$i$would
28 even$if$they
17 to$the$hospital
19 who$ca$n't
26 n't$seem$to
14 to$be$happy
87 lot$of$people
11 my$husband$and
32 based$on$the
28 to$find$a
12 out$to$the
15 fuck$out$of
23 end$up$with
13 came$here$to
14 to$work$for
21 bjp$uturn$on
44 was$able$to
16 i$'m$tired
22 i$had$the
18 i$am$in
17 that$they$do
22 thing$to$do
15 do$not$want
15 that$'s$exactly
14 to$accept$that
18 to$say$it
16 is$a$pretty
13 they$are$in
27 is$n't$really
65 but$if$you
13 on$my$way
12 right$next$to
64 the$middle$of
13 to$get$back
13 i$dont$think
14 i$just$got
23 there$will$be
14 often$than$not
15 and$now$i
57 one$of$those
28 try$to$get
17 this$has$been
138 is$going$to
12 to$do$things
32 n't$care$about
13 are$n't$a
13 for$at$least
12 it$is$now
12 taking$care$of
39 i$do$not
20 on$their$own
35 the$other$hand
36 that$there$are
14 but$you$are
19 on$my$own
16 there$was$nothing
13 that$wo$n't
13 how$do$we
12 what$you$need
17 he$could$n't
52 that$'s$just
78 i$think$that
12 let$'s$not
42 to$make$sure
13 think$i$'ve
134 i$'m$a
17 make$it$to
12 does$n't$do
22 i$'ll$take
31 i$'m$on
14 than$any$other
17 like$to$be
54 get$out$of
14 someone$else$'s
17 to$me$i
22 is$going$on
12 even$though$he
12 if$you$just
12 of$the$room
12 do$you$see
19 wwwredditcommessagecompose$to$2fr
24 i$think$there
28 but$i$can
11 and$see$what
18 point$is$that
12 than$i$do
17 so$do$n't
52 's$just$a
35 shit$out$of
16 i$think$a
22 i$thought$i
14 you$'ve$ever
26 according$to$the
27 and$you$will
11 but$here$'s
13 yeah$i$'m
15 a$few$things
12 husband$and$i
16 's$a$huge
37 that$do$n't
17 to$a$lot
32 of$people$who
27 n't$think$that
13 's$a$little
17 just$look$at
13 i$was$told
16 it$'s$easier
14 who$are$n't
78 one$of$my
17 than$the$other
11 to$be$around
11 but$i$still
20 that$'s$an
13 be$the$one
17 no$one$will
53 thought$it$was
58 you$can$see
28 in$the$uk
11 something$about$it
16 outside$of$the
12 if$it$does
33 something$like$that
12 them$to$the
13 has$never$been
11 a$right$to
12 a$person$who
149 i$have$a
17 is$the$same
15 time$to$time
30 we$have$a
32 i$just$want
46 in$this$thread
13 in$a$long
15 never$had$a
28 'll$have$to
11 10$years$ago
17 compared$to$the
12 the$long$run
15 the$world$of
23 you$'re$saying
15 would$n't$want
14 the$next$morning
11 came$up$with
34 there$'s$nothing
13 the$nature$of
16 no$one$else
47 here$'s$a
14 at$the$bottom
43 live$in$a
27 sounds$like$a
13 to$know$the
71 need$to$be
13 that$i$ca
12 years$ago$and
13 they$'re$a
26 to$keep$the
22 what$happens$when
387 it$'s$a
19 for$a$moment
13 people$like$you
13 for$the$same
15 the$next$few
23 he$wants$to
12 you$and$i
14 went$back$to
13 to$make$this
16 some$of$those
20 that$'s$when
11 i$was$not
19 much$better$than
17 the$answer$is
13 atx$power$supply
14 the$quality$of
43 that$i$was
17 for$whatever$reason
16 just$does$n't
12 in$the$top
58 if$i$'m
11 on$the$news
14 must$have$been
12 atx$mid$tower
21 ca$n't$help
11 think$there$is
13 why$would$you
16 's$a$great
22 please$do$n't
13 at$all$and
74 i$'ve$never
31 if$they$were
12 have$a$very
57 i$went$to
13 and$they$do
19 to$change$the
11 and$when$they
22 as$a$person
14 you$and$you
14 's$what$you
13 you$'re$on
11 is$n't$even
18 you$can$use
14 're$looking$for
12 did$n't$realize
90 it$is$n't
18 submission$has$been
31 and$you$are
28 just$trying$to
42 a$ton$of
18 a$good$thing
13 rest$of$my
27 depending$on$the
17 things$that$are
21 that$there$'s
44 it$wo$n't
12 subreddit$messagecompose$torglobaloffensivetrade
17 it$'s$on
42 you$'ll$be
19 you$see$the
11 n't$mean$it
29 n't$be$a
13 find$a$way
13 i$'ve$made
15 they$do$not
19 's$why$i
11 and$see$if
17 a$hell$of
19 who$you$are
16 even$if$the
12 for$your$submission
11 you$will$get
15 the$fuck$are
17 deal$with$it
107 that$does$n't
21 to$be$more
11 what$if$i
25 that$i$'ve
67 and$if$you
17 a$look$at
13 a$lot$about
11 to$the$us
14 so$that$they
23 at$the$very
13 is$for$the
14 only$one$who
55 wo$n't$be
14 and$had$to
12 come$to$the
17 if$we$'re
15 making$fun$of
59 this$is$what
11 that$there$was
15 of$all$of
11 n't$really$care
15 of$what$you
13 was$n't$just
12 and$do$the
18 because$of$this
70 on$the$other
12 that$one$of
12 that$'s$pretty
117 n't$have$to
11 'll$get$a
36 will$be$a
15 there$'s$the
12 i$still$think
16 it$used$to
15 able$to$make
100 i$could$n't
15 'm$not$invading
14 i$'m$too
12 with$a$new
34 but$i$was
15 in$other$words
196 do$n't$want
14 is$in$a
36 it$'s$still
70 please$contact$the
13 in$my$head
12 even$if$i
20 at$least$one
12 as$well$if
36 the$top$of
16 or$the$other
16 i$didn$t
12 a$while$but
20 go$out$and
13 'm$sure$you
14 will$continue$to
19 after$a$few
17 then$you$'re
16 's$not$going
21 it$feels$like
34 all$of$them
16 order$to$get
18 http$wwwcrunchyflickscommovieavengersageofultron$gt
25 it$sounds$like
14 when$you$do
28 a$guy$who
15 there$'s$always
19 the$one$that
11 on$the$first
17 with$a$lot
26 in$the$books
11 my$wife$and
14 's$such$a
11 thank$you$so
11 the$best$part
81 as$much$as
11 why$the$fuck
12 then$you$are
15 were$able$to
11 to$being$a
15 i$understand$that
264 i$did$n't
11 sure$as$hell
41 to$talk$to
16 and$discounts$total
15 they$will$be
18 it$for$the
12 and$do$it
13 to$buy$a
16 pcpartpicker$part$list
22 someone$who$has
13 why$ca$n't
146 there$is$a
16 i$will$not
12 hell$out$of
78 in$the$first
50 is$that$the
14 that$no$one
12 you$'re$being
11 because$i$had
12 in$the$real
28 a$hard$time
15 to$see$him
11 like$they$are
13 and$could$n't
13 in$mind$that
19 no$need$to
33 you$'re$the
94 at$the$end
13 tower$case$http
14 things$that$i
19 more$than$the
16 it$or$not
77 you$did$n't
35 's$not$the
14 they$are$just
14 even$in$the
20 how$many$people
19 a$result$of
27 's$what$i
25 so$much$more
14 is$my$favorite
38 all$over$the
25 of$their$own
25 it$'s$always
12 have$to$deal
15 to$become$a
15 love$to$see
22 did$n't$really
23 i$said$i
62 ca$n't$be
17 years$and$i
21 out$of$their
12 just$gon$na
16 for$someone$to
28 it$'s$very
17 is$part$of
17 you$'re$interested
11 such$thing$as
29 and$i$'ll
21 and$i$just
33 this$does$n't
17 we$had$to
11 be$interested$in
51 as$soon$as
11 those$who$have
21 i$still$have
11 here$in$the
21 him$in$the
39 a$way$to
12 may$or$may
36 you$will$be
13 i$'d$suggest
24 you$get$to
15 and$not$a
14 what$is$this
15 thought$i$'d
25 ''$is$a
11 with$her$and
13 sitting$in$the
20 more$often$than
16 were$in$the
38 it$'s$something
49 on$the$internet
29 a$bit$more
34 to$do$the
11 and$decided$to
21 he$would$have
16 a$while$and
28 want$to$know
41 that$he$was
38 lot$of$the
12 it$'s$funny
17 does$n't$get
37 feel$like$i
38 to$watch$http
11 n't$know$where
12 you$can$never
14 that$have$been
12 are$not$a
14 never$going$to
26 but$at$the
11 with$all$of
22 the$best$of
20 've$ever$seen
11 you$'re$an
12 it$has$a
22 in$any$way
40 to$try$to
26 if$you$need
14 that$most$people
11 i$could$find
18 ca$n't$tell
26 know$what$i
36 the$time$and
15 to$give$the
25 up$and$down
60 you$can$do
14 they$'re$just
19 and$if$i
11 a$lack$of
11 on$it$'s
27 is$that$i
13 a$man$who
11 picture$of$a
12 much$the$same
11 does$n't$happen
28 that$you$do
23 think$it$would
33 to$figure$out
42 a$group$of
12 they$used$to
65 in$terms$of
18 on$the$table
21 to$me$that
13 's$just$that
23 that$i$could
13 try$to$make
24 they$had$to
24 if$i$have
11 message$the$mods
11 a$very$long
12 most$of$these
23 on$the$street
11 it$was$still
225 do$n't$think
14 old$enough$to
16 for$a$bit
17 i$had$been
11 to$be$there
50 league$match$online
15 and$all$that
44 n't$know$if
32 that$you$are
17 in$the$area
13 a$little$while
12 far$as$the
30 to$be$an
12 might$not$be
16 to$play$with
15 in$the$dark
51 n't$need$to
39 i$was$just
13 they$told$me
12 what$'s$up
16 and$we$'re
15 time$i$was
20 to$all$the
17 it$was$only
29 back$and$forth
11 or$do$n't
13 top$of$that
12 can$i$have
32 would$like$to
12 could$be$the
15 but$for$the
13 he$had$been
17 i$was$trying
30 in$a$few
14 matter$how$much
53 you$are$n't
16 refer$to$our
14 me$know$if
23 you$can$go
12 it$at$the
11 ''$and$it
13 a$way$of
15 of$the$car
36 a$few$days
16 and$a$few
13 me$of$the
24 when$he$was
21 be$one$of
15 look$forward$to
34 and$they$'re
17 figure$out$how
11 that$they$did
16 on$to$the
168 the$rest$of
14 to$the$ground
15 'm$talking$about
35 be$a$good
40 that$is$the
13 right$now$i
11 it$when$i
23 if$this$is
28 the$side$of
80 to$get$the
16 up$at$the
14 at$least$in
13 honestly$do$n't
11 to$work$and
12 that$should$be
30 there$is$n't
32 someone$who$is
22 n't$agree$with
20 makes$me$feel
17 the$game$is
11 of$trying$to
11 the$last$few
1027 i$do$n't
21 if$there$'s
19 and$you$should
15 so$this$is
22 had$to$go
16 say$i$'m
19 you$got$ta
16 people$ca$n't
17 for$what$it
65 a$lot$more
12 gt$''$i
20 and$i$hope
17 for$a$couple
35 i$know$i
21 that$i$did
149 if$you$are
11 you$had$to
14 the$way$of
13 because$i$am
11 of$2013$gt
43 ca$n't$get
17 for$people$who
13 like$to$see
32 you$can$be
18 like$this$http
11 's$not$so
30 and$i$am
25 to$go$back
25 to$be$fair
11 look$at$all
12 with$lots$of
29 i$guess$i
205 you$want$to
19 when$i$got
41 feel$free$to
13 it$all$the
11 're$not$going
27 on$the$side
21 the$way$it
15 i$get$to
30 you$have$n't
11 i$'m$about
88 click$here$to
57 's$not$a
16 this$guy$is
38 do$n't$worry
11 it$into$the
14 the$reality$is
13 but$they$do
19 i$know$the
11 feel$the$need
11 you$'re$welcome
39 i$'ve$always
18 nbsp$amp$nbsp
37 need$to$do
22 this$was$the
22 more$than$that
11 two$or$three
13 fuck$are$you
21 for$a$second
16 happens$when$you
35 no$matter$what
11 's$how$i
16 do$n't$agree
28 the$time$to
62 is$one$of
24 it$'ll$be
16 if$you$see
22 i$have$the
12 people$would$be
18 know$you$'re
14 but$it$can
24 no$one$is
28 why$do$you
14 does$not$have
11 that$are$not
17 over$the$years
11 at$least$that
167 this$is$a
36 they$need$to
24 but$there$are
55 used$to$be
12 at$the$expense
12 messagecompose$torglobaloffensivetrade$if
23 to$say$i
11 time$in$my
30 a$picture$of
13 had$to$do
21 know$what$you
26 i$was$on
11 ask$you$to
15 removed$because$it
11 have$to$worry
34 because$it$is
15 to$say$this
13 for$an$hour
17 is$no$way
11 i$remember$when
66 any$questions$or
13 so$you$have
40 have$to$do
12 much$as$you
50 free$tv$http
15 like$that$and
12 is$that$there
13 to$have$an
18 i$know$how
11 just$to$be
40 just$want$to
12 you$'re$making
18 he$'s$been
173 out$of$the
15 and$for$the
76 i$have$no
12 her$in$the
20 it$needs$to
17 not$trying$to
25 and$that$was
13 to$the$gym
95 i$have$to
12 you$think$it
11 holy$shit$i
38 of$the$people
25 try$to$be
15 wo$n't$get
37 they$have$to
11 're$looking$at
17 go$for$a
51 you$'re$in
13 king$'s$landing
30 i$can$tell
21 up$with$a
47 when$i$'m
17 the$minimum$wage
39 as$someone$who
11 people$are$going
17 all$of$that
13 have$to$get
22 ca$n't$have
12 find$out$what
13 what$you$do
20 how$can$you
26 do$the$same
30 to$be$honest
65 look$at$the
13 going$on$in
21 had$a$lot
24 think$that$the
29 i$'m$the
18 know$what$it
14 has$been$a
18 not$have$a
41 going$to$have
11 or$may$not
28 is$that$you
14 all$of$a
20 what$it$'s
29 i$had$no
25 might$be$a
18 but$i$had
31 in$the$morning
13 all$of$you
13 happens$to$be
16 to$take$it
31 the$most$important
22 we$have$the
18 and$then$i
12 it$seemed$like
13 will$result$in
15 what$you$have
12 i$believe$it
23 ca$n't$afford
25 ca$n't$do
72 and$do$n't
20 does$n't$seem
24 you$can$make
14 there$'s$also
13 seems$to$have
13 are$the$same
16 or$something$like
14 people$in$this
20 here$you$go
13 the$person$you
12 when$she$was
20 first$of$all
12 was$talking$about
18 and$the$rest
87 the$people$who
78 they$did$n't
12 is$a$really
29 i$'ve$heard
56 this$is$not
11 is$not$just
28 the$fuck$is
25 the$point$where
12 had$to$get
11 have$to$work
16 a$pretty$good
14 is$actually$a
21 is$a$lot
14 is$still$a
32 that$she$was
14 so$i$could
17 end$up$in
14 and$i$really
446 you$do$n't
46 you$can$get
11 the$bathroom$and
19 do$n't$expect
12 with$the$other
37 i$need$to
11 to$understand$that
11 the$same$for
67 am$a$bot
16 to$see$it
15 only$a$few
11 do$this$to
13 she$said$she
15 's$not$really
12 he$wo$n't
22 it$makes$me
12 you$really$think
20 to$be$that
11 time$and$money
15 try$not$to
14 it$'s$quite
64 moderators$of$this
12 as$you$have
26 'm$not$saying
14 now$let$'s
19 n't$get$it
71 i$am$not
20 you$end$up
13 then$you$have
21 the$type$of
14 that$it$does
16 rebates$and$discounts
12 be$a$part
16 n't$make$sense
14 as$part$of
15 between$the$two
11 thing$is$that
16 regardless$of$the
13 benefit$of$the
12 you$are$just
37 is$a$very
11 out$of$control
15 of$the$few
11 used$to$work
40 do$you$have
16 the$speed$of
13 does$n't$actually
11 something$to$do
11 both$sides$of
16 you$know$you
15 the$hands$of
15 but$he$was
16 's$just$the
19 as$bad$as
15 want$to$make
11 you$happen$to
39 it$looks$like
20 it$and$i
16 over$the$last
27 the$game$and
11 what$are$your
21 to$know$that
19 i$have$an
12 of$the$series
34 in$my$opinion
34 you$are$not
29 in$the$next
11 and$for$a
11 n't$get$a
23 what$the$hell
16 so$they$can
26 are$trying$to
23 i$'m$an
12 in$the$city
11 is$why$we
13 that$'s$my
12 of$course$it
14 there$'s$an
27 need$to$get
11 make$a$difference
13 and$by$the
18 but$it$seems
19 they$'ve$been
14 was$a$pretty
17 ca$n't$say
12 and$how$much
11 to$reach$the
12 a$situation$where
15 go$through$the
13 to$make$you
14 trying$to$say
20 most$of$them
17 in$the$united
13 could$n't$even
21 and$as$a
19 not$sure$how
13 probably$going$to
16 tend$to$be
11 that$was$n't
14 you$might$not
11 because$of$how
24 not$at$all
17 look$like$a
13 i$made$a
31 there$are$no
13 i$lived$in
24 just$have$to
23 going$to$make
16 to$think$of
84 the$same$thing
65 you$know$what
24 went$to$the
16 for$him$to
24 's$not$just
27 you$'re$doing
15 looks$like$he
14 he$'s$so
13 the$middle$class
18 known$as$the
33 to$take$a
11 a$bit$like
17 and$not$just
32 no$idea$what
11 that$as$a
12 now$i$have
35 you$and$your
11 would$be$more
11 of$the$team
15 depending$on$how
15 a$reason$to
23 do$n't$mind
26 that$is$not
13 you$'re$gon
13 because$there$are
53 that$this$is
15 all$of$your
21 i$get$a
15 when$i$first
11 to$someone$else
20 i$like$the
11 in$the$context
17 is$so$much
12 in$response$to
11 out$of$hand
11 many$people$who
22 not$to$be
12 of$the$show
12 is$not$to
40 not$to$mention
11 i$work$with
13 many$of$us
27 you$know$that
19 i$found$out
79 in$the$middle
27 they$would$have
12 to$me$but
16 it$is$just
27 and$the$other
20 what$i$do
86 not$going$to
37 i$live$in
31 you$are$in
13 but$no$one
15 out$of$her
35 ca$n't$believe
26 want$to$go
47 that$they$are
41 and$there$'s
21 the$sound$of
36 we$had$a
36 the$right$to
14 him$as$a
21 and$i$'d
32 so$you$'re
13 based$on$a
12 for$it$and
30 i$'d$rather
20 is$much$more
124 the$end$of
12 atx$lga1150$motherboard
11 you$make$it
13 i$see$the
42 but$do$n't
20 it$would$n't
20 does$n't$really
48 what$to$do
41 to$see$the
13 as$i$was
13 and$on$the
11 it$was$to
29 by$the$time
15 he$'s$doing
26 on$the$way
16 that$'s$right
177 there$'s$a
15 that$people$are
20 when$they$'re
24 keep$in$mind
25 to$not$be
14 that$it$will
16 one$of$his
16 with$him$and
37 but$this$is
31 he$ca$n't
13 then$you$can
41 but$i$have
11 i$gave$him
21 be$a$lot
14 as$a$kid
12 want$to$play
25 have$sex$with
11 year$or$so
49 so$i$'m
14 is$not$in
13 it$'s$kind
21 it$'s$okay
11 amp$nbsp$gt
12 for$you$and
25 so$that$'s
15 go$ahead$and
43 would$n't$have
49 away$from$the
51 should$n't$be
18 me$to$the
36 that$you$have
15 going$to$take
12 so$that$you
18 ca$n't$stand
26 so$many$people
16 pcpartpicker$http$pcpartpickercom
15 they$should$have
14 be$a$bit
30 had$to$be
12 to$work$at
11 of$it$is
17 's$a$bit
13 at$least$i
24 is$something$that
15 of$the$universe
24 n't$think$you
35 if$they$are
21 be$the$same
47 in$the$end
14 one$of$your
129 i$think$it
18 to$focus$on
65 of$the$most
13 really$hard$to
11 they$did$it
15 the$power$to
58 back$to$the
26 let$'s$say
19 wwwcrunchyflickscommovieavengersageofultron$click$here
46 to$make$the
17 i$agree$that
14 a$very$good
15 of$those$things
11 as$i$know
11 is$all$about
14 be$aware$of
37 long$as$you
12 freedom$of$speech
11 she$has$a
18 the$us$and
12 at$least$the
13 here$'s$my
51 when$it$'s
14 a$bit$and
58 because$of$the
15 it$is$still
11 sitting$in$a
16 of$the$us
11 now$have$a
17 i$do$have
20 you$could$have
12 i$was$at
12 the$one$i
14 is$supposed$to
21 to$go$through
20 i$'ve$done
16 in$a$relationship
13 are$the$best
13 even$though$she
66 when$it$comes
12 she$'s$been
17 to$those$who
14 i$love$this
50 match$online$free
11 are$gon$na
17 have$to$give
20 all$the$other
16 you$know$how
26 maybe$it$'s
17 no$idea$how
43 even$if$it
12 to$see$them
22 to$the$other
14 rest$of$your
22 there$are$people
11 i$went$through
12 but$we$'re
11 this$was$n't
12 lga1150$motherboard$http
13 that$you$did
44 it$'s$more
20 they$are$the
11 've$got$to
24 i$would$like
16 to$go$into
26 in$this$case
18 wwwcrunchyflickscommovieavengersageofultron$gt$gt
13 the$hell$out
18 it$'s$better
25 and$of$course
20 back$to$my
16 once$a$week
47 the$first$place
30 know$what$to
33 not$sure$if
11 history$of$the
15 just$a$few
33 me$and$i
19 we$do$not
11 should$be$a
14 to$give$me
11 off$the$top
33 to$try$and
68 would$be$a
12 of$money$and
14 n't$see$any
13 but$you$have
22 in$one$of
45 how$do$you
46 i$'m$so
16 if$there$are
14 fact$that$it
16 and$it$does
11 what$are$the
12 the$benefit$of
38 is$the$only
17 happened$to$me
17 pretty$much$the
91 but$i$do
59 bot$and$this
15 most$people$do
12 of$the$greatest
17 for$me$and
11 with$a$very
14 when$he$'s
12 a$certain$amount
31 you$for$your
28 to$do$anything
19 about$it$and
15 long$as$the
13 that$you$were
20 all$of$us
16 this$would$be
12 person$in$the
15 the$concept$of
68 i$'m$sorry
19 fact$that$you
43 it$'s$been
17 you$'d$like
22 a$few$minutes
12 the$time$of
85 i$think$the
22 with$the$same
23 are$in$the
38 you$have$the
17 fact$that$they
12 in$the$house
22 that$it$would
16 that$she$'s
11 this$is$true
11 how$many$of
14 was$about$to
15 first$time$i
13 in$the$form
11 one$way$or
38 does$n't$work
15 even$if$he
85 i$'m$sure
18 someone$who$'s
16 that$we$can
47 i$wo$n't
13 with$the$new
11 used$to$have
13 thing$in$the
14 the$owner$of
76 would$have$been
11 them$to$do
29 the$only$reason
11 you$can$choose
11 in$regards$to
12 that$she$had
23 do$with$the
18 with$each$other
25 he$'s$the
56 i$think$i
13 the$most$common
287 i$ca$n't
36 if$there$is
31 you$'re$just
14 can$do$to
30 and$try$to
11 has$to$do
65 of$this$subreddit
14 for$over$a
17 but$i$guess
22 told$me$that
18 is$gon$na
11 of$the$state
26 the$way$to
14 take$advantage$of
18 if$spiders$were
35 more$likely$to
69 n't$have$a
24 i$guess$it
15 do$n't$play
26 the$face$of
18 they$would$be
12 rather$than$a
15 he$'ll$be
13 happen$to$be
26 if$i$was
15 does$n't$sound
25 it$on$the
41 n't$think$it
13 i$saw$the
12 to$give$up
14 responsible$for$the
12 day$to$day
16 by$merchant$http
37 some$sort$of
21 the$bottom$of
16 part$list$http
14 trying$to$help
19 i$have$seen
24 the$way$i
17 have$been$in
12 but$does$n't
42 that$'s$how
16 right$in$the
13 here$'s$some
29 and$a$half
16 taxes$rebates$and
23 what$they$do
15 talking$about$how
15 n't$help$but
20 and$when$i
17 because$of$a
12 tell$them$that
16 it$with$a
14 live$in$the
12 they$'ll$be
14 to$get$you
15 was$n't$even
17 so$let$'s
15 in$the$comments
16 group$of$people
17 shut$the$fuck
12 two$of$the
26 do$n't$use
137 if$you$do
21 n't$even$have
11 which$can$be
14 as$one$of
34 'm$gon$na
12 to$give$it
12 felt$like$a
13 how$much$of
1104 100000$100000$100000
75 that$you$'re
11 to$get$some
13 to$work$on
23 if$i$did
17 make$sure$that
121 a$bunch$of
12 ''$and$the
101 that$'s$what
13 when$it$is
13 you$'re$thinking
41 to$say$that
16 a$few$more
18 'd$have$to
37 's$not$like
18 we$are$n't
75 are$going$to
11 the$right$of
13 and$have$been
23 a$good$idea
17 that$you$'ll
11 just$make$sure
12 but$there$was
24 just$going$to
250 do$n't$have
13 are$on$the
12 is$because$it
22 i$would$say
17 i$get$that
20 for$the$past
11 are$you$fucking
12 by$the$end
11 n't$believe$in
52 n't$have$the
11 n't$know$the
12 look$at$my
51 it$did$n't
11 league$of$legends
33 it$'s$so
14 as$well$and
11 when$you$see
36 we$ca$n't
19 where$you$are
17 and$over$again
95 in$front$of
48 what$if$spiders
15 my$best$to
84 go$to$the
30 n't$have$any
24 have$been$a
12 think$you$are
18 next$to$the
18 and$has$been
16 because$they$were
47 make$sure$you
32 you$have$no
15 is$the$one
15 a$good$time
16 the$way$that
12 he$could$have
11 people$tend$to
30 say$it$'s
11 to$a$new
15 i$had$n't
13 in$some$way
28 he$was$n't
11 and$now$he
604 a$lot$of
11 while$it$'s
14 looking$forward$to
96 you$'re$a
14 would$'ve$been
32 's$gon$na
17 it$'s$good
17 like$i$said
13 a$member$of
17 what$i$'ve
15 to$be$so
11 your$post$is
30 out$of$your
11 and$how$to
15 told$me$to
12 have$n't$had
13 him$to$be
15 be$the$best
14 you$feel$like
41 ca$n't$even
13 as$a$way
16 the$people$in
13 're$in$a
11 we$wo$n't
99 because$it$'s
11 that$looks$like
16 if$they$have
26 when$you$have
46 that$you$can
13 wrong$with$you
17 he$has$to
49 http$vslivenetliveuefaeuropaleaguetvstationsforyou$click
24 and$he$was
26 i$have$never
13 are$looking$for
16 majority$of$the
14 n't$have$been
21 of$the$way
16 ''$it$'s
26 reminds$me$of
56 due$to$the
27 i$mean$i
11 n't$blame$them
18 men$'s$rights
16 does$n't$understand
22 i$could$do
11 the$us$has
45 to$get$to
13 at$the$beginning
13 been$in$the
14 that$would$have
21 i$can$say
15 i$can$think
12 not$sure$why
12 not$only$that
17 do$n't$remember
12 of$you$who
23 fact$that$i
20 was$a$good
17 do$n't$try
22 in$a$very
20 the$first$thing
23 not$the$same
185 n't$want$to
27 n't$even$know
37 it$'s$because
20 it$'s$in
11 more$than$just
26 that$i$can
11 i$have$done
37 more$than$a
13 it$on$a
17 it$'s$nice
13 because$this$is
32 you$would$n't
27 that$being$said
12 what$if$the
45 on$top$of
16 've$got$a
27 to$get$it
19 are$talking$about
24 i$'m$doing
30 to$this$day
18 work$at$a
13 the$same$amount
11 felt$like$i
22 best$way$to
12 why$you$'re
19 is$that$a
93 all$of$the
11 to$the$public
13 out$on$a
65 does$n't$have
13 so$much$that
11 so$i$'d
28 what$are$you
34 is$in$the
15 to$help$her
17 of$these$people
22 did$n't$like
16 's$time$to
15 n't$see$the
14 they$are$all
50 and$you$'re
21 does$not$mean
13 like$you$are
14 it$and$it
12 and$put$it
15 he$would$n't
13 well$it$'s
11 and$say$that
25 this$point$i
24 the$beginning$of
13 members$of$the
15 it$has$to
13 to$understand$the
65 a$bit$of
11 because$i$'ve
20 as$it$was
12 wants$to$be
12 how$to$play
17 to$people$who
44 the$next$day
21 and$it$will
14 and$they$have
15 do$n't$actually
77 at$the$time
149 this$is$the
14 call$it$a
15 men$and$women
15 n't$think$of
23 as$opposed$to
16 a$fan$of
14 what$i$did
16 for$a$little
19 and$trying$to
11 in$a$row
73 do$n't$care
11 your$submission$has
37 can$not$be
27 a$few$weeks
13 i$'m$hoping
70 being$able$to
18 it$was$my
18 and$not$the
80 is$not$a
15 in$all$of
102 'm$going$to
26 a$matter$of
55 and$it$is
24 kind$of$thing
14 it$really$is
26 to$think$about
21 that$has$been
15 not$gon$na
43 it$'s$about
13 to$the$people
23 like$it$'s
11 we$'ll$see
27 but$i$am
186 you$have$to
16 and$most$of
62 the$problem$is
24 a$way$that
13 is$something$i
12 do$n't$bother
12 to$join$the
16 down$to$the
13 for$those$of
11 but$the$fact
11 one$or$two
24 it$'s$easy
11 a$point$where
105 i$had$to
13 pain$in$the
21 for$all$of
19 i$wake$up
24 trying$to$make
13 the$things$that
14 other$than$that
76 do$n't$understand
28 as$it$is
32 the$whole$thing
38 it$should$be
86 rest$of$the
12 it$'s$impossible
122 if$it$'s
12 a$link$to
39 as$you$can
11 it$'s$cool
17 nothing$more$than
12 just$to$get
13 comes$down$to
13 he$was$in
11 i$was$walking
45 i$'m$pretty
12 time$and$i
49 to$do$so
15 n't$get$the
18 it$'s$important
15 was$a$kid
38 the$back$of
11 that$we$were
19 are$plenty$of
12 in$the$other
39 in$the$game
16 up$to$a
18 a$lot$less
45 n't$give$a
12 because$she$'s
15 you$were$n't
14 it$but$it
40 at$some$point
32 and$he$'s
44 some$kind$of
11 i$get$the
49 is$the$best
11 say$that$it
12 agree$with$the
11 in$a$world
13 out$that$the
27 i$wish$i
12 want$to$talk
50 and$you$can
11 i$'ve$met
15 it$was$in
15 yeah$it$'s
11 the$internet$and
23 to$each$other
44 i$have$been
16 generated$by$pcpartpicker
26 she$'s$not
11 it$came$out
13 sides$of$the
14 feel$like$it
22 is$to$be
57 you$are$a
14 to$the$bathroom
31 i$like$to
12 the$value$of
28 i$really$do
12 of$the$reason
11 this$sort$of
25 was$on$the
16 prices$include$shipping
22 can$have$a
11 every$time$you
11 it$'s$too
54 to$the$point
20 that$'s$it
18 is$a$big
19 me$that$i
24 the$history$of
12 to$get$him
27 many$of$the
32 to$take$the
18 to$do$to
15 you$'ve$never
21 but$they$are
70 do$you$think
25 if$that$'s
13 we$are$not
13 to$live$with
20 gave$me$a
83 was$going$to
13 to$watch$the
39 but$i$'ve
12 had$a$few
13 they$are$a
30 a$chance$to
13 the$only$person
27 you$get$the
19 give$a$fuck
12 for$so$long
19 there$are$plenty
18 i$got$the
12 a$pair$of
19 these$people$are
17 me$to$do
12 do$it$again
15 are$so$many
14 up$to$me
40 there$are$a
11 it$was$that
32 's$hard$to
15 i$love$it
16 in$and$out
17 ca$n't$find
12 will$be$more
11 will$most$likely
21 did$n't$see
21 you$can$not
12 the$equivalent$of
11 did$n't$exist
59 in$the$past
12 the$time$that
50 did$n't$want
14 they$had$a
17 need$to$have
12 that$he$could
17 not$being$able
38 going$to$do
27 's$the$only
14 i$'m$thinking
18 more$important$than
21 you$do$not
17 she$ca$n't
17 when$i$say
31 he$is$a
18 the$real$world
24 has$nothing$to
11 you$had$a
50 watch$live$uefa
13 the$enemy$team
11 you$wanted$to
11 by$the$government
12 just$was$n't
19 is$n't$going
20 i$guess$you
19 think$i$'m
11 i$started$to
18 there$were$a
15 to$be$used
11 in$some$cases
11 's$not$as
96 does$n't$mean
13 does$n't$like
12 that$a$lot
16 a$human$being
15 a$whole$lot
34 it$'s$also
14 this$is$because
16 on$this$thread
25 i$try$to
17 the$whole$time
13 it$takes$to
20 n't$like$it
21 depends$on$the
39 of$the$day
11 to$one$of
15 's$like$a
25 at$the$top
16 to$be$on
12 of$what$the
16 to$the$next
24 it$'s$called
20 and$a$lot
16 do$you$mean
40 you$get$a
34 the$kind$of
16 and$will$be
11 i$managed$to
42 to$me$and
11 your$post$has
15 them$to$be
11 we$are$talking
19 we$should$be
12 have$n't$even
29 the$fuck$up
13 as$i$'m
24 if$you$had
22 more$than$one
11 were$trying$to
25 i$love$the
15 up$to$you
19 because$you$are
34 take$care$of
65 this$is$why
13 will$try$to
34 of$all$the
11 on$the$topic
16 that$'s$really
11 to$get$their
112 i$'m$going
18 point$of$view
38 watch$http$wwwcrunchyflickscommovieavengersageofultron
49 vslivenetliveuefaeuropaleaguetvstationsforyou$click$here
12 torglobaloffensivetrade$if$you
11 have$to$agree
11 such$as$the
13 i$'m$actually
45 all$the$way
13 'm$tired$of
23 i$know$a
11 to$go$home
53 he$was$a
19 if$it$were
11 of$the$big
19 that$he$has
18 if$i$could
35 to$worry$about
13 which$is$n't
13 might$want$to
16 to$want$to
16 what$i$was
19 that$did$n't
23 that$can$be
30 because$i$was
21 the$other$way
16 really$need$to
12 it$could$have
28 in$the$way
11 because$of$that
18 want$you$to
32 for$the$most
23 i$was$able
17 to$use$a
20 in$a$while
11 me$tell$you
17 less$than$a
12 i$could$be
13 i$can$understand
19 i$'d$have
25 a$little$more
16 to$play$a
49 it$'s$hard
14 couple$of$months
17 for$a$lot
16 i$'m$getting
35 did$n't$get
12 i$know$of
16 you$want$it
82 just$do$n't
11 i$just$did
28 do$you$want
20 on$the$planet
32 the$best$way
57 for$me$to
17 as$i$can
17 why$is$it
19 can$think$of
11 have$never$been
11 to$go$with
13 's$a$very
16 we$'ve$been
12 and$said$i
14 to$create$a
15 's$just$not
28 does$n't$even
40 that$they$'re
20 as$simple$as
39 they$are$not
37 i$would$be
46 the$same$way
40 i$wanted$to
27 every$time$i
12 my$name$is
41 a$piece$of
25 rest$of$us
11 does$it$have
11 you$are$an
23 for$people$to
11 going$to$a
24 more$or$less
11 that$'s$one
16 stay$away$from
19 has$always$been
12 used$as$a
18 you$might$be
39 know$it$'s
16 breakdown$by$merchant
12 know$that$i
109 but$i$'m
13 just$could$n't
13 would$be$in
12 this$thread$and
16 a$shit$about
120 some$of$the
60 side$of$the
12 if$i$remember
20 it$it$'s
61 you$'re$going
12 what$would$you
13 first$and$foremost
93 he$does$n't
16 of$the$season
14 n't$mean$you
12 my$dad$and
18 should$be$able
19 it$'s$no
13 no$one$has
13 know$if$i
12 to$say$something
12 now$and$then
11 then$i$got
17 thing$i$'ve
12 am$not$a
142 it$would$be
22 think$of$it
22 you$are$going
11 out$of$there
30 i$'d$say
15 and$i$love
16 's$a$pretty
12 be$used$to
14 about$the$same
15 and$make$sure
12 to$come$up
11 get$me$wrong
18 n't$understand$why
20 you$wan$na
27 trying$to$be
20 what$'s$wrong
13 think$there$are
16 they$have$been
24 part$of$my
14 i$love$how
18 gt$gt$click
15 that$the$only
17 a$variety$of
11 this$is$also
14 just$because$they
164 it$'s$just
71 i$'ve$seen
37 up$to$the
43 of$the$best
11 look$at$that
17 so$we$can
18 i$am$the
32 be$in$the
20 and$have$a
12 be$part$of
26 at$one$point
19 it$out$of
21 you$'re$talking
11 the$front$of
18 could$n't$get
11 you$when$you
22 and$then$you
18 a$lot$to
45 because$i$'m
11 found$out$that
295 do$n't$know
12 in$the$ass
18 can$tell$you
14 people$need$to
12 that$might$be
83 have$to$be
11 of$the$earth
26 he$'s$just
16 and$that$i
122 there$'s$no
14 where$i$am
15 not$sure$what
11 does$n't$change
13 all$of$their
17 because$they$do
17 say$that$the
15 n't$mean$that
16 i$'ve$said
19 n't$do$that
12 how$many$times
51 they$'re$not
16 so$that$the
19 i$know$this
19 amount$of$money
27 agree$with$you
17 on$the$right
12 are$the$ones
27 but$i$'ll
25 it$in$a
13 just$kind$of
18 in$my$mind
18 have$nothing$to
32 middle$of$the
22 i$'ll$just
12 let$'s$see
13 you$'re$getting
35 i$can$not
13 on$the$same
25 we$'re$all
16 know$if$you
17 because$it$does
16 until$i$was
13 n't$worry$about
11 i$feel$that
11 the$hard$way
28 it$turns$out
43 that$i$have
24 when$i$get
21 there$would$be
14 for$a$walk
25 them$in$the
30 we$did$n't
12 i$knew$i
11 way$out$of
18 is$a$bit
13 and$now$that
50 it$will$be
17 take$a$look
14 is$full$of
25 at$that$point
15 the$importance$of
20 and$i$know
11 thing$you$can
14 it$'s$what
400 i$'m$not
34 could$have$been
14 my$entire$life
19 that$they$have
22 there$are$some
22 are$a$lot
14 90$of$the
15 not$talking$about
17 to$the$top
26 that$he$is
152 it$'s$the
13 likely$to$be
11 the$risk$of
23 you$'ve$been
15 that$could$be
11 what$she$'s
14 to$me$in
11 i$still$do
13 would$you$be
32 that$we$are
17 is$what$i
16 to$go$out
11 to$help$out
12 of$it$was
26 is$a$great
12 have$time$to
15 and$go$to
37 'm$not$a
16 in$the$long
19 will$not$be
11 and$everyone$else
14 to$help$you
60 the$united$states
29 the$most$part
14 that$you$will
15 you$so$much
12 of$the$word
11 let$you$know
15 the$time$you
15 was$going$on
15 you$think$about
28 sorry$for$the
14 to$feel$like
24 it$might$be
11 does$n't$look
21 trying$to$do
13 i$have$some
11 not$even$close
19 it$up$and
23 was$just$a
23 do$n't$take
16 with$the$fact
40 so$i$can
16 to$believe$that
20 look$at$it
14 of$my$head
23 like$you$'re
15 my$friend$'s
13 at$least$once
35 and$i$can
23 to$the$same
16 the$issue$is
13 is$pretty$much
15 you$see$a
11 needless$to$say
19 i$was$the
20 this$is$where
14 tell$me$that
27 let$me$know
29 but$at$least
16 a$list$of
15 thought$he$was
40 to$do$is
23 the$exact$same
11 to$make$me
14 sometimes$it$'s
12 is$kind$of
19 n't$know$why
16 i$mean$it
21 want$them$to
11 next$to$me
83 in$the$same
43 up$in$a
14 and$what$'s
13 there$are$two
14 've$always$been
27 because$he$was
12 at$least$a
16 out$the$window
11 of$them$and
11 of$the$matter
27 because$you$'re
16 and$it$has
12 be$on$the
18 go$to$go
15 i$'ve$read
19 but$you$know
16 if$you$could
16 is$no$longer
23 have$to$take
24 some$of$my
37 the$only$one
17 the$opportunity$to
22 as$i$said
19 you$may$have
24 my$best$friend
28 i$'ll$have
39 it$'s$pretty
12 what$they$want
16 come$back$to
15 i$find$it
13 money$in$the
16 to$play$the
17 will$be$able
12 mid$tower$case
44 do$n't$you
21 you$'d$be
17 want$to$hear
37 she$did$n't
22 but$if$i
48 but$it$is
12 did$you$get
34 more$of$a
17 out$how$to
23 and$i$did
11 if$he$had
11 to$work$out
12 talk$about$the
13 out$on$the
15 what$'s$going
20 of$all$time
14 a$handful$of
13 i$can$get
16 do$n't$blame
15 that$is$what
14 a$series$of
11 i$'ve$just
54 a$long$time
11 to$win$the
17 top$of$my
11 feel$like$a
12 care$about$the
13 there$is$some
15 and$tried$to
37 but$there$'s
11 my$friends$and
14 at$home$and
19 to$be$done
14 are$you$doing
22 was$the$first
16 some$of$us
11 that$in$a
12 he$has$been
11 does$n't$care
15 shit$on$the
13 to$know$what
13 to$him$and
12 of$the$galaxy
20 other$people$'s
13 was$a$lot
52 know$how$to
12 things$you$can
23 and$if$they
13 i$had$my
13 there$'s$some
28 seem$to$be
18 you$would$be
13 the$form$of
15 let$'s$get
142 there$is$no
13 of$the$law
16 price$breakdown$by
154 and$i$'m
13 thousands$of$years
20 can$do$it
11 it$'s$true
11 seem$like$a
14 he$needs$to
13 out$there$and
12 because$he$is
14 video$card$http
50 online$free$tv
102 i$had$a
15 with$you$and
105 you$have$any
66 i$'ve$ever
37 i$thought$it
13 member$of$the
13 they$wanted$to
13 think$that$it
15 in$this$world
23 it$is$an
12 it$'s$such
15 that$'s$where
18 how$much$you
19 have$to$make
15 when$we$were
14 and$out$of
18 is$that$they
11 that$i$think
19 to$see$that
11 da$boom$na
86 i$have$n't
35 is$not$the
18 it$'s$ok
19 some$of$these
35 and$they$are
13 what$you$think
25 is$better$than
14 he$had$to
24 the$front$page
15 is$this$a
41 here$'s$the
53 a$little$bit
24 of$the$story
14 well$as$the
18 the$way$the
44 she$does$n't
17 to$listen$to
20 little$bit$of
30 if$you$get
18 the$middle$east
40 we$have$to
12 the$chance$to
25 you$go$to
14 at$that$time
18 n't$get$to
17 give$it$a
30 if$they$'re
11 access$to$the
19 then$it$'s
11 to$the$store
38 the$idea$of
11 n't$able$to
19 for$being$a
11 the$things$i
69 did$n't$know
11 my$mother$'s
13 it$was$pretty
13 a$police$officer
48 nothing$to$do
13 think$about$the
17 you$try$to
11 the$difference$in
12 but$it$will
17 has$n't$been
14 not$have$to
20 you$'ll$never
21 what$they$are
29 i$can$only
16 pay$attention$to
11 turned$into$a
14 may$be$a
11 of$human$rights
19 some$of$them
14 be$the$first
17 sounds$like$you
12 time$i$'m
22 other$side$of
66 of$the$world
11 in$the$video
12 may$not$have
11 and$the$first
17 millions$of$people
24 come$up$with
11 we$'re$the
39 what$'s$the
45 i$know$it
11 fact$that$he
26 i$'m$saying
11 tens$of$thousands
23 here$is$the
66 as$far$as
41 if$i$had
11 of$the$doubt
15 as$fast$as
36 that$was$a
45 and$i$would
108 in$order$to
41 for$them$to
12 along$with$the
11 and$in$my
17 'm$not$even
20 if$you$go
19 the$purpose$of
13 what$is$happening
14 i$honestly$do
442 it$'s$not
13 i$was$still
12 also$have$to
15 of$a$lot
31 had$no$idea
12 over$the$past
18 can$do$is
11 n't$really$a
25 part$of$a
35 a$big$deal
13 they$'re$still
23 much$of$the
15 and$she$'s
135 we$do$n't
20 and$it$would
35 gon$na$be
17 i$'m$guessing
17 i$don$t
12 as$a$child
18 i$'m$also
13 be$in$a
15 because$you$can
22 so$it$was
16 out$of$me
13 so$there$'s
23 to$live$in
12 they$have$the
25 they$wo$n't
11 for$a$year
129 you$'re$not
31 it$'d$be
38 think$you$'re
11 did$n't$make
22 and$that$is
17 i$'m$happy
24 you$look$at
12 number$of$people
13 how$are$you
12 know$i$'m
25 and$one$of
20 to$have$sex
22 it$'s$time
11 is$a$bad
12 i$'m$always
11 not$to$say
60 a$bot$and
43 i$'ve$got
32 if$they$do
14 would$be$to
87 do$n't$even
28 and$i$will
15 a$sense$of
16 out$of$his
11 the$other$two
13 at$least$it
14 my$way$to
20 to$do$a
11 know$anything$about
22 and$they$were
12 up$on$the
65 action$was$performed
24 you$think$that
19 i$go$to
11 n't$know$i
24 well$that$'s
14 to$her$and
12 lot$of$money
12 could$n't$have
14 thought$i$was
19 is$that$he
12 what$was$going
27 but$you$'re
17 's$a$big
11 go$to$work
12 n't$really$have
42 to$be$in
143 i$'ve$been
26 will$be$the
13 had$a$good
13 looked$at$the
21 instead$of$the
18 the$time$it
16 by$pcpartpicker$http
12 for$what$you
28 for$all$the
11 i$was$never
14 i$found$a
11 because$we$'re
120 most$of$the
19 gt$click$here
46 we$need$to
18 if$you$look
19 none$of$them
50 if$it$was
16 in$the$title
12 a$year$and
17 the$ones$who
12 know$that$the
11 and$they$will
11 i$realized$that
17 it$if$you
12 where$they$are
12 me$if$i
13 beginning$of$the
16 you$can$read
27 you$should$n't
50 a$part$of
11 's$the$best
24 i$will$be
50 live$uefa$europa
13 wish$i$could
59 that$would$be
14 much$more$than
14 n't$make$it
16 the$reason$why
13 coming$out$of
21 i$think$we
17 what$he$'s
14 in$the$case
12 quadcore$processor$http
13 also$do$n't
26 front$of$the
16 you$to$do
12 here$is$that
11 i$also$think
24 those$who$are
11 people$trying$to
13 we$'re$going
12 get$into$the
74 of$the$time
40 has$to$be
21 still$do$n't
15 might$as$well
13 it$should$n't
12 they$should$be
14 was$a$bit
15 of$the$things
13 the$start$of
11 game$of$thrones
18 not$want$to
16 n't$try$to
11 because$of$their
92 it$is$a
11 is$there$any
17 and$if$it
13 tell$you$what
17 is$such$a
30 whether$or$not
18 the$person$who
11 the$definition$of
14 want$to$take
13 never$heard$of
13 power$supply$http
11 'm$sorry$but
14 then$there$'s
14 are$willing$to
11 until$the$end
26 the$other$day
52 it$'s$an
26 do$n't$go
53 i$'d$be
12 like$they$'re
23 you$can$have
21 the$grocery$store
31 when$you$get
13 because$of$my
11 for$the$following
16 all$you$need
20 i$'m$talking
17 give$you$a
20 the$result$of
15 to$give$a
12 what$he$was
22 to$get$into
107 as$long$as
12 what$is$going
30 give$a$shit
14 people$who$think
18 of$the$country
16 this$is$going
14 instead$of$just
20 to$tell$me
17 could$be$a
13 there$have$been
37 over$and$over
18 because$you$do
17 i$did$not
24 i$'m$really
88 here$to$watch
30 because$he$'s
33 at$a$time
14 so$long$as
19 and$i$could
17 you$if$you
12 bunch$of$people
81 're$going$to
13 on$it$and
17 exactly$the$same
11 home$from$work
14 there$are$so
18 put$it$in
18 it$may$be
15 where$i$was
32 's$one$of
13 is$a$little
11 to$not$have
14 the$opposite$of
12 would$be$able
11 i$was$about
38 that$is$a
14 you$could$get
11 still$have$a
11 be$forced$to
19 but$you$do
13 part$of$your
17 it$may$not
25 in$your$life
182 it$does$n't
21 only$way$to
42 who$do$n't
11 once$you$get
16 part$of$this
49 and$i$'ve
13 does$n't$help
14 the$patriot$act
17 i$got$to
15 they$were$all
14 what$you$said
14 are$just$as
13 about$how$much
156 i$want$to
13 me$with$a
47 seems$to$be
80 to$deal$with
28 this$is$an
11 if$you$ever
17 people$on$the
14 ''$and$i
12 with$them$and
31 much$of$a
11 they$still$have
48 did$n't$even
11 on$the$phone
36 so$i$do
14 and$the$only
15 i$saw$a
29 of$it$and
11 's$the$point
99 to$have$a
12 couple$of$years
14 you$'re$wrong
23 if$i$were
11 i$'m$currently
13 because$there$is
13 and$you$get
167 when$i$was
56 to$be$able
25 to$begin$with
16 are$able$to
12 the$expense$of
11 i$'m$all
19 all$sorts$of
11 thought$it$would
14 nothing$but$a
12 what$you$did
61 but$i$think
144 if$you$want
14 to$get$rid
12 's$going$on
14 it$from$the
24 far$as$i
18 years$ago$i
36 and$all$the
26 should$n't$have
21 and$the$fact
13 i$just$think
17 in$real$life
11 as$if$it
51 you$wo$n't
13 as$for$the
13 in$which$case
11 of$their$lives
11 to$be$taken
178 they$do$n't
22 is$why$i
13 to$build$a
41 think$about$it
15 'd$be$a
12 of$the$reasons
41 that$there$is
12 have$been$the
18 to$point$out
16 it$depends$on
11 not$what$you
23 no$way$to
12 that$you$should
19 's$kind$of
14 at$this$time
13 n't$think$the
53 for$the$first
11 it$is$also
25 n't$see$it
17 half$of$the
52 of$my$life
15 is$what$you
14 n't$want$you
18 wanted$to$be
12 me$if$you
22 the$name$of
200 and$it$'s
21 i$know$what
22 it$'s$worth
19 i$hope$he
11 we$went$to
14 my$mom$and
25 but$in$the
14 but$i$feel
19 meant$to$be
14 what$he$did
14 and$all$of
11 it$s$a
33 oh$my$god
21 he$told$me
12 cpu$intel$core
20 of$the$year
13 you$'re$still
11 that$he$had
11 we$'re$just
12 is$the$first
13 was$the$best
13 say$you$'re
11 any$sort$of
20 we$are$all
13 n't$really$know
15 it$makes$you
23 the$vast$majority
20 hell$of$a
13 ca$n't$think
15 which$is$the
96 it$'s$like
13 with$someone$who
15 while$you$'re
11 for$them$and
12 was$kind$of
18 a$few$hours
18 looking$at$the
22 all$of$these
15 i$am$going
17 is$that$we
11 'll$be$able
12 of$what$they
28 should$have$been
12 the$death$of
24 i$tried$to
20 the$one$who
12 appear$to$be
16 he$'s$got
21 the$great$fabio
55 i$'ll$be
19 friend$of$mine
11 in$the$head
47 going$to$get
36 and$did$n't
22 's$easy$to
12 on$this$sub
61 what$the$fuck
11 a$car$and
16 'll$have$a
80 do$n't$see
11 it$was$all
65 he$'s$a
28 to$use$it
12 at$the$grocery
19 right$to$be
18 n't$think$i
15 if$you$like
13 and$so$i
11 standard$of$living
17 you$can$buy
22 you$'ll$have
41 to$look$at
11 from$the$same
12 in$this$situation
37 i$just$do
68 it$'s$all
14 me$it$'s
12 we$can$all
11 a$little$too
54 it$is$not
13 and$ca$n't
16 quite$a$few
26 out$in$the
12 this$is$that
25 me$when$i
17 even$though$they
36 out$of$it
22 and$there$was
29 as$a$whole
67 people$do$n't
38 if$it$is
38 that$he$'s
11 n't$tell$you
25 this$is$just
18 would$not$be
12 all$i$know
11 in$the$event
26 he$is$n't
191 the$fact$that
22 to$use$the
23 give$me$a
23 to$see$how
32 just$wanted$to
13 after$a$while
14 in$the$early
14 point$out$that
11 out$it$was
20 if$you$really
14 of$what$i
31 it$to$the
14 was$n't$that
45 i$know$that
37 of$the$other
22 it$but$i
11 it$'s$usually
15 feel$bad$for
11 to$realize$that
27 it$to$be
12 and$he$is
66 the$only$thing
13 have$a$hard
38 do$n't$be
41 i$'m$still
11 want$to$say
16 do$it$for
18 for$the$last
15 of$high$school
55 and$this$is
235 if$you$'re
13 not$have$the
16 and$that$the
15 not$invading$you
12 a$lot$easier
12 there$is$the
11 that$we$need
22 i$felt$like
18 in$love$with
14 you$in$a
11 i$thought$he
20 result$in$a
11 said$he$was
12 and$that$they
26 on$the$ground
11 a$good$way
41 it$in$the
14 in$addition$to
31 for$some$reason
13 well$i$'m
14 let$'s$go
12 you$'d$have
56 out$of$my
11 is$not$allowed
86 did$n't$have
12 's$still$a
13 same$amount$of
50 supposed$to$be
13 the$first$two
12 of$his$life
14 the$way$you
11 point$of$the
12 it$is$only
25 of$them$are
12 an$attempt$to
11 and$here$'s
22 of$the$population
12 for$the$people
11 over$the$place
11 i$did$the
11 not$a$bad
16 should$not$be
11 she$was$just
19 to$tell$you
11 we$should$n't
13 do$n't$ever
13 was$that$the
34 to$talk$about
14 to$find$the
20 ca$n't$wait
16 and$he$did
65 this$action$was
12 a$girl$who
14 it$with$the
11 's$important$to
23 and$in$the
16 those$of$you
25 even$though$i
13 how$to$do
16 i$'ll$never
13 because$they$have
23 going$to$the
11 of$those$people
18 amp$nbsp$amp
55 what$you$'re
45 for$you$to
13 two$years$ago
14 there$'s$just
11 ca$n't$make
21 the$lack$of
72 for$a$while
11 the$following$reason
19 but$then$i
20 when$they$are
49 in$the$face
19 's$not$that
12 now$and$i
85 the$first$time
12 lot$of$these
15 but$it$has
11 no$big$deal
12 over$the$course
29 and$so$on
14 there$is$something
82 n't$know$what
53 that$i$'m
15 we$have$no
15 you$for$the
21 we$all$know
24 do$with$it
12 the$front$door
16 mean$it$'s
52 any$of$the
29 of$my$friends
27 and$then$the
11 did$you$see
82 do$n't$really
12 i$was$an
15 have$n't$been
15 you$just$need
74 's$going$to
19 when$they$were
12 well$as$a
24 that$we$have
11 what$was$the
40 's$a$lot
12 gt$i$'m
154 it$was$a
30 and$you$have
11 let$it$go
26 the$world$and
21 in$the$country
18 to$put$it
38 to$get$out
64 this$subreddit$messagecompose
39 the$other$side
27 but$i$just
17 ''$in$the
39 to$do$that
25 not$in$the
12 but$it$also
112 that$'s$the
23 do$n't$let
13 first$time$in
29 for$the$rest
25 i$can$do
14 we$live$in
25 think$this$is
25 'm$trying$to
16 these$are$the
11 me$as$a
18 're$in$the
11 a$week$or
17 http$wwwredditcommessagecompose$to
21 just$did$n't
13 what$i$can
11 understand$why$people
23 it$'s$almost
11 have$a$great
17 not$the$only
37 what$you$want
13 way$to$make
13 would$love$to
11 did$n't$ask
65 and$this$action
19 n't$like$the
51 do$n't$do
21 each$other$and
15 he$is$the
11 are$not$the
66 questions$or$concerns
20 you$in$the
90 a$couple$of
16 who$did$n't
15 up$to$be
21 if$he$'s
11 you$read$the
24 it$has$been
18 for$most$of
21 if$i$can
20 all$of$those
15 be$willing$to
12 the$same$things
22 did$n't$think
17 the$price$of
13 it$'s$totally
11 act$of$2013
49 when$you$are
218 if$you$have
56 the$amount$of
13 the$guy$with
22 but$i$'d
54 one$of$them
15 does$n't$need
15 a$living$wage
19 're$trying$to
44 is$a$good
20 i$love$you
23 that$'s$all
100 do$n't$get
44 the$number$of
36 i$can$see
30 of$the$same
30 the$shit$out
34 that$i$had
13 there$'s$still
29 want$to$have
14 in$the$nfl
14 because$no$one
18 the$problem$with
14 to$help$them
16 and$i$feel
32 does$n't$want
14 over$to$the
20 the$ones$that
11 so$much$better
18 so$i$just
20 most$of$my
13 the$edge$of
14 feel$like$you
19 are$supposed$to
15 but$when$i
13 's$the$same
14 if$he$was
18 you$seem$to
11 a$waste$of
24 just$because$you
12 on$your$own
16 focus$on$the
22 why$do$n't
12 probably$would$n't
31 to$see$if
14 that$this$was
33 it$seems$like
17 so$that$i
14 all$of$my
16 i$'m$looking
12 have$you$ever
17 's$in$the
63 does$n't$matter
40 i$'m$in
65 and$i$have
12 rule$of$thumb
27 in$the$show
19 is$a$huge
17 you$take$a
12 but$she$was
43 it$as$a
11 think$i$have
16 because$of$it
99 to$be$the
100 and$that$'s
85 as$well$as
14 those$of$us
11 i$get$it
29 it$'s$actually
15 do$n't$forget
13 this$year$and
24 in$the$car
12 that$ca$n't
15 such$a$thing
18 they$could$n't
11 did$n't$believe
12 i$really$hope
78 and$it$was
12 he$was$just
23 here$is$a
11 the$worst$thing
50 uefa$europa$league
21 i$can$be
50 tv$http$vslivenetliveuefaeuropaleaguetvstationsforyou
14 to$care$about
17 you$'re$probably
29 but$it$does
21 and$we$are
31 i$could$have
13 is$wrong$with
80 i$was$in
19 not$allowed$to
13 i$was$younger
168 going$to$be
19 you$can$just
64 was$performed$automatically
58 what$do$you
39 it$would$have
25 will$always$be
12 you$can$take
25 the$fuck$out
13 to$what$you
47 trying$to$get
13 would$be$better
14 the$us$is
28 and$there$is
13 hours$a$day
17 of$course$i
13 i$'ll$give
11 was$the$one
14 the$power$of
11 i$am$just
74 thank$you$for
33 problem$is$that
26 but$i$would
11 front$of$a
15 the$right$thing
21 as$it$'s
21 we$'re$talking
29 from$what$i
11 to$the$internet
23 to$you$and
11 last$year$and
20 me$and$my
16 in$this$country
20 what$if$you
22 an$example$of
20 of$the$first
13 will$tell$you
13 i$just$wanted
11 none$of$us
25 i$'m$trying
15 i$'ll$try
11 n't$understand$the
12 best$of$luck
43 the$point$of
16 figure$out$what
17 can$see$the
14 but$if$they
19 that$are$n't
13 gon$na$get
16 they$have$no
35 so$if$you
12 just$like$the
20 but$when$you
23 but$that$is
22 i$know$you
23 that$they$can
11 asked$me$to
13 for$her$to
33 i$was$so
23 of$us$are
24 because$i$do
30 or$at$least
13 there$is$nothing
19 you$need$a
11 now$you$'re
32 was$n't$a
31 have$n't$seen
46 i$'d$like
74 to$make$a
11 all$of$his
11 tried$to$get
18 deal$with$the
13 give$them$a
19 are$n't$going
17 of$the$road
23 only$thing$that
11 know$what$'s
11 i$tend$to
28 and$you$do
12 thanks$for$your
28 the$difference$between
13 they$'d$be
23 because$i$have
15 of$thousands$of
26 and$there$are
22 they$'re$doing
16 or$any$other
12 an$excuse$to
21 just$ca$n't
33 'm$pretty$sure
12 allows$you$to
15 play$the$game
18 of$the$worst
15 n't$understand$how
14 is$able$to
17 to$do$something
16 a$problem$with
17 the$point$that
15 from$time$to
11 back$of$the
14 no$no$no
11 get$a$lot
11 let$me$tell
21 in$such$a
14 n't$see$how
11 you$say$you
22 looking$for$a
11 that$he$can
15 i$thought$that
14 you$just$have
15 but$i$will
29 bit$of$a
59 have$no$idea
14 and$i$got
36 want$to$see
28 grew$up$in
11 was$like$a
13 makes$no$sense
11 name$of$the
13 a$friend$of
12 why$i$was
64 that$'s$why
19 so$i$'ll
15 all$the$people
12 is$just$that
190 but$it$'s
13 this$thread$is
14 we$can$not
13 and$some$of
12 a$brand$new
18 and$we$have
14 where$you$'re
29 something$like$this
13 off$of$the
24 have$a$good
40 the$idea$that
54 i$would$have
28 will$have$to
22 need$to$know
28 going$to$go
15 parts$of$the
38 is$that$it
15 am$going$to
19 did$n't$do
12 and$i$like
18 to$get$off
24 in$the$air
15 i$did$this
11 if$she$was
21 the$best$thing
12 would$n't$do
65 the$moderators$of
25 you$can$find
19 like$i$was
12 want$to$help
16 are$in$a
126 you$have$a
21 will$never$be
18 but$you$can
13 be$honest$i
13 the$door$and
11 going$to$happen
106 want$to$be
12 to$come$out
36 they$were$n't
30 the$time$i
16 to$be$with
21 because$it$was
36 he$'s$not
19 i$have$ever
21 i$was$like
11 of$the$house
78 and$i$do
25 top$of$the
37 who$does$n't
11 you$are$looking
28 the$cost$of
12 you$could$n't
36 it$is$to
14 amount$of$time
15 nothing$wrong$with
19 when$i$see
14 it$ca$n't
23 get$rid$of
28 it$'s$only
15 living$in$the
30 looks$like$a
11 in$the$front
32 n't$do$it
22 i$think$they
38 i$was$going
12 're$interested$in
42 that$i$am
12 to$make$up
11 make$sure$to
11 you$as$a
20 something$that$is
23 to$pay$for
19 did$n't$say
122 that$'s$not
23 learn$how$to
29 you$would$have
22 i$should$have
14 i$was$doing
99 i$'m$just
22 ca$n't$just
12 get$over$it
76 have$any$questions
17 n't$know$about
12 would$be$so
16 and$want$to
61 i$think$you
52 the$ability$to
38 the$majority$of
11 ago$i$was
13 how$much$i
16 in$the$military
12 of$a$few
59 'm$not$sure
28 out$to$be
23 n't$be$able
35 and$i$had
65 if$you$can
15 18$year$old
25 tell$you$that
20 he$said$he
25 which$is$why
11 feel$like$this
13 i$was$very
33 this$is$how
16 attention$to$the
31 it$'s$my
21 better$than$the
25 you$are$the
113 i$would$n't
15 you$may$be
24 and$does$n't
23 kind$of$a
12 and$that$he
22 the$use$of
59 it$comes$to
11 had$nothing$to
18 down$the$street
11 and$he$has
27 which$is$a
66 for$a$few
14 to$do$what
13 and$make$a
12 me$on$the
14 i$needed$to
17 only$thing$i
37 i$'m$glad
37 because$they$'re
19 the$thing$is
89 but$that$'s
15 there$is$an
28 there$are$many
11 any$kind$of
22 the$world$'s
17 i$wonder$if
13 the$difference$is
25 he$'s$going
13 of$the$top
16 the$ground$and
16 you$like$to
27 and$no$one
17 in$favor$of
13 just$in$case
14 impact$on$the
17 also$if$you
16 down$the$road
15 deserve$to$be
14 they$are$doing
11 it$'s$great
17 think$it$is
21 for$the$sake
12 a$few$people
48 do$n't$give
24 's$not$what
18 it$'s$possible
15 so$i$did
17 looks$like$you
23 if$you$did
12 he$'d$be
14 's$been$a
17 a$year$or
23 he$had$a
96 it$was$n't
17 he$has$a
11 on$how$to
73 at$the$same
47 the$only$way
83 there$was$a
11 is$like$a
13 do$n't$just
15 many$of$them
16 n't$do$anything
18 really$want$to
12 check$out$the
22 what$'s$your
14 do$something$about
15 in$fact$the
17 when$it$was
16 and$then$they
95 think$it$'s
22 but$i$ca
73 that$it$is
32 what$kind$of
25 i$will$never
21 this$type$of
28 it$'s$one
17 too$much$of
14 involved$in$the
16 n't$afford$to
12 goes$back$to
22 around$the$world
20 has$a$lot
15 seems$like$a
14 do$i$have
68 to$get$a
18 where$it$is
12 that$'s$been
13 does$that$mean
19 why$it$'s
14 well$if$you
18 can$only$be
12 on$the$road
29 do$n't$make
11 but$on$the
12 kind$of$like
26 you$want$a
23 of$your$life
21 of$the$night
16 with$me$and
21 're$gon$na
17 version$of$the
25 on$the$back
18 to$get$me
18 they$could$have
13 i$think$about
23 's$not$even
18 the$need$to
21 to$the$world
76 do$n't$need
11 are$the$only
35 a$few$months
12 of$it$'s
22 few$years$ago
11 to$make$them
18 you$can$only
41 more$and$more
26 a$few$of
82 do$n't$like
50 and$i$was
15 think$he$'s
